Thread, Run, Test, Start time (ms since Epoch), Test time, Errors, HTTP response code, HTTP response length, HTTP response errors, Time to resolve host, Time to establish connection, Time to first byte
0, 0, 101, 1247359467208, 163, 0, 200, 178, 0, 63, 63, 73
0, 0, 100, 1247359467180, 192, 0, 0, 0, 0, 0, 0, 0
0, 1, 101, 1247359467376, 5, 0, 200, 178, 0, 0, 2, 3
0, 1, 100, 1247359467375, 6, 0, 0, 0, 0, 0, 0, 0
1, 0, 101, 1247359467208, 159, 0, 200, 178, 0, 63, 64, 71
1, 0, 100, 1247359467180, 199, 0, 0, 0, 0, 0, 0, 0
2, 0, 101, 1247359467208, 174, 0, 200, 178, 0, 69, 92, 93
2, 0, 100, 1247359467180, 212, 0, 0, 0, 0, 0, 0, 0
1, 1, 101, 1247359467390, 16, 0, 200, 178, 0, 0, 1, 14
1, 1, 100, 1247359467390, 16, 0, 0, 0, 0, 0, 0, 0
3, 0, 101, 1247359467208, 177, 0, 200, 178, 0, 18, 19, 92
3, 0, 100, 1247359467180, 227, 0, 0, 0, 0, 0, 0, 0
4, 0, 101, 1247359467220, 157, 0, 200, 178, 0, 137, 138, 140
4, 0, 100, 1247359467208, 201, 0, 0, 0, 0, 0, 0, 0
2, 1, 101, 1247359467392, 19, 0, 200, 178, 0, 15, 16, 17
2, 1, 100, 1247359467392, 19, 0, 0, 0, 0, 0, 0, 0
0, 2, 101, 1247359467404, 10, 0, 200, 178, 0, 1, 1, 2
0, 2, 100, 1247359467390, 24, 0, 0, 0, 0, 0, 0, 0
2, 2, 101, 1247359467411, 3, 0, 200, 178, 0, 1, 1, 3
2, 2, 100, 1247359467411, 3, 0, 0, 0, 0, 0, 0, 0
1, 2, 101, 1247359467407, 10, 0, 200, 178, 0, 1, 2, 3
1, 2, 100, 1247359467407, 10, 0, 0, 0, 0, 0, 0, 0
0, 3, 101, 1247359467415, 5, 0, 200, 178, 0, 0, 3, 4
0, 3, 100, 1247359467415, 5, 0, 0, 0, 0, 0, 0, 0
2, 3, 101, 1247359467415, 6, 0, 200, 178, 0, 1, 5, 6
2, 3, 100, 1247359467415, 7, 0, 0, 0, 0, 0, 0, 0
1, 3, 101, 1247359467418, 5, 0, 200, 178, 0, 2, 2, 5
1, 3, 100, 1247359467417, 6, 0, 0, 0, 0, 0, 0, 0
2, 4, 101, 1247359467422, 4, 0, 200, 178, 0, 0, 2, 3
2, 4, 100, 1247359467422, 4, 0, 0, 0, 0, 0, 0, 0
0, 4, 101, 1247359467421, 5, 0, 200, 178, 0, 0, 2, 3
0, 4, 100, 1247359467421, 5, 0, 0, 0, 0, 0, 0, 0
1, 4, 101, 1247359467424, 4, 0, 200, 178, 0, 0, 2, 3
1, 4, 100, 1247359467424, 4, 0, 0, 0, 0, 0, 0, 0
2, 5, 101, 1247359467426, 4, 0, 200, 178, 0, 0, 1, 3
2, 5, 100, 1247359467426, 4, 0, 0, 0, 0, 0, 0, 0
2, 6, 101, 1247359467431, 4, 0, 200, 178, 0, 0, 2, 3
2, 6, 100, 1247359467431, 4, 0, 0, 0, 0, 0, 0, 0
0, 5, 101, 1247359467427, 6, 0, 200, 178, 0, 1, 3, 5
0, 5, 100, 1247359467427, 6, 0, 0, 0, 0, 0, 0, 0
1, 5, 101, 1247359467428, 6, 0, 200, 178, 0, 0, 4, 5
1, 5, 100, 1247359467428, 6, 0, 0, 0, 0, 0, 0, 0
4, 1, 101, 1247359467409, 24, 0, 200, 178, 0, 4, 6, 16
4, 1, 100, 1247359467409, 24, 0, 0, 0, 0, 0, 0, 0
3, 1, 101, 1247359467410, 23, 0, 200, 178, 0, 9, 19, 21
3, 1, 100, 1247359467410, 23, 0, 0, 0, 0, 0, 0, 0
1, 6, 101, 1247359467436, 2, 0, 200, 178, 0, 0, 1, 2
1, 6, 100, 1247359467436, 2, 0, 0, 0, 0, 0, 0, 0
2, 7, 101, 1247359467436, 3, 0, 200, 178, 0, 0, 1, 2
2, 7, 100, 1247359467436, 3, 0, 0, 0, 0, 0, 0, 0
0, 6, 101, 1247359467436, 4, 0, 200, 178, 0, 0, 1, 2
0, 6, 100, 1247359467436, 4, 0, 0, 0, 0, 0, 0, 0
1, 7, 101, 1247359467439, 9, 0, 200, 178, 0, 0, 1, 8
1, 7, 100, 1247359467439, 9, 0, 0, 0, 0, 0, 0, 0
2, 8, 101, 1247359467440, 9, 0, 200, 178, 0, 0, 1, 8
2, 8, 100, 1247359467440, 9, 0, 0, 0, 0, 0, 0, 0
0, 7, 101, 1247359467441, 10, 0, 200, 178, 0, 1, 1, 10
0, 7, 100, 1247359467441, 10, 0, 0, 0, 0, 0, 0, 0
1, 8, 101, 1247359467448, 3, 0, 200, 178, 0, 1, 2, 3
1, 8, 100, 1247359467448, 3, 0, 0, 0, 0, 0, 0, 0
3, 2, 101, 1247359467450, 4, 0, 200, 178, 0, 0, 1, 3
3, 2, 100, 1247359467450, 4, 0, 0, 0, 0, 0, 0, 0
2, 9, 101, 1247359467450, 4, 0, 200, 178, 0, 0, 2, 4
2, 9, 100, 1247359467450, 4, 0, 0, 0, 0, 0, 0, 0
0, 8, 101, 1247359467452, 4, 0, 200, 178, 0, 0, 1, 4
0, 8, 100, 1247359467452, 4, 0, 0, 0, 0, 0, 0, 0
2, 10, 101, 1247359467455, 3, 0, 200, 178, 0, 0, 2, 3
2, 10, 100, 1247359467455, 3, 0, 0, 0, 0, 0, 0, 0
1, 9, 101, 1247359467452, 7, 0, 200, 178, 0, 0, 5, 6
1, 9, 100, 1247359467452, 7, 0, 0, 0, 0, 0, 0, 0
0, 9, 101, 1247359467457, 4, 0, 200, 178, 0, 0, 2, 3
0, 9, 100, 1247359467457, 4, 0, 0, 0, 0, 0, 0, 0
2, 11, 101, 1247359467459, 13, 0, 200, 178, 0, 1, 2, 13
2, 11, 100, 1247359467459, 13, 0, 0, 0, 0, 0, 0, 0
1, 10, 101, 1247359467460, 14, 0, 200, 178, 0, 0, 11, 12
1, 10, 100, 1247359467460, 14, 0, 0, 0, 0, 0, 0, 0
3, 3, 101, 1247359467476, 6, 0, 200, 178, 0, 1, 1, 5
3, 3, 100, 1247359467471, 11, 0, 0, 0, 0, 0, 0, 0
3, 4, 101, 1247359467482, 4, 0, 200, 178, 0, 1, 2, 3
1, 11, 101, 1247359467475, 11, 0, 200, 178, 0, 0, 9, 10
4, 2, 101, 1247359467449, 38, 0, 200, 178, 0, 1, 9, 12
2, 12, 101, 1247359467476, 12, 0, 200, 178, 0, 0, 1, 5
0, 10, 101, 1247359467472, 20, 0, 200, 178, 0, 0, 19, 20
3, 4, 100, 1247359467482, 11, 0, 0, 0, 0, 0, 0, 0
0, 10, 100, 1247359467461, 31, 0, 0, 0, 0, 0, 0, 0
2, 12, 100, 1247359467475, 19, 0, 0, 0, 0, 0, 0, 0
4, 2, 100, 1247359467449, 44, 0, 0, 0, 0, 0, 0, 0
1, 11, 100, 1247359467475, 19, 0, 0, 0, 0, 0, 0, 0
2, 13, 101, 1247359467496, 3, 0, 200, 178, 0, 0, 2, 3
2, 13, 100, 1247359467496, 4, 0, 0, 0, 0, 0, 0, 0
4, 3, 101, 1247359467495, 4, 0, 200, 178, 0, 1, 2, 4
4, 3, 100, 1247359467495, 4, 0, 0, 0, 0, 0, 0, 0
0, 11, 101, 1247359467497, 3, 0, 200, 178, 0, 0, 2, 3
0, 11, 100, 1247359467496, 4, 0, 0, 0, 0, 0, 0, 0
1, 12, 101, 1247359467494, 7, 0, 200, 178, 0, 1, 5, 7
1, 12, 100, 1247359467494, 7, 0, 0, 0, 0, 0, 0, 0
4, 4, 101, 1247359467500, 5, 0, 200, 178, 0, 1, 2, 4
4, 4, 100, 1247359467500, 5, 0, 0, 0, 0, 0, 0, 0
1, 13, 101, 1247359467502, 7, 0, 200, 178, 0, 0, 2, 7
1, 13, 100, 1247359467502, 7, 0, 0, 0, 0, 0, 0, 0
1, 14, 101, 1247359467510, 3, 0, 200, 178, 0, 0, 2, 3
1, 14, 100, 1247359467510, 4, 0, 0, 0, 0, 0, 0, 0
4, 5, 101, 1247359467511, 9, 0, 200, 178, 0, 0, 6, 8
4, 5, 100, 1247359467511, 10, 0, 0, 0, 0, 0, 0, 0
1, 15, 101, 1247359467514, 7, 0, 200, 178, 0, 1, 2, 7
1, 15, 100, 1247359467514, 7, 0, 0, 0, 0, 0, 0, 0
3, 5, 101, 1247359467501, 27, 0, 200, 178, 0, 0, 1, 16
3, 5, 100, 1247359467501, 27, 0, 0, 0, 0, 0, 0, 0
0, 12, 101, 1247359467502, 27, 0, 200, 178, 0, 1, 5, 6
0, 12, 100, 1247359467501, 28, 0, 0, 0, 0, 0, 0, 0
4, 6, 101, 1247359467525, 4, 0, 200, 178, 0, 1, 1, 4
4, 6, 100, 1247359467524, 5, 0, 0, 0, 0, 0, 0, 0
2, 14, 101, 1247359467501, 29, 0, 200, 178, 0, 0, 15, 27
2, 14, 100, 1247359467501, 29, 0, 0, 0, 0, 0, 0, 0
1, 16, 101, 1247359467524, 7, 0, 200, 178, 0, 0, 1, 5
1, 16, 100, 1247359467524, 7, 0, 0, 0, 0, 0, 0, 0
2, 15, 101, 1247359467532, 3, 0, 200, 178, 0, 0, 1, 2
2, 15, 100, 1247359467531, 4, 0, 0, 0, 0, 0, 0, 0
3, 6, 101, 1247359467531, 5, 0, 200, 178, 0, 0, 1, 4
3, 6, 100, 1247359467531, 5, 0, 0, 0, 0, 0, 0, 0
0, 13, 101, 1247359467533, 4, 0, 200, 178, 0, 0, 2, 3
0, 13, 100, 1247359467531, 6, 0, 0, 0, 0, 0, 0, 0
0, 14, 101, 1247359467538, 5, 0, 200, 178, 0, 0, 2, 3
0, 14, 100, 1247359467538, 5, 0, 0, 0, 0, 0, 0, 0
3, 7, 101, 1247359467539, 4, 0, 200, 178, 0, 0, 1, 3
3, 7, 100, 1247359467538, 5, 0, 0, 0, 0, 0, 0, 0
2, 16, 101, 1247359467540, 4, 0, 200, 178, 0, 1, 2, 4
2, 16, 100, 1247359467539, 6, 0, 0, 0, 0, 0, 0, 0
0, 15, 101, 1247359467548, 3, 0, 200, 178, 0, 0, 1, 3
0, 15, 100, 1247359467547, 5, 0, 0, 0, 0, 0, 0, 0
3, 8, 101, 1247359467549, 5, 0, 200, 178, 0, 0, 1, 3
3, 8, 100, 1247359467548, 6, 0, 0, 0, 0, 0, 0, 0
2, 17, 101, 1247359467548, 7, 0, 200, 178, 0, 0, 3, 6
2, 17, 100, 1247359467548, 7, 0, 0, 0, 0, 0, 0, 0
4, 7, 101, 1247359467550, 14, 0, 200, 178, 0, 0, 4, 13
4, 7, 100, 1247359467549, 16, 0, 0, 0, 0, 0, 0, 0
1, 17, 101, 1247359467552, 14, 0, 200, 178, 0, 0, 2, 13
1, 17, 100, 1247359467552, 14, 0, 0, 0, 0, 0, 0, 0
2, 18, 101, 1247359467559, 54, 0, 200, 178, 0, 0, 2, 54
2, 18, 100, 1247359467559, 54, 0, 0, 0, 0, 0, 0, 0
0, 16, 101, 1247359467557, 57, 0, 200, 178, 0, 9, 10, 56
0, 16, 100, 1247359467556, 58, 0, 0, 0, 0, 0, 0, 0
4, 8, 101, 1247359467568, 49, 0, 200, 178, 0, 0, 47, 49
4, 8, 100, 1247359467568, 50, 0, 0, 0, 0, 0, 0, 0
1, 18, 101, 1247359467615, 3, 0, 200, 178, 0, 0, 2, 3
1, 18, 100, 1247359467614, 4, 0, 0, 0, 0, 0, 0, 0
0, 17, 101, 1247359467616, 8, 0, 200, 178, 0, 0, 1, 7
0, 17, 100, 1247359467616, 8, 0, 0, 0, 0, 0, 0, 0
4, 9, 101, 1247359467619, 5, 0, 200, 178, 0, 0, 2, 3
4, 9, 100, 1247359467618, 6, 0, 0, 0, 0, 0, 0, 0
1, 19, 101, 1247359467619, 6, 0, 200, 178, 0, 1, 4, 5
1, 19, 100, 1247359467619, 6, 0, 0, 0, 0, 0, 0, 0
2, 19, 101, 1247359467617, 9, 0, 200, 178, 0, 1, 2, 9
2, 19, 100, 1247359467617, 9, 0, 0, 0, 0, 0, 0, 0
4, 10, 101, 1247359467625, 4, 0, 200, 178, 0, 0, 1, 3
4, 10, 100, 1247359467624, 5, 0, 0, 0, 0, 0, 0, 0
1, 20, 101, 1247359467625, 4, 0, 200, 178, 0, 1, 2, 3
1, 20, 100, 1247359467625, 4, 0, 0, 0, 0, 0, 0, 0
3, 9, 101, 1247359467567, 83, 0, 200, 178, 0, 0, 1, 83
3, 9, 100, 1247359467567, 110, 0, 0, 0, 0, 0, 0, 0
4, 11, 101, 1247359467634, 4, 0, 200, 178, 0, 1, 1, 3
4, 11, 100, 1247359467629, 49, 0, 0, 0, 0, 0, 0, 0
2, 20, 101, 1247359467627, 6, 0, 200, 178, 0, 0, 4, 5
2, 20, 100, 1247359467627, 52, 0, 0, 0, 0, 0, 0, 0
0, 18, 101, 1247359467628, 4, 0, 200, 178, 0, 0, 1, 3
0, 18, 100, 1247359467627, 52, 0, 0, 0, 0, 0, 0, 0
1, 21, 101, 1247359467679, 2, 0, 200, 178, 0, 0, 1, 2
1, 21, 100, 1247359467679, 2, 0, 0, 0, 0, 0, 0, 0
3, 10, 101, 1247359467678, 4, 0, 200, 178, 0, 1, 2, 4
3, 10, 100, 1247359467678, 4, 0, 0, 0, 0, 0, 0, 0
2, 21, 101, 1247359467679, 4, 0, 200, 178, 0, 0, 2, 4
0, 19, 101, 1247359467680, 3, 0, 200, 178, 0, 0, 2, 3
2, 21, 100, 1247359467679, 4, 0, 0, 0, 0, 0, 0, 0
0, 19, 100, 1247359467680, 3, 0, 0, 0, 0, 0, 0, 0
4, 12, 101, 1247359467681, 4, 0, 200, 178, 0, 0, 2, 3
4, 12, 100, 1247359467681, 4, 0, 0, 0, 0, 0, 0, 0
2, 22, 101, 1247359467684, 46, 0, 200, 178, 0, 0, 1, 46
1, 22, 101, 1247359467684, 46, 0, 200, 178, 0, 1, 2, 46
2, 22, 100, 1247359467684, 46, 0, 0, 0, 0, 0, 0, 0
1, 22, 100, 1247359467684, 46, 0, 0, 0, 0, 0, 0, 0
3, 11, 101, 1247359467684, 48, 0, 200, 178, 0, 0, 1, 48
3, 11, 100, 1247359467683, 50, 0, 0, 0, 0, 0, 0, 0
0, 20, 101, 1247359467685, 48, 0, 200, 178, 0, 1, 47, 48
4, 13, 101, 1247359467685, 49, 0, 200, 178, 0, 0, 44, 45
0, 20, 100, 1247359467685, 48, 0, 0, 0, 0, 0, 0, 0
4, 13, 100, 1247359467685, 49, 0, 0, 0, 0, 0, 0, 0
1, 23, 101, 1247359467731, 3, 0, 200, 178, 0, 0, 2, 3
1, 23, 100, 1247359467731, 3, 0, 0, 0, 0, 0, 0, 0
3, 12, 101, 1247359467733, 3, 0, 200, 178, 0, 0, 1, 3
3, 12, 100, 1247359467733, 3, 0, 0, 0, 0, 0, 0, 0
2, 23, 101, 1247359467732, 4, 0, 200, 178, 0, 1, 2, 4
2, 23, 100, 1247359467731, 5, 0, 0, 0, 0, 0, 0, 0
0, 21, 101, 1247359467734, 3, 0, 200, 178, 0, 1, 2, 3
0, 21, 100, 1247359467734, 3, 0, 0, 0, 0, 0, 0, 0
1, 24, 101, 1247359467735, 4, 0, 200, 178, 0, 0, 3, 4
1, 24, 100, 1247359467735, 4, 0, 0, 0, 0, 0, 0, 0
3, 13, 101, 1247359467737, 3, 0, 200, 178, 0, 0, 1, 2
3, 13, 100, 1247359467736, 4, 0, 0, 0, 0, 0, 0, 0
4, 14, 101, 1247359467737, 4, 0, 200, 178, 0, 1, 1, 4
4, 14, 100, 1247359467737, 4, 0, 0, 0, 0, 0, 0, 0
0, 22, 101, 1247359467738, 4, 0, 200, 178, 0, 0, 2, 4
0, 22, 100, 1247359467738, 4, 0, 0, 0, 0, 0, 0, 0
3, 14, 101, 1247359467740, 3, 0, 200, 178, 0, 0, 1, 2
3, 14, 100, 1247359467740, 3, 0, 0, 0, 0, 0, 0, 0
1, 25, 101, 1247359467740, 4, 0, 200, 178, 0, 0, 1, 3
1, 25, 100, 1247359467740, 4, 0, 0, 0, 0, 0, 0, 0
0, 23, 101, 1247359467742, 13, 0, 200, 178, 0, 0, 1, 11
0, 23, 100, 1247359467742, 13, 0, 0, 0, 0, 0, 0, 0
4, 15, 101, 1247359467742, 14, 0, 200, 178, 0, 0, 1, 13
4, 15, 100, 1247359467741, 15, 0, 0, 0, 0, 0, 0, 0
3, 15, 101, 1247359467743, 14, 0, 200, 178, 0, 1, 1, 13
3, 15, 100, 1247359467743, 14, 0, 0, 0, 0, 0, 0, 0
2, 24, 101, 1247359467741, 17, 0, 200, 178, 0, 0, 15, 16
2, 24, 100, 1247359467741, 17, 0, 0, 0, 0, 0, 0, 0
1, 26, 101, 1247359467755, 4, 0, 200, 178, 0, 1, 2, 3
1, 26, 100, 1247359467754, 5, 0, 0, 0, 0, 0, 0, 0
3, 16, 101, 1247359467757, 3, 0, 200, 178, 0, 0, 1, 2
3, 16, 100, 1247359467757, 3, 0, 0, 0, 0, 0, 0, 0
4, 16, 101, 1247359467758, 3, 0, 200, 178, 0, 0, 1, 3
4, 16, 100, 1247359467756, 5, 0, 0, 0, 0, 0, 0, 0
3, 17, 101, 1247359467760, 3, 0, 200, 178, 0, 1, 2, 3
3, 17, 100, 1247359467760, 3, 0, 0, 0, 0, 0, 0, 0
1, 27, 101, 1247359467760, 3, 0, 200, 178, 0, 1, 2, 3
1, 27, 100, 1247359467760, 3, 0, 0, 0, 0, 0, 0, 0
2, 25, 101, 1247359467761, 3, 0, 200, 178, 0, 0, 1, 3
2, 25, 100, 1247359467761, 3, 0, 0, 0, 0, 0, 0, 0
0, 24, 101, 1247359467756, 9, 0, 200, 178, 0, 0, 6, 9
0, 24, 100, 1247359467756, 10, 0, 0, 0, 0, 0, 0, 0
3, 18, 101, 1247359467764, 5, 0, 200, 178, 0, 0, 2, 4
3, 18, 100, 1247359467764, 5, 0, 0, 0, 0, 0, 0, 0
0, 25, 101, 1247359467767, 4, 0, 200, 178, 0, 0, 1, 2
0, 25, 100, 1247359467767, 4, 0, 0, 0, 0, 0, 0, 0
1, 28, 101, 1247359467766, 6, 0, 200, 178, 0, 0, 1, 6
1, 28, 100, 1247359467765, 7, 0, 0, 0, 0, 0, 0, 0
3, 19, 101, 1247359467769, 4, 0, 200, 178, 0, 0, 1, 3
3, 19, 100, 1247359467769, 4, 0, 0, 0, 0, 0, 0, 0
2, 26, 101, 1247359467766, 8, 0, 200, 178, 0, 0, 4, 6
2, 26, 100, 1247359467765, 9, 0, 0, 0, 0, 0, 0, 0
3, 20, 101, 1247359467774, 3, 0, 200, 178, 0, 0, 1, 2
3, 20, 100, 1247359467774, 3, 0, 0, 0, 0, 0, 0, 0
1, 29, 101, 1247359467775, 5, 0, 200, 178, 0, 2, 3, 4
1, 29, 100, 1247359467775, 5, 0, 0, 0, 0, 0, 0, 0
2, 27, 101, 1247359467776, 4, 0, 200, 178, 0, 0, 3, 4
2, 27, 100, 1247359467775, 5, 0, 0, 0, 0, 0, 0, 0
3, 21, 101, 1247359467778, 5, 0, 200, 178, 0, 1, 3, 5
3, 21, 100, 1247359467778, 5, 0, 0, 0, 0, 0, 0, 0
0, 26, 101, 1247359467781, 3, 0, 200, 178, 0, 0, 1, 3
0, 26, 100, 1247359467779, 5, 0, 0, 0, 0, 0, 0, 0
2, 28, 101, 1247359467782, 5, 0, 200, 178, 0, 0, 4, 5
2, 28, 100, 1247359467782, 5, 0, 0, 0, 0, 0, 0, 0
3, 22, 101, 1247359467783, 5, 0, 200, 178, 0, 0, 1, 4
3, 22, 100, 1247359467783, 5, 0, 0, 0, 0, 0, 0, 0
1, 30, 101, 1247359467785, 15, 0, 200, 178, 0, 0, 3, 14
1, 30, 100, 1247359467782, 18, 0, 0, 0, 0, 0, 0, 0
0, 27, 101, 1247359467786, 16, 0, 200, 178, 0, 0, 1, 15
0, 27, 100, 1247359467786, 16, 0, 0, 0, 0, 0, 0, 0
4, 17, 101, 1247359467762, 49, 0, 200, 178, 0, 0, 3, 4
4, 17, 100, 1247359467762, 50, 0, 0, 0, 0, 0, 0, 0
3, 23, 101, 1247359467800, 12, 0, 200, 178, 0, 1, 9, 11
3, 23, 100, 1247359467800, 12, 0, 0, 0, 0, 0, 0, 0
2, 29, 101, 1247359467801, 13, 0, 200, 178, 0, 1, 2, 12
2, 29, 100, 1247359467801, 13, 0, 0, 0, 0, 0, 0, 0
1, 31, 101, 1247359467803, 12, 0, 200, 178, 0, 0, 10, 11
1, 31, 100, 1247359467803, 12, 0, 0, 0, 0, 0, 0, 0
4, 18, 101, 1247359467812, 4, 0, 200, 178, 0, 0, 2, 4
4, 18, 100, 1247359467812, 5, 0, 0, 0, 0, 0, 0, 0
0, 28, 101, 1247359467815, 7, 0, 200, 178, 0, 1, 1, 7
0, 28, 100, 1247359467813, 10, 0, 0, 0, 0, 0, 0, 0
4, 19, 101, 1247359467817, 12, 0, 200, 178, 0, 0, 4, 11
4, 19, 100, 1247359467817, 12, 0, 0, 0, 0, 0, 0, 0
3, 24, 101, 1247359467821, 14, 0, 200, 178, 0, 0, 2, 13
3, 24, 100, 1247359467820, 15, 0, 0, 0, 0, 0, 0, 0
2, 30, 101, 1247359467823, 15, 0, 200, 178, 0, 1, 12, 14
2, 30, 100, 1247359467821, 17, 0, 0, 0, 0, 0, 0, 0
1, 32, 101, 1247359467824, 15, 0, 200, 178, 0, 1, 12, 14
1, 32, 100, 1247359467824, 15, 0, 0, 0, 0, 0, 0, 0
0, 29, 101, 1247359468619, 3, 0, 200, 178, 0, 1, 1, 2
0, 29, 100, 1247359468619, 3, 0, 0, 0, 0, 0, 0, 0
1, 33, 101, 1247359468620, 4, 0, 200, 178, 0, 0, 1, 2
1, 33, 100, 1247359468620, 4, 0, 0, 0, 0, 0, 0, 0
0, 30, 101, 1247359468622, 4, 0, 200, 178, 0, 0, 1, 2
0, 30, 100, 1247359468622, 4, 0, 0, 0, 0, 0, 0, 0
1, 34, 101, 1247359468624, 4, 0, 200, 178, 0, 0, 1, 2
1, 34, 100, 1247359468624, 4, 0, 0, 0, 0, 0, 0, 0
0, 31, 101, 1247359468627, 4, 0, 200, 178, 0, 0, 1, 4
0, 31, 100, 1247359468626, 5, 0, 0, 0, 0, 0, 0, 0
1, 35, 101, 1247359468629, 4, 0, 200, 178, 0, 0, 1, 3
1, 35, 100, 1247359468629, 4, 0, 0, 0, 0, 0, 0, 0
0, 32, 101, 1247359468632, 4, 0, 200, 178, 0, 0, 1, 3
0, 32, 100, 1247359468631, 5, 0, 0, 0, 0, 0, 0, 0
3, 25, 101, 1247359468629, 8, 0, 200, 178, 0, 0, 4, 7
3, 25, 100, 1247359468619, 18, 0, 0, 0, 0, 0, 0, 0
1, 36, 101, 1247359468634, 6, 0, 200, 178, 0, 0, 3, 6
1, 36, 100, 1247359468633, 7, 0, 0, 0, 0, 0, 0, 0
3, 26, 101, 1247359468638, 3, 0, 200, 178, 0, 0, 1, 3
3, 26, 100, 1247359468638, 3, 0, 0, 0, 0, 0, 0, 0
0, 33, 101, 1247359468639, 5, 0, 200, 178, 0, 0, 3, 4
0, 33, 100, 1247359468639, 5, 0, 0, 0, 0, 0, 0, 0
2, 31, 101, 1247359468635, 11, 0, 200, 178, 0, 0, 1, 11
2, 31, 100, 1247359468634, 12, 0, 0, 0, 0, 0, 0, 0
1, 37, 101, 1247359468642, 6, 0, 200, 178, 0, 0, 3, 5
1, 37, 100, 1247359468641, 7, 0, 0, 0, 0, 0, 0, 0
0, 34, 101, 1247359468645, 3, 0, 200, 178, 0, 0, 2, 3
0, 34, 100, 1247359468645, 3, 0, 0, 0, 0, 0, 0, 0
3, 27, 101, 1247359468643, 7, 0, 200, 178, 0, 0, 1, 6
3, 27, 100, 1247359468642, 8, 0, 0, 0, 0, 0, 0, 0
1, 38, 101, 1247359468649, 4, 0, 200, 178, 0, 0, 1, 3
1, 38, 100, 1247359468649, 4, 0, 0, 0, 0, 0, 0, 0
3, 28, 101, 1247359468651, 3, 0, 200, 178, 0, 0, 1, 2
3, 28, 100, 1247359468651, 3, 0, 0, 0, 0, 0, 0, 0
0, 35, 101, 1247359468651, 5, 0, 200, 178, 0, 0, 3, 4
0, 35, 100, 1247359468651, 5, 0, 0, 0, 0, 0, 0, 0
1, 39, 101, 1247359468654, 5, 0, 200, 178, 0, 1, 3, 5
1, 39, 100, 1247359468654, 5, 0, 0, 0, 0, 0, 0, 0
2, 32, 101, 1247359468657, 3, 0, 200, 178, 0, 0, 1, 3
2, 32, 100, 1247359468657, 3, 0, 0, 0, 0, 0, 0, 0
3, 29, 101, 1247359468655, 7, 0, 200, 178, 0, 0, 2, 6
3, 29, 100, 1247359468655, 7, 0, 0, 0, 0, 0, 0, 0
1, 40, 101, 1247359468661, 3, 0, 200, 178, 0, 0, 1, 3
1, 40, 100, 1247359468661, 3, 0, 0, 0, 0, 0, 0, 0
0, 36, 101, 1247359468658, 7, 0, 200, 178, 0, 0, 4, 7
0, 36, 100, 1247359468658, 7, 0, 0, 0, 0, 0, 0, 0
2, 33, 101, 1247359468665, 3, 0, 200, 178, 0, 1, 1, 2
2, 33, 100, 1247359468663, 5, 0, 0, 0, 0, 0, 0, 0
3, 30, 101, 1247359468663, 6, 0, 200, 178, 0, 0, 3, 5
0, 37, 101, 1247359468666, 3, 0, 200, 178, 0, 0, 1, 2
3, 30, 100, 1247359468663, 6, 0, 0, 0, 0, 0, 0, 0
0, 37, 100, 1247359468665, 4, 0, 0, 0, 0, 0, 0, 0
1, 41, 101, 1247359468666, 3, 0, 200, 178, 0, 0, 1, 2
1, 41, 100, 1247359468666, 3, 0, 0, 0, 0, 0, 0, 0
3, 31, 101, 1247359468669, 3, 0, 200, 178, 0, 1, 1, 3
3, 31, 100, 1247359468669, 3, 0, 0, 0, 0, 0, 0, 0
0, 38, 101, 1247359468670, 3, 0, 200, 178, 0, 0, 1, 2
0, 38, 100, 1247359468670, 3, 0, 0, 0, 0, 0, 0, 0
2, 34, 101, 1247359468670, 3, 0, 200, 178, 0, 0, 1, 2
2, 34, 100, 1247359468670, 3, 0, 0, 0, 0, 0, 0, 0
1, 42, 101, 1247359468671, 3, 0, 200, 178, 0, 0, 1, 3
1, 42, 100, 1247359468670, 4, 0, 0, 0, 0, 0, 0, 0
3, 32, 101, 1247359468673, 127, 0, 200, 178, 0, 1, 1, 2
3, 32, 100, 1247359468673, 127, 0, 0, 0, 0, 0, 0, 0
2, 35, 101, 1247359468674, 127, 0, 200, 178, 0, 0, 1, 127
2, 35, 100, 1247359468674, 127, 0, 0, 0, 0, 0, 0, 0
1, 43, 101, 1247359468675, 130, 0, 200, 178, 0, 0, 1, 4
1, 43, 100, 1247359468675, 130, 0, 0, 0, 0, 0, 0, 0
0, 39, 101, 1247359468673, 133, 0, 200, 178, 0, 1, 2, 3
0, 39, 100, 1247359468673, 133, 0, 0, 0, 0, 0, 0, 0
3, 33, 101, 1247359468801, 7, 0, 200, 178, 0, 1, 4, 6
3, 33, 100, 1247359468801, 7, 0, 0, 0, 0, 0, 0, 0
1, 44, 101, 1247359468806, 3, 0, 200, 178, 0, 0, 1, 2
1, 44, 100, 1247359468806, 3, 0, 0, 0, 0, 0, 0, 0
3, 34, 101, 1247359468809, 3, 0, 200, 178, 0, 1, 2, 3
3, 34, 100, 1247359468809, 3, 0, 0, 0, 0, 0, 0, 0
0, 40, 101, 1247359468811, 3, 0, 200, 178, 0, 0, 2, 3
0, 40, 100, 1247359468811, 3, 0, 0, 0, 0, 0, 0, 0
3, 35, 101, 1247359468813, 3, 0, 200, 178, 0, 0, 1, 3
3, 35, 100, 1247359468813, 3, 0, 0, 0, 0, 0, 0, 0
2, 36, 101, 1247359468801, 16, 0, 200, 178, 0, 0, 13, 15
2, 36, 100, 1247359468801, 17, 0, 0, 0, 0, 0, 0, 0
1, 45, 101, 1247359468810, 9, 0, 200, 178, 0, 1, 5, 8
1, 45, 100, 1247359468810, 9, 0, 0, 0, 0, 0, 0, 0
2, 37, 101, 1247359468818, 4, 0, 200, 178, 0, 0, 1, 3
2, 37, 100, 1247359468818, 4, 0, 0, 0, 0, 0, 0, 0
3, 36, 101, 1247359468820, 3, 0, 200, 178, 0, 0, 1, 3
3, 36, 100, 1247359468819, 5, 0, 0, 0, 0, 0, 0, 0
2, 38, 101, 1247359468822, 3, 0, 200, 178, 0, 1, 2, 3
2, 38, 100, 1247359468822, 3, 0, 0, 0, 0, 0, 0, 0
0, 41, 101, 1247359468815, 11, 0, 200, 178, 0, 0, 9, 11
0, 41, 100, 1247359468815, 12, 0, 0, 0, 0, 0, 0, 0
1, 46, 101, 1247359468820, 7, 0, 200, 178, 0, 1, 4, 7
1, 46, 100, 1247359468820, 7, 0, 0, 0, 0, 0, 0, 0
4, 20, 101, 1247359467840, 988, 0, 200, 178, 0, 0, 1, 2
4, 20, 100, 1247359467840, 988, 0, 0, 0, 0, 0, 0, 0
4, 21, 101, 1247359468828, 3, 0, 200, 178, 0, 0, 1, 3
2, 39, 101, 1247359468828, 3, 0, 200, 178, 0, 0, 1, 3
4, 21, 100, 1247359468828, 3, 0, 0, 0, 0, 0, 0, 0
2, 39, 100, 1247359468827, 4, 0, 0, 0, 0, 0, 0, 0
1, 47, 101, 1247359468828, 4, 0, 200, 178, 0, 1, 1, 3
1, 47, 100, 1247359468828, 4, 0, 0, 0, 0, 0, 0, 0
3, 37, 101, 1247359468824, 9, 0, 200, 178, 0, 1, 6, 8
3, 37, 100, 1247359468824, 9, 0, 0, 0, 0, 0, 0, 0
4, 22, 101, 1247359468831, 3, 0, 200, 178, 0, 0, 1, 2
4, 22, 100, 1247359468831, 3, 0, 0, 0, 0, 0, 0, 0
0, 42, 101, 1247359468829, 5, 0, 200, 178, 0, 0, 3, 4
0, 42, 100, 1247359468829, 5, 0, 0, 0, 0, 0, 0, 0
2, 40, 101, 1247359468833, 4, 0, 200, 178, 0, 0, 1, 3
2, 40, 100, 1247359468833, 5, 0, 0, 0, 0, 0, 0, 0
3, 38, 101, 1247359468836, 3, 0, 200, 178, 0, 0, 1, 2
4, 23, 101, 1247359468835, 4, 0, 200, 178, 0, 0, 3, 4
4, 23, 100, 1247359468834, 5, 0, 0, 0, 0, 0, 0, 0
3, 38, 100, 1247359468836, 3, 0, 0, 0, 0, 0, 0, 0
1, 48, 101, 1247359468835, 5, 0, 200, 178, 0, 1, 1, 4
1, 48, 100, 1247359468835, 5, 0, 0, 0, 0, 0, 0, 0
0, 43, 101, 1247359468838, 3, 0, 200, 178, 0, 0, 1, 2
0, 43, 100, 1247359468837, 4, 0, 0, 0, 0, 0, 0, 0
4, 24, 101, 1247359468839, 2, 0, 200, 178, 0, 1, 1, 2
4, 24, 100, 1247359468839, 2, 0, 0, 0, 0, 0, 0, 0
2, 41, 101, 1247359468841, 3, 0, 200, 178, 0, 1, 2, 3
2, 41, 100, 1247359468841, 4, 0, 0, 0, 0, 0, 0, 0
1, 49, 101, 1247359468842, 3, 0, 200, 178, 0, 0, 0, 1
1, 49, 100, 1247359468841, 4, 0, 0, 0, 0, 0, 0, 0
3, 39, 101, 1247359468842, 3, 0, 200, 178, 0, 0, 2, 3
3, 39, 100, 1247359468842, 3, 0, 0, 0, 0, 0, 0, 0
0, 44, 101, 1247359468843, 3, 0, 200, 178, 0, 0, 1, 3
4, 25, 101, 1247359468842, 4, 0, 200, 178, 0, 0, 1, 4
0, 44, 100, 1247359468843, 3, 0, 0, 0, 0, 0, 0, 0
4, 25, 100, 1247359468842, 4, 0, 0, 0, 0, 0, 0, 0
1, 50, 101, 1247359468845, 34, 0, 200, 178, 0, 1, 1, 34
1, 50, 100, 1247359468845, 35, 0, 0, 0, 0, 0, 0, 0
0, 45, 101, 1247359468878, 3, 0, 200, 178, 0, 1, 2, 3
0, 45, 100, 1247359468877, 4, 0, 0, 0, 0, 0, 0, 0
2, 42, 101, 1247359468877, 5, 0, 200, 178, 0, 2, 3, 5
2, 42, 100, 1247359468845, 37, 0, 0, 0, 0, 0, 0, 0
1, 51, 101, 1247359468880, 4, 0, 200, 178, 0, 1, 2, 3
1, 51, 100, 1247359468880, 4, 0, 0, 0, 0, 0, 0, 0
2, 43, 101, 1247359468883, 3, 0, 200, 178, 0, 0, 1, 3
2, 43, 100, 1247359468882, 5, 0, 0, 0, 0, 0, 0, 0
0, 46, 101, 1247359468884, 3, 0, 200, 178, 0, 1, 2, 3
0, 46, 100, 1247359468884, 3, 0, 0, 0, 0, 0, 0, 0
1, 52, 101, 1247359468885, 3, 0, 200, 178, 0, 0, 2, 3
1, 52, 100, 1247359468885, 3, 0, 0, 0, 0, 0, 0, 0
3, 40, 101, 1247359468846, 43, 0, 200, 178, 0, 31, 41, 42
3, 40, 100, 1247359468846, 43, 0, 0, 0, 0, 0, 0, 0
2, 44, 101, 1247359468887, 3, 0, 200, 178, 0, 0, 1, 3
2, 44, 100, 1247359468887, 4, 0, 0, 0, 0, 0, 0, 0
0, 47, 101, 1247359468889, 3, 0, 200, 178, 0, 0, 1, 2
0, 47, 100, 1247359468889, 3, 0, 0, 0, 0, 0, 0, 0
1, 53, 101, 1247359468889, 3, 0, 200, 178, 0, 0, 1, 2
1, 53, 100, 1247359468889, 3, 0, 0, 0, 0, 0, 0, 0
2, 45, 101, 1247359468891, 3, 0, 200, 178, 0, 0, 1, 3
2, 45, 100, 1247359468891, 3, 0, 0, 0, 0, 0, 0, 0
0, 48, 101, 1247359468892, 3, 0, 200, 178, 0, 1, 1, 2
0, 48, 100, 1247359468892, 3, 0, 0, 0, 0, 0, 0, 0
1, 54, 101, 1247359468892, 3, 0, 200, 178, 0, 1, 2, 3
1, 54, 100, 1247359468892, 3, 0, 0, 0, 0, 0, 0, 0
0, 49, 101, 1247359468895, 2, 0, 200, 178, 0, 0, 1, 2
0, 49, 100, 1247359468895, 2, 0, 0, 0, 0, 0, 0, 0
2, 46, 101, 1247359468894, 3, 0, 200, 178, 0, 0, 1, 2
2, 46, 100, 1247359468894, 3, 0, 0, 0, 0, 0, 0, 0
3, 41, 101, 1247359468893, 6, 0, 200, 178, 0, 0, 4, 5
3, 41, 100, 1247359468893, 6, 0, 0, 0, 0, 0, 0, 0
1, 55, 101, 1247359468896, 4, 0, 200, 178, 0, 1, 3, 4
1, 55, 100, 1247359468896, 4, 0, 0, 0, 0, 0, 0, 0
2, 47, 101, 1247359468898, 3, 0, 200, 178, 0, 0, 1, 3
2, 47, 100, 1247359468898, 3, 0, 0, 0, 0, 0, 0, 0
3, 42, 101, 1247359468899, 4, 0, 200, 178, 0, 0, 1, 2
3, 42, 100, 1247359468899, 4, 0, 0, 0, 0, 0, 0, 0
0, 50, 101, 1247359468898, 2, 0, 200, 178, 0, 0, 1, 2
0, 50, 100, 1247359468897, 3, 0, 0, 0, 0, 0, 0, 0
2, 48, 101, 1247359468902, 3, 0, 200, 178, 0, 0, 1, 2
2, 48, 100, 1247359468902, 3, 0, 0, 0, 0, 0, 0, 0
1, 56, 101, 1247359468903, 4, 0, 200, 178, 0, 0, 2, 3
1, 56, 100, 1247359468902, 5, 0, 0, 0, 0, 0, 0, 0
3, 43, 101, 1247359468904, 3, 0, 200, 178, 0, 0, 1, 2
3, 43, 100, 1247359468904, 3, 0, 0, 0, 0, 0, 0, 0
0, 51, 101, 1247359468904, 3, 0, 200, 178, 0, 0, 1, 3
0, 51, 100, 1247359468904, 3, 0, 0, 0, 0, 0, 0, 0
2, 49, 101, 1247359468905, 4, 0, 200, 178, 0, 0, 1, 3
2, 49, 100, 1247359468905, 4, 0, 0, 0, 0, 0, 0, 0
3, 44, 101, 1247359468908, 3, 0, 200, 178, 0, 0, 1, 2
3, 44, 100, 1247359468908, 3, 0, 0, 0, 0, 0, 0, 0
1, 57, 101, 1247359468908, 3, 0, 200, 178, 0, 0, 1, 3
1, 57, 100, 1247359468908, 4, 0, 0, 0, 0, 0, 0, 0
0, 52, 101, 1247359468910, 3, 0, 200, 178, 0, 0, 1, 2
0, 52, 100, 1247359468909, 4, 0, 0, 0, 0, 0, 0, 0
2, 50, 101, 1247359468910, 4, 0, 200, 178, 0, 1, 2, 3
2, 50, 100, 1247359468910, 4, 0, 0, 0, 0, 0, 0, 0
3, 45, 101, 1247359468912, 2, 0, 200, 178, 0, 0, 1, 2
3, 45, 100, 1247359468911, 3, 0, 0, 0, 0, 0, 0, 0
1, 58, 101, 1247359468912, 4, 0, 200, 178, 0, 0, 1, 3
1, 58, 100, 1247359468912, 4, 0, 0, 0, 0, 0, 0, 0
0, 53, 101, 1247359468914, 3, 0, 200, 178, 0, 0, 1, 2
3, 46, 101, 1247359468914, 3, 0, 200, 178, 0, 0, 0, 1
3, 46, 100, 1247359468914, 3, 0, 0, 0, 0, 0, 0, 0
0, 53, 100, 1247359468914, 3, 0, 0, 0, 0, 0, 0, 0
2, 51, 101, 1247359468915, 33, 0, 200, 178, 0, 0, 1, 3
2, 51, 100, 1247359468915, 33, 0, 0, 0, 0, 0, 0, 0
4, 26, 101, 1247359468847, 103, 0, 200, 178, 0, 101, 101, 102
4, 26, 100, 1247359468847, 103, 0, 0, 0, 0, 0, 0, 0
0, 54, 101, 1247359468918, 34, 0, 200, 178, 0, 0, 1, 2
0, 54, 100, 1247359468917, 35, 0, 0, 0, 0, 0, 0, 0
4, 27, 101, 1247359468950, 3, 0, 200, 178, 0, 1, 1, 2
4, 27, 100, 1247359468950, 3, 0, 0, 0, 0, 0, 0, 0
1, 59, 101, 1247359468917, 36, 0, 200, 178, 0, 2, 2, 4
1, 59, 100, 1247359468917, 36, 0, 0, 0, 0, 0, 0, 0
3, 47, 101, 1247359468917, 37, 0, 200, 178, 0, 2, 2, 5
3, 47, 100, 1247359468917, 37, 0, 0, 0, 0, 0, 0, 0
2, 52, 101, 1247359468951, 4, 0, 200, 178, 0, 0, 1, 3
2, 52, 100, 1247359468951, 4, 0, 0, 0, 0, 0, 0, 0
4, 28, 101, 1247359468953, 3, 0, 200, 178, 0, 0, 2, 3
0, 55, 101, 1247359468953, 3, 0, 200, 178, 0, 0, 0, 2
4, 28, 100, 1247359468953, 4, 0, 0, 0, 0, 0, 0, 0
0, 55, 100, 1247359468953, 4, 0, 0, 0, 0, 0, 0, 0
3, 48, 101, 1247359468955, 2, 0, 200, 178, 0, 0, 1, 2
3, 48, 100, 1247359468955, 2, 0, 0, 0, 0, 0, 0, 0
2, 53, 101, 1247359468955, 3, 0, 200, 178, 0, 0, 1, 3
2, 53, 100, 1247359468955, 3, 0, 0, 0, 0, 0, 0, 0
1, 60, 101, 1247359468955, 4, 0, 200, 178, 0, 0, 1, 3
1, 60, 100, 1247359468955, 4, 0, 0, 0, 0, 0, 0, 0
0, 56, 101, 1247359468957, 3, 0, 200, 178, 0, 0, 1, 3
0, 56, 100, 1247359468957, 4, 0, 0, 0, 0, 0, 0, 0
3, 49, 101, 1247359468958, 3, 0, 200, 178, 0, 0, 1, 2
3, 49, 100, 1247359468958, 4, 0, 0, 0, 0, 0, 0, 0
2, 54, 101, 1247359468959, 3, 0, 200, 178, 0, 0, 1, 2
2, 54, 100, 1247359468959, 3, 0, 0, 0, 0, 0, 0, 0
4, 29, 101, 1247359468958, 4, 0, 200, 178, 0, 0, 1, 4
4, 29, 100, 1247359468957, 6, 0, 0, 0, 0, 0, 0, 0
1, 61, 101, 1247359468960, 4, 0, 200, 178, 0, 1, 1, 3
1, 61, 100, 1247359468959, 5, 0, 0, 0, 0, 0, 0, 0
4, 30, 101, 1247359468963, 3, 0, 200, 178, 0, 0, 1, 2
4, 30, 100, 1247359468963, 3, 0, 0, 0, 0, 0, 0, 0
0, 57, 101, 1247359468962, 5, 0, 200, 178, 0, 1, 2, 5
0, 57, 100, 1247359468962, 5, 0, 0, 0, 0, 0, 0, 0
1, 62, 101, 1247359468964, 5, 0, 200, 178, 0, 1, 4, 5
1, 62, 100, 1247359468964, 5, 0, 0, 0, 0, 0, 0, 0
4, 31, 101, 1247359468966, 4, 0, 200, 178, 0, 0, 1, 2
4, 31, 100, 1247359468966, 4, 0, 0, 0, 0, 0, 0, 0
3, 50, 101, 1247359468963, 7, 0, 200, 178, 0, 0, 6, 7
3, 50, 100, 1247359468963, 7, 0, 0, 0, 0, 0, 0, 0
2, 55, 101, 1247359468965, 6, 0, 200, 178, 0, 0, 1, 4
2, 55, 100, 1247359468965, 6, 0, 0, 0, 0, 0, 0, 0
0, 58, 101, 1247359468968, 4, 0, 200, 178, 0, 1, 1, 3
0, 58, 100, 1247359468968, 4, 0, 0, 0, 0, 0, 0, 0
3, 51, 101, 1247359468970, 3, 0, 200, 178, 0, 0, 0, 1
3, 51, 100, 1247359468970, 3, 0, 0, 0, 0, 0, 0, 0
4, 32, 101, 1247359468970, 4, 0, 200, 178, 0, 1, 2, 3
4, 32, 100, 1247359468970, 4, 0, 0, 0, 0, 0, 0, 0
1, 63, 101, 1247359468972, 3, 0, 200, 178, 0, 0, 1, 2
1, 63, 100, 1247359468972, 3, 0, 0, 0, 0, 0, 0, 0
0, 59, 101, 1247359468972, 4, 0, 200, 178, 0, 0, 1, 3
0, 59, 100, 1247359468972, 4, 0, 0, 0, 0, 0, 0, 0
4, 33, 101, 1247359468974, 3, 0, 200, 178, 0, 0, 1, 2
4, 33, 100, 1247359468974, 3, 0, 0, 0, 0, 0, 0, 0
2, 56, 101, 1247359468973, 5, 0, 200, 178, 0, 0, 2, 5
2, 56, 100, 1247359468972, 7, 0, 0, 0, 0, 0, 0, 0
1, 64, 101, 1247359468976, 4, 0, 200, 178, 0, 0, 1, 4
1, 64, 100, 1247359468976, 4, 0, 0, 0, 0, 0, 0, 0
4, 34, 101, 1247359468977, 4, 0, 200, 178, 0, 1, 2, 4
4, 34, 100, 1247359468977, 4, 0, 0, 0, 0, 0, 0, 0
2, 57, 101, 1247359468979, 3, 0, 200, 178, 0, 0, 1, 3
2, 57, 100, 1247359468979, 3, 0, 0, 0, 0, 0, 0, 0
2, 58, 101, 1247359468989, 3, 0, 200, 178, 0, 1, 1, 3
2, 58, 100, 1247359468989, 3, 0, 0, 0, 0, 0, 0, 0
1, 65, 101, 1247359468990, 3, 0, 200, 178, 0, 0, 1, 2
1, 65, 100, 1247359468989, 4, 0, 0, 0, 0, 0, 0, 0
0, 60, 101, 1247359468976, 18, 0, 200, 178, 0, 0, 1, 17
0, 60, 100, 1247359468976, 18, 0, 0, 0, 0, 0, 0, 0
3, 52, 101, 1247359468974, 21, 0, 200, 178, 0, 0, 3, 21
3, 52, 100, 1247359468973, 22, 0, 0, 0, 0, 0, 0, 0
2, 59, 101, 1247359468994, 3, 0, 200, 178, 0, 0, 1, 3
2, 59, 100, 1247359468993, 4, 0, 0, 0, 0, 0, 0, 0
1, 66, 101, 1247359468993, 5, 0, 200, 178, 0, 1, 1, 4
1, 66, 100, 1247359468993, 5, 0, 0, 0, 0, 0, 0, 0
4, 35, 101, 1247359468981, 17, 0, 200, 178, 0, 0, 1, 16
4, 35, 100, 1247359468981, 17, 0, 0, 0, 0, 0, 0, 0
0, 61, 101, 1247359468996, 3, 0, 200, 178, 0, 0, 1, 2
0, 61, 100, 1247359468996, 3, 0, 0, 0, 0, 0, 0, 0
3, 53, 101, 1247359468996, 4, 0, 200, 178, 0, 0, 1, 2
3, 53, 100, 1247359468996, 4, 0, 0, 0, 0, 0, 0, 0
2, 60, 101, 1247359469000, 4, 0, 200, 178, 0, 0, 1, 4
2, 60, 100, 1247359468999, 6, 0, 0, 0, 0, 0, 0, 0
0, 62, 101, 1247359469000, 6, 0, 200, 178, 0, 0, 1, 5
0, 62, 100, 1247359468999, 7, 0, 0, 0, 0, 0, 0, 0
4, 36, 101, 1247359468999, 11, 0, 200, 178, 0, 0, 1, 10
4, 36, 100, 1247359468999, 11, 0, 0, 0, 0, 0, 0, 0
3, 54, 101, 1247359469000, 15, 0, 200, 178, 0, 0, 6, 13
3, 54, 100, 1247359469000, 15, 0, 0, 0, 0, 0, 0, 0
2, 61, 101, 1247359469005, 11, 0, 200, 178, 0, 0, 1, 10
2, 61, 100, 1247359469005, 11, 0, 0, 0, 0, 0, 0, 0
4, 37, 101, 1247359469010, 7, 0, 200, 178, 0, 1, 1, 6
4, 37, 100, 1247359469010, 7, 0, 0, 0, 0, 0, 0, 0
1, 67, 101, 1247359469000, 18, 0, 200, 178, 0, 0, 10, 16
1, 67, 100, 1247359469000, 18, 0, 0, 0, 0, 0, 0, 0
0, 63, 101, 1247359469007, 11, 0, 200, 178, 0, 0, 9, 10
0, 63, 100, 1247359469007, 11, 0, 0, 0, 0, 0, 0, 0
4, 38, 101, 1247359469017, 3, 0, 200, 178, 0, 0, 1, 3
4, 38, 100, 1247359469017, 3, 0, 0, 0, 0, 0, 0, 0
3, 55, 101, 1247359469016, 6, 0, 200, 178, 0, 1, 2, 4
3, 55, 100, 1247359469016, 6, 0, 0, 0, 0, 0, 0, 0
1, 68, 101, 1247359469019, 4, 0, 200, 178, 0, 0, 2, 4
1, 68, 100, 1247359469019, 4, 0, 0, 0, 0, 0, 0, 0
2, 62, 101, 1247359469019, 6, 0, 200, 178, 0, 0, 1, 6
2, 62, 100, 1247359469018, 7, 0, 0, 0, 0, 0, 0, 0
0, 64, 101, 1247359469024, 3, 0, 200, 178, 0, 1, 2, 3
0, 64, 100, 1247359469024, 3, 0, 0, 0, 0, 0, 0, 0
4, 39, 101, 1247359469022, 6, 0, 200, 178, 0, 1, 2, 6
4, 39, 100, 1247359469021, 7, 0, 0, 0, 0, 0, 0, 0
2, 63, 101, 1247359469029, 3, 0, 200, 178, 0, 0, 1, 3
2, 63, 100, 1247359469029, 3, 0, 0, 0, 0, 0, 0, 0
3, 56, 101, 1247359469026, 7, 0, 200, 178, 0, 0, 4, 7
3, 56, 100, 1247359469026, 7, 0, 0, 0, 0, 0, 0, 0
4, 40, 101, 1247359469031, 4, 0, 200, 178, 0, 0, 1, 3
4, 40, 100, 1247359469031, 4, 0, 0, 0, 0, 0, 0, 0
0, 65, 101, 1247359469033, 4, 0, 200, 178, 0, 0, 1, 2
0, 65, 100, 1247359469031, 6, 0, 0, 0, 0, 0, 0, 0
1, 69, 101, 1247359469029, 9, 0, 200, 178, 0, 0, 5, 7
1, 69, 100, 1247359469029, 9, 0, 0, 0, 0, 0, 0, 0
3, 57, 101, 1247359469035, 4, 0, 200, 178, 0, 0, 1, 2
3, 57, 100, 1247359469035, 4, 0, 0, 0, 0, 0, 0, 0
2, 64, 101, 1247359469039, 15, 0, 200, 178, 0, 1, 2, 14
2, 64, 100, 1247359469039, 15, 0, 0, 0, 0, 0, 0, 0
4, 41, 101, 1247359469052, 3, 0, 200, 178, 0, 0, 1, 2
4, 41, 100, 1247359469051, 4, 0, 0, 0, 0, 0, 0, 0
1, 70, 101, 1247359469040, 17, 0, 200, 178, 0, 0, 15, 16
1, 70, 100, 1247359469040, 17, 0, 0, 0, 0, 0, 0, 0
0, 66, 101, 1247359469052, 6, 0, 200, 178, 0, 0, 3, 4
0, 66, 100, 1247359469052, 6, 0, 0, 0, 0, 0, 0, 0
3, 58, 101, 1247359469055, 15, 0, 200, 178, 0, 0, 13, 14
3, 58, 100, 1247359469055, 15, 0, 0, 0, 0, 0, 0, 0
4, 42, 101, 1247359469069, 14, 0, 200, 178, 0, 0, 2, 14
4, 42, 100, 1247359469069, 14, 0, 0, 0, 0, 0, 0, 0
1, 71, 101, 1247359469068, 17, 0, 200, 178, 0, 0, 3, 16
1, 71, 100, 1247359469058, 27, 0, 0, 0, 0, 0, 0, 0
0, 67, 101, 1247359469071, 15, 0, 200, 178, 0, 1, 2, 3
0, 67, 100, 1247359469071, 15, 0, 0, 0, 0, 0, 0, 0
2, 65, 101, 1247359469067, 20, 0, 200, 178, 0, 1, 15, 19
2, 65, 100, 1247359469057, 30, 0, 0, 0, 0, 0, 0, 0
3, 59, 101, 1247359469071, 19, 0, 200, 178, 0, 0, 1, 2
3, 59, 100, 1247359469071, 19, 0, 0, 0, 0, 0, 0, 0
1, 72, 101, 1247359469087, 4, 0, 200, 178, 0, 1, 1, 3
1, 72, 100, 1247359469087, 4, 0, 0, 0, 0, 0, 0, 0
2, 66, 101, 1247359469088, 4, 0, 200, 178, 0, 0, 1, 2
2, 66, 100, 1247359469088, 4, 0, 0, 0, 0, 0, 0, 0
4, 43, 101, 1247359469092, 7, 0, 200, 178, 0, 1, 2, 4
4, 43, 100, 1247359469090, 9, 0, 0, 0, 0, 0, 0, 0
3, 60, 101, 1247359469094, 6, 0, 200, 178, 0, 0, 1, 4
3, 60, 100, 1247359469094, 6, 0, 0, 0, 0, 0, 0, 0
0, 68, 101, 1247359469093, 7, 0, 200, 178, 0, 1, 1, 4
0, 68, 100, 1247359469091, 9, 0, 0, 0, 0, 0, 0, 0
1, 73, 101, 1247359469095, 6, 0, 200, 178, 0, 1, 3, 6
1, 73, 100, 1247359469095, 6, 0, 0, 0, 0, 0, 0, 0
2, 67, 101, 1247359469098, 5, 0, 200, 178, 0, 0, 2, 5
2, 67, 100, 1247359469098, 5, 0, 0, 0, 0, 0, 0, 0
4, 44, 101, 1247359469102, 3, 0, 200, 178, 0, 0, 1, 3
4, 44, 100, 1247359469101, 4, 0, 0, 0, 0, 0, 0, 0
3, 61, 101, 1247359469104, 3, 0, 200, 178, 0, 0, 1, 3
3, 61, 100, 1247359469104, 4, 0, 0, 0, 0, 0, 0, 0
0, 69, 101, 1247359469102, 6, 0, 200, 178, 0, 1, 4, 6
0, 69, 100, 1247359469102, 6, 0, 0, 0, 0, 0, 0, 0
1, 74, 101, 1247359469106, 5, 0, 200, 178, 0, 0, 3, 5
1, 74, 100, 1247359469106, 5, 0, 0, 0, 0, 0, 0, 0
2, 68, 101, 1247359469109, 4, 0, 200, 178, 0, 0, 1, 3
2, 68, 100, 1247359469109, 4, 0, 0, 0, 0, 0, 0, 0
4, 45, 101, 1247359469110, 4, 0, 200, 178, 0, 0, 1, 3
4, 45, 100, 1247359469110, 4, 0, 0, 0, 0, 0, 0, 0
0, 70, 101, 1247359469112, 3, 0, 200, 178, 0, 0, 1, 2
0, 70, 100, 1247359469111, 4, 0, 0, 0, 0, 0, 0, 0
1, 75, 101, 1247359469115, 3, 0, 200, 178, 0, 0, 1, 3
1, 75, 100, 1247359469115, 3, 0, 0, 0, 0, 0, 0, 0
3, 62, 101, 1247359469116, 7, 0, 200, 178, 0, 0, 4, 6
3, 62, 100, 1247359469116, 7, 0, 0, 0, 0, 0, 0, 0
4, 46, 101, 1247359469119, 7, 0, 200, 178, 0, 0, 4, 6
4, 46, 100, 1247359469118, 8, 0, 0, 0, 0, 0, 0, 0
2, 69, 101, 1247359469117, 10, 0, 200, 178, 0, 1, 7, 10
2, 69, 100, 1247359469117, 10, 0, 0, 0, 0, 0, 0, 0
0, 71, 101, 1247359469121, 23, 0, 200, 178, 0, 0, 1, 5
0, 71, 100, 1247359469120, 24, 0, 0, 0, 0, 0, 0, 0
3, 63, 101, 1247359469125, 22, 0, 200, 178, 0, 0, 1, 22
3, 63, 100, 1247359469124, 23, 0, 0, 0, 0, 0, 0, 0
1, 76, 101, 1247359469124, 24, 0, 200, 178, 0, 0, 22, 24
1, 76, 100, 1247359469123, 25, 0, 0, 0, 0, 0, 0, 0
2, 70, 101, 1247359469146, 4, 0, 200, 178, 0, 0, 1, 3
2, 70, 100, 1247359469146, 4, 0, 0, 0, 0, 0, 0, 0
1, 77, 101, 1247359469149, 11, 0, 200, 178, 0, 1, 1, 11
1, 77, 100, 1247359469149, 11, 0, 0, 0, 0, 0, 0, 0
4, 47, 101, 1247359469152, 16, 0, 200, 178, 0, 0, 12, 15
4, 47, 100, 1247359469152, 16, 0, 0, 0, 0, 0, 0, 0
3, 64, 101, 1247359469154, 14, 0, 200, 178, 0, 0, 10, 14
3, 64, 100, 1247359469154, 14, 0, 0, 0, 0, 0, 0, 0
0, 72, 101, 1247359469154, 16, 0, 200, 178, 0, 0, 10, 15
0, 72, 100, 1247359469154, 16, 0, 0, 0, 0, 0, 0, 0
4, 48, 101, 1247359469170, 3, 0, 200, 178, 0, 0, 1, 2
4, 48, 100, 1247359469170, 3, 0, 0, 0, 0, 0, 0, 0
3, 65, 101, 1247359469171, 3, 0, 200, 178, 0, 0, 1, 2
3, 65, 100, 1247359469171, 3, 0, 0, 0, 0, 0, 0, 0
0, 73, 101, 1247359469171, 3, 0, 200, 178, 0, 0, 1, 2
0, 73, 100, 1247359469171, 3, 0, 0, 0, 0, 0, 0, 0
2, 71, 101, 1247359469165, 33, 0, 200, 178, 0, 0, 1, 31
2, 71, 100, 1247359469155, 43, 0, 0, 0, 0, 0, 0, 0
0, 74, 101, 1247359469196, 3, 0, 200, 178, 0, 0, 1, 3
0, 74, 100, 1247359469196, 4, 0, 0, 0, 0, 0, 0, 0
3, 66, 101, 1247359469175, 26, 0, 200, 178, 0, 1, 1, 2
3, 66, 100, 1247359469175, 26, 0, 0, 0, 0, 0, 0, 0
1, 78, 101, 1247359469197, 7, 0, 200, 178, 0, 0, 5, 6
1, 78, 100, 1247359469196, 8, 0, 0, 0, 0, 0, 0, 0
3, 67, 101, 1247359469201, 5, 0, 200, 178, 0, 1, 1, 2
3, 67, 100, 1247359469201, 5, 0, 0, 0, 0, 0, 0, 0
4, 49, 101, 1247359469175, 31, 0, 200, 178, 0, 28, 29, 30
4, 49, 100, 1247359469174, 32, 0, 0, 0, 0, 0, 0, 0
2, 72, 101, 1247359469202, 7, 0, 200, 178, 0, 3, 3, 5
2, 72, 100, 1247359469202, 7, 0, 0, 0, 0, 0, 0, 0
0, 75, 101, 1247359469200, 8, 0, 200, 178, 0, 0, 1, 4
0, 75, 100, 1247359469200, 8, 0, 0, 0, 0, 0, 0, 0
3, 68, 101, 1247359469207, 3, 0, 200, 178, 0, 0, 1, 3
3, 68, 100, 1247359469206, 4, 0, 0, 0, 0, 0, 0, 0
4, 50, 101, 1247359469207, 3, 0, 200, 178, 0, 0, 1, 2
4, 50, 100, 1247359469207, 4, 0, 0, 0, 0, 0, 0, 0
0, 76, 101, 1247359469209, 4, 0, 200, 178, 0, 1, 2, 3
0, 76, 100, 1247359469209, 4, 0, 0, 0, 0, 0, 0, 0
2, 73, 101, 1247359469211, 3, 0, 200, 178, 0, 0, 1, 3
2, 73, 100, 1247359469211, 3, 0, 0, 0, 0, 0, 0, 0
1, 79, 101, 1247359469211, 4, 0, 200, 178, 0, 0, 3, 4
1, 79, 100, 1247359469211, 4, 0, 0, 0, 0, 0, 0, 0
4, 51, 101, 1247359469213, 5, 0, 200, 178, 0, 1, 3, 4
4, 51, 100, 1247359469213, 5, 0, 0, 0, 0, 0, 0, 0
3, 69, 101, 1247359469213, 7, 0, 200, 178, 0, 1, 1, 6
3, 69, 100, 1247359469212, 8, 0, 0, 0, 0, 0, 0, 0
1, 80, 101, 1247359469216, 10, 0, 200, 178, 0, 1, 7, 9
1, 80, 100, 1247359469216, 10, 0, 0, 0, 0, 0, 0, 0
2, 74, 101, 1247359469225, 2, 0, 200, 178, 0, 1, 1, 2
2, 74, 100, 1247359469216, 11, 0, 0, 0, 0, 0, 0, 0
4, 52, 101, 1247359469222, 7, 0, 200, 178, 0, 1, 5, 6
4, 52, 100, 1247359469222, 7, 0, 0, 0, 0, 0, 0, 0
0, 77, 101, 1247359469215, 15, 0, 200, 178, 0, 11, 13, 15
0, 77, 100, 1247359469215, 15, 0, 0, 0, 0, 0, 0, 0
4, 53, 101, 1247359469231, 3, 0, 200, 178, 0, 0, 2, 3
4, 53, 100, 1247359469231, 3, 0, 0, 0, 0, 0, 0, 0
1, 81, 101, 1247359469227, 3, 0, 200, 178, 0, 0, 1, 2
1, 81, 100, 1247359469227, 3, 0, 0, 0, 0, 0, 0, 0
3, 70, 101, 1247359469228, 12, 0, 200, 178, 0, 1, 3, 11
3, 70, 100, 1247359469228, 12, 0, 0, 0, 0, 0, 0, 0
0, 78, 101, 1247359469231, 11, 0, 200, 178, 0, 0, 10, 11
0, 78, 100, 1247359469231, 11, 0, 0, 0, 0, 0, 0, 0
2, 75, 101, 1247359469240, 3, 0, 200, 178, 0, 1, 2, 3
2, 75, 100, 1247359469240, 3, 0, 0, 0, 0, 0, 0, 0
1, 82, 101, 1247359469235, 13, 0, 200, 178, 0, 0, 2, 13
3, 71, 101, 1247359469243, 5, 0, 200, 178, 0, 0, 0, 4
1, 82, 100, 1247359469235, 13, 0, 0, 0, 0, 0, 0, 0
3, 71, 100, 1247359469243, 5, 0, 0, 0, 0, 0, 0, 0
0, 79, 101, 1247359469246, 5, 0, 200, 178, 0, 0, 2, 3
0, 79, 100, 1247359469244, 7, 0, 0, 0, 0, 0, 0, 0
3, 72, 101, 1247359469249, 3, 0, 200, 178, 0, 0, 0, 2
3, 72, 100, 1247359469249, 3, 0, 0, 0, 0, 0, 0, 0
2, 76, 101, 1247359469248, 5, 0, 200, 178, 0, 0, 1, 4
2, 76, 100, 1247359469248, 5, 0, 0, 0, 0, 0, 0, 0
4, 54, 101, 1247359469252, 3, 0, 200, 178, 0, 0, 1, 3
4, 54, 100, 1247359469252, 3, 0, 0, 0, 0, 0, 0, 0
1, 83, 101, 1247359469254, 3, 0, 200, 178, 0, 0, 1, 3
1, 83, 100, 1247359469254, 3, 0, 0, 0, 0, 0, 0, 0
0, 80, 101, 1247359469259, 8, 0, 200, 178, 0, 0, 1, 5
0, 80, 100, 1247359469253, 14, 0, 0, 0, 0, 0, 0, 0
2, 77, 101, 1247359469260, 8, 0, 200, 178, 0, 1, 6, 7
2, 77, 100, 1247359469260, 8, 0, 0, 0, 0, 0, 0, 0
3, 73, 101, 1247359469261, 8, 0, 200, 178, 0, 0, 1, 2
3, 73, 100, 1247359469261, 8, 0, 0, 0, 0, 0, 0, 0
3, 74, 101, 1247359469273, 5, 0, 200, 178, 0, 0, 3, 5
3, 74, 100, 1247359469273, 6, 0, 0, 0, 0, 0, 0, 0
4, 55, 101, 1247359469261, 24, 0, 200, 178, 0, 0, 13, 23
4, 55, 100, 1247359469259, 30, 0, 0, 0, 0, 0, 0, 0
3, 75, 101, 1247359469279, 83, 0, 200, 178, 0, 78, 81, 83
3, 75, 100, 1247359469279, 83, 0, 0, 0, 0, 0, 0, 0
1, 84, 101, 1247359469276, 87, 0, 200, 178, 0, 79, 82, 83
1, 84, 100, 1247359469274, 89, 0, 0, 0, 0, 0, 0, 0
3, 76, 101, 1247359469363, 13, 0, 200, 178, 0, 0, 1, 12
3, 76, 100, 1247359469363, 13, 0, 0, 0, 0, 0, 0, 0
0, 81, 101, 1247359469275, 102, 0, 200, 178, 0, 81, 82, 100
0, 81, 100, 1247359469275, 102, 0, 0, 0, 0, 0, 0, 0
2, 78, 101, 1247359469276, 103, 0, 200, 178, 0, 81, 101, 102
2, 78, 100, 1247359469275, 104, 0, 0, 0, 0, 0, 0, 0
0, 82, 101, 1247359469378, 4, 0, 200, 178, 0, 0, 1, 3
0, 82, 100, 1247359469378, 4, 0, 0, 0, 0, 0, 0, 0
2, 79, 101, 1247359469379, 4, 0, 200, 178, 0, 0, 1, 3
2, 79, 100, 1247359469379, 4, 0, 0, 0, 0, 0, 0, 0
0, 83, 101, 1247359469382, 3, 0, 200, 178, 0, 1, 2, 3
0, 83, 100, 1247359469382, 3, 0, 0, 0, 0, 0, 0, 0
4, 56, 101, 1247359469295, 91, 0, 200, 178, 0, 61, 62, 80
4, 56, 100, 1247359469294, 93, 0, 0, 0, 0, 0, 0, 0
1, 85, 101, 1247359469372, 15, 0, 200, 178, 0, 0, 1, 14
1, 85, 100, 1247359469365, 22, 0, 0, 0, 0, 0, 0, 0
2, 80, 101, 1247359469384, 4, 0, 200, 178, 0, 0, 1, 3
2, 80, 100, 1247359469384, 4, 0, 0, 0, 0, 0, 0, 0
2, 81, 101, 1247359469390, 6, 0, 200, 178, 0, 0, 2, 5
2, 81, 100, 1247359469389, 7, 0, 0, 0, 0, 0, 0, 0
0, 84, 101, 1247359469389, 7, 0, 200, 178, 0, 0, 6, 7
0, 84, 100, 1247359469389, 7, 0, 0, 0, 0, 0, 0, 0
4, 57, 101, 1247359469388, 11, 0, 200, 178, 0, 0, 1, 10
4, 57, 100, 1247359469388, 11, 0, 0, 0, 0, 0, 0, 0
0, 85, 101, 1247359469401, 5, 0, 200, 178, 0, 0, 3, 5
0, 85, 100, 1247359469400, 6, 0, 0, 0, 0, 0, 0, 0
3, 77, 101, 1247359469396, 10, 0, 200, 178, 0, 1, 4, 10
3, 77, 100, 1247359469396, 10, 0, 0, 0, 0, 0, 0, 0
2, 82, 101, 1247359469401, 6, 0, 200, 178, 0, 1, 4, 6
2, 82, 100, 1247359469400, 7, 0, 0, 0, 0, 0, 0, 0
1, 86, 101, 1247359469398, 18, 0, 200, 178, 0, 0, 1, 18
1, 86, 100, 1247359469398, 18, 0, 0, 0, 0, 0, 0, 0
1, 87, 101, 1247359469419, 3, 0, 200, 178, 0, 0, 1, 3
1, 87, 100, 1247359469419, 3, 0, 0, 0, 0, 0, 0, 0
4, 58, 101, 1247359469416, 7, 0, 200, 178, 0, 1, 2, 7
4, 58, 100, 1247359469416, 7, 0, 0, 0, 0, 0, 0, 0
2, 83, 101, 1247359469412, 15, 0, 200, 178, 0, 0, 10, 14
2, 83, 100, 1247359469407, 20, 0, 0, 0, 0, 0, 0, 0
4, 59, 101, 1247359469426, 6, 0, 200, 178, 0, 0, 3, 5
4, 59, 100, 1247359469426, 6, 0, 0, 0, 0, 0, 0, 0
0, 86, 101, 1247359469407, 39, 0, 200, 178, 0, 0, 12, 38
0, 86, 100, 1247359469407, 39, 0, 0, 0, 0, 0, 0, 0
1, 88, 101, 1247359469431, 20, 0, 200, 178, 0, 6, 18, 20
1, 88, 100, 1247359469431, 21, 0, 0, 0, 0, 0, 0, 0
3, 78, 101, 1247359469417, 35, 0, 200, 178, 0, 0, 6, 21
3, 78, 100, 1247359469417, 35, 0, 0, 0, 0, 0, 0, 0
4, 60, 101, 1247359469459, 7, 0, 200, 178, 0, 1, 2, 7
4, 60, 100, 1247359469454, 12, 0, 0, 0, 0, 0, 0, 0
1, 89, 101, 1247359469461, 15, 0, 200, 178, 0, 0, 4, 13
1, 89, 100, 1247359469461, 18, 0, 0, 0, 0, 0, 0, 0
0, 87, 101, 1247359469462, 18, 0, 200, 178, 0, 0, 10, 18
0, 87, 100, 1247359469461, 19, 0, 0, 0, 0, 0, 0, 0
3, 79, 101, 1247359469461, 20, 0, 200, 178, 0, 1, 2, 19
3, 79, 100, 1247359469455, 26, 0, 0, 0, 0, 0, 0, 0
2, 84, 101, 1247359469468, 13, 0, 200, 178, 0, 0, 3, 12
2, 84, 100, 1247359469468, 13, 0, 0, 0, 0, 0, 0, 0
4, 61, 101, 1247359469467, 14, 0, 200, 178, 0, 0, 12, 14
4, 61, 100, 1247359469467, 14, 0, 0, 0, 0, 0, 0, 0
1, 90, 101, 1247359469480, 15, 0, 200, 178, 0, 0, 1, 15
1, 90, 100, 1247359469480, 15, 0, 0, 0, 0, 0, 0, 0
0, 88, 101, 1247359469494, 3, 0, 200, 178, 0, 0, 1, 2
0, 88, 100, 1247359469494, 3, 0, 0, 0, 0, 0, 0, 0
2, 85, 101, 1247359469495, 5, 0, 200, 178, 0, 0, 2, 5
2, 85, 100, 1247359469494, 6, 0, 0, 0, 0, 0, 0, 0
4, 62, 101, 1247359469482, 23, 0, 200, 178, 0, 15, 21, 23
4, 62, 100, 1247359469482, 23, 0, 0, 0, 0, 0, 0, 0
2, 86, 101, 1247359469502, 5, 0, 200, 178, 0, 0, 1, 4
2, 86, 100, 1247359469502, 5, 0, 0, 0, 0, 0, 0, 0
3, 80, 101, 1247359469497, 10, 0, 200, 178, 0, 1, 1, 10
3, 80, 100, 1247359469495, 12, 0, 0, 0, 0, 0, 0, 0
0, 89, 101, 1247359469501, 7, 0, 200, 178, 0, 2, 4, 6
0, 89, 100, 1247359469498, 10, 0, 0, 0, 0, 0, 0, 0
1, 91, 101, 1247359469498, 17, 0, 200, 178, 0, 0, 9, 16
1, 91, 100, 1247359469498, 17, 0, 0, 0, 0, 0, 0, 0
3, 81, 101, 1247359469508, 15, 0, 200, 178, 0, 0, 10, 14
3, 81, 100, 1247359469508, 15, 0, 0, 0, 0, 0, 0, 0
4, 63, 101, 1247359469509, 16, 0, 200, 178, 0, 0, 1, 16
4, 63, 100, 1247359469509, 16, 0, 0, 0, 0, 0, 0, 0
1, 92, 101, 1247359469518, 12, 0, 200, 178, 0, 0, 8, 10
1, 92, 100, 1247359469518, 12, 0, 0, 0, 0, 0, 0, 0
3, 82, 101, 1247359469527, 5, 0, 200, 178, 0, 1, 4, 5
3, 82, 100, 1247359469527, 5, 0, 0, 0, 0, 0, 0, 0
2, 87, 101, 1247359469514, 21, 0, 200, 178, 0, 0, 2, 20
2, 87, 100, 1247359469509, 26, 0, 0, 0, 0, 0, 0, 0
1, 93, 101, 1247359469533, 6, 0, 200, 178, 0, 0, 1, 5
1, 93, 100, 1247359469533, 6, 0, 0, 0, 0, 0, 0, 0
0, 90, 101, 1247359469510, 30, 0, 200, 178, 0, 1, 24, 29
0, 90, 100, 1247359469510, 30, 0, 0, 0, 0, 0, 0, 0
3, 83, 101, 1247359469538, 3, 0, 200, 178, 0, 0, 1, 3
3, 83, 100, 1247359469537, 4, 0, 0, 0, 0, 0, 0, 0
4, 64, 101, 1247359469543, 3, 0, 200, 178, 0, 0, 1, 3
4, 64, 100, 1247359469543, 3, 0, 0, 0, 0, 0, 0, 0
0, 91, 101, 1247359469547, 3, 0, 200, 178, 0, 0, 1, 2
0, 91, 100, 1247359469545, 5, 0, 0, 0, 0, 0, 0, 0
2, 88, 101, 1247359469548, 7, 0, 200, 178, 0, 0, 5, 7
2, 88, 100, 1247359469547, 8, 0, 0, 0, 0, 0, 0, 0
1, 94, 101, 1247359469542, 16, 0, 200, 178, 0, 1, 6, 16
1, 94, 100, 1247359469542, 16, 0, 0, 0, 0, 0, 0, 0
3, 84, 101, 1247359469558, 10, 0, 200, 178, 0, 0, 7, 9
3, 84, 100, 1247359469558, 10, 0, 0, 0, 0, 0, 0, 0
1, 95, 101, 1247359469566, 10, 0, 200, 178, 0, 0, 2, 9
1, 95, 100, 1247359469566, 10, 0, 0, 0, 0, 0, 0, 0
3, 85, 101, 1247359469569, 10, 0, 200, 178, 0, 0, 9, 10
3, 85, 100, 1247359469569, 10, 0, 0, 0, 0, 0, 0, 0
0, 92, 101, 1247359469568, 14, 0, 200, 178, 0, 0, 10, 13
0, 92, 100, 1247359469568, 15, 0, 0, 0, 0, 0, 0, 0
1, 96, 101, 1247359469580, 4, 0, 200, 178, 0, 1, 1, 3
1, 96, 100, 1247359469578, 6, 0, 0, 0, 0, 0, 0, 0
4, 65, 101, 1247359469570, 14, 0, 200, 178, 0, 0, 9, 13
4, 65, 100, 1247359469568, 16, 0, 0, 0, 0, 0, 0, 0
3, 86, 101, 1247359469582, 3, 0, 200, 178, 0, 1, 2, 3
3, 86, 100, 1247359469582, 3, 0, 0, 0, 0, 0, 0, 0
2, 89, 101, 1247359469573, 14, 0, 200, 178, 0, 0, 12, 14
2, 89, 100, 1247359469572, 15, 0, 0, 0, 0, 0, 0, 0
2, 90, 101, 1247359469588, 2, 0, 200, 178, 0, 0, 1, 2
2, 90, 100, 1247359469587, 3, 0, 0, 0, 0, 0, 0, 0
4, 66, 101, 1247359469588, 9, 0, 200, 178, 0, 0, 7, 8
4, 66, 100, 1247359469586, 11, 0, 0, 0, 0, 0, 0, 0
0, 93, 101, 1247359469586, 12, 0, 200, 178, 0, 0, 1, 11
0, 93, 100, 1247359469586, 12, 0, 0, 0, 0, 0, 0, 0
1, 97, 101, 1247359469597, 5, 0, 200, 178, 0, 0, 3, 5
1, 97, 100, 1247359469592, 10, 0, 0, 0, 0, 0, 0, 0
2, 91, 101, 1247359469600, 3, 0, 200, 178, 0, 0, 1, 3
2, 91, 100, 1247359469600, 3, 0, 0, 0, 0, 0, 0, 0
3, 87, 101, 1247359469600, 5, 0, 200, 178, 0, 0, 3, 5
3, 87, 100, 1247359469598, 7, 0, 0, 0, 0, 0, 0, 0
1, 98, 101, 1247359469606, 28, 0, 200, 178, 0, 0, 1, 2
1, 98, 100, 1247359469604, 31, 0, 0, 0, 0, 0, 0, 0
3, 88, 101, 1247359469632, 3, 0, 200, 178, 0, 1, 2, 3
3, 88, 100, 1247359469632, 3, 0, 0, 0, 0, 0, 0, 0
0, 94, 101, 1247359469604, 31, 0, 200, 178, 0, 0, 26, 31
0, 94, 100, 1247359469602, 33, 0, 0, 0, 0, 0, 0, 0
4, 67, 101, 1247359469605, 31, 0, 200, 178, 0, 26, 27, 31
4, 67, 100, 1247359469602, 34, 0, 0, 0, 0, 0, 0, 0
1, 99, 101, 1247359469635, 3, 0, 200, 178, 0, 0, 1, 2
1, 99, 100, 1247359469635, 4, 0, 0, 0, 0, 0, 0, 0
3, 89, 101, 1247359469636, 5, 0, 200, 178, 0, 0, 1, 4
3, 89, 100, 1247359469636, 5, 0, 0, 0, 0, 0, 0, 0
2, 92, 101, 1247359469637, 5, 0, 200, 178, 0, 0, 3, 5
2, 92, 100, 1247359469636, 6, 0, 0, 0, 0, 0, 0, 0
4, 68, 101, 1247359469638, 7, 0, 200, 178, 0, 0, 1, 5
4, 68, 100, 1247359469638, 7, 0, 0, 0, 0, 0, 0, 0
0, 95, 101, 1247359469637, 9, 0, 200, 178, 0, 0, 6, 7
0, 95, 100, 1247359469637, 9, 0, 0, 0, 0, 0, 0, 0
3, 90, 101, 1247359469647, 4, 0, 200, 178, 0, 0, 1, 3
3, 90, 100, 1247359469647, 4, 0, 0, 0, 0, 0, 0, 0
2, 93, 101, 1247359469648, 3, 0, 200, 178, 0, 1, 2, 3
2, 93, 100, 1247359469647, 4, 0, 0, 0, 0, 0, 0, 0
4, 69, 101, 1247359469653, 3, 0, 200, 178, 0, 0, 1, 3
4, 69, 100, 1247359469653, 3, 0, 0, 0, 0, 0, 0, 0
0, 96, 101, 1247359469652, 6, 0, 200, 178, 0, 0, 1, 5
0, 96, 100, 1247359469650, 8, 0, 0, 0, 0, 0, 0, 0
3, 91, 101, 1247359469651, 10, 0, 200, 178, 0, 1, 8, 9
3, 91, 100, 1247359469651, 10, 0, 0, 0, 0, 0, 0, 0
3, 92, 101, 1247359469661, 6, 0, 200, 178, 0, 1, 2, 5
0, 97, 101, 1247359469673, 2, 0, 200, 178, 0, 0, 1, 2
0, 97, 100, 1247359469672, 3, 0, 0, 0, 0, 0, 0, 0
3, 92, 100, 1247359469661, 15, 0, 0, 0, 0, 0, 0, 0
2, 94, 101, 1247359469670, 7, 0, 200, 178, 0, 0, 4, 6
2, 94, 100, 1247359469670, 7, 0, 0, 0, 0, 0, 0, 0
4, 70, 101, 1247359469674, 6, 0, 200, 178, 0, 1, 4, 5
4, 70, 100, 1247359469673, 7, 0, 0, 0, 0, 0, 0, 0
3, 93, 101, 1247359469678, 5, 0, 200, 178, 0, 0, 3, 5
3, 93, 100, 1247359469677, 6, 0, 0, 0, 0, 0, 0, 0
2, 95, 101, 1247359469682, 20, 0, 200, 178, 0, 0, 1, 20
2, 95, 100, 1247359469682, 20, 0, 0, 0, 0, 0, 0, 0
0, 98, 101, 1247359469683, 20, 0, 200, 178, 0, 0, 18, 20
0, 98, 100, 1247359469683, 20, 0, 0, 0, 0, 0, 0, 0
4, 71, 101, 1247359469686, 18, 0, 200, 178, 0, 0, 1, 16
4, 71, 100, 1247359469684, 20, 0, 0, 0, 0, 0, 0, 0
2, 96, 101, 1247359469706, 3, 0, 200, 178, 0, 1, 2, 3
2, 96, 100, 1247359469705, 5, 0, 0, 0, 0, 0, 0, 0
0, 99, 101, 1247359469705, 6, 0, 200, 178, 0, 0, 1, 6
0, 99, 100, 1247359469705, 6, 0, 0, 0, 0, 0, 0, 0
4, 72, 101, 1247359469707, 11, 0, 200, 178, 0, 0, 4, 11
4, 72, 100, 1247359469707, 11, 0, 0, 0, 0, 0, 0, 0
3, 94, 101, 1247359469697, 22, 0, 200, 178, 0, 0, 1, 20
3, 94, 100, 1247359469697, 22, 0, 0, 0, 0, 0, 0, 0
3, 95, 101, 1247359469724, 4, 0, 200, 178, 0, 0, 1, 4
3, 95, 100, 1247359469722, 6, 0, 0, 0, 0, 0, 0, 0
2, 97, 101, 1247359469718, 14, 0, 200, 178, 0, 0, 1, 13
2, 97, 100, 1247359469718, 14, 0, 0, 0, 0, 0, 0, 0
4, 73, 101, 1247359469719, 16, 0, 200, 178, 0, 1, 14, 15
4, 73, 100, 1247359469719, 16, 0, 0, 0, 0, 0, 0, 0
2, 98, 101, 1247359469736, 3, 0, 200, 178, 0, 0, 1, 2
2, 98, 100, 1247359469736, 3, 0, 0, 0, 0, 0, 0, 0
3, 96, 101, 1247359469729, 11, 0, 200, 178, 0, 0, 1, 9
3, 96, 100, 1247359469729, 11, 0, 0, 0, 0, 0, 0, 0
4, 74, 101, 1247359469736, 7, 0, 200, 178, 0, 0, 5, 6
4, 74, 100, 1247359469736, 8, 0, 0, 0, 0, 0, 0, 0
4, 75, 101, 1247359469747, 842, 0, 200, 178, 0, 0, 3, 842
4, 75, 100, 1247359469747, 842, 0, 0, 0, 0, 0, 0, 0
3, 97, 101, 1247359469749, 842, 0, 200, 178, 0, 1, 1, 3
3, 97, 100, 1247359469740, 851, 0, 0, 0, 0, 0, 0, 0
4, 76, 101, 1247359470590, 2, 0, 200, 178, 0, 0, 1, 2
4, 76, 100, 1247359470589, 3, 0, 0, 0, 0, 0, 0, 0
4, 77, 101, 1247359470592, 2, 0, 200, 178, 0, 0, 0, 1
4, 77, 100, 1247359470592, 2, 0, 0, 0, 0, 0, 0, 0
3, 98, 101, 1247359470591, 5, 0, 200, 178, 0, 1, 2, 4
3, 98, 100, 1247359470591, 5, 0, 0, 0, 0, 0, 0, 0
2, 99, 101, 1247359469746, 851, 0, 200, 178, 0, 0, 1, 2
2, 99, 100, 1247359469746, 851, 0, 0, 0, 0, 0, 0, 0
4, 78, 101, 1247359470595, 2, 0, 200, 178, 0, 0, 1, 1
4, 78, 100, 1247359470595, 2, 0, 0, 0, 0, 0, 0, 0
3, 99, 101, 1247359470596, 2, 0, 200, 178, 0, 0, 1, 2
3, 99, 100, 1247359470596, 2, 0, 0, 0, 0, 0, 0, 0
4, 79, 101, 1247359470597, 2, 0, 200, 178, 0, 0, 1, 2
4, 79, 100, 1247359470597, 2, 0, 0, 0, 0, 0, 0, 0
4, 80, 101, 1247359470600, 2, 0, 200, 178, 0, 0, 1, 2
4, 80, 100, 1247359470600, 2, 0, 0, 0, 0, 0, 0, 0
4, 81, 101, 1247359470602, 2, 0, 200, 178, 0, 1, 1, 2
4, 81, 100, 1247359470602, 2, 0, 0, 0, 0, 0, 0, 0
4, 82, 101, 1247359470605, 3, 0, 200, 178, 0, 0, 1, 2
4, 82, 100, 1247359470605, 3, 0, 0, 0, 0, 0, 0, 0
4, 83, 101, 1247359470608, 2, 0, 200, 178, 0, 0, 1, 2
4, 83, 100, 1247359470608, 2, 0, 0, 0, 0, 0, 0, 0
4, 84, 101, 1247359470611, 2, 0, 200, 178, 0, 0, 1, 2
4, 84, 100, 1247359470611, 2, 0, 0, 0, 0, 0, 0, 0
4, 85, 101, 1247359470614, 3, 0, 200, 178, 0, 0, 1, 2
4, 85, 100, 1247359470614, 3, 0, 0, 0, 0, 0, 0, 0
4, 86, 101, 1247359470618, 3, 0, 200, 178, 0, 1, 1, 2
4, 86, 100, 1247359470618, 3, 0, 0, 0, 0, 0, 0, 0
4, 87, 101, 1247359470622, 2, 0, 200, 178, 0, 0, 1, 2
4, 87, 100, 1247359470622, 2, 0, 0, 0, 0, 0, 0, 0
4, 88, 101, 1247359470625, 3, 0, 200, 178, 0, 0, 1, 2
4, 88, 100, 1247359470625, 3, 0, 0, 0, 0, 0, 0, 0
4, 89, 101, 1247359470628, 3, 0, 200, 178, 0, 0, 1, 2
4, 89, 100, 1247359470628, 4, 0, 0, 0, 0, 0, 0, 0
4, 90, 101, 1247359470632, 3, 0, 200, 178, 0, 1, 1, 2
4, 90, 100, 1247359470632, 3, 0, 0, 0, 0, 0, 0, 0
4, 91, 101, 1247359470635, 3, 0, 200, 178, 0, 0, 1, 2
4, 91, 100, 1247359470635, 3, 0, 0, 0, 0, 0, 0, 0
4, 92, 101, 1247359470638, 3, 0, 200, 178, 0, 0, 0, 2
4, 92, 100, 1247359470638, 3, 0, 0, 0, 0, 0, 0, 0
4, 93, 101, 1247359470641, 3, 0, 200, 178, 0, 0, 1, 2
4, 93, 100, 1247359470641, 3, 0, 0, 0, 0, 0, 0, 0
4, 94, 101, 1247359470646, 3, 0, 200, 178, 0, 0, 1, 2
4, 94, 100, 1247359470646, 3, 0, 0, 0, 0, 0, 0, 0
4, 95, 101, 1247359470649, 7, 0, 200, 178, 0, 0, 5, 6
4, 95, 100, 1247359470649, 7, 0, 0, 0, 0, 0, 0, 0
4, 96, 101, 1247359470657, 3, 0, 200, 178, 0, 1, 2, 3
4, 96, 100, 1247359470656, 4, 0, 0, 0, 0, 0, 0, 0
4, 97, 101, 1247359470662, 4, 0, 200, 178, 0, 0, 1, 3
4, 97, 100, 1247359470662, 4, 0, 0, 0, 0, 0, 0, 0
4, 98, 101, 1247359470667, 3, 0, 200, 178, 0, 0, 1, 2
4, 98, 100, 1247359470667, 3, 0, 0, 0, 0, 0, 0, 0
4, 99, 101, 1247359470670, 5, 0, 200, 178, 0, 0, 2, 4
4, 99, 100, 1247359470670, 5, 0, 0, 0, 0, 0, 0, 0
