Thread, Run, Test, Start time (ms since Epoch), Test time, Errors, HTTP response code, HTTP response length, HTTP response errors, Time to resolve host, Time to establish connection, Time to first byte
2, 0, 101, 1247359467078, 93, 0, 200, 178, 0, 15, 26, 48
4, 0, 101, 1247359467078, 69, 0, 200, 178, 0, 13, 24, 41
4, 0, 100, 1247359467049, 135, 0, 0, 0, 0, 0, 0, 0
2, 0, 100, 1247359467049, 137, 0, 0, 0, 0, 0, 0, 0
1, 0, 101, 1247359467078, 107, 0, 200, 178, 0, 30, 49, 63
1, 0, 100, 1247359467055, 133, 0, 0, 0, 0, 0, 0, 0
2, 1, 101, 1247359467187, 3, 0, 200, 178, 0, 0, 1, 1
2, 1, 100, 1247359467186, 4, 0, 0, 0, 0, 0, 0, 0
2, 2, 101, 1247359467191, 4, 0, 200, 178, 0, 1, 1, 2
2, 2, 100, 1247359467191, 4, 0, 0, 0, 0, 0, 0, 0
1, 1, 101, 1247359467188, 9, 0, 200, 178, 0, 4, 5, 6
1, 1, 100, 1247359467188, 9, 0, 0, 0, 0, 0, 0, 0
2, 3, 101, 1247359467244, 3, 0, 200, 178, 0, 1, 1, 2
2, 3, 100, 1247359467232, 15, 0, 0, 0, 0, 0, 0, 0
1, 2, 101, 1247359467197, 54, 0, 200, 178, 0, 47, 51, 52
1, 2, 100, 1247359467197, 54, 0, 0, 0, 0, 0, 0, 0
4, 1, 101, 1247359467193, 59, 0, 200, 178, 0, 1, 4, 6
2, 4, 101, 1247359467248, 4, 0, 200, 178, 0, 0, 1, 3
4, 1, 100, 1247359467193, 59, 0, 0, 0, 0, 0, 0, 0
2, 4, 100, 1247359467247, 5, 0, 0, 0, 0, 0, 0, 0
2, 5, 101, 1247359467252, 3, 0, 200, 178, 0, 0, 1, 2
2, 5, 100, 1247359467252, 3, 0, 0, 0, 0, 0, 0, 0
2, 6, 101, 1247359467255, 2, 0, 200, 178, 0, 1, 1, 2
2, 6, 100, 1247359467255, 2, 0, 0, 0, 0, 0, 0, 0
1, 3, 101, 1247359467252, 7, 0, 200, 178, 0, 0, 3, 6
1, 3, 100, 1247359467252, 7, 0, 0, 0, 0, 0, 0, 0
4, 2, 101, 1247359467255, 6, 0, 200, 178, 0, 1, 2, 4
4, 2, 100, 1247359467255, 6, 0, 0, 0, 0, 0, 0, 0
1, 4, 101, 1247359467259, 3, 0, 200, 178, 0, 0, 1, 2
1, 4, 100, 1247359467259, 3, 0, 0, 0, 0, 0, 0, 0
2, 7, 101, 1247359467259, 4, 0, 200, 178, 0, 0, 1, 2
2, 7, 100, 1247359467258, 5, 0, 0, 0, 0, 0, 0, 0
2, 8, 101, 1247359467264, 3, 0, 200, 178, 0, 0, 1, 2
2, 8, 100, 1247359467264, 3, 0, 0, 0, 0, 0, 0, 0
1, 5, 101, 1247359467265, 4, 0, 200, 178, 0, 0, 1, 3
1, 5, 100, 1247359467265, 4, 0, 0, 0, 0, 0, 0, 0
4, 3, 101, 1247359467264, 7, 0, 200, 178, 0, 0, 5, 7
4, 3, 100, 1247359467264, 7, 0, 0, 0, 0, 0, 0, 0
2, 9, 101, 1247359467267, 16, 0, 200, 178, 0, 0, 13, 14
2, 9, 100, 1247359467267, 16, 0, 0, 0, 0, 0, 0, 0
1, 6, 101, 1247359467269, 12, 0, 200, 178, 0, 1, 1, 5
1, 6, 100, 1247359467269, 12, 0, 0, 0, 0, 0, 0, 0
4, 4, 101, 1247359467272, 12, 0, 200, 178, 0, 1, 3, 12
4, 4, 100, 1247359467272, 13, 0, 0, 0, 0, 0, 0, 0
2, 10, 101, 1247359467283, 2, 0, 200, 178, 0, 0, 1, 2
2, 10, 100, 1247359467283, 3, 0, 0, 0, 0, 0, 0, 0
2, 11, 101, 1247359467286, 3, 0, 200, 178, 0, 1, 1, 2
2, 11, 100, 1247359467286, 3, 0, 0, 0, 0, 0, 0, 0
1, 7, 101, 1247359467284, 7, 0, 200, 178, 0, 3, 4, 5
1, 7, 100, 1247359467284, 7, 0, 0, 0, 0, 0, 0, 0
2, 12, 101, 1247359467290, 3, 0, 200, 178, 0, 0, 1, 2
2, 12, 100, 1247359467289, 4, 0, 0, 0, 0, 0, 0, 0
2, 13, 101, 1247359467293, 3, 0, 200, 178, 0, 1, 2, 3
2, 13, 100, 1247359467293, 3, 0, 0, 0, 0, 0, 0, 0
1, 8, 101, 1247359467294, 4, 0, 200, 178, 0, 1, 1, 4
1, 8, 100, 1247359467294, 4, 0, 0, 0, 0, 0, 0, 0
2, 14, 101, 1247359467297, 3, 0, 200, 178, 0, 1, 2, 3
2, 14, 100, 1247359467297, 4, 0, 0, 0, 0, 0, 0, 0
1, 9, 101, 1247359467299, 4, 0, 200, 178, 0, 1, 2, 3
1, 9, 100, 1247359467299, 4, 0, 0, 0, 0, 0, 0, 0
2, 15, 101, 1247359467301, 3, 0, 200, 178, 0, 1, 2, 3
2, 15, 100, 1247359467301, 3, 0, 0, 0, 0, 0, 0, 0
1, 10, 101, 1247359467303, 12, 0, 200, 178, 0, 1, 9, 11
1, 10, 100, 1247359467303, 12, 0, 0, 0, 0, 0, 0, 0
2, 16, 101, 1247359467312, 5, 0, 200, 178, 0, 0, 2, 4
2, 16, 100, 1247359467311, 6, 0, 0, 0, 0, 0, 0, 0
4, 5, 101, 1247359467304, 16, 0, 200, 178, 0, 1, 2, 15
4, 5, 100, 1247359467287, 33, 0, 0, 0, 0, 0, 0, 0
2, 17, 101, 1247359467317, 8, 0, 200, 178, 0, 1, 2, 7
2, 17, 100, 1247359467317, 8, 0, 0, 0, 0, 0, 0, 0
1, 11, 101, 1247359467318, 8, 0, 200, 178, 0, 1, 1, 8
1, 11, 100, 1247359467318, 8, 0, 0, 0, 0, 0, 0, 0
2, 18, 101, 1247359467325, 6, 0, 200, 178, 0, 1, 2, 6
2, 18, 100, 1247359467325, 7, 0, 0, 0, 0, 0, 0, 0
4, 6, 101, 1247359467325, 19, 0, 200, 178, 0, 1, 6, 19
4, 6, 100, 1247359467325, 19, 0, 0, 0, 0, 0, 0, 0
2, 19, 101, 1247359467334, 39, 0, 200, 178, 0, 1, 10, 38
2, 19, 100, 1247359467334, 39, 0, 0, 0, 0, 0, 0, 0
1, 12, 101, 1247359467327, 48, 0, 200, 178, 0, 1, 44, 47
1, 12, 100, 1247359467327, 48, 0, 0, 0, 0, 0, 0, 0
1, 13, 101, 1247359467377, 6, 0, 200, 178, 0, 0, 4, 5
1, 13, 100, 1247359467377, 6, 0, 0, 0, 0, 0, 0, 0
2, 20, 101, 1247359467378, 6, 0, 200, 178, 0, 2, 3, 5
2, 20, 100, 1247359467378, 6, 0, 0, 0, 0, 0, 0, 0
1, 14, 101, 1247359467388, 4, 0, 200, 178, 0, 0, 2, 3
1, 14, 100, 1247359467388, 4, 0, 0, 0, 0, 0, 0, 0
2, 21, 101, 1247359467387, 6, 0, 200, 178, 0, 0, 1, 6
2, 21, 100, 1247359467385, 8, 0, 0, 0, 0, 0, 0, 0
4, 7, 101, 1247359467378, 30, 0, 200, 178, 0, 17, 21, 29
4, 7, 100, 1247359467378, 30, 0, 0, 0, 0, 0, 0, 0
4, 8, 101, 1247359467412, 7, 0, 200, 178, 0, 1, 2, 6
4, 8, 100, 1247359467412, 7, 0, 0, 0, 0, 0, 0, 0
1, 15, 101, 1247359467395, 29, 0, 200, 178, 0, 1, 2, 20
1, 15, 100, 1247359467395, 29, 0, 0, 0, 0, 0, 0, 0
4, 9, 101, 1247359467423, 3, 0, 200, 178, 0, 0, 1, 3
4, 9, 100, 1247359467423, 4, 0, 0, 0, 0, 0, 0, 0
1, 16, 101, 1247359467428, 3, 0, 200, 178, 0, 1, 1, 3
1, 16, 100, 1247359467428, 3, 0, 0, 0, 0, 0, 0, 0
4, 10, 101, 1247359467430, 4, 0, 200, 178, 0, 0, 2, 3
2, 22, 101, 1247359467394, 41, 0, 200, 178, 0, 0, 38, 40
2, 22, 100, 1247359467394, 41, 0, 0, 0, 0, 0, 0, 0
4, 10, 100, 1247359467429, 5, 0, 0, 0, 0, 0, 0, 0
2, 23, 101, 1247359467457, 3, 0, 200, 178, 0, 0, 0, 1
2, 23, 100, 1247359467451, 9, 0, 0, 0, 0, 0, 0, 0
1, 17, 101, 1247359467438, 32, 0, 200, 178, 0, 0, 13, 16
1, 17, 100, 1247359467438, 32, 0, 0, 0, 0, 0, 0, 0
4, 11, 101, 1247359467465, 8, 0, 200, 178, 0, 0, 4, 7
4, 11, 100, 1247359467460, 13, 0, 0, 0, 0, 0, 0, 0
1, 18, 101, 1247359467471, 3, 0, 200, 178, 0, 0, 1, 3
2, 24, 101, 1247359467471, 2, 0, 200, 178, 0, 0, 1, 2
1, 18, 100, 1247359467471, 3, 0, 0, 0, 0, 0, 0, 0
2, 24, 100, 1247359467471, 2, 0, 0, 0, 0, 0, 0, 0
4, 12, 101, 1247359467475, 12, 0, 200, 178, 0, 0, 9, 11
4, 12, 100, 1247359467475, 12, 0, 0, 0, 0, 0, 0, 0
1, 19, 101, 1247359467484, 5, 0, 200, 178, 0, 0, 1, 3
1, 19, 100, 1247359467484, 5, 0, 0, 0, 0, 0, 0, 0
2, 25, 101, 1247359467483, 8, 0, 200, 178, 0, 1, 3, 8
2, 25, 100, 1247359467483, 8, 0, 0, 0, 0, 0, 0, 0
4, 13, 101, 1247359467487, 16, 0, 200, 178, 0, 0, 1, 15
4, 13, 100, 1247359467487, 17, 0, 0, 0, 0, 0, 0, 0
2, 26, 101, 1247359467498, 10, 0, 200, 178, 0, 0, 5, 10
2, 26, 100, 1247359467498, 10, 0, 0, 0, 0, 0, 0, 0
1, 20, 101, 1247359467512, 3, 0, 200, 178, 0, 0, 2, 3
1, 20, 100, 1247359467511, 4, 0, 0, 0, 0, 0, 0, 0
4, 14, 101, 1247359467516, 7, 0, 200, 178, 0, 1, 6, 7
4, 14, 100, 1247359467513, 10, 0, 0, 0, 0, 0, 0, 0
1, 21, 101, 1247359467522, 6, 0, 200, 178, 0, 1, 2, 5
1, 21, 100, 1247359467522, 6, 0, 0, 0, 0, 0, 0, 0
4, 15, 101, 1247359467526, 4, 0, 200, 178, 0, 0, 1, 2
4, 15, 100, 1247359467526, 4, 0, 0, 0, 0, 0, 0, 0
2, 27, 101, 1247359467530, 4, 0, 200, 178, 0, 0, 2, 3
2, 27, 100, 1247359467530, 4, 0, 0, 0, 0, 0, 0, 0
2, 28, 101, 1247359467537, 4, 0, 200, 178, 0, 0, 1, 3
2, 28, 100, 1247359467537, 4, 0, 0, 0, 0, 0, 0, 0
2, 29, 101, 1247359467550, 4, 0, 200, 178, 0, 1, 2, 3
2, 29, 100, 1247359467547, 7, 0, 0, 0, 0, 0, 0, 0
4, 16, 101, 1247359467553, 4, 0, 200, 178, 0, 0, 1, 3
4, 16, 100, 1247359467552, 5, 0, 0, 0, 0, 0, 0, 0
2, 30, 101, 1247359467557, 3, 0, 200, 178, 0, 0, 1, 2
2, 30, 100, 1247359467557, 3, 0, 0, 0, 0, 0, 0, 0
1, 22, 101, 1247359467549, 17, 0, 200, 178, 0, 0, 1, 15
1, 22, 100, 1247359467549, 17, 0, 0, 0, 0, 0, 0, 0
1, 23, 101, 1247359467569, 29, 0, 200, 178, 0, 0, 4, 5
1, 23, 100, 1247359467569, 29, 0, 0, 0, 0, 0, 0, 0
4, 17, 101, 1247359467568, 47, 0, 200, 178, 0, 0, 5, 7
4, 17, 100, 1247359467568, 47, 0, 0, 0, 0, 0, 0, 0
4, 18, 101, 1247359467616, 5, 0, 200, 178, 0, 1, 2, 3
4, 18, 100, 1247359467616, 17, 0, 0, 0, 0, 0, 0, 0
4, 19, 101, 1247359467633, 4, 0, 200, 178, 0, 0, 1, 2
4, 19, 100, 1247359467633, 4, 0, 0, 0, 0, 0, 0, 0
2, 31, 101, 1247359467623, 5, 0, 200, 178, 0, 0, 1, 2
2, 31, 100, 1247359467597, 43, 0, 0, 0, 0, 0, 0, 0
1, 24, 101, 1247359467618, 4, 0, 200, 178, 0, 1, 2, 3
1, 24, 100, 1247359467616, 24, 0, 0, 0, 0, 0, 0, 0
1, 25, 101, 1247359467641, 3, 0, 200, 178, 0, 0, 1, 2
1, 25, 100, 1247359467641, 3, 0, 0, 0, 0, 0, 0, 0
4, 20, 101, 1247359467642, 3, 0, 200, 178, 0, 1, 1, 2
4, 20, 100, 1247359467640, 5, 0, 0, 0, 0, 0, 0, 0
2, 32, 101, 1247359467641, 6, 0, 200, 178, 0, 0, 1, 4
2, 32, 100, 1247359467641, 6, 0, 0, 0, 0, 0, 0, 0
1, 26, 101, 1247359467645, 4, 0, 200, 178, 0, 0, 1, 2
1, 26, 100, 1247359467644, 5, 0, 0, 0, 0, 0, 0, 0
1, 27, 101, 1247359467651, 13, 0, 200, 178, 0, 0, 1, 13
1, 27, 100, 1247359467651, 13, 0, 0, 0, 0, 0, 0, 0
2, 33, 101, 1247359467647, 19, 0, 200, 178, 0, 1, 1, 18
2, 33, 100, 1247359467647, 19, 0, 0, 0, 0, 0, 0, 0
4, 21, 101, 1247359467651, 16, 0, 200, 178, 0, 0, 14, 15
4, 21, 100, 1247359467648, 19, 0, 0, 0, 0, 0, 0, 0
1, 28, 101, 1247359467666, 11, 0, 200, 178, 0, 1, 2, 3
1, 28, 100, 1247359467666, 11, 0, 0, 0, 0, 0, 0, 0
1, 29, 101, 1247359467677, 3, 0, 200, 178, 0, 1, 1, 2
1, 29, 100, 1247359467677, 3, 0, 0, 0, 0, 0, 0, 0
4, 22, 101, 1247359467676, 6, 0, 200, 178, 0, 0, 1, 6
4, 22, 100, 1247359467676, 6, 0, 0, 0, 0, 0, 0, 0
4, 23, 101, 1247359467686, 3, 0, 200, 178, 0, 1, 1, 2
4, 23, 100, 1247359467686, 3, 0, 0, 0, 0, 0, 0, 0
2, 34, 101, 1247359467668, 23, 0, 200, 178, 0, 0, 9, 19
2, 34, 100, 1247359467666, 25, 0, 0, 0, 0, 0, 0, 0
1, 30, 101, 1247359467688, 3, 0, 200, 178, 0, 0, 1, 3
1, 30, 100, 1247359467687, 4, 0, 0, 0, 0, 0, 0, 0
4, 24, 101, 1247359467690, 3, 0, 200, 178, 0, 0, 1, 3
4, 24, 100, 1247359467690, 3, 0, 0, 0, 0, 0, 0, 0
1, 31, 101, 1247359467692, 8, 0, 200, 178, 0, 0, 1, 7
1, 31, 100, 1247359467692, 8, 0, 0, 0, 0, 0, 0, 0
4, 25, 101, 1247359467696, 8, 0, 200, 178, 0, 0, 4, 7
4, 25, 100, 1247359467695, 9, 0, 0, 0, 0, 0, 0, 0
1, 32, 101, 1247359467701, 8, 0, 200, 178, 0, 0, 1, 2
1, 32, 100, 1247359467701, 14, 0, 0, 0, 0, 0, 0, 0
2, 35, 101, 1247359467700, 13, 0, 200, 178, 0, 1, 1, 13
2, 35, 100, 1247359467700, 15, 0, 0, 0, 0, 0, 0, 0
4, 26, 101, 1247359467707, 9, 0, 200, 178, 0, 0, 7, 9
4, 26, 100, 1247359467707, 9, 0, 0, 0, 0, 0, 0, 0
2, 36, 101, 1247359467715, 5, 0, 200, 178, 0, 1, 2, 5
2, 36, 100, 1247359467715, 5, 0, 0, 0, 0, 0, 0, 0
2, 37, 101, 1247359467721, 6, 0, 200, 178, 0, 0, 5, 6
2, 37, 100, 1247359467720, 8, 0, 0, 0, 0, 0, 0, 0
1, 33, 101, 1247359467726, 3, 0, 200, 178, 0, 1, 2, 3
1, 33, 100, 1247359467726, 3, 0, 0, 0, 0, 0, 0, 0
2, 38, 101, 1247359467728, 3, 0, 200, 178, 0, 0, 2, 3
2, 38, 100, 1247359467728, 3, 0, 0, 0, 0, 0, 0, 0
4, 27, 101, 1247359467735, 12, 0, 200, 178, 0, 1, 9, 11
4, 27, 100, 1247359467735, 12, 0, 0, 0, 0, 0, 0, 0
2, 39, 101, 1247359467745, 3, 0, 200, 178, 0, 0, 1, 2
2, 39, 100, 1247359467745, 3, 0, 0, 0, 0, 0, 0, 0
1, 34, 101, 1247359467746, 4, 0, 200, 178, 0, 0, 2, 3
1, 34, 100, 1247359467745, 5, 0, 0, 0, 0, 0, 0, 0
4, 28, 101, 1247359467750, 10, 0, 200, 178, 0, 0, 7, 9
4, 28, 100, 1247359467748, 12, 0, 0, 0, 0, 0, 0, 0
2, 40, 101, 1247359467762, 49, 0, 200, 178, 0, 47, 47, 48
2, 40, 100, 1247359467757, 54, 0, 0, 0, 0, 0, 0, 0
1, 35, 101, 1247359467763, 49, 0, 200, 178, 0, 46, 47, 49
1, 35, 100, 1247359467762, 50, 0, 0, 0, 0, 0, 0, 0
4, 29, 101, 1247359467810, 10, 0, 200, 178, 0, 0, 6, 10
4, 29, 100, 1247359467809, 11, 0, 0, 0, 0, 0, 0, 0
1, 36, 101, 1247359467816, 10, 0, 200, 178, 0, 0, 1, 8
1, 36, 100, 1247359467816, 10, 0, 0, 0, 0, 0, 0, 0
2, 41, 101, 1247359467817, 9, 0, 200, 178, 0, 0, 6, 8
2, 41, 100, 1247359467816, 10, 0, 0, 0, 0, 0, 0, 0
4, 30, 101, 1247359467827, 23, 0, 200, 178, 0, 0, 9, 22
4, 30, 100, 1247359467827, 23, 0, 0, 0, 0, 0, 0, 0
2, 42, 101, 1247359467836, 28, 0, 200, 178, 0, 1, 2, 28
2, 42, 100, 1247359467836, 28, 0, 0, 0, 0, 0, 0, 0
1, 37, 101, 1247359467839, 26, 0, 200, 178, 0, 10, 24, 25
1, 37, 100, 1247359467836, 29, 0, 0, 0, 0, 0, 0, 0
4, 31, 101, 1247359467866, 4, 0, 200, 178, 0, 0, 1, 4
4, 31, 100, 1247359467866, 4, 0, 0, 0, 0, 0, 0, 0
1, 38, 101, 1247359467866, 5, 0, 200, 178, 0, 1, 2, 5
1, 38, 100, 1247359467866, 5, 0, 0, 0, 0, 0, 0, 0
2, 43, 101, 1247359467867, 6, 0, 200, 178, 0, 0, 4, 5
2, 43, 100, 1247359467866, 7, 0, 0, 0, 0, 0, 0, 0
4, 32, 101, 1247359467872, 3, 0, 200, 178, 0, 0, 1, 2
4, 32, 100, 1247359467871, 4, 0, 0, 0, 0, 0, 0, 0
2, 44, 101, 1247359467881, 3, 0, 200, 178, 0, 1, 1, 2
2, 44, 100, 1247359467881, 3, 0, 0, 0, 0, 0, 0, 0
1, 39, 101, 1247359467873, 11, 0, 200, 178, 0, 0, 1, 10
1, 39, 100, 1247359467873, 12, 0, 0, 0, 0, 0, 0, 0
2, 45, 101, 1247359467884, 9, 0, 200, 178, 0, 0, 7, 8
2, 45, 100, 1247359467884, 9, 0, 0, 0, 0, 0, 0, 0
2, 46, 101, 1247359467893, 2, 0, 200, 178, 0, 0, 1, 2
2, 46, 100, 1247359467893, 2, 0, 0, 0, 0, 0, 0, 0
4, 33, 101, 1247359467875, 21, 0, 200, 178, 0, 1, 10, 21
4, 33, 100, 1247359467875, 21, 0, 0, 0, 0, 0, 0, 0
1, 40, 101, 1247359467885, 12, 0, 200, 178, 0, 0, 1, 12
1, 40, 100, 1247359467885, 13, 0, 0, 0, 0, 0, 0, 0
2, 47, 101, 1247359467896, 2, 0, 200, 178, 0, 0, 1, 2
2, 47, 100, 1247359467896, 2, 0, 0, 0, 0, 0, 0, 0
2, 48, 101, 1247359467899, 2, 0, 200, 178, 0, 0, 1, 2
2, 48, 100, 1247359467899, 2, 0, 0, 0, 0, 0, 0, 0
2, 49, 101, 1247359467902, 2, 0, 200, 178, 0, 0, 1, 2
2, 49, 100, 1247359467902, 2, 0, 0, 0, 0, 0, 0, 0
4, 34, 101, 1247359467898, 9, 0, 200, 178, 0, 0, 1, 8
4, 34, 100, 1247359467898, 9, 0, 0, 0, 0, 0, 0, 0
1, 41, 101, 1247359467898, 10, 0, 200, 178, 0, 0, 7, 9
1, 41, 100, 1247359467898, 10, 0, 0, 0, 0, 0, 0, 0
2, 50, 101, 1247359467904, 11, 0, 200, 178, 0, 0, 7, 9
2, 50, 100, 1247359467904, 11, 0, 0, 0, 0, 0, 0, 0
4, 35, 101, 1247359467909, 11, 0, 200, 178, 0, 0, 1, 11
4, 35, 100, 1247359467908, 12, 0, 0, 0, 0, 0, 0, 0
1, 42, 101, 1247359467909, 12, 0, 200, 178, 0, 0, 10, 11
1, 42, 100, 1247359467909, 12, 0, 0, 0, 0, 0, 0, 0
1, 43, 101, 1247359467922, 5, 0, 200, 178, 0, 0, 2, 4
1, 43, 100, 1247359467922, 5, 0, 0, 0, 0, 0, 0, 0
4, 36, 101, 1247359467922, 6, 0, 200, 178, 0, 0, 3, 5
4, 36, 100, 1247359467922, 7, 0, 0, 0, 0, 0, 0, 0
2, 51, 101, 1247359467921, 13, 0, 200, 178, 0, 0, 10, 12
2, 51, 100, 1247359467921, 13, 0, 0, 0, 0, 0, 0, 0
1, 44, 101, 1247359467927, 17, 0, 200, 178, 0, 1, 2, 17
1, 44, 100, 1247359467927, 17, 0, 0, 0, 0, 0, 0, 0
4, 37, 101, 1247359467929, 16, 0, 200, 178, 0, 0, 15, 16
4, 37, 100, 1247359467929, 16, 0, 0, 0, 0, 0, 0, 0
1, 45, 101, 1247359467946, 7, 0, 200, 178, 0, 1, 5, 6
1, 45, 100, 1247359467946, 7, 0, 0, 0, 0, 0, 0, 0
4, 38, 101, 1247359467946, 7, 0, 200, 178, 0, 0, 1, 5
4, 38, 100, 1247359467946, 8, 0, 0, 0, 0, 0, 0, 0
2, 52, 101, 1247359467935, 646, 0, 200, 178, 0, 1, 628, 629
2, 52, 100, 1247359467934, 647, 0, 0, 0, 0, 0, 0, 0
4, 39, 101, 1247359467954, 628, 0, 200, 178, 0, 0, 625, 626
4, 39, 100, 1247359467954, 628, 0, 0, 0, 0, 0, 0, 0
2, 53, 101, 1247359468581, 4, 0, 200, 178, 0, 0, 1, 2
2, 53, 100, 1247359468581, 4, 0, 0, 0, 0, 0, 0, 0
4, 40, 101, 1247359468582, 3, 0, 200, 178, 0, 0, 1, 2
4, 40, 100, 1247359468582, 3, 0, 0, 0, 0, 0, 0, 0
4, 41, 101, 1247359468586, 3, 0, 200, 178, 0, 0, 1, 2
4, 41, 100, 1247359468586, 3, 0, 0, 0, 0, 0, 0, 0
2, 54, 101, 1247359468587, 2, 0, 200, 178, 0, 0, 1, 2
2, 54, 100, 1247359468587, 2, 0, 0, 0, 0, 0, 0, 0
4, 42, 101, 1247359468590, 3, 0, 200, 178, 0, 0, 1, 2
4, 42, 100, 1247359468590, 3, 0, 0, 0, 0, 0, 0, 0
2, 55, 101, 1247359468591, 4, 0, 200, 178, 0, 0, 1, 4
2, 55, 100, 1247359468591, 4, 0, 0, 0, 0, 0, 0, 0
4, 43, 101, 1247359468593, 4, 0, 200, 178, 0, 0, 1, 3
4, 43, 100, 1247359468593, 4, 0, 0, 0, 0, 0, 0, 0
2, 56, 101, 1247359468596, 3, 0, 200, 178, 0, 0, 2, 3
2, 56, 100, 1247359468596, 4, 0, 0, 0, 0, 0, 0, 0
1, 46, 101, 1247359467955, 661, 0, 200, 178, 0, 659, 660, 661
1, 46, 100, 1247359467954, 662, 0, 0, 0, 0, 0, 0, 0
1, 47, 101, 1247359468617, 59, 0, 200, 178, 0, 0, 1, 3
1, 47, 100, 1247359468617, 59, 0, 0, 0, 0, 0, 0, 0
4, 44, 101, 1247359468614, 63, 0, 200, 178, 0, 0, 3, 61
4, 44, 100, 1247359468614, 63, 0, 0, 0, 0, 0, 0, 0
1, 48, 101, 1247359468677, 3, 0, 200, 178, 0, 1, 2, 3
1, 48, 100, 1247359468677, 3, 0, 0, 0, 0, 0, 0, 0
4, 45, 101, 1247359468678, 8, 0, 200, 178, 0, 1, 1, 7
4, 45, 100, 1247359468678, 8, 0, 0, 0, 0, 0, 0, 0
2, 57, 101, 1247359468615, 73, 0, 200, 178, 0, 0, 63, 72
2, 57, 100, 1247359468615, 73, 0, 0, 0, 0, 0, 0, 0
4, 46, 101, 1247359468687, 4, 0, 200, 178, 0, 1, 2, 3
4, 46, 100, 1247359468687, 4, 0, 0, 0, 0, 0, 0, 0
1, 49, 101, 1247359468686, 6, 0, 200, 178, 0, 1, 2, 5
1, 49, 100, 1247359468686, 6, 0, 0, 0, 0, 0, 0, 0
2, 58, 101, 1247359468689, 4, 0, 200, 178, 0, 0, 1, 3
2, 58, 100, 1247359468689, 4, 0, 0, 0, 0, 0, 0, 0
1, 50, 101, 1247359468692, 4, 0, 200, 178, 0, 1, 2, 4
1, 50, 100, 1247359468692, 4, 0, 0, 0, 0, 0, 0, 0
4, 47, 101, 1247359468694, 5, 0, 200, 178, 0, 1, 1, 4
4, 47, 100, 1247359468694, 5, 0, 0, 0, 0, 0, 0, 0
1, 51, 101, 1247359468697, 4, 0, 200, 178, 0, 0, 1, 3
1, 51, 100, 1247359468697, 4, 0, 0, 0, 0, 0, 0, 0
4, 48, 101, 1247359468699, 4, 0, 200, 178, 0, 1, 1, 3
4, 48, 100, 1247359468699, 4, 0, 0, 0, 0, 0, 0, 0
1, 52, 101, 1247359468701, 8, 0, 200, 178, 0, 1, 2, 8
1, 52, 100, 1247359468701, 8, 0, 0, 0, 0, 0, 0, 0
4, 49, 101, 1247359468703, 9, 0, 200, 178, 0, 1, 7, 8
4, 49, 100, 1247359468703, 9, 0, 0, 0, 0, 0, 0, 0
1, 53, 101, 1247359468710, 3, 0, 200, 178, 0, 1, 2, 3
1, 53, 100, 1247359468710, 3, 0, 0, 0, 0, 0, 0, 0
2, 59, 101, 1247359468695, 26, 0, 200, 178, 0, 0, 19, 26
2, 59, 100, 1247359468695, 26, 0, 0, 0, 0, 0, 0, 0
4, 50, 101, 1247359468712, 10, 0, 200, 178, 0, 0, 1, 8
4, 50, 100, 1247359468712, 10, 0, 0, 0, 0, 0, 0, 0
4, 51, 101, 1247359468722, 6, 0, 200, 178, 0, 1, 1, 5
4, 51, 100, 1247359468722, 6, 0, 0, 0, 0, 0, 0, 0
2, 60, 101, 1247359468723, 6, 0, 200, 178, 0, 0, 1, 5
2, 60, 100, 1247359468723, 6, 0, 0, 0, 0, 0, 0, 0
1, 54, 101, 1247359468714, 15, 0, 200, 178, 0, 0, 8, 14
1, 54, 100, 1247359468714, 16, 0, 0, 0, 0, 0, 0, 0
1, 55, 101, 1247359468731, 13, 0, 200, 178, 0, 0, 1, 13
1, 55, 100, 1247359468730, 14, 0, 0, 0, 0, 0, 0, 0
2, 61, 101, 1247359468730, 16, 0, 200, 178, 0, 0, 1, 15
2, 61, 100, 1247359468730, 16, 0, 0, 0, 0, 0, 0, 0
4, 52, 101, 1247359468731, 15, 0, 200, 178, 0, 1, 13, 15
4, 52, 100, 1247359468730, 16, 0, 0, 0, 0, 0, 0, 0
2, 62, 101, 1247359468747, 20, 0, 200, 178, 0, 0, 10, 19
2, 62, 100, 1247359468747, 20, 0, 0, 0, 0, 0, 0, 0
1, 56, 101, 1247359468747, 21, 0, 200, 178, 0, 9, 10, 19
1, 56, 100, 1247359468747, 21, 0, 0, 0, 0, 0, 0, 0
4, 53, 101, 1247359468758, 11, 0, 200, 178, 0, 0, 9, 11
4, 53, 100, 1247359468758, 11, 0, 0, 0, 0, 0, 0, 0
2, 63, 101, 1247359468770, 3, 0, 200, 178, 0, 0, 1, 2
2, 63, 100, 1247359468769, 4, 0, 0, 0, 0, 0, 0, 0
1, 57, 101, 1247359468770, 4, 0, 200, 178, 0, 0, 1, 2
1, 57, 100, 1247359468770, 4, 0, 0, 0, 0, 0, 0, 0
4, 54, 101, 1247359468771, 6, 0, 200, 178, 0, 0, 2, 4
4, 54, 100, 1247359468771, 6, 0, 0, 0, 0, 0, 0, 0
2, 64, 101, 1247359468775, 4, 0, 200, 178, 0, 0, 1, 3
2, 64, 100, 1247359468775, 4, 0, 0, 0, 0, 0, 0, 0
4, 55, 101, 1247359468777, 3, 0, 200, 178, 0, 1, 2, 3
4, 55, 100, 1247359468777, 3, 0, 0, 0, 0, 0, 0, 0
1, 58, 101, 1247359468775, 7, 0, 200, 178, 0, 0, 3, 6
1, 58, 100, 1247359468775, 7, 0, 0, 0, 0, 0, 0, 0
2, 65, 101, 1247359468779, 5, 0, 200, 178, 0, 1, 2, 4
2, 65, 100, 1247359468779, 5, 0, 0, 0, 0, 0, 0, 0
4, 56, 101, 1247359468781, 4, 0, 200, 178, 0, 0, 1, 4
4, 56, 100, 1247359468781, 4, 0, 0, 0, 0, 0, 0, 0
1, 59, 101, 1247359468783, 3, 0, 200, 178, 0, 0, 1, 3
1, 59, 100, 1247359468783, 3, 0, 0, 0, 0, 0, 0, 0
4, 57, 101, 1247359468787, 3, 0, 200, 178, 0, 0, 1, 2
4, 57, 100, 1247359468786, 4, 0, 0, 0, 0, 0, 0, 0
2, 66, 101, 1247359468787, 5, 0, 200, 178, 0, 1, 1, 4
2, 66, 100, 1247359468787, 5, 0, 0, 0, 0, 0, 0, 0
1, 60, 101, 1247359468788, 4, 0, 200, 178, 0, 0, 0, 3
1, 60, 100, 1247359468788, 4, 0, 0, 0, 0, 0, 0, 0
2, 67, 101, 1247359468795, 4, 0, 200, 178, 0, 0, 2, 3
2, 67, 100, 1247359468794, 5, 0, 0, 0, 0, 0, 0, 0
4, 58, 101, 1247359468794, 5, 0, 200, 178, 0, 0, 4, 5
4, 58, 100, 1247359468794, 6, 0, 0, 0, 0, 0, 0, 0
2, 68, 101, 1247359468853, 4, 0, 200, 178, 0, 1, 2, 4
2, 68, 100, 1247359468849, 8, 0, 0, 0, 0, 0, 0, 0
4, 59, 101, 1247359468850, 11, 0, 200, 178, 0, 0, 1, 10
4, 59, 100, 1247359468849, 13, 0, 0, 0, 0, 0, 0, 0
1, 61, 101, 1247359468868, 7, 0, 200, 178, 0, 0, 1, 7
1, 61, 100, 1247359468796, 79, 0, 0, 0, 0, 0, 0, 0
1, 62, 101, 1247359468876, 8, 0, 200, 178, 0, 0, 2, 8
1, 62, 100, 1247359468876, 8, 0, 0, 0, 0, 0, 0, 0
2, 69, 101, 1247359468865, 3, 0, 200, 178, 0, 0, 1, 2
2, 69, 100, 1247359468863, 6, 0, 0, 0, 0, 0, 0, 0
4, 60, 101, 1247359468864, 24, 0, 200, 178, 0, 0, 22, 24
4, 60, 100, 1247359468864, 24, 0, 0, 0, 0, 0, 0, 0
1, 63, 101, 1247359468885, 5, 0, 200, 178, 0, 0, 1, 4
1, 63, 100, 1247359468885, 6, 0, 0, 0, 0, 0, 0, 0
2, 70, 101, 1247359468896, 8, 0, 200, 178, 0, 1, 4, 5
2, 70, 100, 1247359468895, 9, 0, 0, 0, 0, 0, 0, 0
1, 64, 101, 1247359468893, 8, 0, 200, 178, 0, 0, 5, 7
1, 64, 100, 1247359468893, 8, 0, 0, 0, 0, 0, 0, 0
4, 61, 101, 1247359468902, 6, 0, 200, 178, 0, 3, 4, 5
4, 61, 100, 1247359468901, 7, 0, 0, 0, 0, 0, 0, 0
2, 71, 101, 1247359468916, 25, 0, 200, 178, 0, 12, 24, 25
2, 71, 100, 1247359468915, 26, 0, 0, 0, 0, 0, 0, 0
1, 65, 101, 1247359468909, 29, 0, 200, 178, 0, 6, 7, 29
1, 65, 100, 1247359468906, 39, 0, 0, 0, 0, 0, 0, 0
4, 62, 101, 1247359468939, 8, 0, 200, 178, 0, 2, 3, 8
4, 62, 100, 1247359468939, 8, 0, 0, 0, 0, 0, 0, 0
2, 72, 101, 1247359468942, 10, 0, 200, 178, 0, 1, 5, 6
2, 72, 100, 1247359468942, 17, 0, 0, 0, 0, 0, 0, 0
1, 66, 101, 1247359468961, 30, 0, 200, 178, 0, 18, 21, 23
1, 66, 100, 1247359468961, 30, 0, 0, 0, 0, 0, 0, 0
4, 63, 101, 1247359468948, 50, 0, 200, 178, 0, 13, 22, 41
4, 63, 100, 1247359468948, 50, 0, 0, 0, 0, 0, 0, 0
2, 73, 101, 1247359468974, 47, 0, 200, 178, 0, 0, 1, 2
2, 73, 100, 1247359468960, 61, 0, 0, 0, 0, 0, 0, 0
4, 64, 101, 1247359469021, 4, 0, 200, 178, 0, 0, 1, 4
4, 64, 100, 1247359469016, 9, 0, 0, 0, 0, 0, 0, 0
1, 67, 101, 1247359468992, 35, 0, 200, 178, 0, 0, 1, 32
1, 67, 100, 1247359468991, 36, 0, 0, 0, 0, 0, 0, 0
2, 74, 101, 1247359469021, 7, 0, 200, 178, 0, 0, 4, 6
2, 74, 100, 1247359469021, 7, 0, 0, 0, 0, 0, 0, 0
4, 65, 101, 1247359469026, 4, 0, 200, 178, 0, 1, 2, 3
4, 65, 100, 1247359469026, 4, 0, 0, 0, 0, 0, 0, 0
2, 75, 101, 1247359469029, 7, 0, 200, 178, 0, 0, 1, 6
2, 75, 100, 1247359469029, 7, 0, 0, 0, 0, 0, 0, 0
4, 66, 101, 1247359469030, 9, 0, 200, 178, 0, 0, 6, 8
4, 66, 100, 1247359469030, 10, 0, 0, 0, 0, 0, 0, 0
2, 76, 101, 1247359469036, 4, 0, 200, 178, 0, 1, 2, 4
2, 76, 100, 1247359469036, 4, 0, 0, 0, 0, 0, 0, 0
1, 68, 101, 1247359469037, 10, 0, 200, 178, 0, 0, 5, 9
1, 68, 100, 1247359469037, 10, 0, 0, 0, 0, 0, 0, 0
4, 67, 101, 1247359469041, 6, 0, 200, 178, 0, 0, 1, 6
4, 67, 100, 1247359469040, 7, 0, 0, 0, 0, 0, 0, 0
2, 77, 101, 1247359469041, 8, 0, 200, 178, 0, 1, 6, 8
2, 77, 100, 1247359469041, 8, 0, 0, 0, 0, 0, 0, 0
1, 69, 101, 1247359469048, 3, 0, 200, 178, 0, 0, 2, 3
1, 69, 100, 1247359469048, 3, 0, 0, 0, 0, 0, 0, 0
4, 68, 101, 1247359469048, 12, 0, 200, 178, 0, 0, 3, 10
4, 68, 100, 1247359469048, 12, 0, 0, 0, 0, 0, 0, 0
2, 78, 101, 1247359469050, 10, 0, 200, 178, 0, 0, 1, 10
2, 78, 100, 1247359469050, 10, 0, 0, 0, 0, 0, 0, 0
1, 70, 101, 1247359469052, 10, 0, 200, 178, 0, 0, 9, 10
1, 70, 100, 1247359469052, 10, 0, 0, 0, 0, 0, 0, 0
4, 69, 101, 1247359469061, 3, 0, 200, 178, 0, 0, 1, 3
4, 69, 100, 1247359469061, 4, 0, 0, 0, 0, 0, 0, 0
2, 79, 101, 1247359469063, 2, 0, 200, 178, 0, 0, 1, 2
2, 79, 100, 1247359469062, 3, 0, 0, 0, 0, 0, 0, 0
1, 71, 101, 1247359469063, 4, 0, 200, 178, 0, 1, 2, 4
1, 71, 100, 1247359469063, 5, 0, 0, 0, 0, 0, 0, 0
4, 70, 101, 1247359469066, 3, 0, 200, 178, 0, 0, 2, 3
4, 70, 100, 1247359469066, 3, 0, 0, 0, 0, 0, 0, 0
2, 80, 101, 1247359469068, 10, 0, 200, 178, 0, 0, 2, 10
2, 80, 100, 1247359469068, 10, 0, 0, 0, 0, 0, 0, 0
1, 72, 101, 1247359469070, 13, 0, 200, 178, 0, 0, 9, 13
1, 72, 100, 1247359469069, 14, 0, 0, 0, 0, 0, 0, 0
4, 71, 101, 1247359469079, 10, 0, 200, 178, 0, 1, 5, 10
4, 71, 100, 1247359469079, 10, 0, 0, 0, 0, 0, 0, 0
2, 81, 101, 1247359469084, 6, 0, 200, 178, 0, 0, 1, 6
2, 81, 100, 1247359469083, 7, 0, 0, 0, 0, 0, 0, 0
1, 73, 101, 1247359469084, 9, 0, 200, 178, 0, 0, 6, 7
1, 73, 100, 1247359469084, 9, 0, 0, 0, 0, 0, 0, 0
4, 72, 101, 1247359469091, 5, 0, 200, 178, 0, 0, 2, 5
4, 72, 100, 1247359469091, 5, 0, 0, 0, 0, 0, 0, 0
2, 82, 101, 1247359469092, 5, 0, 200, 178, 0, 0, 1, 5
2, 82, 100, 1247359469091, 6, 0, 0, 0, 0, 0, 0, 0
1, 74, 101, 1247359469093, 7, 0, 200, 178, 0, 1, 4, 6
1, 74, 100, 1247359469093, 7, 0, 0, 0, 0, 0, 0, 0
2, 83, 101, 1247359469098, 8, 0, 200, 178, 0, 0, 2, 7
2, 83, 100, 1247359469098, 8, 0, 0, 0, 0, 0, 0, 0
4, 73, 101, 1247359469098, 9, 0, 200, 178, 0, 0, 2, 8
4, 73, 100, 1247359469098, 9, 0, 0, 0, 0, 0, 0, 0
1, 75, 101, 1247359469100, 15, 0, 200, 178, 0, 0, 7, 9
1, 75, 100, 1247359469100, 15, 0, 0, 0, 0, 0, 0, 0
4, 74, 101, 1247359469107, 12, 0, 200, 178, 0, 0, 8, 11
4, 74, 100, 1247359469107, 12, 0, 0, 0, 0, 0, 0, 0
2, 84, 101, 1247359469108, 12, 0, 200, 178, 0, 0, 8, 12
2, 84, 100, 1247359469107, 14, 0, 0, 0, 0, 0, 0, 0
1, 76, 101, 1247359469121, 5, 0, 200, 178, 0, 0, 1, 4
1, 76, 100, 1247359469121, 5, 0, 0, 0, 0, 0, 0, 0
4, 75, 101, 1247359469122, 5, 0, 200, 178, 0, 0, 1, 4
4, 75, 100, 1247359469121, 6, 0, 0, 0, 0, 0, 0, 0
2, 85, 101, 1247359469122, 33, 0, 200, 178, 0, 1, 4, 5
2, 85, 100, 1247359469121, 34, 0, 0, 0, 0, 0, 0, 0
1, 77, 101, 1247359469127, 32, 0, 200, 178, 0, 29, 30, 31
1, 77, 100, 1247359469127, 32, 0, 0, 0, 0, 0, 0, 0
4, 76, 101, 1247359469157, 4, 0, 200, 178, 0, 0, 2, 4
4, 76, 100, 1247359469155, 6, 0, 0, 0, 0, 0, 0, 0
2, 86, 101, 1247359469157, 5, 0, 200, 178, 0, 0, 1, 4
2, 86, 100, 1247359469157, 5, 0, 0, 0, 0, 0, 0, 0
1, 78, 101, 1247359469159, 4, 0, 200, 178, 0, 0, 1, 3
1, 78, 100, 1247359469159, 4, 0, 0, 0, 0, 0, 0, 0
2, 87, 101, 1247359469164, 4, 0, 200, 178, 0, 1, 1, 4
2, 87, 100, 1247359469164, 4, 0, 0, 0, 0, 0, 0, 0
1, 79, 101, 1247359469165, 10, 0, 200, 178, 0, 1, 2, 4
1, 79, 100, 1247359469165, 10, 0, 0, 0, 0, 0, 0, 0
4, 77, 101, 1247359469163, 30, 0, 200, 178, 0, 0, 14, 28
2, 88, 101, 1247359469169, 24, 0, 200, 178, 0, 1, 7, 23
4, 77, 100, 1247359469163, 30, 0, 0, 0, 0, 0, 0, 0
2, 88, 100, 1247359469169, 24, 0, 0, 0, 0, 0, 0, 0
1, 80, 101, 1247359469176, 26, 0, 200, 178, 0, 0, 18, 26
1, 80, 100, 1247359469176, 26, 0, 0, 0, 0, 0, 0, 0
1, 81, 101, 1247359469204, 3, 0, 200, 178, 0, 1, 1, 2
1, 81, 100, 1247359469203, 4, 0, 0, 0, 0, 0, 0, 0
2, 89, 101, 1247359469205, 3, 0, 200, 178, 0, 0, 1, 2
2, 89, 100, 1247359469204, 4, 0, 0, 0, 0, 0, 0, 0
4, 78, 101, 1247359469193, 16, 0, 200, 178, 0, 1, 12, 15
4, 78, 100, 1247359469193, 16, 0, 0, 0, 0, 0, 0, 0
1, 82, 101, 1247359469209, 3, 0, 200, 178, 0, 0, 1, 2
1, 82, 100, 1247359469209, 3, 0, 0, 0, 0, 0, 0, 0
4, 79, 101, 1247359469211, 4, 0, 200, 178, 0, 0, 1, 2
4, 79, 100, 1247359469211, 4, 0, 0, 0, 0, 0, 0, 0
2, 90, 101, 1247359469211, 5, 0, 200, 178, 0, 0, 3, 4
2, 90, 100, 1247359469211, 5, 0, 0, 0, 0, 0, 0, 0
1, 83, 101, 1247359469217, 8, 0, 200, 178, 0, 5, 6, 7
1, 83, 100, 1247359469214, 11, 0, 0, 0, 0, 0, 0, 0
4, 80, 101, 1247359469224, 3, 0, 200, 178, 0, 0, 1, 2
4, 80, 100, 1247359469223, 4, 0, 0, 0, 0, 0, 0, 0
2, 91, 101, 1247359469226, 4, 0, 200, 178, 0, 0, 1, 2
2, 91, 100, 1247359469226, 4, 0, 0, 0, 0, 0, 0, 0
1, 84, 101, 1247359469229, 3, 0, 200, 178, 0, 0, 1, 2
1, 84, 100, 1247359469228, 4, 0, 0, 0, 0, 0, 0, 0
4, 81, 101, 1247359469233, 3, 0, 200, 178, 0, 0, 2, 3
4, 81, 100, 1247359469231, 5, 0, 0, 0, 0, 0, 0, 0
2, 92, 101, 1247359469241, 6, 0, 200, 178, 0, 0, 3, 6
2, 92, 100, 1247359469241, 6, 0, 0, 0, 0, 0, 0, 0
1, 85, 101, 1247359469248, 8, 0, 200, 178, 0, 0, 4, 7
1, 85, 100, 1247359469248, 8, 0, 0, 0, 0, 0, 0, 0
4, 82, 101, 1247359469252, 6, 0, 200, 178, 0, 0, 3, 5
4, 82, 100, 1247359469252, 6, 0, 0, 0, 0, 0, 0, 0
2, 93, 101, 1247359469251, 8, 0, 200, 178, 0, 0, 1, 7
2, 93, 100, 1247359469250, 9, 0, 0, 0, 0, 0, 0, 0
2, 94, 101, 1247359469260, 12, 0, 200, 178, 0, 0, 9, 12
2, 94, 100, 1247359469259, 13, 0, 0, 0, 0, 0, 0, 0
4, 83, 101, 1247359469268, 23, 0, 200, 178, 0, 1, 14, 21
4, 83, 100, 1247359469267, 24, 0, 0, 0, 0, 0, 0, 0
1, 86, 101, 1247359469259, 37, 0, 200, 178, 0, 0, 1, 28
1, 86, 100, 1247359469259, 37, 0, 0, 0, 0, 0, 0, 0
2, 95, 101, 1247359469292, 35, 0, 200, 178, 0, 0, 2, 34
2, 95, 100, 1247359469283, 44, 0, 0, 0, 0, 0, 0, 0
2, 96, 101, 1247359469329, 52, 0, 200, 178, 0, 0, 18, 51
2, 96, 100, 1247359469329, 52, 0, 0, 0, 0, 0, 0, 0
1, 87, 101, 1247359469298, 78, 0, 200, 178, 0, 0, 1, 70
1, 87, 100, 1247359469298, 78, 0, 0, 0, 0, 0, 0, 0
4, 84, 101, 1247359469326, 22, 0, 200, 178, 0, 1, 2, 9
4, 84, 100, 1247359469314, 34, 0, 0, 0, 0, 0, 0, 0
4, 85, 101, 1247359469388, 3, 0, 200, 178, 0, 1, 2, 3
4, 85, 100, 1247359469388, 3, 0, 0, 0, 0, 0, 0, 0
2, 97, 101, 1247359469391, 9, 0, 200, 178, 0, 1, 6, 8
2, 97, 100, 1247359469391, 9, 0, 0, 0, 0, 0, 0, 0
1, 88, 101, 1247359469388, 24, 0, 200, 178, 0, 1, 10, 11
1, 88, 100, 1247359469387, 25, 0, 0, 0, 0, 0, 0, 0
2, 98, 101, 1247359469403, 11, 0, 200, 178, 0, 1, 1, 2
2, 98, 100, 1247359469403, 11, 0, 0, 0, 0, 0, 0, 0
4, 86, 101, 1247359469400, 15, 0, 200, 178, 0, 12, 13, 14
4, 86, 100, 1247359469400, 15, 0, 0, 0, 0, 0, 0, 0
1, 89, 101, 1247359469418, 8, 0, 200, 178, 0, 0, 1, 7
1, 89, 100, 1247359469417, 9, 0, 0, 0, 0, 0, 0, 0
1, 90, 101, 1247359469427, 8, 0, 200, 178, 0, 0, 3, 8
1, 90, 100, 1247359469426, 9, 0, 0, 0, 0, 0, 0, 0
4, 87, 101, 1247359469415, 33, 0, 200, 178, 0, 3, 3, 32
4, 87, 100, 1247359469415, 33, 0, 0, 0, 0, 0, 0, 0
2, 99, 101, 1247359469450, 16, 0, 200, 178, 0, 1, 11, 15
2, 99, 100, 1247359469423, 43, 0, 0, 0, 0, 0, 0, 0
1, 91, 101, 1247359469454, 26, 0, 200, 178, 0, 0, 18, 25
1, 91, 100, 1247359469453, 27, 0, 0, 0, 0, 0, 0, 0
4, 88, 101, 1247359469463, 19, 0, 200, 178, 0, 0, 2, 19
4, 88, 100, 1247359469461, 21, 0, 0, 0, 0, 0, 0, 0
1, 92, 101, 1247359469483, 13, 0, 200, 178, 0, 0, 1, 12
1, 92, 100, 1247359469482, 14, 0, 0, 0, 0, 0, 0, 0
4, 89, 101, 1247359469484, 15, 0, 200, 178, 0, 0, 13, 14
4, 89, 100, 1247359469483, 16, 0, 0, 0, 0, 0, 0, 0
1, 93, 101, 1247359469498, 3, 0, 200, 178, 0, 0, 1, 2
1, 93, 100, 1247359469497, 4, 0, 0, 0, 0, 0, 0, 0
4, 90, 101, 1247359469503, 5, 0, 200, 178, 0, 0, 1, 4
4, 90, 100, 1247359469502, 6, 0, 0, 0, 0, 0, 0, 0
1, 94, 101, 1247359469504, 26, 0, 200, 178, 0, 1, 2, 25
1, 94, 100, 1247359469504, 26, 0, 0, 0, 0, 0, 0, 0
4, 91, 101, 1247359469520, 22, 0, 200, 178, 0, 0, 19, 21
4, 91, 100, 1247359469520, 22, 0, 0, 0, 0, 0, 0, 0
1, 95, 101, 1247359469545, 9, 0, 200, 178, 0, 0, 2, 9
1, 95, 100, 1247359469545, 9, 0, 0, 0, 0, 0, 0, 0
4, 92, 101, 1247359469550, 20, 0, 200, 178, 0, 0, 17, 18
4, 92, 100, 1247359469549, 21, 0, 0, 0, 0, 0, 0, 0
1, 96, 101, 1247359469572, 3, 0, 200, 178, 0, 0, 1, 3
1, 96, 100, 1247359469572, 4, 0, 0, 0, 0, 0, 0, 0
4, 93, 101, 1247359469583, 6, 0, 200, 178, 0, 0, 1, 6
4, 93, 100, 1247359469579, 11, 0, 0, 0, 0, 0, 0, 0
1, 97, 101, 1247359469593, 9, 0, 200, 178, 0, 1, 7, 8
1, 97, 100, 1247359469593, 9, 0, 0, 0, 0, 0, 0, 0
4, 94, 101, 1247359469599, 8, 0, 200, 178, 0, 0, 6, 8
4, 94, 100, 1247359469598, 9, 0, 0, 0, 0, 0, 0, 0
1, 98, 101, 1247359469604, 14, 0, 200, 178, 0, 0, 12, 14
1, 98, 100, 1247359469604, 14, 0, 0, 0, 0, 0, 0, 0
1, 99, 101, 1247359469626, 7, 0, 200, 178, 0, 1, 4, 6
1, 99, 100, 1247359469620, 13, 0, 0, 0, 0, 0, 0, 0
4, 95, 101, 1247359469622, 19, 0, 200, 178, 0, 0, 5, 19
4, 95, 100, 1247359469615, 26, 0, 0, 0, 0, 0, 0, 0
4, 96, 101, 1247359469650, 18, 0, 200, 178, 0, 0, 6, 17
4, 96, 100, 1247359469650, 18, 0, 0, 0, 0, 0, 0, 0
4, 97, 101, 1247359469672, 6, 0, 200, 178, 0, 1, 2, 6
4, 97, 100, 1247359469672, 7, 0, 0, 0, 0, 0, 0, 0
4, 98, 101, 1247359469686, 20, 0, 200, 178, 0, 0, 17, 18
4, 98, 100, 1247359469685, 21, 0, 0, 0, 0, 0, 0, 0
4, 99, 101, 1247359469708, 2, 0, 200, 178, 0, 0, 1, 2
4, 99, 100, 1247359469708, 2, 0, 0, 0, 0, 0, 0, 0
0, 0, 101, 1247359467078, 3039, 0, 200, 178, 0, 13, 3014, 3016
0, 0, 100, 1247359467049, 3068, 0, 0, 0, 0, 0, 0, 0
3, 0, 101, 1247359467078, 3040, 0, 200, 178, 0, 14, 3014, 3017
3, 0, 100, 1247359467049, 3069, 0, 0, 0, 0, 0, 0, 0
3, 1, 101, 1247359470118, 3, 0, 200, 178, 0, 1, 1, 3
3, 1, 100, 1247359470118, 3, 0, 0, 0, 0, 0, 0, 0
0, 1, 101, 1247359470119, 3, 0, 200, 178, 0, 0, 1, 2
0, 1, 100, 1247359470119, 3, 0, 0, 0, 0, 0, 0, 0
3, 2, 101, 1247359470122, 3, 0, 200, 178, 0, 0, 1, 3
3, 2, 100, 1247359470122, 3, 0, 0, 0, 0, 0, 0, 0
0, 2, 101, 1247359470123, 4, 0, 200, 178, 0, 0, 1, 4
0, 2, 100, 1247359470123, 4, 0, 0, 0, 0, 0, 0, 0
3, 3, 101, 1247359470126, 7, 0, 200, 178, 0, 0, 1, 5
3, 3, 100, 1247359470126, 7, 0, 0, 0, 0, 0, 0, 0
3, 4, 101, 1247359470133, 3, 0, 200, 178, 0, 1, 1, 2
3, 4, 100, 1247359470133, 3, 0, 0, 0, 0, 0, 0, 0
3, 5, 101, 1247359470136, 3, 0, 200, 178, 0, 1, 1, 2
3, 5, 100, 1247359470136, 3, 0, 0, 0, 0, 0, 0, 0
3, 6, 101, 1247359470139, 3, 0, 200, 178, 0, 1, 1, 2
3, 6, 100, 1247359470139, 3, 0, 0, 0, 0, 0, 0, 0
3, 7, 101, 1247359470142, 2, 0, 200, 178, 0, 0, 1, 2
3, 7, 100, 1247359470142, 2, 0, 0, 0, 0, 0, 0, 0
3, 8, 101, 1247359470144, 2, 0, 200, 178, 0, 0, 0, 1
3, 8, 100, 1247359470144, 2, 0, 0, 0, 0, 0, 0, 0
3, 9, 101, 1247359470147, 2, 0, 200, 178, 0, 0, 1, 2
3, 9, 100, 1247359470147, 2, 0, 0, 0, 0, 0, 0, 0
0, 3, 101, 1247359470147, 3, 0, 200, 178, 0, 0, 1, 2
0, 3, 100, 1247359470128, 22, 0, 0, 0, 0, 0, 0, 0
3, 10, 101, 1247359470151, 2, 0, 200, 178, 0, 0, 1, 1
3, 10, 100, 1247359470150, 3, 0, 0, 0, 0, 0, 0, 0
0, 4, 101, 1247359470151, 2, 0, 200, 178, 0, 0, 1, 2
0, 4, 100, 1247359470151, 2, 0, 0, 0, 0, 0, 0, 0
0, 5, 101, 1247359470153, 3, 0, 200, 178, 0, 0, 0, 1
0, 5, 100, 1247359470153, 3, 0, 0, 0, 0, 0, 0, 0
3, 11, 101, 1247359470154, 2, 0, 200, 178, 0, 0, 1, 2
3, 11, 100, 1247359470154, 2, 0, 0, 0, 0, 0, 0, 0
0, 6, 101, 1247359470156, 2, 0, 200, 178, 0, 1, 1, 2
0, 6, 100, 1247359470156, 2, 0, 0, 0, 0, 0, 0, 0
3, 12, 101, 1247359470157, 2, 0, 200, 178, 0, 0, 1, 2
3, 12, 100, 1247359470157, 2, 0, 0, 0, 0, 0, 0, 0
0, 7, 101, 1247359470159, 2, 0, 200, 178, 0, 0, 1, 2
0, 7, 100, 1247359470159, 2, 0, 0, 0, 0, 0, 0, 0
3, 13, 101, 1247359470160, 2, 0, 200, 178, 0, 0, 1, 2
3, 13, 100, 1247359470160, 2, 0, 0, 0, 0, 0, 0, 0
0, 8, 101, 1247359470162, 3, 0, 200, 178, 0, 0, 1, 3
0, 8, 100, 1247359470162, 3, 0, 0, 0, 0, 0, 0, 0
3, 14, 101, 1247359470163, 2, 0, 200, 178, 0, 0, 1, 2
3, 14, 100, 1247359470163, 2, 0, 0, 0, 0, 0, 0, 0
3, 15, 101, 1247359470166, 3, 0, 200, 178, 0, 1, 1, 2
0, 9, 101, 1247359470165, 4, 0, 200, 178, 0, 1, 1, 3
0, 9, 100, 1247359470165, 4, 0, 0, 0, 0, 0, 0, 0
3, 15, 100, 1247359470166, 3, 0, 0, 0, 0, 0, 0, 0
0, 10, 101, 1247359470169, 3, 0, 200, 178, 0, 1, 1, 3
3, 16, 101, 1247359470169, 3, 0, 200, 178, 0, 1, 1, 2
0, 10, 100, 1247359470169, 3, 0, 0, 0, 0, 0, 0, 0
3, 16, 100, 1247359470169, 3, 0, 0, 0, 0, 0, 0, 0
0, 11, 101, 1247359470172, 3, 0, 200, 178, 0, 1, 1, 3
0, 11, 100, 1247359470172, 3, 0, 0, 0, 0, 0, 0, 0
3, 17, 101, 1247359470172, 3, 0, 200, 178, 0, 1, 1, 3
3, 17, 100, 1247359470172, 3, 0, 0, 0, 0, 0, 0, 0
0, 12, 101, 1247359470176, 2, 0, 200, 178, 0, 0, 0, 2
3, 18, 101, 1247359470175, 4, 0, 200, 178, 0, 0, 0, 2
0, 12, 100, 1247359470175, 4, 0, 0, 0, 0, 0, 0, 0
3, 18, 100, 1247359470175, 4, 0, 0, 0, 0, 0, 0, 0
3, 19, 101, 1247359470179, 3, 0, 200, 178, 0, 0, 1, 3
3, 19, 100, 1247359470179, 3, 0, 0, 0, 0, 0, 0, 0
0, 13, 101, 1247359470180, 3, 0, 200, 178, 0, 1, 1, 2
0, 13, 100, 1247359470180, 3, 0, 0, 0, 0, 0, 0, 0
0, 14, 101, 1247359470183, 2, 0, 200, 178, 0, 0, 1, 2
0, 14, 100, 1247359470183, 2, 0, 0, 0, 0, 0, 0, 0
0, 15, 101, 1247359470186, 2, 0, 200, 178, 0, 0, 1, 2
0, 15, 100, 1247359470186, 2, 0, 0, 0, 0, 0, 0, 0
0, 16, 101, 1247359470189, 2, 0, 200, 178, 0, 0, 1, 2
0, 16, 100, 1247359470189, 2, 0, 0, 0, 0, 0, 0, 0
0, 17, 101, 1247359470193, 3, 0, 200, 178, 0, 0, 1, 2
3, 20, 101, 1247359470183, 13, 0, 200, 178, 0, 0, 11, 13
0, 17, 100, 1247359470193, 3, 0, 0, 0, 0, 0, 0, 0
3, 20, 100, 1247359470183, 13, 0, 0, 0, 0, 0, 0, 0
3, 21, 101, 1247359470196, 21, 0, 200, 178, 0, 0, 2, 19
3, 21, 100, 1247359470196, 21, 0, 0, 0, 0, 0, 0, 0
0, 18, 101, 1247359470196, 21, 0, 200, 178, 0, 0, 1, 2
0, 18, 100, 1247359470196, 21, 0, 0, 0, 0, 0, 0, 0
3, 22, 101, 1247359470218, 3, 0, 200, 178, 0, 1, 1, 3
3, 22, 100, 1247359470218, 3, 0, 0, 0, 0, 0, 0, 0
0, 19, 101, 1247359470219, 3, 0, 200, 178, 0, 0, 1, 2
0, 19, 100, 1247359470219, 3, 0, 0, 0, 0, 0, 0, 0
3, 23, 101, 1247359470222, 5, 0, 200, 178, 0, 1, 1, 5
3, 23, 100, 1247359470222, 5, 0, 0, 0, 0, 0, 0, 0
0, 20, 101, 1247359470223, 8, 0, 200, 178, 0, 0, 6, 8
0, 20, 100, 1247359470223, 8, 0, 0, 0, 0, 0, 0, 0
3, 24, 101, 1247359470229, 5, 0, 200, 178, 0, 1, 2, 5
3, 24, 100, 1247359470229, 5, 0, 0, 0, 0, 0, 0, 0
0, 21, 101, 1247359470233, 4, 0, 200, 178, 0, 1, 2, 4
0, 21, 100, 1247359470233, 4, 0, 0, 0, 0, 0, 0, 0
3, 25, 101, 1247359470235, 4, 0, 200, 178, 0, 0, 3, 4
3, 25, 100, 1247359470235, 4, 0, 0, 0, 0, 0, 0, 0
0, 22, 101, 1247359470238, 3, 0, 200, 178, 0, 1, 1, 2
0, 22, 100, 1247359470238, 3, 0, 0, 0, 0, 0, 0, 0
3, 26, 101, 1247359470240, 7, 0, 200, 178, 0, 0, 1, 5
3, 26, 100, 1247359470240, 7, 0, 0, 0, 0, 0, 0, 0
0, 23, 101, 1247359470241, 7, 0, 200, 178, 0, 1, 4, 6
0, 23, 100, 1247359470241, 7, 0, 0, 0, 0, 0, 0, 0
3, 27, 101, 1247359470248, 4, 0, 200, 178, 0, 0, 2, 4
3, 27, 100, 1247359470247, 5, 0, 0, 0, 0, 0, 0, 0
0, 24, 101, 1247359470250, 3, 0, 200, 178, 0, 1, 2, 2
0, 24, 100, 1247359470250, 3, 0, 0, 0, 0, 0, 0, 0
3, 28, 101, 1247359470258, 13, 0, 200, 178, 0, 0, 9, 12
3, 28, 100, 1247359470258, 13, 0, 0, 0, 0, 0, 0, 0
0, 25, 101, 1247359470267, 7, 0, 200, 178, 0, 0, 4, 6
0, 25, 100, 1247359470267, 7, 0, 0, 0, 0, 0, 0, 0
3, 29, 101, 1247359470272, 9, 0, 200, 178, 0, 1, 2, 9
3, 29, 100, 1247359470272, 10, 0, 0, 0, 0, 0, 0, 0
0, 26, 101, 1247359470278, 13, 0, 200, 178, 0, 0, 1, 11
0, 26, 100, 1247359470278, 13, 0, 0, 0, 0, 0, 0, 0
3, 30, 101, 1247359470292, 8, 0, 200, 178, 0, 0, 1, 7
3, 30, 100, 1247359470292, 8, 0, 0, 0, 0, 0, 0, 0
0, 27, 101, 1247359470294, 8, 0, 200, 178, 0, 0, 6, 7
0, 27, 100, 1247359470294, 8, 0, 0, 0, 0, 0, 0, 0
3, 31, 101, 1247359470306, 13, 0, 200, 178, 0, 0, 1, 12
0, 28, 101, 1247359470307, 14, 0, 200, 178, 0, 0, 12, 13
0, 28, 100, 1247359470306, 15, 0, 0, 0, 0, 0, 0, 0
3, 31, 100, 1247359470306, 13, 0, 0, 0, 0, 0, 0, 0
3, 32, 101, 1247359470327, 13, 0, 200, 178, 0, 1, 1, 2
3, 32, 100, 1247359470327, 13, 0, 0, 0, 0, 0, 0, 0
0, 29, 101, 1247359470323, 32, 0, 200, 178, 0, 0, 1, 18
0, 29, 100, 1247359470322, 33, 0, 0, 0, 0, 0, 0, 0
3, 33, 101, 1247359470360, 5, 0, 200, 178, 0, 0, 1, 4
3, 33, 100, 1247359470357, 8, 0, 0, 0, 0, 0, 0, 0
0, 30, 101, 1247359470361, 8, 0, 200, 178, 0, 0, 1, 7
0, 30, 100, 1247359470361, 8, 0, 0, 0, 0, 0, 0, 0
3, 34, 101, 1247359470370, 4, 0, 200, 178, 0, 0, 1, 3
3, 34, 100, 1247359470370, 4, 0, 0, 0, 0, 0, 0, 0
0, 31, 101, 1247359470371, 4, 0, 200, 178, 0, 1, 1, 4
0, 31, 100, 1247359470371, 4, 0, 0, 0, 0, 0, 0, 0
3, 35, 101, 1247359470377, 6, 0, 200, 178, 0, 1, 1, 4
3, 35, 100, 1247359470377, 6, 0, 0, 0, 0, 0, 0, 0
0, 32, 101, 1247359470378, 6, 0, 200, 178, 0, 0, 3, 5
0, 32, 100, 1247359470378, 6, 0, 0, 0, 0, 0, 0, 0
0, 33, 101, 1247359470385, 23, 0, 200, 178, 0, 1, 20, 23
0, 33, 100, 1247359470385, 23, 0, 0, 0, 0, 0, 0, 0
3, 36, 101, 1247359470385, 26, 0, 200, 178, 0, 19, 25, 26
3, 36, 100, 1247359470385, 26, 0, 0, 0, 0, 0, 0, 0
3, 37, 101, 1247359470419, 5, 0, 200, 178, 0, 2, 3, 5
3, 37, 100, 1247359470417, 7, 0, 0, 0, 0, 0, 0, 0
0, 34, 101, 1247359470413, 13, 0, 200, 178, 0, 8, 10, 13
0, 34, 100, 1247359470413, 13, 0, 0, 0, 0, 0, 0, 0
3, 38, 101, 1247359470437, 5, 0, 200, 178, 0, 1, 2, 4
3, 38, 100, 1247359470437, 5, 0, 0, 0, 0, 0, 0, 0
0, 35, 101, 1247359470438, 17, 0, 200, 178, 0, 8, 9, 12
0, 35, 100, 1247359470437, 18, 0, 0, 0, 0, 0, 0, 0
3, 39, 101, 1247359470451, 17, 0, 200, 178, 0, 6, 16, 17
3, 39, 100, 1247359470451, 17, 0, 0, 0, 0, 0, 0, 0
0, 36, 101, 1247359470467, 7, 0, 200, 178, 0, 0, 4, 5
0, 36, 100, 1247359470466, 8, 0, 0, 0, 0, 0, 0, 0
3, 40, 101, 1247359470477, 3, 0, 200, 178, 0, 0, 1, 3
3, 40, 100, 1247359470477, 3, 0, 0, 0, 0, 0, 0, 0
0, 37, 101, 1247359470478, 5, 0, 200, 178, 0, 0, 1, 5
0, 37, 100, 1247359470478, 6, 0, 0, 0, 0, 0, 0, 0
3, 41, 101, 1247359470487, 2, 0, 200, 178, 0, 0, 1, 2
3, 41, 100, 1247359470487, 3, 0, 0, 0, 0, 0, 0, 0
0, 38, 101, 1247359470488, 7, 0, 200, 178, 0, 1, 2, 6
0, 38, 100, 1247359470488, 7, 0, 0, 0, 0, 0, 0, 0
3, 42, 101, 1247359470506, 16, 0, 200, 178, 0, 0, 1, 15
3, 42, 100, 1247359470505, 17, 0, 0, 0, 0, 0, 0, 0
0, 39, 101, 1247359470519, 7, 0, 200, 178, 0, 0, 4, 5
0, 39, 100, 1247359470519, 7, 0, 0, 0, 0, 0, 0, 0
3, 43, 101, 1247359470527, 5, 0, 200, 178, 0, 1, 2, 4
3, 43, 100, 1247359470527, 5, 0, 0, 0, 0, 0, 0, 0
0, 40, 101, 1247359470529, 4, 0, 200, 178, 0, 0, 1, 4
0, 40, 100, 1247359470529, 4, 0, 0, 0, 0, 0, 0, 0
3, 44, 101, 1247359470537, 4, 0, 200, 178, 0, 0, 1, 3
3, 44, 100, 1247359470537, 4, 0, 0, 0, 0, 0, 0, 0
0, 41, 101, 1247359470541, 4, 0, 200, 178, 0, 0, 1, 3
0, 41, 100, 1247359470541, 4, 0, 0, 0, 0, 0, 0, 0
3, 45, 101, 1247359470547, 5, 0, 200, 178, 0, 0, 1, 5
3, 45, 100, 1247359470547, 5, 0, 0, 0, 0, 0, 0, 0
0, 42, 101, 1247359470550, 3, 0, 200, 178, 0, 0, 1, 2
0, 42, 100, 1247359470550, 3, 0, 0, 0, 0, 0, 0, 0
3, 46, 101, 1247359470555, 5, 0, 200, 178, 0, 0, 1, 4
3, 46, 100, 1247359470555, 5, 0, 0, 0, 0, 0, 0, 0
0, 43, 101, 1247359470558, 14, 0, 200, 178, 0, 0, 12, 13
0, 43, 100, 1247359470558, 14, 0, 0, 0, 0, 0, 0, 0
3, 47, 101, 1247359470573, 33, 0, 200, 178, 0, 0, 1, 30
3, 47, 100, 1247359470573, 33, 0, 0, 0, 0, 0, 0, 0
0, 44, 101, 1247359470575, 37, 0, 200, 178, 0, 5, 6, 8
0, 44, 100, 1247359470575, 37, 0, 0, 0, 0, 0, 0, 0
3, 48, 101, 1247359470612, 6, 0, 200, 178, 0, 0, 4, 5
3, 48, 100, 1247359470609, 9, 0, 0, 0, 0, 0, 0, 0
0, 45, 101, 1247359470619, 21, 0, 200, 178, 0, 1, 2, 15
0, 45, 100, 1247359470616, 24, 0, 0, 0, 0, 0, 0, 0
3, 49, 101, 1247359470636, 9, 0, 200, 178, 0, 0, 6, 8
3, 49, 100, 1247359470636, 10, 0, 0, 0, 0, 0, 0, 0
0, 46, 101, 1247359470647, 16, 0, 200, 178, 0, 8, 12, 15
0, 46, 100, 1247359470646, 17, 0, 0, 0, 0, 0, 0, 0
3, 50, 101, 1247359470660, 6, 0, 200, 178, 0, 4, 5, 6
3, 50, 100, 1247359470659, 7, 0, 0, 0, 0, 0, 0, 0
0, 47, 101, 1247359470664, 13, 0, 200, 178, 0, 1, 9, 12
0, 47, 100, 1247359470664, 13, 0, 0, 0, 0, 0, 0, 0
3, 51, 101, 1247359470674, 7, 0, 200, 178, 0, 0, 4, 6
3, 51, 100, 1247359470673, 8, 0, 0, 0, 0, 0, 0, 0
0, 48, 101, 1247359470678, 3, 0, 200, 178, 0, 0, 2, 3
0, 48, 100, 1247359470678, 3, 0, 0, 0, 0, 0, 0, 0
3, 52, 101, 1247359470683, 22, 0, 200, 178, 0, 1, 21, 22
3, 52, 100, 1247359470683, 22, 0, 0, 0, 0, 0, 0, 0
0, 49, 101, 1247359470704, 3, 0, 200, 178, 0, 1, 2, 3
0, 49, 100, 1247359470704, 3, 0, 0, 0, 0, 0, 0, 0
3, 53, 101, 1247359470709, 5, 0, 200, 178, 0, 0, 3, 4
3, 53, 100, 1247359470708, 6, 0, 0, 0, 0, 0, 0, 0
0, 50, 101, 1247359470713, 6, 0, 200, 178, 0, 0, 1, 6
0, 50, 100, 1247359470712, 7, 0, 0, 0, 0, 0, 0, 0
3, 54, 101, 1247359470720, 8, 0, 200, 178, 0, 0, 6, 7
3, 54, 100, 1247359470720, 8, 0, 0, 0, 0, 0, 0, 0
0, 51, 101, 1247359470726, 6, 0, 200, 178, 0, 0, 5, 6
0, 51, 100, 1247359470726, 6, 0, 0, 0, 0, 0, 0, 0
3, 55, 101, 1247359470731, 19, 0, 200, 178, 0, 1, 13, 18
3, 55, 100, 1247359470731, 19, 0, 0, 0, 0, 0, 0, 0
0, 52, 101, 1247359470745, 11, 0, 200, 178, 0, 7, 8, 9
0, 52, 100, 1247359470745, 11, 0, 0, 0, 0, 0, 0, 0
3, 56, 101, 1247359470754, 6, 0, 200, 178, 0, 1, 3, 5
3, 56, 100, 1247359470754, 6, 0, 0, 0, 0, 0, 0, 0
0, 53, 101, 1247359470758, 3, 0, 200, 178, 0, 0, 1, 3
0, 53, 100, 1247359470758, 4, 0, 0, 0, 0, 0, 0, 0
3, 57, 101, 1247359470768, 6, 0, 200, 178, 0, 0, 2, 5
3, 57, 100, 1247359470762, 12, 0, 0, 0, 0, 0, 0, 0
0, 54, 101, 1247359470771, 7, 0, 200, 178, 0, 1, 2, 6
0, 54, 100, 1247359470771, 7, 0, 0, 0, 0, 0, 0, 0
3, 58, 101, 1247359470781, 3, 0, 200, 178, 0, 0, 1, 2
3, 58, 100, 1247359470780, 4, 0, 0, 0, 0, 0, 0, 0
0, 55, 101, 1247359470783, 4, 0, 200, 178, 0, 0, 1, 4
0, 55, 100, 1247359470781, 6, 0, 0, 0, 0, 0, 0, 0
3, 59, 101, 1247359470788, 9, 0, 200, 178, 0, 0, 0, 7
3, 59, 100, 1247359470788, 9, 0, 0, 0, 0, 0, 0, 0
0, 56, 101, 1247359470798, 4, 0, 200, 178, 0, 0, 1, 3
0, 56, 100, 1247359470796, 7, 0, 0, 0, 0, 0, 0, 0
3, 60, 101, 1247359470799, 6, 0, 200, 178, 0, 0, 4, 5
3, 60, 100, 1247359470799, 6, 0, 0, 0, 0, 0, 0, 0
3, 61, 101, 1247359470807, 3, 0, 200, 178, 0, 0, 1, 2
3, 61, 100, 1247359470807, 3, 0, 0, 0, 0, 0, 0, 0
0, 57, 101, 1247359470805, 14, 0, 200, 178, 0, 0, 3, 13
0, 57, 100, 1247359470805, 15, 0, 0, 0, 0, 0, 0, 0
0, 58, 101, 1247359470832, 6, 0, 200, 178, 0, 3, 4, 6
0, 58, 100, 1247359470822, 16, 0, 0, 0, 0, 0, 0, 0
3, 62, 101, 1247359470836, 5, 0, 200, 178, 0, 0, 1, 4
3, 62, 100, 1247359470835, 6, 0, 0, 0, 0, 0, 0, 0
0, 59, 101, 1247359470841, 3, 0, 200, 178, 0, 0, 1, 2
0, 59, 100, 1247359470841, 3, 0, 0, 0, 0, 0, 0, 0
3, 63, 101, 1247359470842, 5, 0, 200, 178, 0, 0, 3, 4
3, 63, 100, 1247359470842, 7, 0, 0, 0, 0, 0, 0, 0
3, 64, 101, 1247359470849, 4, 0, 200, 178, 0, 1, 2, 3
3, 64, 100, 1247359470849, 4, 0, 0, 0, 0, 0, 0, 0
0, 60, 101, 1247359470848, 5, 0, 200, 178, 0, 1, 1, 5
0, 60, 100, 1247359470847, 7, 0, 0, 0, 0, 0, 0, 0
3, 65, 101, 1247359470856, 3, 0, 200, 178, 0, 0, 1, 2
3, 65, 100, 1247359470856, 3, 0, 0, 0, 0, 0, 0, 0
0, 61, 101, 1247359470855, 5, 0, 200, 178, 0, 0, 3, 4
0, 61, 100, 1247359470855, 5, 0, 0, 0, 0, 0, 0, 0
0, 62, 101, 1247359470864, 6, 0, 200, 178, 0, 0, 1, 5
0, 62, 100, 1247359470864, 6, 0, 0, 0, 0, 0, 0, 0
3, 66, 101, 1247359470864, 7, 0, 200, 178, 0, 0, 4, 5
3, 66, 100, 1247359470864, 7, 0, 0, 0, 0, 0, 0, 0
0, 63, 101, 1247359470875, 3, 0, 200, 178, 0, 0, 1, 3
0, 63, 100, 1247359470875, 3, 0, 0, 0, 0, 0, 0, 0
3, 67, 101, 1247359470874, 7, 0, 200, 178, 0, 0, 3, 6
3, 67, 100, 1247359470874, 7, 0, 0, 0, 0, 0, 0, 0
3, 68, 101, 1247359470883, 22, 0, 200, 178, 0, 0, 11, 22
3, 68, 100, 1247359470883, 22, 0, 0, 0, 0, 0, 0, 0
0, 64, 101, 1247359470894, 12, 0, 200, 178, 0, 1, 11, 12
0, 64, 100, 1247359470894, 13, 0, 0, 0, 0, 0, 0, 0
0, 65, 101, 1247359470912, 14, 0, 200, 178, 0, 1, 12, 13
0, 65, 100, 1247359470912, 14, 0, 0, 0, 0, 0, 0, 0
0, 66, 101, 1247359470927, 3, 0, 200, 178, 0, 0, 1, 3
0, 66, 100, 1247359470927, 3, 0, 0, 0, 0, 0, 0, 0
3, 69, 101, 1247359470909, 25, 0, 200, 178, 0, 1, 2, 13
3, 69, 100, 1247359470909, 25, 0, 0, 0, 0, 0, 0, 0
3, 70, 101, 1247359470934, 23, 0, 200, 178, 0, 1, 10, 20
3, 70, 100, 1247359470934, 23, 0, 0, 0, 0, 0, 0, 0
3, 71, 101, 1247359470957, 5, 0, 200, 178, 0, 1, 1, 3
3, 71, 100, 1247359470957, 5, 0, 0, 0, 0, 0, 0, 0
3, 72, 101, 1247359470964, 5, 0, 200, 178, 0, 0, 1, 2
3, 72, 100, 1247359470963, 6, 0, 0, 0, 0, 0, 0, 0
0, 67, 101, 1247359470931, 15, 0, 200, 178, 0, 1, 1, 13
0, 67, 100, 1247359470930, 16, 0, 0, 0, 0, 0, 0, 0
3, 73, 101, 1247359470969, 10, 0, 200, 178, 0, 0, 1, 2
3, 73, 100, 1247359470969, 10, 0, 0, 0, 0, 0, 0, 0
3, 74, 101, 1247359470979, 4, 0, 200, 178, 0, 0, 1, 2
3, 74, 100, 1247359470979, 4, 0, 0, 0, 0, 0, 0, 0
0, 68, 101, 1247359470980, 3, 0, 200, 178, 0, 1, 1, 3
0, 68, 100, 1247359470980, 4, 0, 0, 0, 0, 0, 0, 0
3, 75, 101, 1247359470984, 2, 0, 200, 178, 0, 0, 1, 2
3, 75, 100, 1247359470984, 2, 0, 0, 0, 0, 0, 0, 0
0, 69, 101, 1247359470985, 3, 0, 200, 178, 0, 0, 1, 2
0, 69, 100, 1247359470984, 4, 0, 0, 0, 0, 0, 0, 0
3, 76, 101, 1247359470988, 3, 0, 200, 178, 0, 0, 1, 1
3, 76, 100, 1247359470988, 3, 0, 0, 0, 0, 0, 0, 0
0, 70, 101, 1247359470989, 3, 0, 200, 178, 0, 0, 2, 3
0, 70, 100, 1247359470989, 4, 0, 0, 0, 0, 0, 0, 0
3, 77, 101, 1247359470993, 2, 0, 200, 178, 0, 0, 1, 2
3, 77, 100, 1247359470993, 2, 0, 0, 0, 0, 0, 0, 0
0, 71, 101, 1247359470993, 5, 0, 200, 178, 0, 0, 2, 3
0, 71, 100, 1247359470993, 5, 0, 0, 0, 0, 0, 0, 0
0, 72, 101, 1247359470999, 6, 0, 200, 178, 0, 0, 0, 5
0, 72, 100, 1247359470998, 7, 0, 0, 0, 0, 0, 0, 0
3, 78, 101, 1247359470996, 9, 0, 200, 178, 0, 0, 2, 7
3, 78, 100, 1247359470996, 9, 0, 0, 0, 0, 0, 0, 0
3, 79, 101, 1247359471006, 4, 0, 200, 178, 0, 0, 0, 2
3, 79, 100, 1247359471006, 4, 0, 0, 0, 0, 0, 0, 0
0, 73, 101, 1247359471008, 4, 0, 200, 178, 0, 0, 2, 3
0, 73, 100, 1247359471008, 4, 0, 0, 0, 0, 0, 0, 0
0, 74, 101, 1247359471013, 4, 0, 200, 178, 0, 1, 2, 4
0, 74, 100, 1247359471013, 4, 0, 0, 0, 0, 0, 0, 0
3, 80, 101, 1247359471013, 7, 0, 200, 178, 0, 0, 2, 5
3, 80, 100, 1247359471011, 9, 0, 0, 0, 0, 0, 0, 0
3, 81, 101, 1247359471025, 3, 0, 200, 178, 0, 0, 1, 2
3, 81, 100, 1247359471022, 6, 0, 0, 0, 0, 0, 0, 0
0, 75, 101, 1247359471033, 3, 0, 200, 178, 0, 0, 1, 2
0, 75, 100, 1247359471026, 10, 0, 0, 0, 0, 0, 0, 0
3, 82, 101, 1247359471035, 3, 0, 200, 178, 0, 0, 1, 2
3, 82, 100, 1247359471033, 5, 0, 0, 0, 0, 0, 0, 0
0, 76, 101, 1247359471038, 17, 0, 200, 178, 0, 0, 15, 16
0, 76, 100, 1247359471037, 18, 0, 0, 0, 0, 0, 0, 0
3, 83, 101, 1247359471064, 3, 0, 200, 178, 0, 0, 2, 3
3, 83, 100, 1247359471064, 3, 0, 0, 0, 0, 0, 0, 0
0, 77, 101, 1247359471066, 3, 0, 200, 178, 0, 0, 2, 3
0, 77, 100, 1247359471066, 3, 0, 0, 0, 0, 0, 0, 0
3, 84, 101, 1247359471069, 3, 0, 200, 178, 0, 0, 1, 2
3, 84, 100, 1247359471069, 4, 0, 0, 0, 0, 0, 0, 0
0, 78, 101, 1247359471070, 12, 0, 200, 178, 0, 1, 3, 12
0, 78, 100, 1247359471070, 12, 0, 0, 0, 0, 0, 0, 0
3, 85, 101, 1247359471073, 13, 0, 200, 178, 0, 1, 12, 13
3, 85, 100, 1247359471073, 13, 0, 0, 0, 0, 0, 0, 0
0, 79, 101, 1247359471084, 3, 0, 200, 178, 0, 0, 1, 3
0, 79, 100, 1247359471084, 3, 0, 0, 0, 0, 0, 0, 0
3, 86, 101, 1247359471087, 3, 0, 200, 178, 0, 0, 1, 2
3, 86, 100, 1247359471087, 3, 0, 0, 0, 0, 0, 0, 0
0, 80, 101, 1247359471088, 3, 0, 200, 178, 0, 1, 1, 3
0, 80, 100, 1247359471088, 3, 0, 0, 0, 0, 0, 0, 0
3, 87, 101, 1247359471091, 3, 0, 200, 178, 0, 0, 1, 2
3, 87, 100, 1247359471091, 3, 0, 0, 0, 0, 0, 0, 0
0, 81, 101, 1247359471092, 3, 0, 200, 178, 0, 0, 1, 3
0, 81, 100, 1247359471092, 3, 0, 0, 0, 0, 0, 0, 0
3, 88, 101, 1247359471096, 48, 0, 200, 178, 0, 0, 1, 48
3, 88, 100, 1247359471096, 48, 0, 0, 0, 0, 0, 0, 0
0, 82, 101, 1247359471096, 58, 0, 200, 178, 0, 1, 49, 58
0, 82, 100, 1247359471096, 58, 0, 0, 0, 0, 0, 0, 0
3, 89, 101, 1247359471145, 19, 0, 200, 178, 0, 0, 10, 19
3, 89, 100, 1247359471145, 19, 0, 0, 0, 0, 0, 0, 0
0, 83, 101, 1247359471155, 11, 0, 200, 178, 0, 0, 10, 11
0, 83, 100, 1247359471155, 11, 0, 0, 0, 0, 0, 0, 0
3, 90, 101, 1247359471165, 237, 0, 200, 178, 0, 0, 2, 236
3, 90, 100, 1247359471165, 237, 0, 0, 0, 0, 0, 0, 0
3, 91, 101, 1247359471402, 2, 0, 200, 178, 0, 1, 1, 2
3, 91, 100, 1247359471402, 3, 0, 0, 0, 0, 0, 0, 0
3, 92, 101, 1247359471405, 2, 0, 200, 178, 0, 0, 0, 1
3, 92, 100, 1247359471405, 2, 0, 0, 0, 0, 0, 0, 0
3, 93, 101, 1247359471407, 2, 0, 200, 178, 0, 0, 1, 2
3, 93, 100, 1247359471407, 2, 0, 0, 0, 0, 0, 0, 0
3, 94, 101, 1247359471409, 2, 0, 200, 178, 0, 1, 1, 2
3, 94, 100, 1247359471409, 3, 0, 0, 0, 0, 0, 0, 0
3, 95, 101, 1247359471412, 2, 0, 200, 178, 0, 0, 1, 1
3, 95, 100, 1247359471412, 2, 0, 0, 0, 0, 0, 0, 0
3, 96, 101, 1247359471414, 2, 0, 200, 178, 0, 0, 1, 2
3, 96, 100, 1247359471414, 2, 0, 0, 0, 0, 0, 0, 0
3, 97, 101, 1247359471416, 2, 0, 200, 178, 0, 1, 1, 2
3, 97, 100, 1247359471416, 3, 0, 0, 0, 0, 0, 0, 0
3, 98, 101, 1247359471419, 2, 0, 200, 178, 0, 0, 1, 2
3, 98, 100, 1247359471419, 2, 0, 0, 0, 0, 0, 0, 0
3, 99, 101, 1247359471421, 2, 0, 200, 178, 0, 0, 0, 1
3, 99, 100, 1247359471421, 2, 0, 0, 0, 0, 0, 0, 0
0, 84, 101, 1247359471167, 257, 0, 200, 178, 0, 0, 256, 257
0, 84, 100, 1247359471167, 257, 0, 0, 0, 0, 0, 0, 0
0, 85, 101, 1247359471425, 2, 0, 200, 178, 0, 0, 0, 1
0, 85, 100, 1247359471425, 2, 0, 0, 0, 0, 0, 0, 0
0, 86, 101, 1247359471427, 3, 0, 200, 178, 0, 0, 1, 2
0, 86, 100, 1247359471427, 3, 0, 0, 0, 0, 0, 0, 0
0, 87, 101, 1247359471430, 2, 0, 200, 178, 0, 1, 1, 2
0, 87, 100, 1247359471430, 2, 0, 0, 0, 0, 0, 0, 0
0, 88, 101, 1247359471432, 2, 0, 200, 178, 0, 0, 0, 1
0, 88, 100, 1247359471432, 2, 0, 0, 0, 0, 0, 0, 0
0, 89, 101, 1247359471435, 2, 0, 200, 178, 0, 0, 1, 1
0, 89, 100, 1247359471435, 2, 0, 0, 0, 0, 0, 0, 0
0, 90, 101, 1247359471437, 2, 0, 200, 178, 0, 1, 1, 2
0, 90, 100, 1247359471437, 2, 0, 0, 0, 0, 0, 0, 0
0, 91, 101, 1247359471439, 2, 0, 200, 178, 0, 0, 0, 1
0, 91, 100, 1247359471439, 2, 0, 0, 0, 0, 0, 0, 0
0, 92, 101, 1247359471442, 2, 0, 200, 178, 0, 0, 1, 1
0, 92, 100, 1247359471442, 2, 0, 0, 0, 0, 0, 0, 0
0, 93, 101, 1247359471444, 3, 0, 200, 178, 0, 1, 1, 2
0, 93, 100, 1247359471444, 3, 0, 0, 0, 0, 0, 0, 0
0, 94, 101, 1247359471447, 2, 0, 200, 178, 0, 0, 1, 2
0, 94, 100, 1247359471447, 2, 0, 0, 0, 0, 0, 0, 0
0, 95, 101, 1247359471449, 4, 0, 200, 178, 0, 1, 2, 3
0, 95, 100, 1247359471449, 4, 0, 0, 0, 0, 0, 0, 0
0, 96, 101, 1247359471453, 3, 0, 200, 178, 0, 1, 1, 2
0, 96, 100, 1247359471453, 3, 0, 0, 0, 0, 0, 0, 0
0, 97, 101, 1247359471456, 2, 0, 200, 178, 0, 0, 1, 2
0, 97, 100, 1247359471456, 2, 0, 0, 0, 0, 0, 0, 0
0, 98, 101, 1247359471459, 2, 0, 200, 178, 0, 0, 0, 1
0, 98, 100, 1247359471459, 2, 0, 0, 0, 0, 0, 0, 0
0, 99, 101, 1247359471461, 2, 0, 200, 178, 0, 0, 1, 2
0, 99, 100, 1247359471461, 2, 0, 0, 0, 0, 0, 0, 0
