Thread, Run, Test, Start time (ms since Epoch), Test time, Errors, HTTP response code, HTTP response length, HTTP response errors, Time to resolve host, Time to establish connection, Time to first byte
4, 0, 101, 1247359467802, 106, 0, 200, 178, 0, 37, 38, 58
4, 0, 100, 1247359467802, 107, 0, 0, 0, 0, 0, 0, 0
0, 0, 101, 1247359467798, 115, 0, 200, 178, 0, 41, 42, 61
0, 0, 100, 1247359467781, 132, 0, 0, 0, 0, 0, 0, 0
4, 1, 101, 1247359467911, 6, 0, 200, 178, 0, 1, 3, 4
4, 1, 100, 1247359467911, 6, 0, 0, 0, 0, 0, 0, 0
1, 0, 101, 1247359467801, 119, 0, 200, 178, 0, 37, 38, 117
1, 0, 100, 1247359467781, 150, 0, 0, 0, 0, 0, 0, 0
1, 1, 101, 1247359467932, 17, 0, 200, 178, 0, 1, 2, 3
1, 1, 100, 1247359467932, 17, 0, 0, 0, 0, 0, 0, 0
4, 2, 101, 1247359467918, 56, 0, 200, 178, 0, 0, 35, 56
4, 2, 100, 1247359467918, 56, 0, 0, 0, 0, 0, 0, 0
1, 2, 101, 1247359467951, 31, 0, 200, 178, 0, 0, 1, 2
1, 2, 100, 1247359467951, 31, 0, 0, 0, 0, 0, 0, 0
4, 3, 101, 1247359467976, 8, 0, 200, 178, 0, 0, 1, 8
4, 3, 100, 1247359467976, 9, 0, 0, 0, 0, 0, 0, 0
1, 3, 101, 1247359467982, 4, 0, 200, 178, 0, 0, 2, 3
1, 3, 100, 1247359467982, 4, 0, 0, 0, 0, 0, 0, 0
2, 0, 101, 1247359467801, 173, 0, 200, 178, 0, 39, 40, 153
2, 0, 100, 1247359467781, 210, 0, 0, 0, 0, 0, 0, 0
3, 0, 101, 1247359467772, 203, 0, 200, 178, 0, 64, 72, 195
3, 0, 100, 1247359467769, 222, 0, 0, 0, 0, 0, 0, 0
2, 1, 101, 1247359467991, 5, 0, 200, 178, 0, 0, 1, 3
2, 1, 100, 1247359467991, 5, 0, 0, 0, 0, 0, 0, 0
0, 1, 101, 1247359467977, 21, 0, 200, 178, 0, 1, 17, 21
4, 4, 101, 1247359467985, 13, 0, 200, 178, 0, 1, 5, 13
0, 1, 100, 1247359467953, 46, 0, 0, 0, 0, 0, 0, 0
4, 4, 100, 1247359467985, 14, 0, 0, 0, 0, 0, 0, 0
3, 1, 101, 1247359467993, 6, 0, 200, 178, 0, 1, 3, 5
1, 4, 101, 1247359467987, 12, 0, 200, 178, 0, 0, 2, 11
1, 4, 100, 1247359467987, 13, 0, 0, 0, 0, 0, 0, 0
3, 1, 100, 1247359467992, 8, 0, 0, 0, 0, 0, 0, 0
2, 2, 101, 1247359467997, 3, 0, 200, 178, 0, 1, 2, 3
2, 2, 100, 1247359467997, 3, 0, 0, 0, 0, 0, 0, 0
2, 3, 101, 1247359468001, 3, 0, 200, 178, 0, 0, 1, 2
2, 3, 100, 1247359468001, 3, 0, 0, 0, 0, 0, 0, 0
3, 2, 101, 1247359468000, 4, 0, 200, 178, 0, 0, 1, 4
3, 2, 100, 1247359468000, 4, 0, 0, 0, 0, 0, 0, 0
0, 2, 101, 1247359468001, 6, 0, 200, 178, 0, 0, 4, 5
0, 2, 100, 1247359468001, 6, 0, 0, 0, 0, 0, 0, 0
2, 4, 101, 1247359468005, 3, 0, 200, 178, 0, 0, 1, 2
2, 4, 100, 1247359468005, 3, 0, 0, 0, 0, 0, 0, 0
4, 5, 101, 1247359468001, 8, 0, 200, 178, 0, 0, 4, 6
4, 5, 100, 1247359468001, 8, 0, 0, 0, 0, 0, 0, 0
2, 5, 101, 1247359468010, 3, 0, 200, 178, 0, 1, 2, 3
2, 5, 100, 1247359468010, 4, 0, 0, 0, 0, 0, 0, 0
1, 5, 101, 1247359468002, 13, 0, 200, 178, 0, 1, 2, 4
1, 5, 100, 1247359468001, 14, 0, 0, 0, 0, 0, 0, 0
0, 3, 101, 1247359468011, 7, 0, 200, 178, 0, 1, 2, 5
0, 3, 100, 1247359468011, 7, 0, 0, 0, 0, 0, 0, 0
2, 6, 101, 1247359468014, 5, 0, 200, 178, 0, 1, 3, 4
2, 6, 100, 1247359468014, 5, 0, 0, 0, 0, 0, 0, 0
1, 6, 101, 1247359468016, 4, 0, 200, 178, 0, 1, 2, 3
1, 6, 100, 1247359468016, 4, 0, 0, 0, 0, 0, 0, 0
3, 3, 101, 1247359468005, 15, 0, 200, 178, 0, 0, 2, 15
3, 3, 100, 1247359468005, 16, 0, 0, 0, 0, 0, 0, 0
4, 6, 101, 1247359468009, 13, 0, 200, 178, 0, 1, 2, 12
4, 6, 100, 1247359468009, 13, 0, 0, 0, 0, 0, 0, 0
1, 7, 101, 1247359468020, 3, 0, 200, 178, 0, 1, 2, 3
1, 7, 100, 1247359468020, 4, 0, 0, 0, 0, 0, 0, 0
3, 4, 101, 1247359468021, 3, 0, 200, 178, 0, 0, 2, 3
3, 4, 100, 1247359468021, 4, 0, 0, 0, 0, 0, 0, 0
4, 7, 101, 1247359468023, 3, 0, 200, 178, 0, 0, 2, 3
4, 7, 100, 1247359468023, 3, 0, 0, 0, 0, 0, 0, 0
3, 5, 101, 1247359468025, 4, 0, 200, 178, 0, 1, 2, 3
3, 5, 100, 1247359468025, 4, 0, 0, 0, 0, 0, 0, 0
4, 8, 101, 1247359468027, 3, 0, 200, 178, 0, 1, 1, 2
4, 8, 100, 1247359468027, 3, 0, 0, 0, 0, 0, 0, 0
2, 7, 101, 1247359468021, 11, 0, 200, 178, 0, 0, 1, 11
2, 7, 100, 1247359468021, 11, 0, 0, 0, 0, 0, 0, 0
0, 4, 101, 1247359468022, 11, 0, 200, 178, 0, 0, 6, 10
0, 4, 100, 1247359468022, 11, 0, 0, 0, 0, 0, 0, 0
4, 9, 101, 1247359468031, 3, 0, 200, 178, 0, 1, 1, 2
4, 9, 100, 1247359468031, 3, 0, 0, 0, 0, 0, 0, 0
1, 8, 101, 1247359468024, 11, 0, 200, 178, 0, 8, 9, 10
1, 8, 100, 1247359468024, 11, 0, 0, 0, 0, 0, 0, 0
3, 6, 101, 1247359468030, 5, 0, 200, 178, 0, 0, 1, 3
3, 6, 100, 1247359468030, 5, 0, 0, 0, 0, 0, 0, 0
0, 5, 101, 1247359468057, 5, 0, 200, 178, 0, 1, 1, 5
0, 5, 100, 1247359468057, 6, 0, 0, 0, 0, 0, 0, 0
1, 9, 101, 1247359468059, 6, 0, 200, 178, 0, 0, 4, 6
1, 9, 100, 1247359468059, 6, 0, 0, 0, 0, 0, 0, 0
0, 6, 101, 1247359468063, 11, 0, 200, 178, 0, 0, 9, 11
0, 6, 100, 1247359468063, 11, 0, 0, 0, 0, 0, 0, 0
3, 7, 101, 1247359468035, 40, 0, 200, 178, 0, 0, 4, 7
3, 7, 100, 1247359468035, 41, 0, 0, 0, 0, 0, 0, 0
2, 8, 101, 1247359468033, 49, 0, 200, 178, 0, 0, 23, 24
2, 8, 100, 1247359468033, 49, 0, 0, 0, 0, 0, 0, 0
3, 8, 101, 1247359468076, 8, 0, 200, 178, 0, 0, 1, 7
3, 8, 100, 1247359468076, 8, 0, 0, 0, 0, 0, 0, 0
0, 7, 101, 1247359468076, 10, 0, 200, 178, 0, 0, 7, 9
0, 7, 100, 1247359468076, 10, 0, 0, 0, 0, 0, 0, 0
4, 10, 101, 1247359468058, 30, 0, 200, 178, 0, 0, 25, 30
4, 10, 100, 1247359468057, 32, 0, 0, 0, 0, 0, 0, 0
1, 10, 101, 1247359468087, 6, 0, 200, 178, 0, 0, 1, 5
1, 10, 100, 1247359468083, 10, 0, 0, 0, 0, 0, 0, 0
0, 8, 101, 1247359468088, 6, 0, 200, 178, 0, 1, 4, 5
0, 8, 100, 1247359468088, 6, 0, 0, 0, 0, 0, 0, 0
3, 9, 101, 1247359468084, 13, 0, 200, 178, 0, 0, 5, 12
3, 9, 100, 1247359468084, 13, 0, 0, 0, 0, 0, 0, 0
1, 11, 101, 1247359468094, 3, 0, 200, 178, 0, 1, 2, 3
1, 11, 100, 1247359468093, 4, 0, 0, 0, 0, 0, 0, 0
2, 9, 101, 1247359468096, 4, 0, 200, 178, 0, 1, 1, 3
2, 9, 100, 1247359468084, 16, 0, 0, 0, 0, 0, 0, 0
4, 11, 101, 1247359468089, 12, 0, 200, 178, 0, 0, 1, 9
4, 11, 100, 1247359468089, 12, 0, 0, 0, 0, 0, 0, 0
0, 9, 101, 1247359468095, 6, 0, 200, 178, 0, 0, 5, 6
0, 9, 100, 1247359468095, 6, 0, 0, 0, 0, 0, 0, 0
3, 10, 101, 1247359468101, 3, 0, 200, 178, 0, 0, 2, 3
3, 10, 100, 1247359468100, 4, 0, 0, 0, 0, 0, 0, 0
4, 12, 101, 1247359468102, 3, 0, 200, 178, 0, 0, 1, 3
4, 12, 100, 1247359468102, 3, 0, 0, 0, 0, 0, 0, 0
3, 11, 101, 1247359468105, 4, 0, 200, 178, 0, 0, 1, 2
3, 11, 100, 1247359468105, 4, 0, 0, 0, 0, 0, 0, 0
4, 13, 101, 1247359468106, 3, 0, 200, 178, 0, 1, 1, 3
4, 13, 100, 1247359468106, 3, 0, 0, 0, 0, 0, 0, 0
3, 12, 101, 1247359468110, 3, 0, 200, 178, 0, 0, 1, 2
3, 12, 100, 1247359468110, 3, 0, 0, 0, 0, 0, 0, 0
4, 14, 101, 1247359468110, 4, 0, 200, 178, 0, 0, 1, 2
4, 14, 100, 1247359468110, 4, 0, 0, 0, 0, 0, 0, 0
4, 15, 101, 1247359468115, 2, 0, 200, 178, 0, 1, 1, 2
4, 15, 100, 1247359468115, 2, 0, 0, 0, 0, 0, 0, 0
0, 10, 101, 1247359468110, 8, 0, 200, 178, 0, 0, 1, 8
0, 10, 100, 1247359468102, 16, 0, 0, 0, 0, 0, 0, 0
1, 12, 101, 1247359468100, 17, 0, 200, 178, 0, 0, 1, 16
1, 12, 100, 1247359468100, 23, 0, 0, 0, 0, 0, 0, 0
3, 13, 101, 1247359468114, 11, 0, 200, 178, 0, 1, 2, 5
3, 13, 100, 1247359468114, 11, 0, 0, 0, 0, 0, 0, 0
2, 10, 101, 1247359468110, 15, 0, 200, 178, 0, 0, 7, 11
2, 10, 100, 1247359468110, 16, 0, 0, 0, 0, 0, 0, 0
2, 11, 101, 1247359468127, 4, 0, 200, 178, 0, 0, 2, 3
2, 11, 100, 1247359468127, 4, 0, 0, 0, 0, 0, 0, 0
4, 16, 101, 1247359468129, 3, 0, 200, 178, 0, 1, 1, 2
4, 16, 100, 1247359468128, 4, 0, 0, 0, 0, 0, 0, 0
1, 13, 101, 1247359468123, 9, 0, 200, 178, 0, 0, 1, 8
1, 13, 100, 1247359468123, 9, 0, 0, 0, 0, 0, 0, 0
0, 11, 101, 1247359468124, 8, 0, 200, 178, 0, 1, 1, 7
0, 11, 100, 1247359468123, 10, 0, 0, 0, 0, 0, 0, 0
2, 12, 101, 1247359468132, 3, 0, 200, 178, 0, 1, 1, 2
2, 12, 100, 1247359468132, 3, 0, 0, 0, 0, 0, 0, 0
3, 14, 101, 1247359468128, 8, 0, 200, 178, 0, 1, 6, 7
3, 14, 100, 1247359468128, 8, 0, 0, 0, 0, 0, 0, 0
0, 12, 101, 1247359468133, 10, 0, 200, 178, 0, 0, 1, 9
0, 12, 100, 1247359468133, 10, 0, 0, 0, 0, 0, 0, 0
2, 13, 101, 1247359468164, 3, 0, 200, 178, 0, 1, 2, 3
2, 13, 100, 1247359468164, 3, 0, 0, 0, 0, 0, 0, 0
4, 17, 101, 1247359468165, 4, 0, 200, 178, 0, 1, 3, 4
3, 15, 101, 1247359468166, 4, 0, 200, 178, 0, 0, 2, 4
3, 15, 100, 1247359468164, 6, 0, 0, 0, 0, 0, 0, 0
4, 17, 100, 1247359468164, 6, 0, 0, 0, 0, 0, 0, 0
1, 14, 101, 1247359468134, 10, 0, 200, 178, 0, 0, 8, 9
1, 14, 100, 1247359468134, 10, 0, 0, 0, 0, 0, 0, 0
0, 13, 101, 1247359468172, 35, 0, 200, 178, 0, 1, 33, 34
0, 13, 100, 1247359468143, 64, 0, 0, 0, 0, 0, 0, 0
1, 15, 101, 1247359468205, 4, 0, 200, 178, 0, 0, 1, 2
1, 15, 100, 1247359468205, 4, 0, 0, 0, 0, 0, 0, 0
0, 14, 101, 1247359468207, 4, 0, 200, 178, 0, 0, 1, 2
0, 14, 100, 1247359468207, 4, 0, 0, 0, 0, 0, 0, 0
4, 18, 101, 1247359468171, 42, 0, 200, 178, 0, 1, 34, 41
4, 18, 100, 1247359468171, 42, 0, 0, 0, 0, 0, 0, 0
2, 14, 101, 1247359468168, 46, 0, 200, 178, 0, 1, 37, 45
2, 14, 100, 1247359468168, 46, 0, 0, 0, 0, 0, 0, 0
0, 15, 101, 1247359468211, 4, 0, 200, 178, 0, 0, 1, 2
0, 15, 100, 1247359468211, 4, 0, 0, 0, 0, 0, 0, 0
0, 16, 101, 1247359468215, 3, 0, 200, 178, 0, 1, 2, 3
0, 16, 100, 1247359468215, 3, 0, 0, 0, 0, 0, 0, 0
3, 16, 101, 1247359468209, 12, 0, 200, 178, 0, 0, 1, 10
3, 16, 100, 1247359468194, 27, 0, 0, 0, 0, 0, 0, 0
1, 16, 101, 1247359468216, 6, 0, 200, 178, 0, 0, 1, 6
1, 16, 100, 1247359468212, 10, 0, 0, 0, 0, 0, 0, 0
0, 17, 101, 1247359468219, 5, 0, 200, 178, 0, 1, 2, 4
0, 17, 100, 1247359468219, 5, 0, 0, 0, 0, 0, 0, 0
2, 15, 101, 1247359468221, 4, 0, 200, 178, 0, 1, 2, 4
2, 15, 100, 1247359468217, 9, 0, 0, 0, 0, 0, 0, 0
0, 18, 101, 1247359468224, 3, 0, 200, 178, 0, 1, 2, 3
0, 18, 100, 1247359468224, 3, 0, 0, 0, 0, 0, 0, 0
4, 19, 101, 1247359468217, 11, 0, 200, 178, 0, 1, 2, 11
4, 19, 100, 1247359468217, 11, 0, 0, 0, 0, 0, 0, 0
3, 17, 101, 1247359468226, 4, 0, 200, 178, 0, 1, 2, 3
3, 17, 100, 1247359468226, 4, 0, 0, 0, 0, 0, 0, 0
1, 17, 101, 1247359468230, 3, 0, 200, 178, 0, 0, 1, 2
1, 17, 100, 1247359468230, 3, 0, 0, 0, 0, 0, 0, 0
2, 16, 101, 1247359468232, 3, 0, 200, 178, 0, 0, 1, 2
2, 16, 100, 1247359468232, 3, 0, 0, 0, 0, 0, 0, 0
4, 20, 101, 1247359468233, 4, 0, 200, 178, 0, 0, 1, 2
4, 20, 100, 1247359468231, 6, 0, 0, 0, 0, 0, 0, 0
0, 19, 101, 1247359468231, 7, 0, 200, 178, 0, 0, 4, 6
0, 19, 100, 1247359468230, 8, 0, 0, 0, 0, 0, 0, 0
3, 18, 101, 1247359468235, 4, 0, 200, 178, 0, 0, 1, 3
3, 18, 100, 1247359468235, 4, 0, 0, 0, 0, 0, 0, 0
1, 18, 101, 1247359468238, 4, 0, 200, 178, 0, 0, 1, 4
1, 18, 100, 1247359468238, 4, 0, 0, 0, 0, 0, 0, 0
0, 20, 101, 1247359468240, 3, 0, 200, 178, 0, 0, 1, 3
0, 20, 100, 1247359468240, 3, 0, 0, 0, 0, 0, 0, 0
2, 17, 101, 1247359468241, 4, 0, 200, 178, 0, 1, 2, 4
2, 17, 100, 1247359468240, 5, 0, 0, 0, 0, 0, 0, 0
4, 21, 101, 1247359468241, 6, 0, 200, 178, 0, 0, 5, 6
4, 21, 100, 1247359468240, 7, 0, 0, 0, 0, 0, 0, 0
3, 19, 101, 1247359468244, 5, 0, 200, 178, 0, 1, 2, 4
3, 19, 100, 1247359468244, 5, 0, 0, 0, 0, 0, 0, 0
0, 21, 101, 1247359468248, 3, 0, 200, 178, 0, 0, 1, 2
0, 21, 100, 1247359468247, 4, 0, 0, 0, 0, 0, 0, 0
1, 19, 101, 1247359468246, 6, 0, 200, 178, 0, 0, 1, 6
1, 19, 100, 1247359468246, 6, 0, 0, 0, 0, 0, 0, 0
2, 18, 101, 1247359468250, 4, 0, 200, 178, 0, 0, 1, 3
2, 18, 100, 1247359468250, 4, 0, 0, 0, 0, 0, 0, 0
4, 22, 101, 1247359468249, 6, 0, 200, 178, 0, 2, 3, 6
4, 22, 100, 1247359468249, 6, 0, 0, 0, 0, 0, 0, 0
3, 20, 101, 1247359468253, 4, 0, 200, 178, 0, 0, 1, 3
3, 20, 100, 1247359468253, 4, 0, 0, 0, 0, 0, 0, 0
0, 22, 101, 1247359468257, 7, 0, 200, 178, 0, 1, 4, 6
0, 22, 100, 1247359468255, 9, 0, 0, 0, 0, 0, 0, 0
4, 23, 101, 1247359468262, 3, 0, 200, 178, 0, 0, 1, 2
4, 23, 100, 1247359468258, 7, 0, 0, 0, 0, 0, 0, 0
1, 20, 101, 1247359468255, 11, 0, 200, 178, 0, 0, 1, 2
1, 20, 100, 1247359468255, 11, 0, 0, 0, 0, 0, 0, 0
2, 19, 101, 1247359468262, 9, 0, 200, 178, 0, 0, 4, 7
2, 19, 100, 1247359468262, 9, 0, 0, 0, 0, 0, 0, 0
3, 21, 101, 1247359468265, 8, 0, 200, 178, 0, 0, 1, 7
3, 21, 100, 1247359468265, 9, 0, 0, 0, 0, 0, 0, 0
1, 21, 101, 1247359468271, 3, 0, 200, 178, 0, 1, 2, 3
1, 21, 100, 1247359468271, 3, 0, 0, 0, 0, 0, 0, 0
0, 23, 101, 1247359468272, 6, 0, 200, 178, 0, 0, 4, 5
0, 23, 100, 1247359468271, 7, 0, 0, 0, 0, 0, 0, 0
4, 24, 101, 1247359468275, 19, 0, 200, 178, 0, 0, 3, 19
4, 24, 100, 1247359468275, 19, 0, 0, 0, 0, 0, 0, 0
2, 20, 101, 1247359468277, 19, 0, 200, 178, 0, 0, 1, 19
2, 20, 100, 1247359468276, 21, 0, 0, 0, 0, 0, 0, 0
1, 22, 101, 1247359468295, 3, 0, 200, 178, 0, 1, 2, 3
1, 22, 100, 1247359468295, 3, 0, 0, 0, 0, 0, 0, 0
3, 22, 101, 1247359468278, 22, 0, 200, 178, 0, 0, 16, 20
3, 22, 100, 1247359468278, 22, 0, 0, 0, 0, 0, 0, 0
0, 24, 101, 1247359468297, 4, 0, 200, 178, 0, 0, 1, 3
0, 24, 100, 1247359468295, 7, 0, 0, 0, 0, 0, 0, 0
4, 25, 101, 1247359468300, 14, 0, 200, 178, 0, 1, 2, 14
4, 25, 100, 1247359468300, 14, 0, 0, 0, 0, 0, 0, 0
3, 23, 101, 1247359468315, 7, 0, 200, 178, 0, 0, 5, 6
3, 23, 100, 1247359468314, 8, 0, 0, 0, 0, 0, 0, 0
2, 21, 101, 1247359468316, 8, 0, 200, 178, 0, 4, 6, 7
2, 21, 100, 1247359468315, 9, 0, 0, 0, 0, 0, 0, 0
0, 25, 101, 1247359468322, 3, 0, 200, 178, 0, 1, 1, 3
0, 25, 100, 1247359468322, 3, 0, 0, 0, 0, 0, 0, 0
4, 26, 101, 1247359468324, 21, 0, 200, 178, 0, 1, 2, 21
4, 26, 100, 1247359468323, 22, 0, 0, 0, 0, 0, 0, 0
1, 23, 101, 1247359468320, 26, 0, 200, 178, 0, 0, 2, 5
1, 23, 100, 1247359468320, 26, 0, 0, 0, 0, 0, 0, 0
3, 24, 101, 1247359468344, 3, 0, 200, 178, 0, 0, 2, 3
3, 24, 100, 1247359468326, 21, 0, 0, 0, 0, 0, 0, 0
2, 22, 101, 1247359468346, 4, 0, 200, 178, 0, 0, 1, 2
2, 22, 100, 1247359468346, 4, 0, 0, 0, 0, 0, 0, 0
1, 24, 101, 1247359468348, 3, 0, 200, 178, 0, 1, 2, 3
1, 24, 100, 1247359468348, 3, 0, 0, 0, 0, 0, 0, 0
4, 27, 101, 1247359468350, 3, 0, 200, 178, 0, 0, 2, 3
4, 27, 100, 1247359468349, 4, 0, 0, 0, 0, 0, 0, 0
2, 23, 101, 1247359468352, 4, 0, 200, 178, 0, 1, 2, 3
2, 23, 100, 1247359468352, 4, 0, 0, 0, 0, 0, 0, 0
3, 25, 101, 1247359468354, 3, 0, 200, 178, 0, 0, 1, 2
3, 25, 100, 1247359468352, 5, 0, 0, 0, 0, 0, 0, 0
1, 25, 101, 1247359468355, 4, 0, 200, 178, 0, 0, 2, 4
1, 25, 100, 1247359468355, 4, 0, 0, 0, 0, 0, 0, 0
4, 28, 101, 1247359468357, 4, 0, 200, 178, 0, 0, 1, 3
4, 28, 100, 1247359468357, 4, 0, 0, 0, 0, 0, 0, 0
2, 24, 101, 1247359468360, 3, 0, 200, 178, 0, 0, 1, 3
2, 24, 100, 1247359468360, 3, 0, 0, 0, 0, 0, 0, 0
3, 26, 101, 1247359468358, 6, 0, 200, 178, 0, 1, 4, 6
3, 26, 100, 1247359468358, 6, 0, 0, 0, 0, 0, 0, 0
0, 26, 101, 1247359468356, 8, 0, 200, 178, 0, 0, 1, 8
0, 26, 100, 1247359468335, 29, 0, 0, 0, 0, 0, 0, 0
1, 26, 101, 1247359468362, 4, 0, 200, 178, 0, 0, 2, 3
1, 26, 100, 1247359468362, 4, 0, 0, 0, 0, 0, 0, 0
3, 27, 101, 1247359468366, 909, 0, 200, 178, 0, 1, 2, 909
3, 27, 100, 1247359468366, 909, 0, 0, 0, 0, 0, 0, 0
2, 25, 101, 1247359468367, 910, 0, 200, 178, 0, 0, 908, 909
2, 25, 100, 1247359468367, 910, 0, 0, 0, 0, 0, 0, 0
0, 27, 101, 1247359468365, 912, 0, 200, 178, 0, 1, 1, 2
0, 27, 100, 1247359468365, 912, 0, 0, 0, 0, 0, 0, 0
4, 29, 101, 1247359468364, 913, 0, 200, 178, 0, 0, 1, 912
4, 29, 100, 1247359468364, 913, 0, 0, 0, 0, 0, 0, 0
0, 28, 101, 1247359469277, 3, 0, 200, 178, 0, 0, 1, 2
0, 28, 100, 1247359469277, 3, 0, 0, 0, 0, 0, 0, 0
4, 30, 101, 1247359469278, 3, 0, 200, 178, 0, 0, 1, 2
4, 30, 100, 1247359469278, 3, 0, 0, 0, 0, 0, 0, 0
0, 29, 101, 1247359469280, 3, 0, 200, 178, 0, 0, 1, 2
0, 29, 100, 1247359469280, 3, 0, 0, 0, 0, 0, 0, 0
2, 26, 101, 1247359469279, 4, 0, 200, 178, 0, 0, 1, 3
2, 26, 100, 1247359469279, 4, 0, 0, 0, 0, 0, 0, 0
3, 28, 101, 1247359469278, 6, 0, 200, 178, 0, 0, 2, 5
3, 28, 100, 1247359469278, 7, 0, 0, 0, 0, 0, 0, 0
4, 31, 101, 1247359469282, 3, 0, 200, 178, 0, 0, 1, 3
4, 31, 100, 1247359469281, 4, 0, 0, 0, 0, 0, 0, 0
0, 30, 101, 1247359469283, 2, 0, 200, 178, 0, 1, 1, 2
0, 30, 100, 1247359469283, 2, 0, 0, 0, 0, 0, 0, 0
3, 29, 101, 1247359469286, 3, 0, 200, 178, 0, 0, 1, 2
3, 29, 100, 1247359469286, 3, 0, 0, 0, 0, 0, 0, 0
4, 32, 101, 1247359469286, 4, 0, 200, 178, 0, 0, 1, 2
0, 31, 101, 1247359469287, 3, 0, 200, 178, 0, 0, 0, 1
4, 32, 100, 1247359469286, 4, 0, 0, 0, 0, 0, 0, 0
0, 31, 100, 1247359469287, 3, 0, 0, 0, 0, 0, 0, 0
2, 27, 101, 1247359469287, 4, 0, 200, 178, 0, 1, 2, 3
2, 27, 100, 1247359469287, 4, 0, 0, 0, 0, 0, 0, 0
1, 27, 101, 1247359468368, 929, 0, 200, 178, 0, 0, 1, 2
1, 27, 100, 1247359468368, 929, 0, 0, 0, 0, 0, 0, 0
3, 30, 101, 1247359469296, 3, 0, 200, 178, 0, 1, 1, 2
3, 30, 100, 1247359469296, 3, 0, 0, 0, 0, 0, 0, 0
4, 33, 101, 1247359469296, 3, 0, 200, 178, 0, 1, 2, 3
4, 33, 100, 1247359469296, 3, 0, 0, 0, 0, 0, 0, 0
1, 28, 101, 1247359469298, 4, 0, 200, 178, 0, 0, 1, 3
1, 28, 100, 1247359469298, 4, 0, 0, 0, 0, 0, 0, 0
2, 28, 101, 1247359469300, 3, 0, 200, 178, 0, 0, 1, 2
2, 28, 100, 1247359469300, 3, 0, 0, 0, 0, 0, 0, 0
0, 32, 101, 1247359469297, 7, 0, 200, 178, 0, 0, 1, 6
0, 32, 100, 1247359469296, 8, 0, 0, 0, 0, 0, 0, 0
4, 34, 101, 1247359469300, 5, 0, 200, 178, 0, 0, 2, 4
4, 34, 100, 1247359469300, 6, 0, 0, 0, 0, 0, 0, 0
1, 29, 101, 1247359469303, 3, 0, 200, 178, 0, 1, 2, 3
0, 33, 101, 1247359469304, 4, 0, 200, 178, 0, 0, 2, 4
1, 29, 100, 1247359469303, 3, 0, 0, 0, 0, 0, 0, 0
0, 33, 100, 1247359469304, 4, 0, 0, 0, 0, 0, 0, 0
3, 31, 101, 1247359469304, 3, 0, 200, 178, 0, 0, 1, 2
3, 31, 100, 1247359469304, 3, 0, 0, 0, 0, 0, 0, 0
2, 29, 101, 1247359469304, 8, 0, 200, 178, 0, 0, 6, 8
2, 29, 100, 1247359469304, 8, 0, 0, 0, 0, 0, 0, 0
1, 30, 101, 1247359469311, 4, 0, 200, 178, 0, 1, 2, 3
1, 30, 100, 1247359469311, 4, 0, 0, 0, 0, 0, 0, 0
4, 35, 101, 1247359469310, 5, 0, 200, 178, 0, 0, 3, 5
4, 35, 100, 1247359469310, 6, 0, 0, 0, 0, 0, 0, 0
2, 30, 101, 1247359469313, 3, 0, 200, 178, 0, 1, 2, 3
2, 30, 100, 1247359469313, 3, 0, 0, 0, 0, 0, 0, 0
0, 34, 101, 1247359469311, 7, 0, 200, 178, 0, 1, 1, 7
0, 34, 100, 1247359469311, 7, 0, 0, 0, 0, 0, 0, 0
4, 36, 101, 1247359469317, 3, 0, 200, 178, 0, 0, 1, 2
4, 36, 100, 1247359469316, 4, 0, 0, 0, 0, 0, 0, 0
2, 31, 101, 1247359469318, 4, 0, 200, 178, 0, 0, 1, 2
2, 31, 100, 1247359469318, 4, 0, 0, 0, 0, 0, 0, 0
1, 31, 101, 1247359469317, 6, 0, 200, 178, 0, 1, 4, 5
1, 31, 100, 1247359469317, 6, 0, 0, 0, 0, 0, 0, 0
4, 37, 101, 1247359469320, 4, 0, 200, 178, 0, 1, 1, 3
4, 37, 100, 1247359469320, 4, 0, 0, 0, 0, 0, 0, 0
2, 32, 101, 1247359469325, 10, 0, 200, 178, 0, 0, 9, 10
2, 32, 100, 1247359469325, 10, 0, 0, 0, 0, 0, 0, 0
0, 35, 101, 1247359469325, 11, 0, 200, 178, 0, 9, 9, 11
0, 35, 100, 1247359469325, 11, 0, 0, 0, 0, 0, 0, 0
4, 38, 101, 1247359469334, 3, 0, 200, 178, 0, 0, 2, 3
4, 38, 100, 1247359469325, 12, 0, 0, 0, 0, 0, 0, 0
3, 32, 101, 1247359469312, 26, 0, 200, 178, 0, 0, 22, 25
3, 32, 100, 1247359469312, 26, 0, 0, 0, 0, 0, 0, 0
2, 33, 101, 1247359469336, 3, 0, 200, 178, 0, 0, 1, 3
2, 33, 100, 1247359469336, 3, 0, 0, 0, 0, 0, 0, 0
4, 39, 101, 1247359469338, 3, 0, 200, 178, 0, 0, 1, 3
4, 39, 100, 1247359469338, 3, 0, 0, 0, 0, 0, 0, 0
2, 34, 101, 1247359469340, 3, 0, 200, 178, 0, 0, 1, 2
2, 34, 100, 1247359469340, 3, 0, 0, 0, 0, 0, 0, 0
4, 40, 101, 1247359469342, 3, 0, 200, 178, 0, 0, 1, 2
4, 40, 100, 1247359469342, 3, 0, 0, 0, 0, 0, 0, 0
2, 35, 101, 1247359469343, 3, 0, 200, 178, 0, 0, 0, 1
2, 35, 100, 1247359469343, 3, 0, 0, 0, 0, 0, 0, 0
0, 36, 101, 1247359469336, 10, 0, 200, 178, 0, 0, 1, 9
0, 36, 100, 1247359469336, 10, 0, 0, 0, 0, 0, 0, 0
3, 33, 101, 1247359469338, 11, 0, 200, 178, 0, 0, 9, 10
3, 33, 100, 1247359469338, 11, 0, 0, 0, 0, 0, 0, 0
0, 37, 101, 1247359469347, 2, 0, 200, 178, 0, 0, 0, 2
0, 37, 100, 1247359469346, 3, 0, 0, 0, 0, 0, 0, 0
2, 36, 101, 1247359469347, 3, 0, 200, 178, 0, 0, 1, 3
2, 36, 100, 1247359469347, 3, 0, 0, 0, 0, 0, 0, 0
4, 41, 101, 1247359469346, 5, 0, 200, 178, 0, 0, 1, 5
4, 41, 100, 1247359469346, 5, 0, 0, 0, 0, 0, 0, 0
0, 38, 101, 1247359469350, 2, 0, 200, 178, 0, 0, 1, 2
0, 38, 100, 1247359469350, 2, 0, 0, 0, 0, 0, 0, 0
3, 34, 101, 1247359469349, 4, 0, 200, 178, 0, 1, 1, 3
3, 34, 100, 1247359469349, 4, 0, 0, 0, 0, 0, 0, 0
0, 39, 101, 1247359469352, 3, 0, 200, 178, 0, 0, 0, 1
0, 39, 100, 1247359469352, 3, 0, 0, 0, 0, 0, 0, 0
4, 42, 101, 1247359469352, 3, 0, 200, 178, 0, 0, 1, 3
4, 42, 100, 1247359469352, 4, 0, 0, 0, 0, 0, 0, 0
3, 35, 101, 1247359469353, 4, 0, 200, 178, 0, 0, 1, 2
3, 35, 100, 1247359469353, 4, 0, 0, 0, 0, 0, 0, 0
0, 40, 101, 1247359469355, 3, 0, 200, 178, 0, 1, 2, 2
0, 40, 100, 1247359469355, 3, 0, 0, 0, 0, 0, 0, 0
4, 43, 101, 1247359469356, 3, 0, 200, 178, 0, 0, 1, 3
4, 43, 100, 1247359469356, 3, 0, 0, 0, 0, 0, 0, 0
2, 37, 101, 1247359469354, 6, 0, 200, 178, 0, 1, 4, 6
2, 37, 100, 1247359469354, 6, 0, 0, 0, 0, 0, 0, 0
0, 41, 101, 1247359469358, 3, 0, 200, 178, 0, 0, 0, 1
0, 41, 100, 1247359469358, 3, 0, 0, 0, 0, 0, 0, 0
3, 36, 101, 1247359469358, 4, 0, 200, 178, 0, 0, 2, 3
3, 36, 100, 1247359469358, 4, 0, 0, 0, 0, 0, 0, 0
2, 38, 101, 1247359469361, 3, 0, 200, 178, 0, 0, 1, 2
2, 38, 100, 1247359469361, 3, 0, 0, 0, 0, 0, 0, 0
0, 42, 101, 1247359469361, 3, 0, 200, 178, 0, 1, 1, 3
0, 42, 100, 1247359469361, 4, 0, 0, 0, 0, 0, 0, 0
4, 44, 101, 1247359469363, 3, 0, 200, 178, 0, 0, 1, 2
4, 44, 100, 1247359469362, 4, 0, 0, 0, 0, 0, 0, 0
3, 37, 101, 1247359469365, 3, 0, 200, 178, 0, 0, 1, 2
3, 37, 100, 1247359469363, 5, 0, 0, 0, 0, 0, 0, 0
2, 39, 101, 1247359469366, 4, 0, 200, 178, 0, 0, 1, 3
2, 39, 100, 1247359469366, 4, 0, 0, 0, 0, 0, 0, 0
4, 45, 101, 1247359469369, 3, 0, 200, 178, 0, 1, 1, 3
4, 45, 100, 1247359469368, 4, 0, 0, 0, 0, 0, 0, 0
3, 38, 101, 1247359469368, 3, 0, 200, 178, 0, 0, 1, 2
3, 38, 100, 1247359469368, 5, 0, 0, 0, 0, 0, 0, 0
0, 43, 101, 1247359469365, 9, 0, 200, 178, 0, 0, 7, 8
0, 43, 100, 1247359469365, 9, 0, 0, 0, 0, 0, 0, 0
2, 40, 101, 1247359469372, 4, 0, 200, 178, 0, 0, 1, 2
2, 40, 100, 1247359469372, 4, 0, 0, 0, 0, 0, 0, 0
0, 44, 101, 1247359469374, 46, 0, 200, 178, 0, 1, 1, 3
0, 44, 100, 1247359469374, 46, 0, 0, 0, 0, 0, 0, 0
4, 46, 101, 1247359469374, 46, 0, 200, 178, 0, 0, 1, 3
4, 46, 100, 1247359469373, 47, 0, 0, 0, 0, 0, 0, 0
1, 32, 101, 1247359469324, 97, 0, 200, 178, 0, 1, 2, 97
1, 32, 100, 1247359469324, 97, 0, 0, 0, 0, 0, 0, 0
0, 45, 101, 1247359469420, 4, 0, 200, 178, 0, 0, 1, 3
0, 45, 100, 1247359469420, 4, 0, 0, 0, 0, 0, 0, 0
2, 41, 101, 1247359469376, 48, 0, 200, 178, 0, 0, 1, 3
2, 41, 100, 1247359469376, 48, 0, 0, 0, 0, 0, 0, 0
1, 33, 101, 1247359469422, 4, 0, 200, 178, 0, 0, 1, 4
1, 33, 100, 1247359469422, 4, 0, 0, 0, 0, 0, 0, 0
0, 46, 101, 1247359469424, 4, 0, 200, 178, 0, 0, 1, 3
0, 46, 100, 1247359469424, 4, 0, 0, 0, 0, 0, 0, 0
4, 47, 101, 1247359469420, 8, 0, 200, 178, 0, 2, 3, 7
4, 47, 100, 1247359469420, 8, 0, 0, 0, 0, 0, 0, 0
3, 39, 101, 1247359469374, 55, 0, 200, 178, 0, 0, 1, 50
3, 39, 100, 1247359469373, 56, 0, 0, 0, 0, 0, 0, 0
1, 34, 101, 1247359469428, 3, 0, 200, 178, 0, 1, 2, 3
1, 34, 100, 1247359469428, 3, 0, 0, 0, 0, 0, 0, 0
0, 47, 101, 1247359469429, 2, 0, 200, 178, 0, 0, 1, 2
0, 47, 100, 1247359469429, 3, 0, 0, 0, 0, 0, 0, 0
3, 40, 101, 1247359469430, 3, 0, 200, 178, 0, 0, 2, 3
3, 40, 100, 1247359469430, 3, 0, 0, 0, 0, 0, 0, 0
4, 48, 101, 1247359469429, 4, 0, 200, 178, 0, 0, 0, 3
4, 48, 100, 1247359469429, 4, 0, 0, 0, 0, 0, 0, 0
2, 42, 101, 1247359469425, 9, 0, 200, 178, 0, 0, 1, 5
2, 42, 100, 1247359469425, 9, 0, 0, 0, 0, 0, 0, 0
1, 35, 101, 1247359469432, 4, 0, 200, 178, 0, 0, 2, 3
1, 35, 100, 1247359469432, 4, 0, 0, 0, 0, 0, 0, 0
0, 48, 101, 1247359469433, 3, 0, 200, 178, 0, 0, 1, 3
0, 48, 100, 1247359469432, 4, 0, 0, 0, 0, 0, 0, 0
4, 49, 101, 1247359469434, 3, 0, 200, 178, 0, 0, 1, 3
4, 49, 100, 1247359469434, 4, 0, 0, 0, 0, 0, 0, 0
3, 41, 101, 1247359469434, 3, 0, 200, 178, 0, 0, 1, 2
3, 41, 100, 1247359469434, 3, 0, 0, 0, 0, 0, 0, 0
1, 36, 101, 1247359469436, 3, 0, 200, 178, 0, 1, 1, 2
1, 36, 100, 1247359469436, 3, 0, 0, 0, 0, 0, 0, 0
2, 43, 101, 1247359469438, 3, 0, 200, 178, 0, 0, 1, 3
2, 43, 100, 1247359469438, 3, 0, 0, 0, 0, 0, 0, 0
1, 37, 101, 1247359469439, 5, 0, 200, 178, 0, 0, 1, 4
1, 37, 100, 1247359469439, 5, 0, 0, 0, 0, 0, 0, 0
0, 49, 101, 1247359469436, 11, 0, 200, 178, 0, 0, 1, 8
0, 49, 100, 1247359469436, 11, 0, 0, 0, 0, 0, 0, 0
2, 44, 101, 1247359469442, 5, 0, 200, 178, 0, 1, 3, 5
2, 44, 100, 1247359469442, 5, 0, 0, 0, 0, 0, 0, 0
4, 50, 101, 1247359469438, 10, 0, 200, 178, 0, 0, 1, 8
4, 50, 100, 1247359469438, 10, 0, 0, 0, 0, 0, 0, 0
1, 38, 101, 1247359469445, 4, 0, 200, 178, 0, 0, 1, 3
1, 38, 100, 1247359469445, 4, 0, 0, 0, 0, 0, 0, 0
0, 50, 101, 1247359469447, 3, 0, 200, 178, 0, 0, 1, 2
0, 50, 100, 1247359469447, 3, 0, 0, 0, 0, 0, 0, 0
3, 42, 101, 1247359469439, 12, 0, 200, 178, 0, 1, 9, 11
3, 42, 100, 1247359469439, 12, 0, 0, 0, 0, 0, 0, 0
1, 39, 101, 1247359469449, 4, 0, 200, 178, 0, 1, 2, 3
1, 39, 100, 1247359469449, 4, 0, 0, 0, 0, 0, 0, 0
4, 51, 101, 1247359469449, 6, 0, 200, 178, 0, 0, 4, 6
4, 51, 100, 1247359469448, 7, 0, 0, 0, 0, 0, 0, 0
3, 43, 101, 1247359469453, 3, 0, 200, 178, 0, 0, 1, 2
3, 43, 100, 1247359469452, 4, 0, 0, 0, 0, 0, 0, 0
0, 51, 101, 1247359469452, 5, 0, 200, 178, 0, 0, 1, 4
0, 51, 100, 1247359469452, 5, 0, 0, 0, 0, 0, 0, 0
2, 45, 101, 1247359469454, 4, 0, 200, 178, 0, 1, 1, 4
2, 45, 100, 1247359469454, 4, 0, 0, 0, 0, 0, 0, 0
1, 40, 101, 1247359469453, 6, 0, 200, 178, 0, 1, 2, 6
1, 40, 100, 1247359469453, 6, 0, 0, 0, 0, 0, 0, 0
4, 52, 101, 1247359469457, 3, 0, 200, 178, 0, 0, 1, 3
4, 52, 100, 1247359469457, 4, 0, 0, 0, 0, 0, 0, 0
3, 44, 101, 1247359469458, 53, 0, 200, 178, 0, 0, 1, 2
3, 44, 100, 1247359469458, 53, 0, 0, 0, 0, 0, 0, 0
0, 52, 101, 1247359469458, 54, 0, 200, 178, 0, 0, 3, 54
0, 52, 100, 1247359469458, 54, 0, 0, 0, 0, 0, 0, 0
1, 41, 101, 1247359469460, 53, 0, 200, 178, 0, 0, 1, 52
1, 41, 100, 1247359469460, 53, 0, 0, 0, 0, 0, 0, 0
2, 46, 101, 1247359469512, 3, 0, 200, 178, 0, 0, 1, 3
2, 46, 100, 1247359469511, 4, 0, 0, 0, 0, 0, 0, 0
0, 53, 101, 1247359469513, 3, 0, 200, 178, 0, 0, 1, 2
0, 53, 100, 1247359469513, 3, 0, 0, 0, 0, 0, 0, 0
4, 53, 101, 1247359469512, 4, 0, 200, 178, 0, 1, 2, 4
4, 53, 100, 1247359469512, 4, 0, 0, 0, 0, 0, 0, 0
3, 45, 101, 1247359469514, 3, 0, 200, 178, 0, 0, 1, 2
3, 45, 100, 1247359469514, 3, 0, 0, 0, 0, 0, 0, 0
1, 42, 101, 1247359469513, 5, 0, 200, 178, 0, 1, 3, 4
1, 42, 100, 1247359469513, 5, 0, 0, 0, 0, 0, 0, 0
0, 54, 101, 1247359469517, 3, 0, 200, 178, 0, 0, 1, 2
0, 54, 100, 1247359469517, 3, 0, 0, 0, 0, 0, 0, 0
3, 46, 101, 1247359469517, 4, 0, 200, 178, 0, 0, 1, 3
3, 46, 100, 1247359469517, 4, 0, 0, 0, 0, 0, 0, 0
1, 43, 101, 1247359469518, 4, 0, 200, 178, 0, 0, 1, 3
1, 43, 100, 1247359469518, 4, 0, 0, 0, 0, 0, 0, 0
4, 54, 101, 1247359469517, 4, 0, 200, 178, 0, 0, 1, 4
4, 54, 100, 1247359469517, 5, 0, 0, 0, 0, 0, 0, 0
0, 55, 101, 1247359469520, 4, 0, 200, 178, 0, 0, 1, 3
0, 55, 100, 1247359469520, 4, 0, 0, 0, 0, 0, 0, 0
3, 47, 101, 1247359469522, 3, 0, 200, 178, 0, 0, 1, 2
3, 47, 100, 1247359469522, 3, 0, 0, 0, 0, 0, 0, 0
1, 44, 101, 1247359469523, 3, 0, 200, 178, 0, 0, 1, 3
1, 44, 100, 1247359469523, 3, 0, 0, 0, 0, 0, 0, 0
0, 56, 101, 1247359469524, 2, 0, 200, 178, 0, 0, 1, 2
0, 56, 100, 1247359469524, 2, 0, 0, 0, 0, 0, 0, 0
2, 47, 101, 1247359469519, 8, 0, 200, 178, 0, 1, 5, 7
2, 47, 100, 1247359469519, 8, 0, 0, 0, 0, 0, 0, 0
1, 45, 101, 1247359469527, 4, 0, 200, 178, 0, 1, 1, 3
3, 48, 101, 1247359469525, 6, 0, 200, 178, 0, 0, 1, 4
1, 45, 100, 1247359469527, 4, 0, 0, 0, 0, 0, 0, 0
3, 48, 100, 1247359469525, 6, 0, 0, 0, 0, 0, 0, 0
4, 55, 101, 1247359469524, 7, 0, 200, 178, 0, 0, 4, 7
4, 55, 100, 1247359469523, 8, 0, 0, 0, 0, 0, 0, 0
0, 57, 101, 1247359469531, 3, 0, 200, 178, 0, 1, 2, 2
0, 57, 100, 1247359469531, 3, 0, 0, 0, 0, 0, 0, 0
4, 56, 101, 1247359469532, 4, 0, 200, 178, 0, 0, 1, 3
4, 56, 100, 1247359469532, 4, 0, 0, 0, 0, 0, 0, 0
2, 48, 101, 1247359469529, 8, 0, 200, 178, 0, 5, 5, 7
2, 48, 100, 1247359469528, 9, 0, 0, 0, 0, 0, 0, 0
1, 46, 101, 1247359469533, 4, 0, 200, 178, 0, 0, 1, 4
1, 46, 100, 1247359469532, 6, 0, 0, 0, 0, 0, 0, 0
3, 49, 101, 1247359469537, 3, 0, 200, 178, 0, 0, 1, 2
3, 49, 100, 1247359469534, 6, 0, 0, 0, 0, 0, 0, 0
4, 57, 101, 1247359469538, 3, 0, 200, 178, 0, 0, 1, 3
4, 57, 100, 1247359469538, 3, 0, 0, 0, 0, 0, 0, 0
1, 47, 101, 1247359469539, 5, 0, 200, 178, 0, 0, 3, 4
1, 47, 100, 1247359469538, 6, 0, 0, 0, 0, 0, 0, 0
2, 49, 101, 1247359469549, 3, 0, 200, 178, 0, 0, 1, 2
2, 49, 100, 1247359469548, 4, 0, 0, 0, 0, 0, 0, 0
4, 58, 101, 1247359469552, 16, 0, 200, 178, 0, 0, 1, 16
4, 58, 100, 1247359469551, 17, 0, 0, 0, 0, 0, 0, 0
1, 48, 101, 1247359469553, 21, 0, 200, 178, 0, 0, 2, 18
1, 48, 100, 1247359469553, 21, 0, 0, 0, 0, 0, 0, 0
3, 50, 101, 1247359469547, 21, 0, 200, 178, 0, 0, 19, 20
3, 50, 100, 1247359469543, 26, 0, 0, 0, 0, 0, 0, 0
0, 58, 101, 1247359469540, 17, 0, 200, 178, 0, 0, 1, 16
0, 58, 100, 1247359469540, 17, 0, 0, 0, 0, 0, 0, 0
0, 59, 101, 1247359469577, 3, 0, 200, 178, 0, 0, 1, 2
0, 59, 100, 1247359469577, 3, 0, 0, 0, 0, 0, 0, 0
3, 51, 101, 1247359469578, 6, 0, 200, 178, 0, 1, 4, 6
3, 51, 100, 1247359469578, 7, 0, 0, 0, 0, 0, 0, 0
0, 60, 101, 1247359469581, 10, 0, 200, 178, 0, 0, 3, 9
0, 60, 100, 1247359469581, 10, 0, 0, 0, 0, 0, 0, 0
2, 50, 101, 1247359469585, 7, 0, 200, 178, 0, 1, 6, 7
2, 50, 100, 1247359469583, 10, 0, 0, 0, 0, 0, 0, 0
1, 49, 101, 1247359469591, 3, 0, 200, 178, 0, 1, 2, 3
1, 49, 100, 1247359469585, 9, 0, 0, 0, 0, 0, 0, 0
4, 59, 101, 1247359469580, 16, 0, 200, 178, 0, 0, 14, 15
4, 59, 100, 1247359469579, 17, 0, 0, 0, 0, 0, 0, 0
3, 52, 101, 1247359469591, 8, 0, 200, 178, 0, 1, 7, 8
3, 52, 100, 1247359469591, 8, 0, 0, 0, 0, 0, 0, 0
0, 61, 101, 1247359469598, 3, 0, 200, 178, 0, 0, 1, 3
0, 61, 100, 1247359469598, 3, 0, 0, 0, 0, 0, 0, 0
4, 60, 101, 1247359469598, 5, 0, 200, 178, 0, 1, 1, 4
4, 60, 100, 1247359469598, 5, 0, 0, 0, 0, 0, 0, 0
3, 53, 101, 1247359469603, 3, 0, 200, 178, 0, 1, 2, 3
3, 53, 100, 1247359469603, 3, 0, 0, 0, 0, 0, 0, 0
2, 51, 101, 1247359469600, 8, 0, 200, 178, 0, 0, 5, 7
2, 51, 100, 1247359469600, 8, 0, 0, 0, 0, 0, 0, 0
4, 61, 101, 1247359469606, 3, 0, 200, 178, 0, 1, 2, 3
4, 61, 100, 1247359469606, 3, 0, 0, 0, 0, 0, 0, 0
1, 50, 101, 1247359469601, 9, 0, 200, 178, 0, 3, 4, 8
1, 50, 100, 1247359469600, 10, 0, 0, 0, 0, 0, 0, 0
0, 62, 101, 1247359469606, 11, 0, 200, 178, 0, 0, 9, 10
0, 62, 100, 1247359469606, 11, 0, 0, 0, 0, 0, 0, 0
3, 54, 101, 1247359469619, 11, 0, 200, 178, 0, 0, 8, 10
3, 54, 100, 1247359469619, 11, 0, 0, 0, 0, 0, 0, 0
0, 63, 101, 1247359469626, 7, 0, 200, 178, 0, 0, 1, 4
0, 63, 100, 1247359469620, 13, 0, 0, 0, 0, 0, 0, 0
1, 51, 101, 1247359469621, 19, 0, 200, 178, 0, 1, 17, 18
1, 51, 100, 1247359469621, 19, 0, 0, 0, 0, 0, 0, 0
0, 64, 101, 1247359469637, 5, 0, 200, 178, 0, 1, 3, 5
0, 64, 100, 1247359469637, 5, 0, 0, 0, 0, 0, 0, 0
2, 52, 101, 1247359469631, 12, 0, 200, 178, 0, 1, 9, 12
2, 52, 100, 1247359469627, 16, 0, 0, 0, 0, 0, 0, 0
3, 55, 101, 1247359469637, 11, 0, 200, 178, 0, 5, 6, 11
3, 55, 100, 1247359469634, 14, 0, 0, 0, 0, 0, 0, 0
4, 62, 101, 1247359469644, 5, 0, 200, 178, 0, 0, 2, 5
4, 62, 100, 1247359469643, 7, 0, 0, 0, 0, 0, 0, 0
1, 52, 101, 1247359469646, 8, 0, 200, 178, 0, 0, 1, 7
1, 52, 100, 1247359469646, 9, 0, 0, 0, 0, 0, 0, 0
2, 53, 101, 1247359469647, 8, 0, 200, 178, 0, 1, 6, 8
2, 53, 100, 1247359469646, 9, 0, 0, 0, 0, 0, 0, 0
3, 56, 101, 1247359469649, 8, 0, 200, 178, 0, 0, 2, 8
3, 56, 100, 1247359469649, 8, 0, 0, 0, 0, 0, 0, 0
0, 65, 101, 1247359469649, 9, 0, 200, 178, 0, 0, 1, 8
0, 65, 100, 1247359469649, 9, 0, 0, 0, 0, 0, 0, 0
0, 66, 101, 1247359469659, 3, 0, 200, 178, 0, 1, 1, 3
0, 66, 100, 1247359469659, 3, 0, 0, 0, 0, 0, 0, 0
3, 57, 101, 1247359469660, 6, 0, 200, 178, 0, 0, 3, 6
3, 57, 100, 1247359469660, 10, 0, 0, 0, 0, 0, 0, 0
4, 63, 101, 1247359469656, 15, 0, 200, 178, 0, 0, 12, 13
4, 63, 100, 1247359469656, 15, 0, 0, 0, 0, 0, 0, 0
1, 53, 101, 1247359469669, 7, 0, 200, 178, 0, 0, 4, 6
1, 53, 100, 1247359469668, 9, 0, 0, 0, 0, 0, 0, 0
0, 67, 101, 1247359469669, 8, 0, 200, 178, 0, 0, 1, 8
0, 67, 100, 1247359469669, 8, 0, 0, 0, 0, 0, 0, 0
3, 58, 101, 1247359469670, 10, 0, 200, 178, 0, 0, 7, 9
3, 58, 100, 1247359469670, 10, 0, 0, 0, 0, 0, 0, 0
2, 54, 101, 1247359469668, 12, 0, 200, 178, 0, 0, 1, 2
2, 54, 100, 1247359469658, 22, 0, 0, 0, 0, 0, 0, 0
4, 64, 101, 1247359469680, 4, 0, 200, 178, 0, 1, 2, 3
4, 64, 100, 1247359469678, 6, 0, 0, 0, 0, 0, 0, 0
2, 55, 101, 1247359469681, 3, 0, 200, 178, 0, 0, 1, 3
2, 55, 100, 1247359469680, 4, 0, 0, 0, 0, 0, 0, 0
1, 54, 101, 1247359469681, 4, 0, 200, 178, 0, 0, 3, 4
1, 54, 100, 1247359469680, 5, 0, 0, 0, 0, 0, 0, 0
0, 68, 101, 1247359469681, 18, 0, 200, 178, 0, 0, 16, 17
0, 68, 100, 1247359469681, 18, 0, 0, 0, 0, 0, 0, 0
4, 65, 101, 1247359469699, 24, 0, 200, 178, 0, 1, 23, 24
4, 65, 100, 1247359469698, 25, 0, 0, 0, 0, 0, 0, 0
3, 59, 101, 1247359469682, 42, 0, 200, 178, 0, 0, 22, 41
3, 59, 100, 1247359469682, 42, 0, 0, 0, 0, 0, 0, 0
2, 56, 101, 1247359469723, 3, 0, 200, 178, 0, 0, 1, 3
2, 56, 100, 1247359469704, 23, 0, 0, 0, 0, 0, 0, 0
1, 55, 101, 1247359469724, 4, 0, 200, 178, 0, 0, 1, 3
1, 55, 100, 1247359469722, 6, 0, 0, 0, 0, 0, 0, 0
4, 66, 101, 1247359469724, 5, 0, 200, 178, 0, 1, 2, 4
3, 60, 101, 1247359469725, 4, 0, 200, 178, 0, 1, 2, 4
4, 66, 100, 1247359469724, 5, 0, 0, 0, 0, 0, 0, 0
3, 60, 100, 1247359469725, 4, 0, 0, 0, 0, 0, 0, 0
0, 69, 101, 1247359469727, 3, 0, 200, 178, 0, 0, 1, 2
0, 69, 100, 1247359469722, 8, 0, 0, 0, 0, 0, 0, 0
2, 57, 101, 1247359469730, 3, 0, 200, 178, 0, 1, 1, 2
2, 57, 100, 1247359469729, 4, 0, 0, 0, 0, 0, 0, 0
1, 56, 101, 1247359469731, 7, 0, 200, 178, 0, 0, 4, 6
1, 56, 100, 1247359469731, 7, 0, 0, 0, 0, 0, 0, 0
4, 67, 101, 1247359469730, 9, 0, 200, 178, 0, 0, 1, 8
4, 67, 100, 1247359469729, 10, 0, 0, 0, 0, 0, 0, 0
3, 61, 101, 1247359469734, 6, 0, 200, 178, 0, 0, 1, 5
3, 61, 100, 1247359469734, 6, 0, 0, 0, 0, 0, 0, 0
0, 70, 101, 1247359469740, 4, 0, 200, 178, 0, 1, 1, 4
0, 70, 100, 1247359469739, 5, 0, 0, 0, 0, 0, 0, 0
3, 62, 101, 1247359469742, 3, 0, 200, 178, 0, 1, 2, 3
3, 62, 100, 1247359469742, 3, 0, 0, 0, 0, 0, 0, 0
1, 57, 101, 1247359469741, 5, 0, 200, 178, 0, 0, 1, 5
1, 57, 100, 1247359469741, 5, 0, 0, 0, 0, 0, 0, 0
2, 58, 101, 1247359469738, 9, 0, 200, 178, 0, 0, 1, 9
2, 58, 100, 1247359469738, 9, 0, 0, 0, 0, 0, 0, 0
2, 59, 101, 1247359469748, 3, 0, 200, 178, 0, 0, 1, 3
2, 59, 100, 1247359469748, 3, 0, 0, 0, 0, 0, 0, 0
4, 68, 101, 1247359469749, 3, 0, 200, 178, 0, 0, 1, 2
4, 68, 100, 1247359469740, 12, 0, 0, 0, 0, 0, 0, 0
2, 60, 101, 1247359469752, 6, 0, 200, 178, 0, 1, 1, 6
2, 60, 100, 1247359469751, 7, 0, 0, 0, 0, 0, 0, 0
4, 69, 101, 1247359469753, 13, 0, 200, 178, 0, 0, 6, 13
4, 69, 100, 1247359469753, 13, 0, 0, 0, 0, 0, 0, 0
2, 61, 101, 1247359469759, 8, 0, 200, 178, 0, 0, 7, 8
2, 61, 100, 1247359469759, 9, 0, 0, 0, 0, 0, 0, 0
2, 62, 101, 1247359469768, 8, 0, 200, 178, 0, 0, 1, 8
2, 62, 100, 1247359469768, 8, 0, 0, 0, 0, 0, 0, 0
4, 70, 101, 1247359469769, 8, 0, 200, 178, 0, 0, 7, 8
4, 70, 100, 1247359469769, 8, 0, 0, 0, 0, 0, 0, 0
2, 63, 101, 1247359469777, 11, 0, 200, 178, 0, 1, 2, 11
2, 63, 100, 1247359469777, 12, 0, 0, 0, 0, 0, 0, 0
4, 71, 101, 1247359469778, 11, 0, 200, 178, 0, 0, 2, 11
4, 71, 100, 1247359469778, 11, 0, 0, 0, 0, 0, 0, 0
1, 58, 101, 1247359469748, 46, 0, 200, 178, 0, 0, 1, 46
1, 58, 100, 1247359469748, 46, 0, 0, 0, 0, 0, 0, 0
0, 71, 101, 1247359469749, 47, 0, 200, 178, 0, 1, 1, 46
0, 71, 100, 1247359469749, 47, 0, 0, 0, 0, 0, 0, 0
4, 72, 101, 1247359469789, 9, 0, 200, 178, 0, 0, 1, 7
4, 72, 100, 1247359469789, 9, 0, 0, 0, 0, 0, 0, 0
2, 64, 101, 1247359469790, 9, 0, 200, 178, 0, 0, 7, 8
2, 64, 100, 1247359469789, 10, 0, 0, 0, 0, 0, 0, 0
4, 73, 101, 1247359469799, 9, 0, 200, 178, 0, 1, 1, 9
4, 73, 100, 1247359469799, 9, 0, 0, 0, 0, 0, 0, 0
2, 65, 101, 1247359469800, 9, 0, 200, 178, 0, 0, 8, 9
2, 65, 100, 1247359469799, 10, 0, 0, 0, 0, 0, 0, 0
2, 66, 101, 1247359469810, 6, 0, 200, 178, 0, 0, 1, 6
2, 66, 100, 1247359469810, 6, 0, 0, 0, 0, 0, 0, 0
4, 74, 101, 1247359469810, 7, 0, 200, 178, 0, 1, 6, 7
4, 74, 100, 1247359469810, 7, 0, 0, 0, 0, 0, 0, 0
0, 72, 101, 1247359469802, 48, 0, 200, 178, 0, 1, 12, 47
0, 72, 100, 1247359469801, 49, 0, 0, 0, 0, 0, 0, 0
4, 75, 101, 1247359469848, 3, 0, 200, 178, 0, 0, 1, 3
4, 75, 100, 1247359469818, 33, 0, 0, 0, 0, 0, 0, 0
0, 73, 101, 1247359469850, 2, 0, 200, 178, 0, 0, 1, 2
0, 73, 100, 1247359469850, 2, 0, 0, 0, 0, 0, 0, 0
3, 63, 101, 1247359469795, 7, 0, 200, 178, 0, 0, 1, 7
3, 63, 100, 1247359469750, 52, 0, 0, 0, 0, 0, 0, 0
4, 76, 101, 1247359469852, 2, 0, 200, 178, 0, 0, 1, 2
4, 76, 100, 1247359469851, 3, 0, 0, 0, 0, 0, 0, 0
0, 74, 101, 1247359469853, 3, 0, 200, 178, 0, 0, 2, 2
0, 74, 100, 1247359469853, 3, 0, 0, 0, 0, 0, 0, 0
1, 59, 101, 1247359469814, 43, 0, 200, 178, 0, 0, 4, 43
1, 59, 100, 1247359469801, 56, 0, 0, 0, 0, 0, 0, 0
4, 77, 101, 1247359469855, 3, 0, 200, 178, 0, 0, 1, 3
4, 77, 100, 1247359469855, 3, 0, 0, 0, 0, 0, 0, 0
0, 75, 101, 1247359469856, 3, 0, 200, 178, 0, 1, 1, 3
1, 60, 101, 1247359469857, 3, 0, 200, 178, 0, 0, 0, 1
1, 60, 100, 1247359469857, 3, 0, 0, 0, 0, 0, 0, 0
0, 75, 100, 1247359469856, 3, 0, 0, 0, 0, 0, 0, 0
2, 67, 101, 1247359469818, 43, 0, 200, 178, 0, 40, 41, 43
2, 67, 100, 1247359469818, 43, 0, 0, 0, 0, 0, 0, 0
4, 78, 101, 1247359469858, 3, 0, 200, 178, 0, 0, 1, 2
4, 78, 100, 1247359469858, 3, 0, 0, 0, 0, 0, 0, 0
1, 61, 101, 1247359469860, 2, 0, 200, 178, 0, 0, 1, 2
1, 61, 100, 1247359469860, 3, 0, 0, 0, 0, 0, 0, 0
0, 76, 101, 1247359469860, 3, 0, 200, 178, 0, 0, 1, 3
0, 76, 100, 1247359469860, 3, 0, 0, 0, 0, 0, 0, 0
1, 62, 101, 1247359469864, 3, 0, 200, 178, 0, 0, 1, 2
1, 62, 100, 1247359469863, 4, 0, 0, 0, 0, 0, 0, 0
2, 68, 101, 1247359469861, 6, 0, 200, 178, 0, 1, 5, 6
2, 68, 100, 1247359469861, 6, 0, 0, 0, 0, 0, 0, 0
0, 77, 101, 1247359469864, 4, 0, 200, 178, 0, 0, 0, 3
0, 77, 100, 1247359469864, 4, 0, 0, 0, 0, 0, 0, 0
2, 69, 101, 1247359469867, 2, 0, 200, 178, 0, 0, 0, 1
2, 69, 100, 1247359469867, 2, 0, 0, 0, 0, 0, 0, 0
1, 63, 101, 1247359469867, 3, 0, 200, 178, 0, 1, 2, 3
1, 63, 100, 1247359469867, 3, 0, 0, 0, 0, 0, 0, 0
3, 64, 101, 1247359469857, 15, 0, 200, 178, 0, 0, 4, 14
3, 64, 100, 1247359469857, 15, 0, 0, 0, 0, 0, 0, 0
4, 79, 101, 1247359469865, 9, 0, 200, 178, 0, 0, 1, 8
4, 79, 100, 1247359469865, 9, 0, 0, 0, 0, 0, 0, 0
1, 64, 101, 1247359469871, 2, 0, 200, 178, 0, 0, 1, 2
1, 64, 100, 1247359469871, 2, 0, 0, 0, 0, 0, 0, 0
0, 78, 101, 1247359469869, 4, 0, 200, 178, 0, 1, 2, 3
0, 78, 100, 1247359469869, 4, 0, 0, 0, 0, 0, 0, 0
2, 70, 101, 1247359469870, 2, 0, 200, 178, 0, 0, 1, 2
2, 70, 100, 1247359469870, 2, 0, 0, 0, 0, 0, 0, 0
1, 65, 101, 1247359469876, 3, 0, 200, 178, 0, 0, 1, 2
1, 65, 100, 1247359469876, 3, 0, 0, 0, 0, 0, 0, 0
0, 79, 101, 1247359469876, 4, 0, 200, 178, 0, 0, 0, 2
0, 79, 100, 1247359469876, 4, 0, 0, 0, 0, 0, 0, 0
3, 65, 101, 1247359469878, 3, 0, 200, 178, 0, 0, 1, 2
3, 65, 100, 1247359469877, 4, 0, 0, 0, 0, 0, 0, 0
4, 80, 101, 1247359469881, 4, 0, 200, 178, 0, 0, 1, 3
4, 80, 100, 1247359469880, 5, 0, 0, 0, 0, 0, 0, 0
1, 66, 101, 1247359469882, 3, 0, 200, 178, 0, 0, 1, 3
1, 66, 100, 1247359469882, 3, 0, 0, 0, 0, 0, 0, 0
0, 80, 101, 1247359469883, 4, 0, 200, 178, 0, 0, 2, 4
0, 80, 100, 1247359469882, 5, 0, 0, 0, 0, 0, 0, 0
2, 71, 101, 1247359469876, 4, 0, 200, 178, 0, 0, 2, 3
2, 71, 100, 1247359469876, 4, 0, 0, 0, 0, 0, 0, 0
3, 66, 101, 1247359469883, 6, 0, 200, 178, 0, 3, 4, 6
3, 66, 100, 1247359469883, 6, 0, 0, 0, 0, 0, 0, 0
4, 81, 101, 1247359469888, 2, 0, 200, 178, 0, 0, 1, 2
4, 81, 100, 1247359469888, 2, 0, 0, 0, 0, 0, 0, 0
1, 67, 101, 1247359469886, 6, 0, 200, 178, 0, 0, 4, 5
1, 67, 100, 1247359469886, 6, 0, 0, 0, 0, 0, 0, 0
0, 81, 101, 1247359469888, 15, 0, 200, 178, 0, 1, 4, 5
0, 81, 100, 1247359469888, 15, 0, 0, 0, 0, 0, 0, 0
2, 72, 101, 1247359469888, 16, 0, 200, 178, 0, 0, 8, 15
2, 72, 100, 1247359469888, 16, 0, 0, 0, 0, 0, 0, 0
3, 67, 101, 1247359469892, 14, 0, 200, 178, 0, 0, 1, 13
3, 67, 100, 1247359469892, 14, 0, 0, 0, 0, 0, 0, 0
2, 73, 101, 1247359469905, 2, 0, 200, 178, 0, 0, 1, 2
2, 73, 100, 1247359469904, 3, 0, 0, 0, 0, 0, 0, 0
4, 82, 101, 1247359469894, 14, 0, 200, 178, 0, 0, 4, 5
4, 82, 100, 1247359469893, 15, 0, 0, 0, 0, 0, 0, 0
1, 68, 101, 1247359469893, 18, 0, 200, 178, 0, 9, 16, 17
1, 68, 100, 1247359469893, 18, 0, 0, 0, 0, 0, 0, 0
0, 82, 101, 1247359469906, 6, 0, 200, 178, 0, 1, 3, 5
0, 82, 100, 1247359469906, 6, 0, 0, 0, 0, 0, 0, 0
2, 74, 101, 1247359469909, 3, 0, 200, 178, 0, 0, 1, 3
2, 74, 100, 1247359469908, 4, 0, 0, 0, 0, 0, 0, 0
2, 75, 101, 1247359469913, 3, 0, 200, 178, 0, 0, 1, 2
2, 75, 100, 1247359469913, 3, 0, 0, 0, 0, 0, 0, 0
3, 68, 101, 1247359469910, 6, 0, 200, 178, 0, 0, 5, 6
3, 68, 100, 1247359469909, 7, 0, 0, 0, 0, 0, 0, 0
4, 83, 101, 1247359469913, 6, 0, 200, 178, 0, 0, 3, 5
4, 83, 100, 1247359469913, 6, 0, 0, 0, 0, 0, 0, 0
1, 69, 101, 1247359469914, 5, 0, 200, 178, 0, 1, 3, 4
1, 69, 100, 1247359469913, 6, 0, 0, 0, 0, 0, 0, 0
0, 83, 101, 1247359469916, 5, 0, 200, 178, 0, 0, 3, 4
0, 83, 100, 1247359469916, 5, 0, 0, 0, 0, 0, 0, 0
2, 76, 101, 1247359469917, 19, 0, 200, 178, 0, 0, 1, 17
2, 76, 100, 1247359469917, 19, 0, 0, 0, 0, 0, 0, 0
3, 69, 101, 1247359469920, 24, 0, 200, 178, 0, 1, 2, 23
4, 84, 101, 1247359469937, 12, 0, 200, 178, 0, 7, 8, 11
1, 70, 101, 1247359469936, 11, 0, 200, 178, 0, 1, 1, 8
3, 69, 100, 1247359469920, 30, 0, 0, 0, 0, 0, 0, 0
1, 70, 100, 1247359469929, 18, 0, 0, 0, 0, 0, 0, 0
4, 84, 100, 1247359469937, 13, 0, 0, 0, 0, 0, 0, 0
0, 84, 101, 1247359469941, 10, 0, 200, 178, 0, 5, 8, 10
0, 84, 100, 1247359469941, 10, 0, 0, 0, 0, 0, 0, 0
3, 70, 101, 1247359469952, 4, 0, 200, 178, 0, 0, 3, 4
3, 70, 100, 1247359469950, 6, 0, 0, 0, 0, 0, 0, 0
1, 71, 101, 1247359469952, 5, 0, 200, 178, 0, 0, 2, 3
1, 71, 100, 1247359469952, 5, 0, 0, 0, 0, 0, 0, 0
2, 77, 101, 1247359469947, 10, 0, 200, 178, 0, 0, 5, 6
2, 77, 100, 1247359469944, 13, 0, 0, 0, 0, 0, 0, 0
4, 85, 101, 1247359469955, 4, 0, 200, 178, 0, 0, 3, 4
4, 85, 100, 1247359469954, 5, 0, 0, 0, 0, 0, 0, 0
0, 85, 101, 1247359469954, 6, 0, 200, 178, 0, 0, 4, 6
0, 85, 100, 1247359469954, 6, 0, 0, 0, 0, 0, 0, 0
3, 71, 101, 1247359469958, 4, 0, 200, 178, 0, 1, 2, 3
3, 71, 100, 1247359469958, 4, 0, 0, 0, 0, 0, 0, 0
2, 78, 101, 1247359469957, 6, 0, 200, 178, 0, 1, 1, 5
2, 78, 100, 1247359469957, 6, 0, 0, 0, 0, 0, 0, 0
1, 72, 101, 1247359469961, 5, 0, 200, 178, 0, 0, 1, 4
1, 72, 100, 1247359469959, 7, 0, 0, 0, 0, 0, 0, 0
0, 86, 101, 1247359469963, 4, 0, 200, 178, 0, 1, 1, 3
0, 86, 100, 1247359469963, 4, 0, 0, 0, 0, 0, 0, 0
4, 86, 101, 1247359469964, 4, 0, 200, 178, 0, 0, 2, 4
4, 86, 100, 1247359469964, 4, 0, 0, 0, 0, 0, 0, 0
2, 79, 101, 1247359469965, 4, 0, 200, 178, 0, 0, 1, 4
2, 79, 100, 1247359469965, 4, 0, 0, 0, 0, 0, 0, 0
3, 72, 101, 1247359469967, 15, 0, 200, 178, 0, 2, 3, 6
3, 72, 100, 1247359469967, 15, 0, 0, 0, 0, 0, 0, 0
1, 73, 101, 1247359469970, 25, 0, 200, 178, 0, 0, 12, 15
1, 73, 100, 1247359469970, 26, 0, 0, 0, 0, 0, 0, 0
4, 87, 101, 1247359469971, 43, 0, 200, 178, 0, 1, 2, 25
4, 87, 100, 1247359469971, 43, 0, 0, 0, 0, 0, 0, 0
0, 87, 101, 1247359469970, 18, 0, 200, 178, 0, 0, 15, 17
0, 87, 100, 1247359469970, 18, 0, 0, 0, 0, 0, 0, 0
2, 80, 101, 1247359469982, 34, 0, 200, 178, 0, 10, 28, 30
2, 80, 100, 1247359469982, 34, 0, 0, 0, 0, 0, 0, 0
3, 73, 101, 1247359470014, 3, 0, 200, 178, 0, 1, 1, 3
3, 73, 100, 1247359470013, 4, 0, 0, 0, 0, 0, 0, 0
1, 74, 101, 1247359470016, 182, 0, 200, 178, 0, 0, 1, 180
1, 74, 100, 1247359470016, 182, 0, 0, 0, 0, 0, 0, 0
0, 88, 101, 1247359470194, 5, 0, 200, 178, 0, 0, 1, 3
0, 88, 100, 1247359470018, 181, 0, 0, 0, 0, 0, 0, 0
4, 88, 101, 1247359470018, 183, 0, 200, 178, 0, 162, 162, 182
4, 88, 100, 1247359470018, 183, 0, 0, 0, 0, 0, 0, 0
2, 81, 101, 1247359470199, 3, 0, 200, 178, 0, 1, 1, 3
2, 81, 100, 1247359470194, 8, 0, 0, 0, 0, 0, 0, 0
3, 74, 101, 1247359470200, 14, 0, 200, 178, 0, 0, 4, 14
3, 74, 100, 1247359470180, 34, 0, 0, 0, 0, 0, 0, 0
4, 89, 101, 1247359470216, 7, 0, 200, 178, 0, 0, 5, 7
4, 89, 100, 1247359470216, 7, 0, 0, 0, 0, 0, 0, 0
1, 75, 101, 1247359470217, 8, 0, 200, 178, 0, 0, 5, 7
1, 75, 100, 1247359470216, 9, 0, 0, 0, 0, 0, 0, 0
3, 75, 101, 1247359470222, 4, 0, 200, 178, 0, 0, 2, 4
3, 75, 100, 1247359470222, 4, 0, 0, 0, 0, 0, 0, 0
0, 89, 101, 1247359470232, 3, 0, 200, 178, 0, 1, 2, 3
0, 89, 100, 1247359470232, 3, 0, 0, 0, 0, 0, 0, 0
2, 82, 101, 1247359470220, 16, 0, 200, 178, 0, 0, 1, 16
2, 82, 100, 1247359470220, 16, 0, 0, 0, 0, 0, 0, 0
1, 76, 101, 1247359470237, 3, 0, 200, 178, 0, 0, 1, 2
1, 76, 100, 1247359470237, 3, 0, 0, 0, 0, 0, 0, 0
2, 83, 101, 1247359470239, 3, 0, 200, 178, 0, 0, 1, 3
2, 83, 100, 1247359470239, 3, 0, 0, 0, 0, 0, 0, 0
4, 90, 101, 1247359470237, 6, 0, 200, 178, 0, 0, 3, 5
4, 90, 100, 1247359470237, 6, 0, 0, 0, 0, 0, 0, 0
3, 76, 101, 1247359470241, 3, 0, 200, 178, 0, 0, 2, 2
3, 76, 100, 1247359470241, 3, 0, 0, 0, 0, 0, 0, 0
4, 91, 101, 1247359470244, 3, 0, 200, 178, 0, 1, 2, 3
4, 91, 100, 1247359470244, 3, 0, 0, 0, 0, 0, 0, 0
0, 90, 101, 1247359470249, 4, 0, 200, 178, 0, 0, 1, 2
0, 90, 100, 1247359470245, 8, 0, 0, 0, 0, 0, 0, 0
1, 77, 101, 1247359470245, 11, 0, 200, 178, 0, 0, 8, 10
1, 77, 100, 1247359470245, 11, 0, 0, 0, 0, 0, 0, 0
3, 77, 101, 1247359470256, 3, 0, 200, 178, 0, 0, 1, 2
3, 77, 100, 1247359470256, 3, 0, 0, 0, 0, 0, 0, 0
2, 84, 101, 1247359470254, 9, 0, 200, 178, 0, 0, 5, 8
2, 84, 100, 1247359470254, 9, 0, 0, 0, 0, 0, 0, 0
1, 78, 101, 1247359470261, 3, 0, 200, 178, 0, 0, 1, 3
1, 78, 100, 1247359470261, 3, 0, 0, 0, 0, 0, 0, 0
4, 92, 101, 1247359470260, 5, 0, 200, 178, 0, 0, 1, 5
4, 92, 100, 1247359470260, 5, 0, 0, 0, 0, 0, 0, 0
0, 91, 101, 1247359470264, 5, 0, 200, 178, 0, 1, 2, 5
0, 91, 100, 1247359470263, 6, 0, 0, 0, 0, 0, 0, 0
2, 85, 101, 1247359470267, 11, 0, 200, 178, 0, 0, 6, 10
2, 85, 100, 1247359470266, 12, 0, 0, 0, 0, 0, 0, 0
4, 93, 101, 1247359470271, 11, 0, 200, 178, 0, 1, 6, 11
4, 93, 100, 1247359470270, 12, 0, 0, 0, 0, 0, 0, 0
3, 78, 101, 1247359470270, 13, 0, 200, 178, 0, 0, 1, 12
3, 78, 100, 1247359470268, 15, 0, 0, 0, 0, 0, 0, 0
1, 79, 101, 1247359470275, 10, 0, 200, 178, 0, 1, 2, 10
1, 79, 100, 1247359470273, 12, 0, 0, 0, 0, 0, 0, 0
0, 92, 101, 1247359470283, 3, 0, 200, 178, 0, 0, 0, 1
0, 92, 100, 1247359470283, 3, 0, 0, 0, 0, 0, 0, 0
2, 86, 101, 1247359470288, 3, 0, 200, 178, 0, 0, 1, 2
2, 86, 100, 1247359470288, 3, 0, 0, 0, 0, 0, 0, 0
2, 87, 101, 1247359470302, 3, 0, 200, 178, 0, 0, 1, 2
2, 87, 100, 1247359470300, 5, 0, 0, 0, 0, 0, 0, 0
3, 79, 101, 1247359470290, 16, 0, 200, 178, 0, 0, 1, 16
3, 79, 100, 1247359470289, 17, 0, 0, 0, 0, 0, 0, 0
4, 94, 101, 1247359470290, 18, 0, 200, 178, 0, 1, 16, 18
4, 94, 100, 1247359470290, 18, 0, 0, 0, 0, 0, 0, 0
1, 80, 101, 1247359470304, 6, 0, 200, 178, 0, 0, 1, 6
1, 80, 100, 1247359470304, 6, 0, 0, 0, 0, 0, 0, 0
0, 93, 101, 1247359470307, 4, 0, 200, 178, 0, 0, 1, 3
0, 93, 100, 1247359470307, 4, 0, 0, 0, 0, 0, 0, 0
4, 95, 101, 1247359470313, 20, 0, 200, 178, 0, 0, 1, 19
4, 95, 100, 1247359470312, 21, 0, 0, 0, 0, 0, 0, 0
2, 88, 101, 1247359470326, 8, 0, 200, 178, 0, 1, 2, 6
2, 88, 100, 1247359470325, 9, 0, 0, 0, 0, 0, 0, 0
1, 81, 101, 1247359470315, 20, 0, 200, 178, 0, 0, 1, 3
1, 81, 100, 1247359470314, 21, 0, 0, 0, 0, 0, 0, 0
0, 94, 101, 1247359470332, 4, 0, 200, 178, 0, 0, 1, 3
0, 94, 100, 1247359470332, 4, 0, 0, 0, 0, 0, 0, 0
3, 80, 101, 1247359470312, 24, 0, 200, 178, 0, 0, 1, 24
3, 80, 100, 1247359470312, 24, 0, 0, 0, 0, 0, 0, 0
4, 96, 101, 1247359470334, 2, 0, 200, 178, 0, 0, 1, 2
4, 96, 100, 1247359470333, 3, 0, 0, 0, 0, 0, 0, 0
3, 81, 101, 1247359470336, 3, 0, 200, 178, 0, 0, 1, 2
3, 81, 100, 1247359470336, 3, 0, 0, 0, 0, 0, 0, 0
1, 82, 101, 1247359470338, 4, 0, 200, 178, 0, 1, 2, 3
1, 82, 100, 1247359470338, 4, 0, 0, 0, 0, 0, 0, 0
2, 89, 101, 1247359470340, 3, 0, 200, 178, 0, 0, 1, 3
2, 89, 100, 1247359470334, 9, 0, 0, 0, 0, 0, 0, 0
3, 82, 101, 1247359470342, 9, 0, 200, 178, 0, 1, 2, 8
3, 82, 100, 1247359470342, 9, 0, 0, 0, 0, 0, 0, 0
1, 83, 101, 1247359470350, 3, 0, 200, 178, 0, 0, 1, 2
1, 83, 100, 1247359470350, 3, 0, 0, 0, 0, 0, 0, 0
2, 90, 101, 1247359470353, 4, 0, 200, 178, 0, 0, 1, 3
2, 90, 100, 1247359470353, 4, 0, 0, 0, 0, 0, 0, 0
0, 95, 101, 1247359470354, 3, 0, 200, 178, 0, 0, 1, 3
0, 95, 100, 1247359470339, 18, 0, 0, 0, 0, 0, 0, 0
4, 97, 101, 1247359470359, 8, 0, 200, 178, 0, 1, 2, 7
4, 97, 100, 1247359470357, 10, 0, 0, 0, 0, 0, 0, 0
1, 84, 101, 1247359470367, 3, 0, 200, 178, 0, 0, 1, 2
1, 84, 100, 1247359470367, 3, 0, 0, 0, 0, 0, 0, 0
0, 96, 101, 1247359470365, 3, 0, 200, 178, 0, 0, 1, 2
0, 96, 100, 1247359470362, 6, 0, 0, 0, 0, 0, 0, 0
4, 98, 101, 1247359470370, 3, 0, 200, 178, 0, 0, 1, 3
4, 98, 100, 1247359470370, 3, 0, 0, 0, 0, 0, 0, 0
0, 97, 101, 1247359470373, 4, 0, 200, 178, 0, 0, 1, 2
0, 97, 100, 1247359470373, 4, 0, 0, 0, 0, 0, 0, 0
4, 99, 101, 1247359470376, 3, 0, 200, 178, 0, 0, 1, 3
4, 99, 100, 1247359470376, 3, 0, 0, 0, 0, 0, 0, 0
3, 83, 101, 1247359470355, 2, 0, 200, 178, 0, 0, 1, 2
3, 83, 100, 1247359470355, 2, 0, 0, 0, 0, 0, 0, 0
2, 91, 101, 1247359470368, 24, 0, 200, 178, 0, 0, 12, 23
2, 91, 100, 1247359470368, 24, 0, 0, 0, 0, 0, 0, 0
0, 98, 101, 1247359470384, 11, 0, 200, 178, 0, 0, 1, 10
0, 98, 100, 1247359470382, 13, 0, 0, 0, 0, 0, 0, 0
3, 84, 101, 1247359470380, 17, 0, 200, 178, 0, 0, 14, 16
3, 84, 100, 1247359470380, 17, 0, 0, 0, 0, 0, 0, 0
1, 85, 101, 1247359470394, 6, 0, 200, 178, 0, 1, 4, 5
1, 85, 100, 1247359470394, 6, 0, 0, 0, 0, 0, 0, 0
2, 92, 101, 1247359470397, 4, 0, 200, 178, 0, 0, 2, 4
2, 92, 100, 1247359470397, 4, 0, 0, 0, 0, 0, 0, 0
3, 85, 101, 1247359470398, 6, 0, 200, 178, 0, 0, 3, 5
3, 85, 100, 1247359470397, 7, 0, 0, 0, 0, 0, 0, 0
1, 86, 101, 1247359470402, 4, 0, 200, 178, 0, 0, 1, 3
1, 86, 100, 1247359470402, 4, 0, 0, 0, 0, 0, 0, 0
2, 93, 101, 1247359470406, 3, 0, 200, 178, 0, 0, 1, 2
2, 93, 100, 1247359470406, 3, 0, 0, 0, 0, 0, 0, 0
0, 99, 101, 1247359470412, 4, 0, 200, 178, 0, 0, 1, 3
0, 99, 100, 1247359470411, 5, 0, 0, 0, 0, 0, 0, 0
3, 86, 101, 1247359470407, 10, 0, 200, 178, 0, 0, 2, 10
3, 86, 100, 1247359470406, 11, 0, 0, 0, 0, 0, 0, 0
1, 87, 101, 1247359470418, 5, 0, 200, 178, 0, 0, 1, 5
1, 87, 100, 1247359470417, 6, 0, 0, 0, 0, 0, 0, 0
2, 94, 101, 1247359470419, 5, 0, 200, 178, 0, 0, 1, 3
2, 94, 100, 1247359470418, 6, 0, 0, 0, 0, 0, 0, 0
3, 87, 101, 1247359470421, 4, 0, 200, 178, 0, 1, 1, 3
3, 87, 100, 1247359470421, 4, 0, 0, 0, 0, 0, 0, 0
2, 95, 101, 1247359470921, 4, 0, 200, 178, 0, 0, 1, 2
2, 95, 100, 1247359470913, 12, 0, 0, 0, 0, 0, 0, 0
1, 88, 101, 1247359470426, 519, 0, 200, 178, 0, 0, 1, 518
1, 88, 100, 1247359470425, 520, 0, 0, 0, 0, 0, 0, 0
1, 89, 101, 1247359470945, 2, 0, 200, 178, 0, 0, 1, 2
1, 89, 100, 1247359470945, 2, 0, 0, 0, 0, 0, 0, 0
2, 96, 101, 1247359470944, 4, 0, 200, 178, 0, 0, 1, 3
2, 96, 100, 1247359470944, 4, 0, 0, 0, 0, 0, 0, 0
1, 90, 101, 1247359470948, 3, 0, 200, 178, 0, 0, 1, 2
1, 90, 100, 1247359470948, 3, 0, 0, 0, 0, 0, 0, 0
2, 97, 101, 1247359470949, 2, 0, 200, 178, 0, 0, 0, 2
2, 97, 100, 1247359470949, 2, 0, 0, 0, 0, 0, 0, 0
1, 91, 101, 1247359470952, 3, 0, 200, 178, 0, 0, 1, 2
1, 91, 100, 1247359470952, 3, 0, 0, 0, 0, 0, 0, 0
2, 98, 101, 1247359470953, 2, 0, 200, 178, 0, 0, 0, 2
2, 98, 100, 1247359470953, 2, 0, 0, 0, 0, 0, 0, 0
1, 92, 101, 1247359470956, 2, 0, 200, 178, 0, 0, 1, 1
1, 92, 100, 1247359470955, 3, 0, 0, 0, 0, 0, 0, 0
2, 99, 101, 1247359470956, 2, 0, 200, 178, 0, 0, 1, 2
2, 99, 100, 1247359470956, 3, 0, 0, 0, 0, 0, 0, 0
1, 93, 101, 1247359470959, 2, 0, 200, 178, 0, 0, 1, 2
1, 93, 100, 1247359470959, 2, 0, 0, 0, 0, 0, 0, 0
1, 94, 101, 1247359470961, 3, 0, 200, 178, 0, 0, 0, 2
1, 94, 100, 1247359470961, 3, 0, 0, 0, 0, 0, 0, 0
1, 95, 101, 1247359470965, 3, 0, 200, 178, 0, 1, 1, 2
1, 95, 100, 1247359470964, 4, 0, 0, 0, 0, 0, 0, 0
1, 96, 101, 1247359470969, 2, 0, 200, 178, 0, 0, 1, 1
1, 96, 100, 1247359470969, 2, 0, 0, 0, 0, 0, 0, 0
1, 97, 101, 1247359470971, 3, 0, 200, 178, 0, 1, 1, 2
1, 97, 100, 1247359470971, 3, 0, 0, 0, 0, 0, 0, 0
3, 88, 101, 1247359470428, 548, 0, 200, 178, 0, 0, 1, 548
3, 88, 100, 1247359470428, 548, 0, 0, 0, 0, 0, 0, 0
1, 98, 101, 1247359470974, 4, 0, 200, 178, 0, 0, 1, 2
1, 98, 100, 1247359470974, 4, 0, 0, 0, 0, 0, 0, 0
3, 89, 101, 1247359470976, 3, 0, 200, 178, 0, 0, 1, 2
3, 89, 100, 1247359470976, 3, 0, 0, 0, 0, 0, 0, 0
3, 90, 101, 1247359470999, 3, 0, 200, 178, 0, 1, 1, 3
3, 90, 100, 1247359470999, 3, 0, 0, 0, 0, 0, 0, 0
1, 99, 101, 1247359470978, 25, 0, 200, 178, 0, 21, 22, 23
1, 99, 100, 1247359470978, 25, 0, 0, 0, 0, 0, 0, 0
3, 91, 101, 1247359471003, 3, 0, 200, 178, 0, 1, 1, 2
3, 91, 100, 1247359471003, 3, 0, 0, 0, 0, 0, 0, 0
3, 92, 101, 1247359471006, 2, 0, 200, 178, 0, 0, 1, 2
3, 92, 100, 1247359471006, 2, 0, 0, 0, 0, 0, 0, 0
3, 93, 101, 1247359471009, 2, 0, 200, 178, 0, 0, 0, 1
3, 93, 100, 1247359471008, 3, 0, 0, 0, 0, 0, 0, 0
3, 94, 101, 1247359471011, 2, 0, 200, 178, 0, 0, 1, 2
3, 94, 100, 1247359471011, 2, 0, 0, 0, 0, 0, 0, 0
3, 95, 101, 1247359471013, 3, 0, 200, 178, 0, 1, 1, 2
3, 95, 100, 1247359471013, 3, 0, 0, 0, 0, 0, 0, 0
3, 96, 101, 1247359471018, 2, 0, 200, 178, 0, 0, 1, 2
3, 96, 100, 1247359471018, 2, 0, 0, 0, 0, 0, 0, 0
3, 97, 101, 1247359471021, 3, 0, 200, 178, 0, 0, 1, 2
3, 97, 100, 1247359471021, 3, 0, 0, 0, 0, 0, 0, 0
3, 98, 101, 1247359471024, 3, 0, 200, 178, 0, 0, 1, 2
3, 98, 100, 1247359471024, 3, 0, 0, 0, 0, 0, 0, 0
3, 99, 101, 1247359471029, 5, 0, 200, 178, 0, 1, 3, 4
3, 99, 100, 1247359471029, 5, 0, 0, 0, 0, 0, 0, 0
