Thread, Run, Test, Start time (ms since Epoch), Test time, Errors, HTTP response code, HTTP response length, HTTP response errors, Time to resolve host, Time to establish connection, Time to first byte
2, 0, 101, 1247359468251, 125, 0, 200, 178, 0, 31, 32, 121
0, 0, 101, 1247359468251, 127, 0, 200, 178, 0, 31, 33, 124
3, 0, 101, 1247359468265, 129, 0, 200, 178, 0, 19, 29, 113
4, 0, 101, 1247359468252, 142, 0, 200, 178, 0, 32, 43, 73
1, 0, 101, 1247359468226, 147, 0, 200, 178, 0, 37, 42, 91
1, 0, 100, 1247359468220, 187, 0, 0, 0, 0, 0, 0, 0
2, 0, 100, 1247359468245, 164, 0, 0, 0, 0, 0, 0, 0
0, 0, 100, 1247359468251, 158, 0, 0, 0, 0, 0, 0, 0
3, 0, 100, 1247359468265, 144, 0, 0, 0, 0, 0, 0, 0
4, 0, 100, 1247359468251, 158, 0, 0, 0, 0, 0, 0, 0
0, 1, 101, 1247359468410, 28, 0, 200, 178, 0, 0, 1, 2
0, 1, 100, 1247359468410, 28, 0, 0, 0, 0, 0, 0, 0
2, 1, 101, 1247359468411, 28, 0, 200, 178, 0, 0, 1, 28
2, 1, 100, 1247359468411, 28, 0, 0, 0, 0, 0, 0, 0
4, 1, 101, 1247359468412, 36, 0, 200, 178, 0, 34, 35, 36
4, 1, 100, 1247359468411, 38, 0, 0, 0, 0, 0, 0, 0
3, 1, 101, 1247359468412, 41, 0, 200, 178, 0, 0, 1, 2
2, 2, 101, 1247359468440, 13, 0, 200, 178, 0, 0, 1, 2
3, 1, 100, 1247359468412, 41, 0, 0, 0, 0, 0, 0, 0
2, 2, 100, 1247359468440, 13, 0, 0, 0, 0, 0, 0, 0
0, 2, 101, 1247359468440, 14, 0, 200, 178, 0, 1, 1, 3
0, 2, 100, 1247359468440, 14, 0, 0, 0, 0, 0, 0, 0
4, 2, 101, 1247359468449, 9, 0, 200, 178, 0, 1, 5, 6
4, 2, 100, 1247359468449, 9, 0, 0, 0, 0, 0, 0, 0
0, 3, 101, 1247359468454, 5, 0, 200, 178, 0, 0, 1, 3
0, 3, 100, 1247359468454, 5, 0, 0, 0, 0, 0, 0, 0
3, 2, 101, 1247359468453, 8, 0, 200, 178, 0, 1, 1, 4
3, 2, 100, 1247359468453, 8, 0, 0, 0, 0, 0, 0, 0
2, 3, 101, 1247359468456, 5, 0, 200, 178, 0, 1, 3, 4
2, 3, 100, 1247359468455, 6, 0, 0, 0, 0, 0, 0, 0
4, 3, 101, 1247359468459, 3, 0, 200, 178, 0, 0, 1, 2
4, 3, 100, 1247359468459, 3, 0, 0, 0, 0, 0, 0, 0
0, 4, 101, 1247359468460, 3, 0, 200, 178, 0, 0, 2, 3
0, 4, 100, 1247359468460, 3, 0, 0, 0, 0, 0, 0, 0
4, 4, 101, 1247359468463, 3, 0, 200, 178, 0, 1, 1, 2
2, 4, 101, 1247359468462, 4, 0, 200, 178, 0, 0, 2, 3
4, 4, 100, 1247359468463, 3, 0, 0, 0, 0, 0, 0, 0
2, 4, 100, 1247359468462, 4, 0, 0, 0, 0, 0, 0, 0
1, 1, 101, 1247359468438, 29, 0, 200, 178, 0, 6, 13, 16
1, 1, 100, 1247359468438, 29, 0, 0, 0, 0, 0, 0, 0
0, 5, 101, 1247359468464, 4, 0, 200, 178, 0, 0, 1, 2
0, 5, 100, 1247359468464, 4, 0, 0, 0, 0, 0, 0, 0
3, 3, 101, 1247359468461, 9, 0, 200, 178, 0, 0, 2, 4
3, 3, 100, 1247359468461, 9, 0, 0, 0, 0, 0, 0, 0
0, 6, 101, 1247359468468, 3, 0, 200, 178, 0, 0, 1, 2
0, 6, 100, 1247359468468, 3, 0, 0, 0, 0, 0, 0, 0
2, 5, 101, 1247359468466, 6, 0, 200, 178, 0, 0, 1, 3
2, 5, 100, 1247359468466, 6, 0, 0, 0, 0, 0, 0, 0
1, 2, 101, 1247359468468, 5, 0, 200, 178, 0, 0, 1, 4
1, 2, 100, 1247359468468, 5, 0, 0, 0, 0, 0, 0, 0
4, 5, 101, 1247359468469, 5, 0, 200, 178, 0, 1, 2, 4
4, 5, 100, 1247359468468, 6, 0, 0, 0, 0, 0, 0, 0
0, 7, 101, 1247359468471, 3, 0, 200, 178, 0, 1, 2, 3
0, 7, 100, 1247359468471, 3, 0, 0, 0, 0, 0, 0, 0
2, 6, 101, 1247359468473, 3, 0, 200, 178, 0, 0, 1, 3
2, 6, 100, 1247359468473, 3, 0, 0, 0, 0, 0, 0, 0
0, 8, 101, 1247359468475, 2, 0, 200, 178, 0, 0, 1, 2
0, 8, 100, 1247359468474, 3, 0, 0, 0, 0, 0, 0, 0
4, 6, 101, 1247359468475, 3, 0, 200, 178, 0, 1, 1, 3
4, 6, 100, 1247359468475, 4, 0, 0, 0, 0, 0, 0, 0
2, 7, 101, 1247359468477, 3, 0, 200, 178, 0, 0, 1, 2
2, 7, 100, 1247359468477, 3, 0, 0, 0, 0, 0, 0, 0
1, 3, 101, 1247359468473, 8, 0, 200, 178, 0, 2, 3, 7
1, 3, 100, 1247359468473, 8, 0, 0, 0, 0, 0, 0, 0
0, 9, 101, 1247359468479, 4, 0, 200, 178, 0, 0, 1, 3
0, 9, 100, 1247359468479, 4, 0, 0, 0, 0, 0, 0, 0
4, 7, 101, 1247359468480, 4, 0, 200, 178, 0, 0, 1, 4
4, 7, 100, 1247359468480, 4, 0, 0, 0, 0, 0, 0, 0
0, 10, 101, 1247359468483, 3, 0, 200, 178, 0, 0, 2, 3
0, 10, 100, 1247359468483, 3, 0, 0, 0, 0, 0, 0, 0
4, 8, 101, 1247359468485, 3, 0, 200, 178, 0, 0, 2, 3
3, 4, 101, 1247359468471, 17, 0, 200, 178, 0, 1, 1, 2
3, 4, 100, 1247359468471, 18, 0, 0, 0, 0, 0, 0, 0
4, 8, 100, 1247359468485, 4, 0, 0, 0, 0, 0, 0, 0
2, 8, 101, 1247359468487, 3, 0, 200, 178, 0, 1, 1, 2
2, 8, 100, 1247359468487, 3, 0, 0, 0, 0, 0, 0, 0
4, 9, 101, 1247359468489, 38, 0, 200, 178, 0, 32, 33, 37
4, 9, 100, 1247359468489, 38, 0, 0, 0, 0, 0, 0, 0
1, 4, 101, 1247359468489, 40, 0, 200, 178, 0, 1, 2, 8
1, 4, 100, 1247359468489, 40, 0, 0, 0, 0, 0, 0, 0
2, 9, 101, 1247359468518, 12, 0, 200, 178, 0, 1, 2, 3
2, 9, 100, 1247359468518, 12, 0, 0, 0, 0, 0, 0, 0
4, 10, 101, 1247359468528, 4, 0, 200, 178, 0, 1, 2, 3
4, 10, 100, 1247359468528, 4, 0, 0, 0, 0, 0, 0, 0
2, 10, 101, 1247359468530, 3, 0, 200, 178, 0, 1, 1, 2
2, 10, 100, 1247359468530, 3, 0, 0, 0, 0, 0, 0, 0
0, 11, 101, 1247359468487, 48, 0, 200, 178, 0, 0, 2, 30
0, 11, 100, 1247359468487, 48, 0, 0, 0, 0, 0, 0, 0
2, 11, 101, 1247359468533, 3, 0, 200, 178, 0, 1, 2, 3
2, 11, 100, 1247359468533, 3, 0, 0, 0, 0, 0, 0, 0
3, 5, 101, 1247359468489, 48, 0, 200, 178, 0, 33, 46, 47
3, 5, 100, 1247359468489, 48, 0, 0, 0, 0, 0, 0, 0
1, 5, 101, 1247359468529, 8, 0, 200, 178, 0, 1, 7, 8
1, 5, 100, 1247359468529, 8, 0, 0, 0, 0, 0, 0, 0
0, 12, 101, 1247359468536, 4, 0, 200, 178, 0, 0, 1, 2
0, 12, 100, 1247359468536, 4, 0, 0, 0, 0, 0, 0, 0
3, 6, 101, 1247359468538, 3, 0, 200, 178, 0, 0, 1, 2
3, 6, 100, 1247359468538, 3, 0, 0, 0, 0, 0, 0, 0
0, 13, 101, 1247359468542, 3, 0, 200, 178, 0, 0, 1, 3
0, 13, 100, 1247359468542, 3, 0, 0, 0, 0, 0, 0, 0
3, 7, 101, 1247359468543, 3, 0, 200, 178, 0, 0, 1, 3
3, 7, 100, 1247359468542, 4, 0, 0, 0, 0, 0, 0, 0
2, 12, 101, 1247359468537, 10, 0, 200, 178, 0, 0, 7, 8
2, 12, 100, 1247359468537, 10, 0, 0, 0, 0, 0, 0, 0
4, 11, 101, 1247359468534, 14, 0, 200, 178, 0, 0, 11, 14
4, 11, 100, 1247359468534, 15, 0, 0, 0, 0, 0, 0, 0
0, 14, 101, 1247359468547, 3, 0, 200, 178, 0, 0, 1, 2
0, 14, 100, 1247359468546, 4, 0, 0, 0, 0, 0, 0, 0
2, 13, 101, 1247359468547, 3, 0, 200, 178, 0, 1, 2, 3
2, 13, 100, 1247359468547, 3, 0, 0, 0, 0, 0, 0, 0
3, 8, 101, 1247359468547, 4, 0, 200, 178, 0, 1, 2, 3
3, 8, 100, 1247359468547, 4, 0, 0, 0, 0, 0, 0, 0
1, 6, 101, 1247359468539, 14, 0, 200, 178, 0, 5, 9, 14
1, 6, 100, 1247359468539, 14, 0, 0, 0, 0, 0, 0, 0
0, 15, 101, 1247359468551, 3, 0, 200, 178, 0, 1, 2, 3
0, 15, 100, 1247359468550, 4, 0, 0, 0, 0, 0, 0, 0
3, 9, 101, 1247359468552, 5, 0, 200, 178, 0, 0, 3, 4
3, 9, 100, 1247359468552, 5, 0, 0, 0, 0, 0, 0, 0
4, 12, 101, 1247359468549, 9, 0, 200, 178, 0, 0, 2, 9
4, 12, 100, 1247359468549, 9, 0, 0, 0, 0, 0, 0, 0
1, 7, 101, 1247359468555, 4, 0, 200, 178, 0, 0, 1, 2
1, 7, 100, 1247359468555, 4, 0, 0, 0, 0, 0, 0, 0
2, 14, 101, 1247359468551, 8, 0, 200, 178, 0, 0, 6, 8
2, 14, 100, 1247359468551, 8, 0, 0, 0, 0, 0, 0, 0
0, 16, 101, 1247359468554, 6, 0, 200, 178, 0, 0, 2, 4
0, 16, 100, 1247359468554, 6, 0, 0, 0, 0, 0, 0, 0
3, 10, 101, 1247359468557, 4, 0, 200, 178, 0, 0, 1, 2
3, 10, 100, 1247359468557, 27, 0, 0, 0, 0, 0, 0, 0
4, 13, 101, 1247359468558, 27, 0, 200, 178, 0, 0, 1, 24
4, 13, 100, 1247359468558, 27, 0, 0, 0, 0, 0, 0, 0
2, 15, 101, 1247359468560, 26, 0, 200, 178, 0, 1, 24, 25
2, 15, 100, 1247359468560, 26, 0, 0, 0, 0, 0, 0, 0
1, 8, 101, 1247359468583, 15, 0, 200, 178, 0, 4, 5, 6
1, 8, 100, 1247359468583, 15, 0, 0, 0, 0, 0, 0, 0
3, 11, 101, 1247359468587, 11, 0, 200, 178, 0, 0, 1, 5
3, 11, 100, 1247359468587, 11, 0, 0, 0, 0, 0, 0, 0
2, 16, 101, 1247359468586, 13, 0, 200, 178, 0, 1, 3, 5
2, 16, 100, 1247359468586, 14, 0, 0, 0, 0, 0, 0, 0
4, 14, 101, 1247359468587, 13, 0, 200, 178, 0, 0, 4, 6
4, 14, 100, 1247359468587, 13, 0, 0, 0, 0, 0, 0, 0
0, 17, 101, 1247359468584, 35, 0, 200, 178, 0, 2, 5, 22
0, 17, 100, 1247359468584, 35, 0, 0, 0, 0, 0, 0, 0
2, 17, 101, 1247359468601, 19, 0, 200, 178, 0, 0, 1, 19
2, 17, 100, 1247359468600, 20, 0, 0, 0, 0, 0, 0, 0
4, 15, 101, 1247359468601, 21, 0, 200, 178, 0, 0, 17, 19
4, 15, 100, 1247359468601, 21, 0, 0, 0, 0, 0, 0, 0
3, 12, 101, 1247359468602, 23, 0, 200, 178, 0, 20, 21, 22
3, 12, 100, 1247359468602, 23, 0, 0, 0, 0, 0, 0, 0
2, 18, 101, 1247359468623, 3, 0, 200, 178, 0, 0, 1, 3
2, 18, 100, 1247359468623, 3, 0, 0, 0, 0, 0, 0, 0
4, 16, 101, 1247359468625, 4, 0, 200, 178, 0, 0, 1, 2
4, 16, 100, 1247359468625, 4, 0, 0, 0, 0, 0, 0, 0
0, 18, 101, 1247359468624, 6, 0, 200, 178, 0, 0, 4, 5
0, 18, 100, 1247359468623, 7, 0, 0, 0, 0, 0, 0, 0
2, 19, 101, 1247359468627, 4, 0, 200, 178, 0, 1, 2, 4
2, 19, 100, 1247359468627, 4, 0, 0, 0, 0, 0, 0, 0
3, 13, 101, 1247359468630, 3, 0, 200, 178, 0, 1, 2, 3
3, 13, 100, 1247359468628, 5, 0, 0, 0, 0, 0, 0, 0
0, 19, 101, 1247359468632, 3, 0, 200, 178, 0, 0, 1, 3
0, 19, 100, 1247359468632, 4, 0, 0, 0, 0, 0, 0, 0
2, 20, 101, 1247359468633, 5, 0, 200, 178, 0, 0, 2, 4
2, 20, 100, 1247359468632, 6, 0, 0, 0, 0, 0, 0, 0
1, 9, 101, 1247359468598, 41, 0, 200, 178, 0, 1, 19, 40
1, 9, 100, 1247359468598, 41, 0, 0, 0, 0, 0, 0, 0
4, 17, 101, 1247359468634, 4, 0, 200, 178, 0, 0, 1, 2
4, 17, 100, 1247359468634, 4, 0, 0, 0, 0, 0, 0, 0
3, 14, 101, 1247359468639, 4, 0, 200, 178, 0, 0, 1, 2
3, 14, 100, 1247359468639, 4, 0, 0, 0, 0, 0, 0, 0
0, 20, 101, 1247359468642, 3, 0, 200, 178, 0, 0, 1, 2
0, 20, 100, 1247359468641, 4, 0, 0, 0, 0, 0, 0, 0
4, 18, 101, 1247359468643, 4, 0, 200, 178, 0, 0, 1, 2
4, 18, 100, 1247359468643, 4, 0, 0, 0, 0, 0, 0, 0
1, 10, 101, 1247359468645, 5, 0, 200, 178, 0, 0, 1, 3
1, 10, 100, 1247359468644, 6, 0, 0, 0, 0, 0, 0, 0
2, 21, 101, 1247359468641, 23, 0, 200, 178, 0, 0, 4, 7
2, 21, 100, 1247359468641, 23, 0, 0, 0, 0, 0, 0, 0
2, 22, 101, 1247359468664, 12, 0, 200, 178, 0, 1, 2, 12
2, 22, 100, 1247359468664, 12, 0, 0, 0, 0, 0, 0, 0
4, 19, 101, 1247359468666, 15, 0, 200, 178, 0, 4, 10, 14
4, 19, 100, 1247359468664, 17, 0, 0, 0, 0, 0, 0, 0
1, 11, 101, 1247359468671, 11, 0, 200, 178, 0, 6, 10, 11
1, 11, 100, 1247359468664, 18, 0, 0, 0, 0, 0, 0, 0
0, 21, 101, 1247359468667, 16, 0, 200, 178, 0, 10, 14, 16
0, 21, 100, 1247359468659, 24, 0, 0, 0, 0, 0, 0, 0
2, 23, 101, 1247359468683, 3, 0, 200, 178, 0, 0, 1, 2
2, 23, 100, 1247359468683, 3, 0, 0, 0, 0, 0, 0, 0
1, 12, 101, 1247359468685, 4, 0, 200, 178, 0, 0, 2, 4
1, 12, 100, 1247359468685, 4, 0, 0, 0, 0, 0, 0, 0
0, 22, 101, 1247359468687, 4, 0, 200, 178, 0, 0, 1, 3
0, 22, 100, 1247359468685, 6, 0, 0, 0, 0, 0, 0, 0
2, 24, 101, 1247359468688, 13, 0, 200, 178, 0, 0, 8, 13
2, 24, 100, 1247359468688, 14, 0, 0, 0, 0, 0, 0, 0
1, 13, 101, 1247359468689, 13, 0, 200, 178, 0, 0, 1, 12
1, 13, 100, 1247359468689, 13, 0, 0, 0, 0, 0, 0, 0
0, 23, 101, 1247359468691, 17, 0, 200, 178, 0, 1, 11, 17
0, 23, 100, 1247359468691, 18, 0, 0, 0, 0, 0, 0, 0
1, 14, 101, 1247359468709, 5, 0, 200, 178, 0, 0, 1, 4
1, 14, 100, 1247359468709, 5, 0, 0, 0, 0, 0, 0, 0
0, 24, 101, 1247359468710, 4, 0, 200, 178, 0, 0, 1, 4
0, 24, 100, 1247359468709, 5, 0, 0, 0, 0, 0, 0, 0
2, 25, 101, 1247359468710, 6, 0, 200, 178, 0, 0, 4, 5
2, 25, 100, 1247359468710, 7, 0, 0, 0, 0, 0, 0, 0
1, 15, 101, 1247359468715, 3, 0, 200, 178, 0, 1, 2, 3
1, 15, 100, 1247359468715, 31, 0, 0, 0, 0, 0, 0, 0
2, 26, 101, 1247359468718, 30, 0, 200, 178, 0, 27, 27, 28
2, 26, 100, 1247359468718, 30, 0, 0, 0, 0, 0, 0, 0
0, 25, 101, 1247359468717, 32, 0, 200, 178, 0, 0, 29, 31
0, 25, 100, 1247359468715, 34, 0, 0, 0, 0, 0, 0, 0
1, 16, 101, 1247359468747, 2, 0, 200, 178, 0, 0, 1, 2
1, 16, 100, 1247359468746, 3, 0, 0, 0, 0, 0, 0, 0
4, 20, 101, 1247359468684, 71, 0, 200, 178, 0, 1, 3, 71
4, 20, 100, 1247359468684, 71, 0, 0, 0, 0, 0, 0, 0
0, 26, 101, 1247359468750, 8, 0, 200, 178, 0, 0, 4, 8
0, 26, 100, 1247359468749, 9, 0, 0, 0, 0, 0, 0, 0
2, 27, 101, 1247359468751, 8, 0, 200, 178, 0, 0, 2, 8
2, 27, 100, 1247359468750, 9, 0, 0, 0, 0, 0, 0, 0
0, 27, 101, 1247359468760, 4, 0, 200, 178, 0, 0, 1, 3
0, 27, 100, 1247359468760, 4, 0, 0, 0, 0, 0, 0, 0
1, 17, 101, 1247359468754, 11, 0, 200, 178, 0, 0, 7, 11
1, 17, 100, 1247359468754, 12, 0, 0, 0, 0, 0, 0, 0
2, 28, 101, 1247359468760, 7, 0, 200, 178, 0, 1, 4, 6
2, 28, 100, 1247359468760, 7, 0, 0, 0, 0, 0, 0, 0
0, 28, 101, 1247359468764, 5, 0, 200, 178, 0, 1, 2, 4
0, 28, 100, 1247359468764, 5, 0, 0, 0, 0, 0, 0, 0
1, 18, 101, 1247359468766, 5, 0, 200, 178, 0, 1, 2, 5
1, 18, 100, 1247359468766, 5, 0, 0, 0, 0, 0, 0, 0
2, 29, 101, 1247359468767, 4, 0, 200, 178, 0, 0, 1, 2
2, 29, 100, 1247359468767, 5, 0, 0, 0, 0, 0, 0, 0
0, 29, 101, 1247359468769, 12, 0, 200, 178, 0, 0, 3, 11
0, 29, 100, 1247359468769, 13, 0, 0, 0, 0, 0, 0, 0
1, 19, 101, 1247359468772, 10, 0, 200, 178, 0, 0, 1, 10
1, 19, 100, 1247359468772, 10, 0, 0, 0, 0, 0, 0, 0
2, 30, 101, 1247359468773, 12, 0, 200, 178, 0, 0, 9, 11
2, 30, 100, 1247359468773, 12, 0, 0, 0, 0, 0, 0, 0
3, 15, 101, 1247359468665, 126, 0, 200, 178, 0, 2, 91, 125
3, 15, 100, 1247359468664, 127, 0, 0, 0, 0, 0, 0, 0
0, 30, 101, 1247359468783, 8, 0, 200, 178, 0, 0, 2, 8
0, 30, 100, 1247359468783, 8, 0, 0, 0, 0, 0, 0, 0
1, 20, 101, 1247359468784, 8, 0, 200, 178, 0, 0, 1, 8
1, 20, 100, 1247359468783, 9, 0, 0, 0, 0, 0, 0, 0
2, 31, 101, 1247359468785, 10, 0, 200, 178, 0, 0, 6, 8
2, 31, 100, 1247359468785, 10, 0, 0, 0, 0, 0, 0, 0
4, 21, 101, 1247359468793, 3, 0, 200, 178, 0, 0, 2, 3
4, 21, 100, 1247359468789, 7, 0, 0, 0, 0, 0, 0, 0
0, 31, 101, 1247359468793, 4, 0, 200, 178, 0, 0, 1, 3
0, 31, 100, 1247359468792, 5, 0, 0, 0, 0, 0, 0, 0
1, 21, 101, 1247359468796, 3, 0, 200, 178, 0, 0, 1, 3
1, 21, 100, 1247359468793, 7, 0, 0, 0, 0, 0, 0, 0
2, 32, 101, 1247359468797, 3, 0, 200, 178, 0, 1, 2, 3
2, 32, 100, 1247359468797, 3, 0, 0, 0, 0, 0, 0, 0
3, 16, 101, 1247359468797, 52, 0, 200, 178, 0, 0, 33, 50
3, 16, 100, 1247359468796, 53, 0, 0, 0, 0, 0, 0, 0
0, 32, 101, 1247359468798, 53, 0, 200, 178, 0, 0, 50, 53
0, 32, 100, 1247359468798, 53, 0, 0, 0, 0, 0, 0, 0
1, 22, 101, 1247359468848, 4, 0, 200, 178, 0, 0, 1, 2
1, 22, 100, 1247359468848, 4, 0, 0, 0, 0, 0, 0, 0
2, 33, 101, 1247359468849, 3, 0, 200, 178, 0, 0, 1, 3
2, 33, 100, 1247359468849, 3, 0, 0, 0, 0, 0, 0, 0
0, 33, 101, 1247359468851, 3, 0, 200, 178, 0, 0, 1, 2
0, 33, 100, 1247359468851, 3, 0, 0, 0, 0, 0, 0, 0
4, 22, 101, 1247359468847, 7, 0, 200, 178, 0, 0, 2, 6
4, 22, 100, 1247359468830, 24, 0, 0, 0, 0, 0, 0, 0
1, 23, 101, 1247359468852, 4, 0, 200, 178, 0, 0, 1, 2
1, 23, 100, 1247359468852, 4, 0, 0, 0, 0, 0, 0, 0
3, 17, 101, 1247359468849, 9, 0, 200, 178, 0, 0, 5, 8
3, 17, 100, 1247359468849, 9, 0, 0, 0, 0, 0, 0, 0
2, 34, 101, 1247359468853, 6, 0, 200, 178, 0, 0, 1, 6
2, 34, 100, 1247359468853, 6, 0, 0, 0, 0, 0, 0, 0
1, 24, 101, 1247359468856, 4, 0, 200, 178, 0, 1, 2, 4
1, 24, 100, 1247359468856, 4, 0, 0, 0, 0, 0, 0, 0
4, 23, 101, 1247359468859, 3, 0, 200, 178, 0, 0, 2, 3
4, 23, 100, 1247359468859, 3, 0, 0, 0, 0, 0, 0, 0
0, 34, 101, 1247359468858, 1079, 0, 200, 178, 0, 1, 2, 7
0, 34, 100, 1247359468858, 1079, 0, 0, 0, 0, 0, 0, 0
3, 18, 101, 1247359468863, 1075, 0, 200, 178, 0, 0, 1, 1075
3, 18, 100, 1247359468863, 1075, 0, 0, 0, 0, 0, 0, 0
0, 35, 101, 1247359469938, 3, 0, 200, 178, 0, 0, 2, 2
0, 35, 100, 1247359469938, 3, 0, 0, 0, 0, 0, 0, 0
2, 35, 101, 1247359468865, 1075, 0, 200, 178, 0, 0, 1, 2
2, 35, 100, 1247359468865, 1075, 0, 0, 0, 0, 0, 0, 0
3, 19, 101, 1247359469939, 3, 0, 200, 178, 0, 1, 1, 2
3, 19, 100, 1247359469939, 3, 0, 0, 0, 0, 0, 0, 0
4, 24, 101, 1247359469937, 3, 0, 200, 178, 0, 1, 2, 3
4, 24, 100, 1247359469937, 3, 0, 0, 0, 0, 0, 0, 0
2, 36, 101, 1247359469942, 2, 0, 200, 178, 0, 0, 0, 2
2, 36, 100, 1247359469941, 4, 0, 0, 0, 0, 0, 0, 0
3, 20, 101, 1247359469942, 3, 0, 200, 178, 0, 1, 1, 2
3, 20, 100, 1247359469942, 3, 0, 0, 0, 0, 0, 0, 0
4, 25, 101, 1247359469943, 3, 0, 200, 178, 0, 0, 1, 3
4, 25, 100, 1247359469943, 3, 0, 0, 0, 0, 0, 0, 0
3, 21, 101, 1247359469945, 3, 0, 200, 178, 0, 1, 1, 3
3, 21, 100, 1247359469945, 3, 0, 0, 0, 0, 0, 0, 0
0, 36, 101, 1247359469943, 6, 0, 200, 178, 0, 1, 3, 5
0, 36, 100, 1247359469943, 6, 0, 0, 0, 0, 0, 0, 0
2, 37, 101, 1247359469945, 5, 0, 200, 178, 0, 0, 1, 4
2, 37, 100, 1247359469945, 5, 0, 0, 0, 0, 0, 0, 0
4, 26, 101, 1247359469950, 2, 0, 200, 178, 0, 0, 1, 1
4, 26, 100, 1247359469950, 2, 0, 0, 0, 0, 0, 0, 0
1, 25, 101, 1247359469972, 3, 0, 200, 178, 0, 1, 1, 3
1, 25, 100, 1247359468865, 1110, 0, 0, 0, 0, 0, 0, 0
2, 38, 101, 1247359469972, 3, 0, 200, 178, 0, 1, 1, 3
2, 38, 100, 1247359469972, 3, 0, 0, 0, 0, 0, 0, 0
3, 22, 101, 1247359469973, 3, 0, 200, 178, 0, 0, 0, 2
3, 22, 100, 1247359469973, 3, 0, 0, 0, 0, 0, 0, 0
2, 39, 101, 1247359469975, 6, 0, 200, 178, 0, 2, 3, 4
2, 39, 100, 1247359469975, 6, 0, 0, 0, 0, 0, 0, 0
1, 26, 101, 1247359469975, 8, 0, 200, 178, 0, 0, 5, 6
1, 26, 100, 1247359469975, 8, 0, 0, 0, 0, 0, 0, 0
3, 23, 101, 1247359469981, 3, 0, 200, 178, 0, 0, 1, 2
3, 23, 100, 1247359469981, 3, 0, 0, 0, 0, 0, 0, 0
3, 24, 101, 1247359469984, 3, 0, 200, 178, 0, 0, 1, 2
3, 24, 100, 1247359469984, 3, 0, 0, 0, 0, 0, 0, 0
1, 27, 101, 1247359469985, 4, 0, 200, 178, 0, 0, 1, 3
1, 27, 100, 1247359469985, 4, 0, 0, 0, 0, 0, 0, 0
3, 25, 101, 1247359469987, 3, 0, 200, 178, 0, 0, 1, 3
3, 25, 100, 1247359469987, 3, 0, 0, 0, 0, 0, 0, 0
1, 28, 101, 1247359469989, 3, 0, 200, 178, 0, 0, 1, 2
1, 28, 100, 1247359469989, 3, 0, 0, 0, 0, 0, 0, 0
3, 26, 101, 1247359469991, 2, 0, 200, 178, 0, 0, 1, 2
3, 26, 100, 1247359469990, 4, 0, 0, 0, 0, 0, 0, 0
3, 27, 101, 1247359469994, 3, 0, 200, 178, 0, 0, 1, 2
3, 27, 100, 1247359469994, 3, 0, 0, 0, 0, 0, 0, 0
2, 40, 101, 1247359469991, 8, 0, 200, 178, 0, 1, 1, 7
2, 40, 100, 1247359469990, 9, 0, 0, 0, 0, 0, 0, 0
1, 29, 101, 1247359469994, 9, 0, 200, 178, 0, 0, 0, 7
1, 29, 100, 1247359469994, 9, 0, 0, 0, 0, 0, 0, 0
3, 28, 101, 1247359470002, 3, 0, 200, 178, 0, 0, 1, 3
3, 28, 100, 1247359470002, 4, 0, 0, 0, 0, 0, 0, 0
0, 37, 101, 1247359470005, 2, 0, 200, 178, 0, 0, 1, 2
0, 37, 100, 1247359470005, 2, 0, 0, 0, 0, 0, 0, 0
2, 41, 101, 1247359470005, 3, 0, 200, 178, 0, 1, 2, 3
2, 41, 100, 1247359470005, 4, 0, 0, 0, 0, 0, 0, 0
4, 27, 101, 1247359470006, 4, 0, 200, 178, 0, 0, 2, 3
4, 27, 100, 1247359470006, 4, 0, 0, 0, 0, 0, 0, 0
2, 42, 101, 1247359470009, 3, 0, 200, 178, 0, 0, 1, 3
2, 42, 100, 1247359470009, 3, 0, 0, 0, 0, 0, 0, 0
0, 38, 101, 1247359470010, 27, 0, 200, 178, 0, 0, 1, 25
0, 38, 100, 1247359470010, 27, 0, 0, 0, 0, 0, 0, 0
1, 30, 101, 1247359470004, 33, 0, 200, 178, 0, 0, 2, 32
1, 30, 100, 1247359470004, 33, 0, 0, 0, 0, 0, 0, 0
4, 28, 101, 1247359470011, 27, 0, 200, 178, 0, 1, 25, 27
4, 28, 100, 1247359470011, 27, 0, 0, 0, 0, 0, 0, 0
3, 29, 101, 1247359470006, 33, 0, 200, 178, 0, 0, 31, 32
3, 29, 100, 1247359470006, 33, 0, 0, 0, 0, 0, 0, 0
0, 39, 101, 1247359470037, 3, 0, 200, 178, 0, 1, 2, 2
0, 39, 100, 1247359470037, 3, 0, 0, 0, 0, 0, 0, 0
1, 31, 101, 1247359470037, 3, 0, 200, 178, 0, 1, 2, 3
1, 31, 100, 1247359470037, 3, 0, 0, 0, 0, 0, 0, 0
4, 29, 101, 1247359470039, 3, 0, 200, 178, 0, 0, 1, 2
4, 29, 100, 1247359470039, 3, 0, 0, 0, 0, 0, 0, 0
3, 30, 101, 1247359470039, 4, 0, 200, 178, 0, 0, 2, 3
3, 30, 100, 1247359470039, 4, 0, 0, 0, 0, 0, 0, 0
1, 32, 101, 1247359470041, 3, 0, 200, 178, 0, 0, 1, 2
1, 32, 100, 1247359470041, 3, 0, 0, 0, 0, 0, 0, 0
0, 40, 101, 1247359470040, 4, 0, 200, 178, 0, 1, 2, 4
0, 40, 100, 1247359470040, 4, 0, 0, 0, 0, 0, 0, 0
2, 43, 101, 1247359470013, 31, 0, 200, 178, 0, 28, 29, 31
2, 43, 100, 1247359470013, 31, 0, 0, 0, 0, 0, 0, 0
2, 44, 101, 1247359470045, 3, 0, 200, 178, 0, 0, 1, 2
2, 44, 100, 1247359470045, 3, 0, 0, 0, 0, 0, 0, 0
4, 30, 101, 1247359470043, 5, 0, 200, 178, 0, 1, 3, 5
4, 30, 100, 1247359470043, 5, 0, 0, 0, 0, 0, 0, 0
0, 41, 101, 1247359470045, 5, 0, 200, 178, 0, 1, 1, 4
0, 41, 100, 1247359470045, 5, 0, 0, 0, 0, 0, 0, 0
4, 31, 101, 1247359470049, 3, 0, 200, 178, 0, 0, 1, 3
4, 31, 100, 1247359470049, 3, 0, 0, 0, 0, 0, 0, 0
3, 31, 101, 1247359470044, 9, 0, 200, 178, 0, 0, 1, 8
3, 31, 100, 1247359470043, 10, 0, 0, 0, 0, 0, 0, 0
2, 45, 101, 1247359470050, 4, 0, 200, 178, 0, 0, 1, 2
2, 45, 100, 1247359470050, 4, 0, 0, 0, 0, 0, 0, 0
1, 33, 101, 1247359470045, 10, 0, 200, 178, 0, 0, 8, 9
1, 33, 100, 1247359470045, 10, 0, 0, 0, 0, 0, 0, 0
4, 32, 101, 1247359470053, 2, 0, 200, 178, 0, 0, 1, 2
4, 32, 100, 1247359470052, 3, 0, 0, 0, 0, 0, 0, 0
0, 42, 101, 1247359470051, 5, 0, 200, 178, 0, 0, 3, 5
0, 42, 100, 1247359470051, 5, 0, 0, 0, 0, 0, 0, 0
3, 32, 101, 1247359470054, 3, 0, 200, 178, 0, 0, 1, 3
3, 32, 100, 1247359470053, 4, 0, 0, 0, 0, 0, 0, 0
2, 46, 101, 1247359470054, 3, 0, 200, 178, 0, 1, 1, 3
2, 46, 100, 1247359470054, 3, 0, 0, 0, 0, 0, 0, 0
1, 34, 101, 1247359470055, 3, 0, 200, 178, 0, 0, 0, 1
1, 34, 100, 1247359470055, 3, 0, 0, 0, 0, 0, 0, 0
4, 33, 101, 1247359470056, 3, 0, 200, 178, 0, 0, 1, 3
4, 33, 100, 1247359470056, 3, 0, 0, 0, 0, 0, 0, 0
0, 43, 101, 1247359470058, 3, 0, 200, 178, 0, 0, 1, 2
0, 43, 100, 1247359470058, 3, 0, 0, 0, 0, 0, 0, 0
4, 34, 101, 1247359470060, 3, 0, 200, 178, 0, 0, 1, 2
4, 34, 100, 1247359470060, 3, 0, 0, 0, 0, 0, 0, 0
0, 44, 101, 1247359470061, 3, 0, 200, 178, 0, 0, 1, 2
0, 44, 100, 1247359470061, 4, 0, 0, 0, 0, 0, 0, 0
2, 47, 101, 1247359470058, 7, 0, 200, 178, 0, 0, 5, 6
2, 47, 100, 1247359470058, 7, 0, 0, 0, 0, 0, 0, 0
4, 35, 101, 1247359470063, 4, 0, 200, 178, 0, 1, 2, 4
4, 35, 100, 1247359470063, 4, 0, 0, 0, 0, 0, 0, 0
3, 33, 101, 1247359470058, 10, 0, 200, 178, 0, 1, 1, 10
3, 33, 100, 1247359470058, 11, 0, 0, 0, 0, 0, 0, 0
2, 48, 101, 1247359470066, 3, 0, 200, 178, 0, 0, 2, 3
2, 48, 100, 1247359470065, 4, 0, 0, 0, 0, 0, 0, 0
1, 35, 101, 1247359470059, 11, 0, 200, 178, 0, 0, 10, 11
1, 35, 100, 1247359470059, 12, 0, 0, 0, 0, 0, 0, 0
0, 45, 101, 1247359470066, 4, 0, 200, 178, 0, 2, 3, 4
0, 45, 100, 1247359470066, 4, 0, 0, 0, 0, 0, 0, 0
4, 36, 101, 1247359470068, 3, 0, 200, 178, 0, 0, 1, 3
4, 36, 100, 1247359470068, 3, 0, 0, 0, 0, 0, 0, 0
2, 49, 101, 1247359470070, 7, 0, 200, 178, 0, 0, 1, 6
2, 49, 100, 1247359470069, 8, 0, 0, 0, 0, 0, 0, 0
1, 36, 101, 1247359470071, 7, 0, 200, 178, 0, 0, 5, 6
1, 36, 100, 1247359470071, 7, 0, 0, 0, 0, 0, 0, 0
3, 34, 101, 1247359470069, 9, 0, 200, 178, 0, 1, 2, 9
3, 34, 100, 1247359470069, 10, 0, 0, 0, 0, 0, 0, 0
2, 50, 101, 1247359470078, 2, 0, 200, 178, 0, 0, 1, 2
0, 46, 101, 1247359470077, 5, 0, 200, 178, 0, 1, 2, 5
0, 46, 100, 1247359470077, 5, 0, 0, 0, 0, 0, 0, 0
2, 50, 100, 1247359470078, 2, 0, 0, 0, 0, 0, 0, 0
3, 35, 101, 1247359470079, 6, 0, 200, 178, 0, 0, 4, 5
3, 35, 100, 1247359470079, 6, 0, 0, 0, 0, 0, 0, 0
0, 47, 101, 1247359470082, 4, 0, 200, 178, 0, 0, 1, 2
0, 47, 100, 1247359470082, 4, 0, 0, 0, 0, 0, 0, 0
1, 37, 101, 1247359470079, 7, 0, 200, 178, 0, 0, 5, 6
1, 37, 100, 1247359470079, 7, 0, 0, 0, 0, 0, 0, 0
2, 51, 101, 1247359470083, 4, 0, 200, 178, 0, 1, 2, 4
2, 51, 100, 1247359470083, 4, 0, 0, 0, 0, 0, 0, 0
4, 37, 101, 1247359470072, 15, 0, 200, 178, 0, 13, 14, 15
4, 37, 100, 1247359470072, 16, 0, 0, 0, 0, 0, 0, 0
4, 38, 101, 1247359470088, 2, 0, 200, 178, 0, 0, 1, 1
4, 38, 100, 1247359470088, 2, 0, 0, 0, 0, 0, 0, 0
3, 36, 101, 1247359470088, 3, 0, 200, 178, 0, 0, 1, 2
3, 36, 100, 1247359470085, 6, 0, 0, 0, 0, 0, 0, 0
1, 38, 101, 1247359470089, 3, 0, 200, 178, 0, 1, 1, 3
4, 39, 101, 1247359470090, 2, 0, 200, 178, 0, 1, 1, 2
1, 38, 100, 1247359470089, 3, 0, 0, 0, 0, 0, 0, 0
4, 39, 100, 1247359470090, 2, 0, 0, 0, 0, 0, 0, 0
0, 48, 101, 1247359470088, 5, 0, 200, 178, 0, 1, 2, 5
0, 48, 100, 1247359470088, 5, 0, 0, 0, 0, 0, 0, 0
4, 40, 101, 1247359470093, 2, 0, 200, 178, 0, 0, 1, 2
4, 40, 100, 1247359470093, 2, 0, 0, 0, 0, 0, 0, 0
2, 52, 101, 1247359470091, 4, 0, 200, 178, 0, 1, 2, 4
2, 52, 100, 1247359470090, 5, 0, 0, 0, 0, 0, 0, 0
3, 37, 101, 1247359470094, 4, 0, 200, 178, 0, 1, 1, 2
3, 37, 100, 1247359470094, 4, 0, 0, 0, 0, 0, 0, 0
4, 41, 101, 1247359470096, 3, 0, 200, 178, 0, 0, 1, 2
4, 41, 100, 1247359470096, 3, 0, 0, 0, 0, 0, 0, 0
0, 49, 101, 1247359470096, 3, 0, 200, 178, 0, 0, 1, 3
0, 49, 100, 1247359470095, 4, 0, 0, 0, 0, 0, 0, 0
2, 53, 101, 1247359470096, 3, 0, 200, 178, 0, 1, 1, 3
2, 53, 100, 1247359470096, 3, 0, 0, 0, 0, 0, 0, 0
1, 39, 101, 1247359470097, 3, 0, 200, 178, 0, 0, 1, 3
1, 39, 100, 1247359470097, 3, 0, 0, 0, 0, 0, 0, 0
3, 38, 101, 1247359470098, 3, 0, 200, 178, 0, 0, 1, 2
3, 38, 100, 1247359470098, 3, 0, 0, 0, 0, 0, 0, 0
4, 42, 101, 1247359470099, 3, 0, 200, 178, 0, 0, 0, 2
4, 42, 100, 1247359470099, 3, 0, 0, 0, 0, 0, 0, 0
2, 54, 101, 1247359470101, 3, 0, 200, 178, 0, 0, 1, 2
2, 54, 100, 1247359470100, 4, 0, 0, 0, 0, 0, 0, 0
0, 50, 101, 1247359470102, 3, 0, 200, 178, 0, 0, 1, 2
0, 50, 100, 1247359470102, 3, 0, 0, 0, 0, 0, 0, 0
4, 43, 101, 1247359470102, 4, 0, 200, 178, 0, 0, 1, 2
3, 39, 101, 1247359470103, 3, 0, 200, 178, 0, 0, 1, 2
4, 43, 100, 1247359470102, 4, 0, 0, 0, 0, 0, 0, 0
3, 39, 100, 1247359470103, 3, 0, 0, 0, 0, 0, 0, 0
1, 40, 101, 1247359470102, 5, 0, 200, 178, 0, 0, 1, 4
2, 55, 101, 1247359470104, 3, 0, 200, 178, 0, 0, 1, 2
1, 40, 100, 1247359470102, 6, 0, 0, 0, 0, 0, 0, 0
2, 55, 100, 1247359470104, 3, 0, 0, 0, 0, 0, 0, 0
4, 44, 101, 1247359470106, 3, 0, 200, 178, 0, 1, 2, 3
4, 44, 100, 1247359470106, 3, 0, 0, 0, 0, 0, 0, 0
0, 51, 101, 1247359470106, 4, 0, 200, 178, 0, 1, 2, 4
0, 51, 100, 1247359470106, 4, 0, 0, 0, 0, 0, 0, 0
2, 56, 101, 1247359470108, 3, 0, 200, 178, 0, 0, 1, 2
2, 56, 100, 1247359470108, 3, 0, 0, 0, 0, 0, 0, 0
4, 45, 101, 1247359470110, 5, 0, 200, 178, 0, 0, 1, 5
4, 45, 100, 1247359470110, 5, 0, 0, 0, 0, 0, 0, 0
1, 41, 101, 1247359470108, 12, 0, 200, 178, 0, 0, 1, 3
1, 41, 100, 1247359470108, 12, 0, 0, 0, 0, 0, 0, 0
2, 57, 101, 1247359470111, 13, 0, 200, 178, 0, 0, 1, 2
2, 57, 100, 1247359470111, 13, 0, 0, 0, 0, 0, 0, 0
4, 46, 101, 1247359470116, 10, 0, 200, 178, 0, 1, 1, 4
4, 46, 100, 1247359470116, 10, 0, 0, 0, 0, 0, 0, 0
3, 40, 101, 1247359470109, 20, 0, 200, 178, 0, 0, 15, 19
3, 40, 100, 1247359470109, 20, 0, 0, 0, 0, 0, 0, 0
0, 52, 101, 1247359470111, 18, 0, 200, 178, 0, 0, 5, 9
0, 52, 100, 1247359470110, 19, 0, 0, 0, 0, 0, 0, 0
1, 42, 101, 1247359470124, 8, 0, 200, 178, 0, 5, 5, 7
1, 42, 100, 1247359470124, 8, 0, 0, 0, 0, 0, 0, 0
0, 53, 101, 1247359470130, 4, 0, 200, 178, 0, 0, 1, 4
0, 53, 100, 1247359470130, 4, 0, 0, 0, 0, 0, 0, 0
3, 41, 101, 1247359470131, 9, 0, 200, 178, 0, 0, 4, 9
3, 41, 100, 1247359470131, 9, 0, 0, 0, 0, 0, 0, 0
1, 43, 101, 1247359470135, 10, 0, 200, 178, 0, 0, 1, 2
1, 43, 100, 1247359470134, 11, 0, 0, 0, 0, 0, 0, 0
0, 54, 101, 1247359470138, 8, 0, 200, 178, 0, 0, 1, 5
0, 54, 100, 1247359470138, 8, 0, 0, 0, 0, 0, 0, 0
4, 47, 101, 1247359470126, 22, 0, 200, 178, 0, 0, 1, 21
4, 47, 100, 1247359470126, 22, 0, 0, 0, 0, 0, 0, 0
3, 42, 101, 1247359470143, 7, 0, 200, 178, 0, 1, 6, 7
3, 42, 100, 1247359470143, 8, 0, 0, 0, 0, 0, 0, 0
4, 48, 101, 1247359470149, 3, 0, 200, 178, 0, 1, 2, 3
4, 48, 100, 1247359470149, 4, 0, 0, 0, 0, 0, 0, 0
2, 58, 101, 1247359470125, 30, 0, 200, 178, 0, 0, 3, 25
2, 58, 100, 1247359470125, 30, 0, 0, 0, 0, 0, 0, 0
4, 49, 101, 1247359470153, 4, 0, 200, 178, 0, 1, 1, 3
4, 49, 100, 1247359470153, 4, 0, 0, 0, 0, 0, 0, 0
1, 44, 101, 1247359470147, 11, 0, 200, 178, 0, 4, 5, 7
1, 44, 100, 1247359470146, 12, 0, 0, 0, 0, 0, 0, 0
0, 55, 101, 1247359470152, 7, 0, 200, 178, 0, 2, 3, 5
0, 55, 100, 1247359470151, 8, 0, 0, 0, 0, 0, 0, 0
3, 43, 101, 1247359470155, 10, 0, 200, 178, 0, 2, 4, 6
3, 43, 100, 1247359470155, 10, 0, 0, 0, 0, 0, 0, 0
4, 50, 101, 1247359470158, 12, 0, 200, 178, 0, 0, 3, 6
4, 50, 100, 1247359470158, 12, 0, 0, 0, 0, 0, 0, 0
2, 59, 101, 1247359470160, 11, 0, 200, 178, 0, 0, 1, 2
2, 59, 100, 1247359470160, 11, 0, 0, 0, 0, 0, 0, 0
1, 45, 101, 1247359470161, 13, 0, 200, 178, 0, 1, 2, 3
1, 45, 100, 1247359470161, 13, 0, 0, 0, 0, 0, 0, 0
0, 56, 101, 1247359470164, 9, 0, 200, 178, 0, 3, 4, 6
0, 56, 100, 1247359470164, 11, 0, 0, 0, 0, 0, 0, 0
4, 51, 101, 1247359470170, 4, 0, 200, 178, 0, 0, 1, 3
4, 51, 100, 1247359470170, 4, 0, 0, 0, 0, 0, 0, 0
2, 60, 101, 1247359470173, 5, 0, 200, 178, 0, 1, 2, 4
2, 60, 100, 1247359470173, 5, 0, 0, 0, 0, 0, 0, 0
4, 52, 101, 1247359470176, 6, 0, 200, 178, 0, 0, 4, 5
4, 52, 100, 1247359470176, 6, 0, 0, 0, 0, 0, 0, 0
2, 61, 101, 1247359470182, 10, 0, 200, 178, 0, 5, 8, 10
2, 61, 100, 1247359470182, 11, 0, 0, 0, 0, 0, 0, 0
4, 53, 101, 1247359470184, 10, 0, 200, 178, 0, 3, 5, 9
4, 53, 100, 1247359470184, 10, 0, 0, 0, 0, 0, 0, 0
2, 62, 101, 1247359470195, 3, 0, 200, 178, 0, 0, 1, 3
2, 62, 100, 1247359470195, 3, 0, 0, 0, 0, 0, 0, 0
4, 54, 101, 1247359470197, 4, 0, 200, 178, 0, 1, 2, 3
4, 54, 100, 1247359470195, 6, 0, 0, 0, 0, 0, 0, 0
3, 44, 101, 1247359470170, 32, 0, 200, 178, 0, 0, 4, 30
3, 44, 100, 1247359470168, 34, 0, 0, 0, 0, 0, 0, 0
0, 57, 101, 1247359470177, 38, 0, 200, 178, 0, 0, 37, 38
0, 57, 100, 1247359470177, 39, 0, 0, 0, 0, 0, 0, 0
1, 46, 101, 1247359470176, 43, 0, 200, 178, 0, 0, 13, 16
1, 46, 100, 1247359470176, 43, 0, 0, 0, 0, 0, 0, 0
3, 45, 101, 1247359470219, 14, 0, 200, 178, 0, 1, 12, 13
3, 45, 100, 1247359470218, 15, 0, 0, 0, 0, 0, 0, 0
1, 47, 101, 1247359470234, 12, 0, 200, 178, 0, 1, 2, 12
1, 47, 100, 1247359470232, 15, 0, 0, 0, 0, 0, 0, 0
0, 58, 101, 1247359470225, 24, 0, 200, 178, 0, 0, 1, 13
0, 58, 100, 1247359470222, 27, 0, 0, 0, 0, 0, 0, 0
3, 46, 101, 1247359470241, 10, 0, 200, 178, 0, 0, 1, 2
3, 46, 100, 1247359470241, 10, 0, 0, 0, 0, 0, 0, 0
2, 63, 101, 1247359470220, 31, 0, 200, 178, 0, 0, 29, 31
2, 63, 100, 1247359470220, 31, 0, 0, 0, 0, 0, 0, 0
4, 55, 101, 1247359470230, 24, 0, 200, 178, 0, 0, 20, 23
4, 55, 100, 1247359470220, 34, 0, 0, 0, 0, 0, 0, 0
1, 48, 101, 1247359470254, 3, 0, 200, 178, 0, 0, 1, 3
1, 48, 100, 1247359470252, 5, 0, 0, 0, 0, 0, 0, 0
0, 59, 101, 1247359470251, 8, 0, 200, 178, 0, 0, 1, 6
0, 59, 100, 1247359470249, 10, 0, 0, 0, 0, 0, 0, 0
2, 64, 101, 1247359470257, 10, 0, 200, 178, 0, 1, 1, 9
2, 64, 100, 1247359470254, 13, 0, 0, 0, 0, 0, 0, 0
4, 56, 101, 1247359470259, 11, 0, 200, 178, 0, 0, 9, 10
4, 56, 100, 1247359470259, 11, 0, 0, 0, 0, 0, 0, 0
3, 47, 101, 1247359470262, 8, 0, 200, 178, 0, 0, 6, 8
3, 47, 100, 1247359470261, 9, 0, 0, 0, 0, 0, 0, 0
2, 65, 101, 1247359470269, 2, 0, 200, 178, 0, 0, 1, 2
2, 65, 100, 1247359470268, 3, 0, 0, 0, 0, 0, 0, 0
1, 49, 101, 1247359470268, 11, 0, 200, 178, 0, 5, 9, 11
1, 49, 100, 1247359470267, 12, 0, 0, 0, 0, 0, 0, 0
4, 57, 101, 1247359470273, 8, 0, 200, 178, 0, 0, 1, 7
4, 57, 100, 1247359470272, 9, 0, 0, 0, 0, 0, 0, 0
0, 60, 101, 1247359470266, 6, 0, 200, 178, 0, 0, 1, 6
0, 60, 100, 1247359470263, 20, 0, 0, 0, 0, 0, 0, 0
3, 48, 101, 1247359470276, 13, 0, 200, 178, 0, 0, 1, 12
3, 48, 100, 1247359470273, 16, 0, 0, 0, 0, 0, 0, 0
2, 66, 101, 1247359470287, 11, 0, 200, 178, 0, 1, 7, 10
2, 66, 100, 1247359470287, 11, 0, 0, 0, 0, 0, 0, 0
1, 50, 101, 1247359470289, 9, 0, 200, 178, 0, 1, 4, 9
1, 50, 100, 1247359470289, 10, 0, 0, 0, 0, 0, 0, 0
4, 58, 101, 1247359470292, 7, 0, 200, 178, 0, 0, 0, 6
4, 58, 100, 1247359470291, 8, 0, 0, 0, 0, 0, 0, 0
4, 59, 101, 1247359470304, 5, 0, 200, 178, 0, 0, 1, 5
4, 59, 100, 1247359470304, 5, 0, 0, 0, 0, 0, 0, 0
3, 49, 101, 1247359470305, 6, 0, 200, 178, 0, 0, 1, 6
3, 49, 100, 1247359470305, 6, 0, 0, 0, 0, 0, 0, 0
0, 61, 101, 1247359470286, 28, 0, 200, 178, 0, 2, 3, 27
0, 61, 100, 1247359470285, 29, 0, 0, 0, 0, 0, 0, 0
2, 67, 101, 1247359470303, 15, 0, 200, 178, 0, 0, 4, 14
2, 67, 100, 1247359470302, 16, 0, 0, 0, 0, 0, 0, 0
1, 51, 101, 1247359470301, 16, 0, 200, 178, 0, 0, 5, 15
1, 51, 100, 1247359470300, 17, 0, 0, 0, 0, 0, 0, 0
4, 60, 101, 1247359470314, 6, 0, 200, 178, 0, 0, 1, 4
4, 60, 100, 1247359470314, 6, 0, 0, 0, 0, 0, 0, 0
3, 50, 101, 1247359470315, 6, 0, 200, 178, 0, 0, 0, 5
3, 50, 100, 1247359470315, 6, 0, 0, 0, 0, 0, 0, 0
1, 52, 101, 1247359470319, 6, 0, 200, 178, 0, 0, 1, 5
1, 52, 100, 1247359470319, 6, 0, 0, 0, 0, 0, 0, 0
2, 68, 101, 1247359470320, 11, 0, 200, 178, 0, 0, 7, 10
2, 68, 100, 1247359470320, 11, 0, 0, 0, 0, 0, 0, 0
0, 62, 101, 1247359470319, 16, 0, 200, 178, 0, 0, 3, 15
0, 62, 100, 1247359470318, 17, 0, 0, 0, 0, 0, 0, 0
1, 53, 101, 1247359470334, 14, 0, 200, 178, 0, 1, 2, 3
1, 53, 100, 1247359470334, 14, 0, 0, 0, 0, 0, 0, 0
2, 69, 101, 1247359470341, 11, 0, 200, 178, 0, 0, 9, 10
2, 69, 100, 1247359470340, 12, 0, 0, 0, 0, 0, 0, 0
3, 51, 101, 1247359470338, 20, 0, 200, 178, 0, 0, 1, 19
3, 51, 100, 1247359470337, 21, 0, 0, 0, 0, 0, 0, 0
4, 61, 101, 1247359470337, 22, 0, 200, 178, 0, 0, 18, 20
4, 61, 100, 1247359470337, 22, 0, 0, 0, 0, 0, 0, 0
0, 63, 101, 1247359470356, 7, 0, 200, 178, 0, 0, 5, 6
0, 63, 100, 1247359470354, 9, 0, 0, 0, 0, 0, 0, 0
2, 70, 101, 1247359470355, 36, 0, 200, 178, 0, 0, 11, 13
2, 70, 100, 1247359470355, 36, 0, 0, 0, 0, 0, 0, 0
1, 54, 101, 1247359470354, 13, 0, 200, 178, 0, 0, 3, 12
1, 54, 100, 1247359470354, 38, 0, 0, 0, 0, 0, 0, 0
4, 62, 101, 1247359470363, 30, 0, 200, 178, 0, 0, 1, 28
4, 62, 100, 1247359470362, 31, 0, 0, 0, 0, 0, 0, 0
1, 55, 101, 1247359470392, 3, 0, 200, 178, 0, 0, 1, 2
1, 55, 100, 1247359470392, 3, 0, 0, 0, 0, 0, 0, 0
3, 52, 101, 1247359470367, 29, 0, 200, 178, 0, 1, 26, 28
3, 52, 100, 1247359470364, 32, 0, 0, 0, 0, 0, 0, 0
2, 71, 101, 1247359470393, 3, 0, 200, 178, 0, 1, 1, 3
2, 71, 100, 1247359470393, 3, 0, 0, 0, 0, 0, 0, 0
0, 64, 101, 1247359470392, 4, 0, 200, 178, 0, 0, 1, 4
0, 64, 100, 1247359470368, 28, 0, 0, 0, 0, 0, 0, 0
4, 63, 101, 1247359470394, 4, 0, 200, 178, 0, 0, 1, 3
4, 63, 100, 1247359470393, 5, 0, 0, 0, 0, 0, 0, 0
3, 53, 101, 1247359470398, 3, 0, 200, 178, 0, 0, 1, 3
3, 53, 100, 1247359470398, 3, 0, 0, 0, 0, 0, 0, 0
0, 65, 101, 1247359470399, 3, 0, 200, 178, 0, 0, 1, 3
0, 65, 100, 1247359470399, 3, 0, 0, 0, 0, 0, 0, 0
2, 72, 101, 1247359470400, 3, 0, 200, 178, 0, 0, 1, 3
2, 72, 100, 1247359470398, 5, 0, 0, 0, 0, 0, 0, 0
1, 56, 101, 1247359470398, 7, 0, 200, 178, 0, 0, 3, 5
1, 56, 100, 1247359470398, 7, 0, 0, 0, 0, 0, 0, 0
0, 66, 101, 1247359470404, 3, 0, 200, 178, 0, 1, 1, 3
0, 66, 100, 1247359470404, 3, 0, 0, 0, 0, 0, 0, 0
4, 64, 101, 1247359470399, 10, 0, 200, 178, 0, 0, 5, 9
4, 64, 100, 1247359470399, 11, 0, 0, 0, 0, 0, 0, 0
3, 54, 101, 1247359470403, 7, 0, 200, 178, 0, 0, 6, 7
3, 54, 100, 1247359470403, 7, 0, 0, 0, 0, 0, 0, 0
3, 55, 101, 1247359470414, 3, 0, 200, 178, 0, 0, 1, 2
3, 55, 100, 1247359470414, 3, 0, 0, 0, 0, 0, 0, 0
2, 73, 101, 1247359470407, 12, 0, 200, 178, 0, 0, 1, 9
2, 73, 100, 1247359470406, 13, 0, 0, 0, 0, 0, 0, 0
1, 57, 101, 1247359470408, 12, 0, 200, 178, 0, 0, 8, 10
1, 57, 100, 1247359470407, 13, 0, 0, 0, 0, 0, 0, 0
4, 65, 101, 1247359470414, 11, 0, 200, 178, 0, 0, 8, 10
4, 65, 100, 1247359470414, 11, 0, 0, 0, 0, 0, 0, 0
2, 74, 101, 1247359470422, 4, 0, 200, 178, 0, 0, 2, 3
2, 74, 100, 1247359470422, 4, 0, 0, 0, 0, 0, 0, 0
1, 58, 101, 1247359470423, 4, 0, 200, 178, 0, 0, 2, 3
1, 58, 100, 1247359470423, 4, 0, 0, 0, 0, 0, 0, 0
0, 67, 101, 1247359470420, 12, 0, 200, 178, 0, 0, 0, 10
0, 67, 100, 1247359470420, 12, 0, 0, 0, 0, 0, 0, 0
4, 66, 101, 1247359470436, 2, 0, 200, 178, 0, 0, 1, 2
4, 66, 100, 1247359470436, 2, 0, 0, 0, 0, 0, 0, 0
3, 56, 101, 1247359470435, 8, 0, 200, 178, 0, 1, 2, 7
3, 56, 100, 1247359470435, 8, 0, 0, 0, 0, 0, 0, 0
0, 68, 101, 1247359470443, 4, 0, 200, 178, 0, 1, 2, 3
0, 68, 100, 1247359470443, 4, 0, 0, 0, 0, 0, 0, 0
3, 57, 101, 1247359470444, 13, 0, 200, 178, 0, 0, 7, 12
3, 57, 100, 1247359470444, 13, 0, 0, 0, 0, 0, 0, 0
4, 67, 101, 1247359470447, 23, 0, 200, 178, 0, 0, 22, 23
4, 67, 100, 1247359470445, 25, 0, 0, 0, 0, 0, 0, 0
0, 69, 101, 1247359470469, 4, 0, 200, 178, 0, 0, 2, 4
0, 69, 100, 1247359470467, 6, 0, 0, 0, 0, 0, 0, 0
3, 58, 101, 1247359470470, 6, 0, 200, 178, 0, 0, 3, 5
3, 58, 100, 1247359470469, 8, 0, 0, 0, 0, 0, 0, 0
2, 75, 101, 1247359470428, 50, 0, 200, 178, 0, 1, 2, 50
2, 75, 100, 1247359470428, 50, 0, 0, 0, 0, 0, 0, 0
1, 59, 101, 1247359470429, 50, 0, 200, 178, 0, 1, 1, 50
1, 59, 100, 1247359470429, 50, 0, 0, 0, 0, 0, 0, 0
4, 68, 101, 1247359470472, 9, 0, 200, 178, 0, 0, 7, 9
4, 68, 100, 1247359470471, 10, 0, 0, 0, 0, 0, 0, 0
0, 70, 101, 1247359470479, 5, 0, 200, 178, 0, 1, 2, 5
0, 70, 100, 1247359470479, 5, 0, 0, 0, 0, 0, 0, 0
3, 59, 101, 1247359470482, 4, 0, 200, 178, 0, 0, 2, 4
3, 59, 100, 1247359470482, 4, 0, 0, 0, 0, 0, 0, 0
4, 69, 101, 1247359470485, 3, 0, 200, 178, 0, 0, 1, 2
4, 69, 100, 1247359470485, 3, 0, 0, 0, 0, 0, 0, 0
2, 76, 101, 1247359470479, 16, 0, 200, 178, 0, 1, 1, 9
2, 76, 100, 1247359470479, 16, 0, 0, 0, 0, 0, 0, 0
2, 77, 101, 1247359470495, 5, 0, 200, 178, 0, 1, 3, 5
2, 77, 100, 1247359470495, 5, 0, 0, 0, 0, 0, 0, 0
0, 71, 101, 1247359470504, 3, 0, 200, 178, 0, 0, 1, 2
0, 71, 100, 1247359470504, 3, 0, 0, 0, 0, 0, 0, 0
1, 60, 101, 1247359470480, 37, 0, 200, 178, 0, 0, 28, 37
1, 60, 100, 1247359470480, 37, 0, 0, 0, 0, 0, 0, 0
2, 78, 101, 1247359470501, 18, 0, 200, 178, 0, 0, 7, 17
2, 78, 100, 1247359470500, 19, 0, 0, 0, 0, 0, 0, 0
3, 60, 101, 1247359470495, 24, 0, 200, 178, 0, 1, 11, 24
3, 60, 100, 1247359470495, 24, 0, 0, 0, 0, 0, 0, 0
4, 70, 101, 1247359470505, 18, 0, 200, 178, 0, 0, 15, 17
0, 72, 101, 1247359470520, 5, 0, 200, 178, 0, 0, 1, 3
0, 72, 100, 1247359470520, 5, 0, 0, 0, 0, 0, 0, 0
4, 70, 100, 1247359470505, 18, 0, 0, 0, 0, 0, 0, 0
1, 61, 101, 1247359470518, 10, 0, 200, 178, 0, 0, 1, 10
3, 61, 101, 1247359470523, 5, 0, 200, 178, 0, 1, 4, 5
1, 61, 100, 1247359470518, 10, 0, 0, 0, 0, 0, 0, 0
3, 61, 100, 1247359470523, 5, 0, 0, 0, 0, 0, 0, 0
2, 79, 101, 1247359470519, 12, 0, 200, 178, 0, 0, 9, 10
2, 79, 100, 1247359470519, 12, 0, 0, 0, 0, 0, 0, 0
4, 71, 101, 1247359470526, 5, 0, 200, 178, 0, 1, 1, 5
4, 71, 100, 1247359470526, 5, 0, 0, 0, 0, 0, 0, 0
1, 62, 101, 1247359470529, 3, 0, 200, 178, 0, 0, 1, 3
1, 62, 100, 1247359470529, 3, 0, 0, 0, 0, 0, 0, 0
0, 73, 101, 1247359470530, 5, 0, 200, 178, 0, 0, 4, 5
0, 73, 100, 1247359470529, 6, 0, 0, 0, 0, 0, 0, 0
4, 72, 101, 1247359470534, 4, 0, 200, 178, 0, 1, 2, 3
4, 72, 100, 1247359470534, 4, 0, 0, 0, 0, 0, 0, 0
2, 80, 101, 1247359470531, 7, 0, 200, 178, 0, 1, 2, 7
2, 80, 100, 1247359470531, 8, 0, 0, 0, 0, 0, 0, 0
3, 62, 101, 1247359470532, 7, 0, 200, 178, 0, 0, 2, 7
3, 62, 100, 1247359470531, 8, 0, 0, 0, 0, 0, 0, 0
1, 63, 101, 1247359470533, 7, 0, 200, 178, 0, 0, 5, 6
1, 63, 100, 1247359470533, 7, 0, 0, 0, 0, 0, 0, 0
0, 74, 101, 1247359470539, 3, 0, 200, 178, 0, 0, 1, 2
0, 74, 100, 1247359470539, 3, 0, 0, 0, 0, 0, 0, 0
3, 63, 101, 1247359470543, 3, 0, 200, 178, 0, 1, 2, 3
3, 63, 100, 1247359470541, 5, 0, 0, 0, 0, 0, 0, 0
2, 81, 101, 1247359470539, 10, 0, 200, 178, 0, 0, 1, 9
2, 81, 100, 1247359470539, 10, 0, 0, 0, 0, 0, 0, 0
4, 73, 101, 1247359470544, 5, 0, 200, 178, 0, 0, 3, 5
4, 73, 100, 1247359470544, 5, 0, 0, 0, 0, 0, 0, 0
1, 64, 101, 1247359470540, 9, 0, 200, 178, 0, 1, 8, 9
1, 64, 100, 1247359470540, 9, 0, 0, 0, 0, 0, 0, 0
0, 75, 101, 1247359470548, 3, 0, 200, 178, 0, 0, 1, 2
0, 75, 100, 1247359470548, 3, 0, 0, 0, 0, 0, 0, 0
3, 64, 101, 1247359470553, 3, 0, 200, 178, 0, 1, 2, 3
3, 64, 100, 1247359470550, 6, 0, 0, 0, 0, 0, 0, 0
1, 65, 101, 1247359470549, 9, 0, 200, 178, 0, 0, 1, 8
1, 65, 100, 1247359470549, 10, 0, 0, 0, 0, 0, 0, 0
4, 74, 101, 1247359470554, 5, 0, 200, 178, 0, 0, 3, 5
4, 74, 100, 1247359470554, 5, 0, 0, 0, 0, 0, 0, 0
0, 76, 101, 1247359470557, 4, 0, 200, 178, 0, 0, 1, 3
0, 76, 100, 1247359470557, 4, 0, 0, 0, 0, 0, 0, 0
2, 82, 101, 1247359470550, 17, 0, 200, 178, 0, 1, 9, 17
2, 82, 100, 1247359470549, 19, 0, 0, 0, 0, 0, 0, 0
1, 66, 101, 1247359470559, 10, 0, 200, 178, 0, 0, 8, 10
1, 66, 100, 1247359470559, 10, 0, 0, 0, 0, 0, 0, 0
2, 83, 101, 1247359470568, 6, 0, 200, 178, 0, 0, 1, 5
2, 83, 100, 1247359470568, 6, 0, 0, 0, 0, 0, 0, 0
4, 75, 101, 1247359470569, 5, 0, 200, 178, 0, 0, 2, 5
4, 75, 100, 1247359470569, 5, 0, 0, 0, 0, 0, 0, 0
3, 65, 101, 1247359470570, 3, 0, 200, 178, 0, 0, 1, 2
3, 65, 100, 1247359470569, 55, 0, 0, 0, 0, 0, 0, 0
2, 84, 101, 1247359470574, 51, 0, 200, 178, 0, 0, 49, 50
2, 84, 100, 1247359470574, 51, 0, 0, 0, 0, 0, 0, 0
0, 77, 101, 1247359470575, 52, 0, 200, 178, 0, 0, 49, 51
0, 77, 100, 1247359470575, 52, 0, 0, 0, 0, 0, 0, 0
2, 85, 101, 1247359470626, 3, 0, 200, 178, 0, 0, 1, 2
2, 85, 100, 1247359470626, 3, 0, 0, 0, 0, 0, 0, 0
3, 66, 101, 1247359470626, 3, 0, 200, 178, 0, 1, 1, 3
3, 66, 100, 1247359470626, 3, 0, 0, 0, 0, 0, 0, 0
0, 78, 101, 1247359470627, 4, 0, 200, 178, 0, 0, 1, 3
0, 78, 100, 1247359470627, 4, 0, 0, 0, 0, 0, 0, 0
2, 86, 101, 1247359470629, 3, 0, 200, 178, 0, 1, 1, 3
2, 86, 100, 1247359470629, 4, 0, 0, 0, 0, 0, 0, 0
4, 76, 101, 1247359470624, 9, 0, 200, 178, 0, 1, 4, 6
4, 76, 100, 1247359470624, 9, 0, 0, 0, 0, 0, 0, 0
1, 67, 101, 1247359470569, 71, 0, 200, 178, 0, 0, 4, 5
1, 67, 100, 1247359470569, 71, 0, 0, 0, 0, 0, 0, 0
2, 87, 101, 1247359470633, 9, 0, 200, 178, 0, 0, 3, 8
2, 87, 100, 1247359470633, 9, 0, 0, 0, 0, 0, 0, 0
3, 67, 101, 1247359470630, 13, 0, 200, 178, 0, 5, 6, 9
3, 67, 100, 1247359470630, 13, 0, 0, 0, 0, 0, 0, 0
1, 68, 101, 1247359470641, 2, 0, 200, 178, 0, 0, 1, 2
1, 68, 100, 1247359470641, 2, 0, 0, 0, 0, 0, 0, 0
2, 88, 101, 1247359470642, 4, 0, 200, 178, 0, 1, 2, 3
2, 88, 100, 1247359470642, 4, 0, 0, 0, 0, 0, 0, 0
0, 79, 101, 1247359470631, 16, 0, 200, 178, 0, 0, 1, 4
0, 79, 100, 1247359470631, 17, 0, 0, 0, 0, 0, 0, 0
4, 77, 101, 1247359470634, 14, 0, 200, 178, 0, 3, 4, 10
4, 77, 100, 1247359470634, 14, 0, 0, 0, 0, 0, 0, 0
1, 69, 101, 1247359470644, 6, 0, 200, 178, 0, 2, 3, 6
1, 69, 100, 1247359470644, 6, 0, 0, 0, 0, 0, 0, 0
2, 89, 101, 1247359470646, 6, 0, 200, 178, 0, 1, 2, 5
2, 89, 100, 1247359470646, 6, 0, 0, 0, 0, 0, 0, 0
3, 68, 101, 1247359470648, 9, 0, 200, 178, 0, 1, 1, 2
3, 68, 100, 1247359470647, 10, 0, 0, 0, 0, 0, 0, 0
1, 70, 101, 1247359470651, 10, 0, 200, 178, 0, 0, 1, 9
1, 70, 100, 1247359470651, 10, 0, 0, 0, 0, 0, 0, 0
4, 78, 101, 1247359470658, 3, 0, 200, 178, 0, 1, 1, 3
4, 78, 100, 1247359470655, 6, 0, 0, 0, 0, 0, 0, 0
1, 71, 101, 1247359470661, 3, 0, 200, 178, 0, 0, 1, 3
1, 71, 100, 1247359470661, 3, 0, 0, 0, 0, 0, 0, 0
2, 90, 101, 1247359470652, 14, 0, 200, 178, 0, 0, 9, 12
2, 90, 100, 1247359470652, 14, 0, 0, 0, 0, 0, 0, 0
1, 72, 101, 1247359470665, 3, 0, 200, 178, 0, 0, 1, 2
1, 72, 100, 1247359470665, 3, 0, 0, 0, 0, 0, 0, 0
0, 80, 101, 1247359470662, 7, 0, 200, 178, 0, 0, 5, 6
0, 80, 100, 1247359470662, 7, 0, 0, 0, 0, 0, 0, 0
1, 73, 101, 1247359470669, 5, 0, 200, 178, 0, 0, 1, 5
1, 73, 100, 1247359470669, 5, 0, 0, 0, 0, 0, 0, 0
3, 69, 101, 1247359470668, 8, 0, 200, 178, 0, 0, 6, 8
3, 69, 100, 1247359470664, 12, 0, 0, 0, 0, 0, 0, 0
4, 79, 101, 1247359470669, 10, 0, 200, 178, 0, 0, 8, 10
4, 79, 100, 1247359470669, 11, 0, 0, 0, 0, 0, 0, 0
2, 91, 101, 1247359470666, 28, 0, 200, 178, 0, 0, 2, 27
2, 91, 100, 1247359470666, 28, 0, 0, 0, 0, 0, 0, 0
3, 70, 101, 1247359470682, 14, 0, 200, 178, 0, 0, 2, 13
3, 70, 100, 1247359470678, 18, 0, 0, 0, 0, 0, 0, 0
1, 74, 101, 1247359470675, 22, 0, 200, 178, 0, 0, 20, 21
1, 74, 100, 1247359470675, 22, 0, 0, 0, 0, 0, 0, 0
2, 92, 101, 1247359470696, 3, 0, 200, 178, 0, 0, 1, 2
2, 92, 100, 1247359470695, 4, 0, 0, 0, 0, 0, 0, 0
4, 80, 101, 1247359470682, 18, 0, 200, 178, 0, 1, 2, 17
4, 80, 100, 1247359470682, 18, 0, 0, 0, 0, 0, 0, 0
1, 75, 101, 1247359470697, 3, 0, 200, 178, 0, 0, 1, 2
1, 75, 100, 1247359470697, 3, 0, 0, 0, 0, 0, 0, 0
3, 71, 101, 1247359470706, 4, 0, 200, 178, 0, 0, 2, 3
3, 71, 100, 1247359470706, 4, 0, 0, 0, 0, 0, 0, 0
4, 81, 101, 1247359470708, 3, 0, 200, 178, 0, 0, 1, 2
4, 81, 100, 1247359470707, 4, 0, 0, 0, 0, 0, 0, 0
2, 93, 101, 1247359470712, 9, 0, 200, 178, 0, 5, 6, 8
2, 93, 100, 1247359470711, 10, 0, 0, 0, 0, 0, 0, 0
0, 81, 101, 1247359470704, 20, 0, 200, 178, 0, 1, 14, 19
0, 81, 100, 1247359470670, 54, 0, 0, 0, 0, 0, 0, 0
3, 72, 101, 1247359470717, 7, 0, 200, 178, 0, 1, 1, 6
3, 72, 100, 1247359470717, 7, 0, 0, 0, 0, 0, 0, 0
1, 76, 101, 1247359470711, 14, 0, 200, 178, 0, 1, 7, 14
1, 76, 100, 1247359470711, 14, 0, 0, 0, 0, 0, 0, 0
4, 82, 101, 1247359470718, 7, 0, 200, 178, 0, 1, 6, 7
4, 82, 100, 1247359470718, 7, 0, 0, 0, 0, 0, 0, 0
2, 94, 101, 1247359470724, 5, 0, 200, 178, 0, 0, 1, 5
2, 94, 100, 1247359470724, 5, 0, 0, 0, 0, 0, 0, 0
3, 73, 101, 1247359470727, 3, 0, 200, 178, 0, 0, 1, 2
3, 73, 100, 1247359470727, 3, 0, 0, 0, 0, 0, 0, 0
4, 83, 101, 1247359470730, 3, 0, 200, 178, 0, 1, 2, 3
4, 83, 100, 1247359470728, 5, 0, 0, 0, 0, 0, 0, 0
0, 82, 101, 1247359470724, 10, 0, 200, 178, 0, 0, 1, 9
0, 82, 100, 1247359470724, 10, 0, 0, 0, 0, 0, 0, 0
0, 83, 101, 1247359470734, 10, 0, 200, 178, 0, 0, 1, 9
0, 83, 100, 1247359470734, 10, 0, 0, 0, 0, 0, 0, 0
1, 77, 101, 1247359470735, 11, 0, 200, 178, 0, 0, 9, 11
1, 77, 100, 1247359470734, 12, 0, 0, 0, 0, 0, 0, 0
0, 84, 101, 1247359470744, 3, 0, 200, 178, 0, 0, 1, 2
0, 84, 100, 1247359470744, 3, 0, 0, 0, 0, 0, 0, 0
2, 95, 101, 1247359470744, 5, 0, 200, 178, 0, 0, 1, 4
2, 95, 100, 1247359470744, 5, 0, 0, 0, 0, 0, 0, 0
0, 85, 101, 1247359470747, 4, 0, 200, 178, 0, 1, 1, 3
0, 85, 100, 1247359470747, 4, 0, 0, 0, 0, 0, 0, 0
3, 74, 101, 1247359470751, 2, 0, 200, 178, 0, 0, 1, 2
3, 74, 100, 1247359470751, 2, 0, 0, 0, 0, 0, 0, 0
1, 78, 101, 1247359470748, 6, 0, 200, 178, 0, 0, 3, 5
1, 78, 100, 1247359470746, 8, 0, 0, 0, 0, 0, 0, 0
0, 86, 101, 1247359470751, 4, 0, 200, 178, 0, 0, 2, 4
0, 86, 100, 1247359470751, 4, 0, 0, 0, 0, 0, 0, 0
4, 84, 101, 1247359470752, 5, 0, 200, 178, 0, 0, 3, 4
4, 84, 100, 1247359470752, 5, 0, 0, 0, 0, 0, 0, 0
2, 96, 101, 1247359470755, 6, 0, 200, 178, 0, 0, 2, 5
2, 96, 100, 1247359470754, 7, 0, 0, 0, 0, 0, 0, 0
1, 79, 101, 1247359470754, 10, 0, 200, 178, 0, 1, 2, 10
1, 79, 100, 1247359470754, 10, 0, 0, 0, 0, 0, 0, 0
0, 87, 101, 1247359470756, 9, 0, 200, 178, 0, 0, 7, 8
0, 87, 100, 1247359470756, 9, 0, 0, 0, 0, 0, 0, 0
1, 80, 101, 1247359470765, 3, 0, 200, 178, 0, 1, 1, 3
1, 80, 100, 1247359470765, 4, 0, 0, 0, 0, 0, 0, 0
0, 88, 101, 1247359470766, 3, 0, 200, 178, 0, 0, 1, 3
0, 88, 100, 1247359470765, 4, 0, 0, 0, 0, 0, 0, 0
3, 75, 101, 1247359470758, 12, 0, 200, 178, 0, 0, 9, 10
3, 75, 100, 1247359470758, 12, 0, 0, 0, 0, 0, 0, 0
4, 85, 101, 1247359470762, 10, 0, 200, 178, 0, 0, 8, 10
4, 85, 100, 1247359470758, 15, 0, 0, 0, 0, 0, 0, 0
0, 89, 101, 1247359470770, 4, 0, 200, 178, 0, 0, 1, 4
0, 89, 100, 1247359470770, 4, 0, 0, 0, 0, 0, 0, 0
2, 97, 101, 1247359470769, 5, 0, 200, 178, 0, 0, 1, 4
2, 97, 100, 1247359470769, 5, 0, 0, 0, 0, 0, 0, 0
3, 76, 101, 1247359470775, 3, 0, 200, 178, 0, 0, 1, 3
3, 76, 100, 1247359470774, 4, 0, 0, 0, 0, 0, 0, 0
2, 98, 101, 1247359470776, 3, 0, 200, 178, 0, 1, 2, 3
2, 98, 100, 1247359470776, 3, 0, 0, 0, 0, 0, 0, 0
4, 86, 101, 1247359470775, 5, 0, 200, 178, 0, 0, 3, 4
4, 86, 100, 1247359470775, 5, 0, 0, 0, 0, 0, 0, 0
1, 81, 101, 1247359470770, 14, 0, 200, 178, 0, 1, 4, 13
1, 81, 100, 1247359470770, 14, 0, 0, 0, 0, 0, 0, 0
3, 77, 101, 1247359470781, 5, 0, 200, 178, 0, 0, 0, 4
3, 77, 100, 1247359470781, 5, 0, 0, 0, 0, 0, 0, 0
4, 87, 101, 1247359470784, 4, 0, 200, 178, 0, 1, 2, 4
4, 87, 100, 1247359470782, 6, 0, 0, 0, 0, 0, 0, 0
0, 90, 101, 1247359470775, 19, 0, 200, 178, 0, 0, 10, 18
0, 90, 100, 1247359470774, 20, 0, 0, 0, 0, 0, 0, 0
1, 82, 101, 1247359470784, 11, 0, 200, 178, 0, 1, 10, 11
1, 82, 100, 1247359470784, 11, 0, 0, 0, 0, 0, 0, 0
3, 78, 101, 1247359470793, 3, 0, 200, 178, 0, 0, 1, 2
3, 78, 100, 1247359470789, 7, 0, 0, 0, 0, 0, 0, 0
4, 88, 101, 1247359470790, 8, 0, 200, 178, 0, 0, 1, 2
4, 88, 100, 1247359470789, 9, 0, 0, 0, 0, 0, 0, 0
0, 91, 101, 1247359470796, 5, 0, 200, 178, 0, 0, 1, 4
0, 91, 100, 1247359470794, 7, 0, 0, 0, 0, 0, 0, 0
2, 99, 101, 1247359470785, 9, 0, 200, 178, 0, 0, 4, 9
2, 99, 100, 1247359470785, 9, 0, 0, 0, 0, 0, 0, 0
1, 83, 101, 1247359470796, 8, 0, 200, 178, 0, 0, 4, 6
1, 83, 100, 1247359470796, 8, 0, 0, 0, 0, 0, 0, 0
0, 92, 101, 1247359470801, 5, 0, 200, 178, 0, 0, 3, 4
0, 92, 100, 1247359470801, 5, 0, 0, 0, 0, 0, 0, 0
1, 84, 101, 1247359470804, 3, 0, 200, 178, 0, 1, 2, 3
1, 84, 100, 1247359470804, 3, 0, 0, 0, 0, 0, 0, 0
3, 79, 101, 1247359470804, 4, 0, 200, 178, 0, 1, 2, 3
3, 79, 100, 1247359470803, 5, 0, 0, 0, 0, 0, 0, 0
4, 89, 101, 1247359470803, 6, 0, 200, 178, 0, 1, 3, 5
4, 89, 100, 1247359470803, 6, 0, 0, 0, 0, 0, 0, 0
0, 93, 101, 1247359470807, 7, 0, 200, 178, 0, 1, 1, 6
0, 93, 100, 1247359470807, 7, 0, 0, 0, 0, 0, 0, 0
1, 85, 101, 1247359470808, 8, 0, 200, 178, 0, 0, 6, 7
1, 85, 100, 1247359470808, 8, 0, 0, 0, 0, 0, 0, 0
0, 94, 101, 1247359470815, 3, 0, 200, 178, 0, 0, 1, 3
0, 94, 100, 1247359470815, 3, 0, 0, 0, 0, 0, 0, 0
1, 86, 101, 1247359470816, 4, 0, 200, 178, 0, 1, 2, 3
1, 86, 100, 1247359470816, 4, 0, 0, 0, 0, 0, 0, 0
0, 95, 101, 1247359470819, 5, 0, 200, 178, 0, 0, 1, 5
0, 95, 100, 1247359470819, 5, 0, 0, 0, 0, 0, 0, 0
1, 87, 101, 1247359470820, 5, 0, 200, 178, 0, 0, 2, 4
1, 87, 100, 1247359470820, 5, 0, 0, 0, 0, 0, 0, 0
4, 90, 101, 1247359470820, 13, 0, 200, 178, 0, 0, 1, 12
4, 90, 100, 1247359470820, 13, 0, 0, 0, 0, 0, 0, 0
0, 96, 101, 1247359470824, 10, 0, 200, 178, 0, 0, 1, 9
0, 96, 100, 1247359470824, 10, 0, 0, 0, 0, 0, 0, 0
3, 80, 101, 1247359470821, 13, 0, 200, 178, 0, 0, 12, 13
3, 80, 100, 1247359470820, 14, 0, 0, 0, 0, 0, 0, 0
1, 88, 101, 1247359470826, 10, 0, 200, 178, 0, 0, 7, 9
1, 88, 100, 1247359470826, 10, 0, 0, 0, 0, 0, 0, 0
3, 81, 101, 1247359470837, 2, 0, 200, 178, 0, 0, 1, 2
3, 81, 100, 1247359470837, 2, 0, 0, 0, 0, 0, 0, 0
4, 91, 101, 1247359470840, 4, 0, 200, 178, 0, 0, 1, 3
4, 91, 100, 1247359470839, 5, 0, 0, 0, 0, 0, 0, 0
0, 97, 101, 1247359470834, 10, 0, 200, 178, 0, 0, 1, 9
0, 97, 100, 1247359470834, 10, 0, 0, 0, 0, 0, 0, 0
1, 89, 101, 1247359470836, 10, 0, 200, 178, 0, 1, 8, 9
1, 89, 100, 1247359470836, 10, 0, 0, 0, 0, 0, 0, 0
4, 92, 101, 1247359470846, 4, 0, 200, 178, 0, 0, 3, 4
4, 92, 100, 1247359470845, 5, 0, 0, 0, 0, 0, 0, 0
0, 98, 101, 1247359470845, 6, 0, 200, 178, 0, 0, 1, 5
0, 98, 100, 1247359470844, 7, 0, 0, 0, 0, 0, 0, 0
3, 82, 101, 1247359470845, 3, 0, 200, 178, 0, 0, 0, 3
3, 82, 100, 1247359470845, 3, 0, 0, 0, 0, 0, 0, 0
1, 90, 101, 1247359470846, 6, 0, 200, 178, 0, 0, 4, 6
1, 90, 100, 1247359470846, 6, 0, 0, 0, 0, 0, 0, 0
3, 83, 101, 1247359470851, 4, 0, 200, 178, 0, 1, 2, 3
3, 83, 100, 1247359470851, 4, 0, 0, 0, 0, 0, 0, 0
4, 93, 101, 1247359470854, 4, 0, 200, 178, 0, 1, 2, 4
4, 93, 100, 1247359470854, 4, 0, 0, 0, 0, 0, 0, 0
3, 84, 101, 1247359470857, 5, 0, 200, 178, 0, 1, 4, 5
3, 84, 100, 1247359470857, 5, 0, 0, 0, 0, 0, 0, 0
4, 94, 101, 1247359470861, 2, 0, 200, 178, 0, 0, 1, 2
4, 94, 100, 1247359470860, 4, 0, 0, 0, 0, 0, 0, 0
1, 91, 101, 1247359470853, 11, 0, 200, 178, 0, 0, 1, 11
1, 91, 100, 1247359470853, 11, 0, 0, 0, 0, 0, 0, 0
0, 99, 101, 1247359470851, 24, 0, 200, 178, 0, 1, 2, 13
0, 99, 100, 1247359470851, 24, 0, 0, 0, 0, 0, 0, 0
3, 85, 101, 1247359470876, 3, 0, 200, 178, 0, 0, 1, 3
3, 85, 100, 1247359470869, 10, 0, 0, 0, 0, 0, 0, 0
4, 95, 101, 1247359470876, 4, 0, 200, 178, 0, 0, 0, 2
4, 95, 100, 1247359470871, 9, 0, 0, 0, 0, 0, 0, 0
1, 92, 101, 1247359470875, 10, 0, 200, 178, 0, 1, 9, 9
1, 92, 100, 1247359470865, 20, 0, 0, 0, 0, 0, 0, 0
1, 93, 101, 1247359470885, 3, 0, 200, 178, 0, 0, 0, 1
1, 93, 100, 1247359470885, 3, 0, 0, 0, 0, 0, 0, 0
1, 94, 101, 1247359470888, 2, 0, 200, 178, 0, 0, 1, 2
1, 94, 100, 1247359470888, 2, 0, 0, 0, 0, 0, 0, 0
1, 95, 101, 1247359470890, 2, 0, 200, 178, 0, 1, 1, 2
1, 95, 100, 1247359470890, 3, 0, 0, 0, 0, 0, 0, 0
1, 96, 101, 1247359470893, 8, 0, 200, 178, 0, 0, 1, 7
1, 96, 100, 1247359470893, 8, 0, 0, 0, 0, 0, 0, 0
3, 86, 101, 1247359470881, 24, 0, 200, 178, 0, 0, 13, 23
3, 86, 100, 1247359470881, 24, 0, 0, 0, 0, 0, 0, 0
1, 97, 101, 1247359470901, 4, 0, 200, 178, 0, 1, 3, 4
1, 97, 100, 1247359470901, 4, 0, 0, 0, 0, 0, 0, 0
4, 96, 101, 1247359470882, 25, 0, 200, 178, 0, 1, 2, 25
4, 96, 100, 1247359470882, 25, 0, 0, 0, 0, 0, 0, 0
3, 87, 101, 1247359470908, 2, 0, 200, 178, 0, 0, 1, 2
3, 87, 100, 1247359470907, 3, 0, 0, 0, 0, 0, 0, 0
4, 97, 101, 1247359470908, 6, 0, 200, 178, 0, 1, 4, 5
4, 97, 100, 1247359470908, 6, 0, 0, 0, 0, 0, 0, 0
1, 98, 101, 1247359470905, 10, 0, 200, 178, 0, 0, 7, 8
1, 98, 100, 1247359470905, 10, 0, 0, 0, 0, 0, 0, 0
1, 99, 101, 1247359470915, 3, 0, 200, 178, 0, 1, 2, 3
1, 99, 100, 1247359470915, 3, 0, 0, 0, 0, 0, 0, 0
3, 88, 101, 1247359470913, 16, 0, 200, 178, 0, 1, 1, 3
3, 88, 100, 1247359470913, 16, 0, 0, 0, 0, 0, 0, 0
4, 98, 101, 1247359470935, 15, 0, 200, 178, 0, 2, 9, 11
4, 98, 100, 1247359470935, 15, 0, 0, 0, 0, 0, 0, 0
4, 99, 101, 1247359470950, 15, 0, 200, 178, 0, 9, 9, 10
4, 99, 100, 1247359470950, 15, 0, 0, 0, 0, 0, 0, 0
3, 89, 101, 1247359470930, 37, 0, 200, 178, 0, 0, 1, 36
3, 89, 100, 1247359470930, 37, 0, 0, 0, 0, 0, 0, 0
3, 90, 101, 1247359470981, 4, 0, 200, 178, 0, 1, 3, 4
3, 90, 100, 1247359470981, 4, 0, 0, 0, 0, 0, 0, 0
3, 91, 101, 1247359470987, 3, 0, 200, 178, 0, 0, 1, 3
3, 91, 100, 1247359470986, 4, 0, 0, 0, 0, 0, 0, 0
3, 92, 101, 1247359470991, 4, 0, 200, 178, 0, 0, 1, 2
3, 92, 100, 1247359470991, 4, 0, 0, 0, 0, 0, 0, 0
3, 93, 101, 1247359470996, 2, 0, 200, 178, 0, 0, 1, 2
3, 93, 100, 1247359470996, 3, 0, 0, 0, 0, 0, 0, 0
3, 94, 101, 1247359471006, 3, 0, 200, 178, 0, 0, 1, 2
3, 94, 100, 1247359471006, 3, 0, 0, 0, 0, 0, 0, 0
3, 95, 101, 1247359471010, 9, 0, 200, 178, 0, 0, 3, 4
3, 95, 100, 1247359471010, 12, 0, 0, 0, 0, 0, 0, 0
3, 96, 101, 1247359471022, 7, 0, 200, 178, 0, 4, 5, 6
3, 96, 100, 1247359471022, 7, 0, 0, 0, 0, 0, 0, 0
3, 97, 101, 1247359471036, 18, 0, 200, 178, 0, 0, 1, 17
3, 97, 100, 1247359471035, 19, 0, 0, 0, 0, 0, 0, 0
3, 98, 101, 1247359471065, 3, 0, 200, 178, 0, 0, 1, 3
3, 98, 100, 1247359471064, 4, 0, 0, 0, 0, 0, 0, 0
3, 99, 101, 1247359471071, 12, 0, 200, 178, 0, 1, 2, 11
3, 99, 100, 1247359471071, 12, 0, 0, 0, 0, 0, 0, 0
