7/11/09 5:44:19 PM (process twolves-2): The Grinder version 3.2
7/11/09 5:44:19 PM (process twolves-2): Sun Microsystems Inc. Java HotSpot(TM) Client VM 11.0-b15 on Linux i386 2.6.27-11-server
7/11/09 5:44:19 PM (process twolves-2): time zone is PDT (-0700)
7/11/09 5:44:23 PM (process twolves-2): worker process 2 of agent number 0
7/11/09 5:44:23 PM (process twolves-2): executing "simple.py" using Jython 2.2.1
7/11/09 5:44:26 PM (process twolves-2): registered plug-in net.grinder.plugin.http.HTTPPlugin
7/11/09 5:44:26 PM (process twolves-2): starting threads
7/11/09 5:44:26 PM (thread 0): starting, will do 100 runs
7/11/09 5:44:26 PM (thread 1): starting, will do 100 runs
7/11/09 5:44:26 PM (thread 2): starting, will do 100 runs
7/11/09 5:44:26 PM (thread 3): starting, will do 100 runs
7/11/09 5:44:26 PM (thread 4): starting, will do 100 runs
7/11/09 5:44:26 PM (process twolves-2): start time is 1247359467049 ms since Epoch
7/11/09 5:44:26 PM (thread 4 run 0 test 101): http://appscale.cs.ucsb.edu/~spark2007/pages/simple.html -> 200 OK, 178 bytes
7/11/09 5:44:27 PM (thread 2 run 0 test 101): http://appscale.cs.ucsb.edu/~spark2007/pages/simple.html -> 200 OK, 178 bytes
7/11/09 5:44:27 PM (thread 1 run 0 test 101): http://appscale.cs.ucsb.edu/~spark2007/pages/simple.html -> 200 OK, 178 bytes
7/11/09 5:44:27 PM (thread 2 run 1 test 101): http://appscale.cs.ucsb.edu/~spark2007/pages/simple.html -> 200 OK, 178 bytes
7/11/09 5:44:27 PM (thread 2 run 2 test 101): http://appscale.cs.ucsb.edu/~spark2007/pages/simple.html -> 200 OK, 178 bytes
7/11/09 5:44:27 PM (thread 1 run 1 test 101): http://appscale.cs.ucsb.edu/~spark2007/pages/simple.html -> 200 OK, 178 bytes
7/11/09 5:44:27 PM (thread 2 run 3 test 101): http://appscale.cs.ucsb.edu/~spark2007/pages/simple.html -> 200 OK, 178 bytes
7/11/09 5:44:27 PM (thread 1 run 2 test 101): http://appscale.cs.ucsb.edu/~spark2007/pages/simple.html -> 200 OK, 178 bytes
7/11/09 5:44:27 PM (thread 2 run 4 test 101): http://appscale.cs.ucsb.edu/~spark2007/pages/simple.html -> 200 OK, 178 bytes
7/11/09 5:44:27 PM (thread 4 run 1 test 101): http://appscale.cs.ucsb.edu/~spark2007/pages/simple.html -> 200 OK, 178 bytes
7/11/09 5:44:27 PM (thread 2 run 5 test 101): http://appscale.cs.ucsb.edu/~spark2007/pages/simple.html -> 200 OK, 178 bytes
7/11/09 5:44:27 PM (thread 2 run 6 test 101): http://appscale.cs.ucsb.edu/~spark2007/pages/simple.html -> 200 OK, 178 bytes
7/11/09 5:44:27 PM (thread 1 run 3 test 101): http://appscale.cs.ucsb.edu/~spark2007/pages/simple.html -> 200 OK, 178 bytes
7/11/09 5:44:27 PM (thread 4 run 2 test 101): http://appscale.cs.ucsb.edu/~spark2007/pages/simple.html -> 200 OK, 178 bytes
7/11/09 5:44:27 PM (thread 1 run 4 test 101): http://appscale.cs.ucsb.edu/~spark2007/pages/simple.html -> 200 OK, 178 bytes
7/11/09 5:44:27 PM (thread 2 run 7 test 101): http://appscale.cs.ucsb.edu/~spark2007/pages/simple.html -> 200 OK, 178 bytes
7/11/09 5:44:27 PM (thread 2 run 8 test 101): http://appscale.cs.ucsb.edu/~spark2007/pages/simple.html -> 200 OK, 178 bytes
7/11/09 5:44:27 PM (thread 1 run 5 test 101): http://appscale.cs.ucsb.edu/~spark2007/pages/simple.html -> 200 OK, 178 bytes
7/11/09 5:44:27 PM (thread 4 run 3 test 101): http://appscale.cs.ucsb.edu/~spark2007/pages/simple.html -> 200 OK, 178 bytes
7/11/09 5:44:27 PM (thread 1 run 6 test 101): http://appscale.cs.ucsb.edu/~spark2007/pages/simple.html -> 200 OK, 178 bytes
7/11/09 5:44:27 PM (thread 2 run 9 test 101): http://appscale.cs.ucsb.edu/~spark2007/pages/simple.html -> 200 OK, 178 bytes
7/11/09 5:44:27 PM (thread 4 run 4 test 101): http://appscale.cs.ucsb.edu/~spark2007/pages/simple.html -> 200 OK, 178 bytes
7/11/09 5:44:27 PM (thread 2 run 10 test 101): http://appscale.cs.ucsb.edu/~spark2007/pages/simple.html -> 200 OK, 178 bytes
7/11/09 5:44:27 PM (thread 2 run 11 test 101): http://appscale.cs.ucsb.edu/~spark2007/pages/simple.html -> 200 OK, 178 bytes
7/11/09 5:44:27 PM (thread 1 run 7 test 101): http://appscale.cs.ucsb.edu/~spark2007/pages/simple.html -> 200 OK, 178 bytes
7/11/09 5:44:27 PM (thread 2 run 12 test 101): http://appscale.cs.ucsb.edu/~spark2007/pages/simple.html -> 200 OK, 178 bytes
7/11/09 5:44:27 PM (thread 2 run 13 test 101): http://appscale.cs.ucsb.edu/~spark2007/pages/simple.html -> 200 OK, 178 bytes
7/11/09 5:44:27 PM (thread 1 run 8 test 101): http://appscale.cs.ucsb.edu/~spark2007/pages/simple.html -> 200 OK, 178 bytes
7/11/09 5:44:27 PM (thread 2 run 14 test 101): http://appscale.cs.ucsb.edu/~spark2007/pages/simple.html -> 200 OK, 178 bytes
7/11/09 5:44:27 PM (thread 1 run 9 test 101): http://appscale.cs.ucsb.edu/~spark2007/pages/simple.html -> 200 OK, 178 bytes
7/11/09 5:44:27 PM (thread 2 run 15 test 101): http://appscale.cs.ucsb.edu/~spark2007/pages/simple.html -> 200 OK, 178 bytes
7/11/09 5:44:27 PM (thread 1 run 10 test 101): http://appscale.cs.ucsb.edu/~spark2007/pages/simple.html -> 200 OK, 178 bytes
7/11/09 5:44:27 PM (thread 2 run 16 test 101): http://appscale.cs.ucsb.edu/~spark2007/pages/simple.html -> 200 OK, 178 bytes
7/11/09 5:44:27 PM (thread 4 run 5 test 101): http://appscale.cs.ucsb.edu/~spark2007/pages/simple.html -> 200 OK, 178 bytes
7/11/09 5:44:27 PM (thread 2 run 17 test 101): http://appscale.cs.ucsb.edu/~spark2007/pages/simple.html -> 200 OK, 178 bytes
7/11/09 5:44:27 PM (thread 1 run 11 test 101): http://appscale.cs.ucsb.edu/~spark2007/pages/simple.html -> 200 OK, 178 bytes
7/11/09 5:44:27 PM (thread 2 run 18 test 101): http://appscale.cs.ucsb.edu/~spark2007/pages/simple.html -> 200 OK, 178 bytes
7/11/09 5:44:27 PM (thread 4 run 6 test 101): http://appscale.cs.ucsb.edu/~spark2007/pages/simple.html -> 200 OK, 178 bytes
7/11/09 5:44:27 PM (thread 2 run 19 test 101): http://appscale.cs.ucsb.edu/~spark2007/pages/simple.html -> 200 OK, 178 bytes
7/11/09 5:44:27 PM (thread 1 run 12 test 101): http://appscale.cs.ucsb.edu/~spark2007/pages/simple.html -> 200 OK, 178 bytes
7/11/09 5:44:27 PM (thread 1 run 13 test 101): http://appscale.cs.ucsb.edu/~spark2007/pages/simple.html -> 200 OK, 178 bytes
7/11/09 5:44:27 PM (thread 2 run 20 test 101): http://appscale.cs.ucsb.edu/~spark2007/pages/simple.html -> 200 OK, 178 bytes
7/11/09 5:44:27 PM (thread 1 run 14 test 101): http://appscale.cs.ucsb.edu/~spark2007/pages/simple.html -> 200 OK, 178 bytes
7/11/09 5:44:27 PM (thread 2 run 21 test 101): http://appscale.cs.ucsb.edu/~spark2007/pages/simple.html -> 200 OK, 178 bytes
7/11/09 5:44:27 PM (thread 4 run 7 test 101): http://appscale.cs.ucsb.edu/~spark2007/pages/simple.html -> 200 OK, 178 bytes
7/11/09 5:44:27 PM (thread 4 run 8 test 101): http://appscale.cs.ucsb.edu/~spark2007/pages/simple.html -> 200 OK, 178 bytes
7/11/09 5:44:27 PM (thread 1 run 15 test 101): http://appscale.cs.ucsb.edu/~spark2007/pages/simple.html -> 200 OK, 178 bytes
7/11/09 5:44:27 PM (thread 4 run 9 test 101): http://appscale.cs.ucsb.edu/~spark2007/pages/simple.html -> 200 OK, 178 bytes
7/11/09 5:44:27 PM (thread 1 run 16 test 101): http://appscale.cs.ucsb.edu/~spark2007/pages/simple.html -> 200 OK, 178 bytes
7/11/09 5:44:27 PM (thread 4 run 10 test 101): http://appscale.cs.ucsb.edu/~spark2007/pages/simple.html -> 200 OK, 178 bytes
7/11/09 5:44:27 PM (thread 2 run 22 test 101): http://appscale.cs.ucsb.edu/~spark2007/pages/simple.html -> 200 OK, 178 bytes
7/11/09 5:44:27 PM (thread 2 run 23 test 101): http://appscale.cs.ucsb.edu/~spark2007/pages/simple.html -> 200 OK, 178 bytes
7/11/09 5:44:27 PM (thread 1 run 17 test 101): http://appscale.cs.ucsb.edu/~spark2007/pages/simple.html -> 200 OK, 178 bytes
7/11/09 5:44:27 PM (thread 4 run 11 test 101): http://appscale.cs.ucsb.edu/~spark2007/pages/simple.html -> 200 OK, 178 bytes
7/11/09 5:44:27 PM (thread 1 run 18 test 101): http://appscale.cs.ucsb.edu/~spark2007/pages/simple.html -> 200 OK, 178 bytes
7/11/09 5:44:27 PM (thread 2 run 24 test 101): http://appscale.cs.ucsb.edu/~spark2007/pages/simple.html -> 200 OK, 178 bytes
7/11/09 5:44:27 PM (thread 4 run 12 test 101): http://appscale.cs.ucsb.edu/~spark2007/pages/simple.html -> 200 OK, 178 bytes
7/11/09 5:44:27 PM (thread 1 run 19 test 101): http://appscale.cs.ucsb.edu/~spark2007/pages/simple.html -> 200 OK, 178 bytes
7/11/09 5:44:27 PM (thread 2 run 25 test 101): http://appscale.cs.ucsb.edu/~spark2007/pages/simple.html -> 200 OK, 178 bytes
7/11/09 5:44:27 PM (thread 4 run 13 test 101): http://appscale.cs.ucsb.edu/~spark2007/pages/simple.html -> 200 OK, 178 bytes
7/11/09 5:44:27 PM (thread 2 run 26 test 101): http://appscale.cs.ucsb.edu/~spark2007/pages/simple.html -> 200 OK, 178 bytes
7/11/09 5:44:27 PM (thread 1 run 20 test 101): http://appscale.cs.ucsb.edu/~spark2007/pages/simple.html -> 200 OK, 178 bytes
7/11/09 5:44:27 PM (thread 4 run 14 test 101): http://appscale.cs.ucsb.edu/~spark2007/pages/simple.html -> 200 OK, 178 bytes
7/11/09 5:44:27 PM (thread 1 run 21 test 101): http://appscale.cs.ucsb.edu/~spark2007/pages/simple.html -> 200 OK, 178 bytes
7/11/09 5:44:27 PM (thread 4 run 15 test 101): http://appscale.cs.ucsb.edu/~spark2007/pages/simple.html -> 200 OK, 178 bytes
7/11/09 5:44:27 PM (thread 2 run 27 test 101): http://appscale.cs.ucsb.edu/~spark2007/pages/simple.html -> 200 OK, 178 bytes
7/11/09 5:44:27 PM (thread 2 run 28 test 101): http://appscale.cs.ucsb.edu/~spark2007/pages/simple.html -> 200 OK, 178 bytes
7/11/09 5:44:27 PM (thread 2 run 29 test 101): http://appscale.cs.ucsb.edu/~spark2007/pages/simple.html -> 200 OK, 178 bytes
7/11/09 5:44:27 PM (thread 4 run 16 test 101): http://appscale.cs.ucsb.edu/~spark2007/pages/simple.html -> 200 OK, 178 bytes
7/11/09 5:44:27 PM (thread 2 run 30 test 101): http://appscale.cs.ucsb.edu/~spark2007/pages/simple.html -> 200 OK, 178 bytes
7/11/09 5:44:27 PM (thread 1 run 22 test 101): http://appscale.cs.ucsb.edu/~spark2007/pages/simple.html -> 200 OK, 178 bytes
7/11/09 5:44:27 PM (thread 1 run 23 test 101): http://appscale.cs.ucsb.edu/~spark2007/pages/simple.html -> 200 OK, 178 bytes
7/11/09 5:44:27 PM (thread 4 run 17 test 101): http://appscale.cs.ucsb.edu/~spark2007/pages/simple.html -> 200 OK, 178 bytes
7/11/09 5:44:27 PM (thread 4 run 18 test 101): http://appscale.cs.ucsb.edu/~spark2007/pages/simple.html -> 200 OK, 178 bytes
7/11/09 5:44:27 PM (thread 1 run 24 test 101): http://appscale.cs.ucsb.edu/~spark2007/pages/simple.html -> 200 OK, 178 bytes
7/11/09 5:44:27 PM (thread 2 run 31 test 101): http://appscale.cs.ucsb.edu/~spark2007/pages/simple.html -> 200 OK, 178 bytes
7/11/09 5:44:27 PM (thread 4 run 19 test 101): http://appscale.cs.ucsb.edu/~spark2007/pages/simple.html -> 200 OK, 178 bytes
7/11/09 5:44:27 PM (thread 1 run 25 test 101): http://appscale.cs.ucsb.edu/~spark2007/pages/simple.html -> 200 OK, 178 bytes
7/11/09 5:44:27 PM (thread 4 run 20 test 101): http://appscale.cs.ucsb.edu/~spark2007/pages/simple.html -> 200 OK, 178 bytes
7/11/09 5:44:27 PM (thread 2 run 32 test 101): http://appscale.cs.ucsb.edu/~spark2007/pages/simple.html -> 200 OK, 178 bytes
7/11/09 5:44:27 PM (thread 1 run 26 test 101): http://appscale.cs.ucsb.edu/~spark2007/pages/simple.html -> 200 OK, 178 bytes
7/11/09 5:44:27 PM (thread 1 run 27 test 101): http://appscale.cs.ucsb.edu/~spark2007/pages/simple.html -> 200 OK, 178 bytes
7/11/09 5:44:27 PM (thread 2 run 33 test 101): http://appscale.cs.ucsb.edu/~spark2007/pages/simple.html -> 200 OK, 178 bytes
7/11/09 5:44:27 PM (thread 4 run 21 test 101): http://appscale.cs.ucsb.edu/~spark2007/pages/simple.html -> 200 OK, 178 bytes
7/11/09 5:44:27 PM (thread 1 run 28 test 101): http://appscale.cs.ucsb.edu/~spark2007/pages/simple.html -> 200 OK, 178 bytes
7/11/09 5:44:27 PM (thread 1 run 29 test 101): http://appscale.cs.ucsb.edu/~spark2007/pages/simple.html -> 200 OK, 178 bytes
7/11/09 5:44:27 PM (thread 4 run 22 test 101): http://appscale.cs.ucsb.edu/~spark2007/pages/simple.html -> 200 OK, 178 bytes
7/11/09 5:44:27 PM (thread 4 run 23 test 101): http://appscale.cs.ucsb.edu/~spark2007/pages/simple.html -> 200 OK, 178 bytes
7/11/09 5:44:27 PM (thread 2 run 34 test 101): http://appscale.cs.ucsb.edu/~spark2007/pages/simple.html -> 200 OK, 178 bytes
7/11/09 5:44:27 PM (thread 1 run 30 test 101): http://appscale.cs.ucsb.edu/~spark2007/pages/simple.html -> 200 OK, 178 bytes
7/11/09 5:44:27 PM (thread 4 run 24 test 101): http://appscale.cs.ucsb.edu/~spark2007/pages/simple.html -> 200 OK, 178 bytes
7/11/09 5:44:27 PM (thread 1 run 31 test 101): http://appscale.cs.ucsb.edu/~spark2007/pages/simple.html -> 200 OK, 178 bytes
7/11/09 5:44:27 PM (thread 4 run 25 test 101): http://appscale.cs.ucsb.edu/~spark2007/pages/simple.html -> 200 OK, 178 bytes
7/11/09 5:44:27 PM (thread 1 run 32 test 101): http://appscale.cs.ucsb.edu/~spark2007/pages/simple.html -> 200 OK, 178 bytes
7/11/09 5:44:27 PM (thread 2 run 35 test 101): http://appscale.cs.ucsb.edu/~spark2007/pages/simple.html -> 200 OK, 178 bytes
7/11/09 5:44:27 PM (thread 4 run 26 test 101): http://appscale.cs.ucsb.edu/~spark2007/pages/simple.html -> 200 OK, 178 bytes
7/11/09 5:44:27 PM (thread 2 run 36 test 101): http://appscale.cs.ucsb.edu/~spark2007/pages/simple.html -> 200 OK, 178 bytes
7/11/09 5:44:27 PM (thread 2 run 37 test 101): http://appscale.cs.ucsb.edu/~spark2007/pages/simple.html -> 200 OK, 178 bytes
7/11/09 5:44:27 PM (thread 1 run 33 test 101): http://appscale.cs.ucsb.edu/~spark2007/pages/simple.html -> 200 OK, 178 bytes
7/11/09 5:44:27 PM (thread 2 run 38 test 101): http://appscale.cs.ucsb.edu/~spark2007/pages/simple.html -> 200 OK, 178 bytes
7/11/09 5:44:27 PM (thread 4 run 27 test 101): http://appscale.cs.ucsb.edu/~spark2007/pages/simple.html -> 200 OK, 178 bytes
7/11/09 5:44:27 PM (thread 2 run 39 test 101): http://appscale.cs.ucsb.edu/~spark2007/pages/simple.html -> 200 OK, 178 bytes
7/11/09 5:44:27 PM (thread 1 run 34 test 101): http://appscale.cs.ucsb.edu/~spark2007/pages/simple.html -> 200 OK, 178 bytes
7/11/09 5:44:27 PM (thread 4 run 28 test 101): http://appscale.cs.ucsb.edu/~spark2007/pages/simple.html -> 200 OK, 178 bytes
7/11/09 5:44:27 PM (thread 2 run 40 test 101): http://appscale.cs.ucsb.edu/~spark2007/pages/simple.html -> 200 OK, 178 bytes
7/11/09 5:44:27 PM (thread 1 run 35 test 101): http://appscale.cs.ucsb.edu/~spark2007/pages/simple.html -> 200 OK, 178 bytes
7/11/09 5:44:27 PM (thread 4 run 29 test 101): http://appscale.cs.ucsb.edu/~spark2007/pages/simple.html -> 200 OK, 178 bytes
7/11/09 5:44:27 PM (thread 1 run 36 test 101): http://appscale.cs.ucsb.edu/~spark2007/pages/simple.html -> 200 OK, 178 bytes
7/11/09 5:44:27 PM (thread 2 run 41 test 101): http://appscale.cs.ucsb.edu/~spark2007/pages/simple.html -> 200 OK, 178 bytes
7/11/09 5:44:27 PM (thread 4 run 30 test 101): http://appscale.cs.ucsb.edu/~spark2007/pages/simple.html -> 200 OK, 178 bytes
7/11/09 5:44:27 PM (thread 2 run 42 test 101): http://appscale.cs.ucsb.edu/~spark2007/pages/simple.html -> 200 OK, 178 bytes
7/11/09 5:44:27 PM (thread 1 run 37 test 101): http://appscale.cs.ucsb.edu/~spark2007/pages/simple.html -> 200 OK, 178 bytes
7/11/09 5:44:27 PM (thread 4 run 31 test 101): http://appscale.cs.ucsb.edu/~spark2007/pages/simple.html -> 200 OK, 178 bytes
7/11/09 5:44:27 PM (thread 1 run 38 test 101): http://appscale.cs.ucsb.edu/~spark2007/pages/simple.html -> 200 OK, 178 bytes
7/11/09 5:44:27 PM (thread 2 run 43 test 101): http://appscale.cs.ucsb.edu/~spark2007/pages/simple.html -> 200 OK, 178 bytes
7/11/09 5:44:27 PM (thread 4 run 32 test 101): http://appscale.cs.ucsb.edu/~spark2007/pages/simple.html -> 200 OK, 178 bytes
7/11/09 5:44:27 PM (thread 2 run 44 test 101): http://appscale.cs.ucsb.edu/~spark2007/pages/simple.html -> 200 OK, 178 bytes
7/11/09 5:44:27 PM (thread 1 run 39 test 101): http://appscale.cs.ucsb.edu/~spark2007/pages/simple.html -> 200 OK, 178 bytes
7/11/09 5:44:27 PM (thread 2 run 45 test 101): http://appscale.cs.ucsb.edu/~spark2007/pages/simple.html -> 200 OK, 178 bytes
7/11/09 5:44:27 PM (thread 2 run 46 test 101): http://appscale.cs.ucsb.edu/~spark2007/pages/simple.html -> 200 OK, 178 bytes
7/11/09 5:44:27 PM (thread 4 run 33 test 101): http://appscale.cs.ucsb.edu/~spark2007/pages/simple.html -> 200 OK, 178 bytes
7/11/09 5:44:27 PM (thread 1 run 40 test 101): http://appscale.cs.ucsb.edu/~spark2007/pages/simple.html -> 200 OK, 178 bytes
7/11/09 5:44:27 PM (thread 2 run 47 test 101): http://appscale.cs.ucsb.edu/~spark2007/pages/simple.html -> 200 OK, 178 bytes
7/11/09 5:44:27 PM (thread 2 run 48 test 101): http://appscale.cs.ucsb.edu/~spark2007/pages/simple.html -> 200 OK, 178 bytes
7/11/09 5:44:27 PM (thread 2 run 49 test 101): http://appscale.cs.ucsb.edu/~spark2007/pages/simple.html -> 200 OK, 178 bytes
7/11/09 5:44:27 PM (thread 4 run 34 test 101): http://appscale.cs.ucsb.edu/~spark2007/pages/simple.html -> 200 OK, 178 bytes
7/11/09 5:44:27 PM (thread 1 run 41 test 101): http://appscale.cs.ucsb.edu/~spark2007/pages/simple.html -> 200 OK, 178 bytes
7/11/09 5:44:27 PM (thread 2 run 50 test 101): http://appscale.cs.ucsb.edu/~spark2007/pages/simple.html -> 200 OK, 178 bytes
7/11/09 5:44:27 PM (thread 4 run 35 test 101): http://appscale.cs.ucsb.edu/~spark2007/pages/simple.html -> 200 OK, 178 bytes
7/11/09 5:44:27 PM (thread 1 run 42 test 101): http://appscale.cs.ucsb.edu/~spark2007/pages/simple.html -> 200 OK, 178 bytes
7/11/09 5:44:27 PM (thread 1 run 43 test 101): http://appscale.cs.ucsb.edu/~spark2007/pages/simple.html -> 200 OK, 178 bytes
7/11/09 5:44:27 PM (thread 4 run 36 test 101): http://appscale.cs.ucsb.edu/~spark2007/pages/simple.html -> 200 OK, 178 bytes
7/11/09 5:44:27 PM (thread 2 run 51 test 101): http://appscale.cs.ucsb.edu/~spark2007/pages/simple.html -> 200 OK, 178 bytes
7/11/09 5:44:27 PM (thread 1 run 44 test 101): http://appscale.cs.ucsb.edu/~spark2007/pages/simple.html -> 200 OK, 178 bytes
7/11/09 5:44:27 PM (thread 4 run 37 test 101): http://appscale.cs.ucsb.edu/~spark2007/pages/simple.html -> 200 OK, 178 bytes
7/11/09 5:44:27 PM (thread 4 run 38 test 101): http://appscale.cs.ucsb.edu/~spark2007/pages/simple.html -> 200 OK, 178 bytes
7/11/09 5:44:27 PM (thread 1 run 45 test 101): http://appscale.cs.ucsb.edu/~spark2007/pages/simple.html -> 200 OK, 178 bytes
7/11/09 5:44:27 PM (thread 2 run 52 test 101): http://appscale.cs.ucsb.edu/~spark2007/pages/simple.html -> 200 OK, 178 bytes
7/11/09 5:44:28 PM (thread 4 run 39 test 101): http://appscale.cs.ucsb.edu/~spark2007/pages/simple.html -> 200 OK, 178 bytes
7/11/09 5:44:28 PM (thread 2 run 53 test 101): http://appscale.cs.ucsb.edu/~spark2007/pages/simple.html -> 200 OK, 178 bytes
7/11/09 5:44:28 PM (thread 4 run 40 test 101): http://appscale.cs.ucsb.edu/~spark2007/pages/simple.html -> 200 OK, 178 bytes
7/11/09 5:44:28 PM (thread 4 run 41 test 101): http://appscale.cs.ucsb.edu/~spark2007/pages/simple.html -> 200 OK, 178 bytes
7/11/09 5:44:28 PM (thread 2 run 54 test 101): http://appscale.cs.ucsb.edu/~spark2007/pages/simple.html -> 200 OK, 178 bytes
7/11/09 5:44:28 PM (thread 4 run 42 test 101): http://appscale.cs.ucsb.edu/~spark2007/pages/simple.html -> 200 OK, 178 bytes
7/11/09 5:44:28 PM (thread 2 run 55 test 101): http://appscale.cs.ucsb.edu/~spark2007/pages/simple.html -> 200 OK, 178 bytes
7/11/09 5:44:28 PM (thread 4 run 43 test 101): http://appscale.cs.ucsb.edu/~spark2007/pages/simple.html -> 200 OK, 178 bytes
7/11/09 5:44:28 PM (thread 2 run 56 test 101): http://appscale.cs.ucsb.edu/~spark2007/pages/simple.html -> 200 OK, 178 bytes
7/11/09 5:44:28 PM (thread 1 run 46 test 101): http://appscale.cs.ucsb.edu/~spark2007/pages/simple.html -> 200 OK, 178 bytes
7/11/09 5:44:28 PM (thread 1 run 47 test 101): http://appscale.cs.ucsb.edu/~spark2007/pages/simple.html -> 200 OK, 178 bytes
7/11/09 5:44:28 PM (thread 4 run 44 test 101): http://appscale.cs.ucsb.edu/~spark2007/pages/simple.html -> 200 OK, 178 bytes
7/11/09 5:44:28 PM (thread 1 run 48 test 101): http://appscale.cs.ucsb.edu/~spark2007/pages/simple.html -> 200 OK, 178 bytes
7/11/09 5:44:28 PM (thread 4 run 45 test 101): http://appscale.cs.ucsb.edu/~spark2007/pages/simple.html -> 200 OK, 178 bytes
7/11/09 5:44:28 PM (thread 2 run 57 test 101): http://appscale.cs.ucsb.edu/~spark2007/pages/simple.html -> 200 OK, 178 bytes
7/11/09 5:44:28 PM (thread 4 run 46 test 101): http://appscale.cs.ucsb.edu/~spark2007/pages/simple.html -> 200 OK, 178 bytes
7/11/09 5:44:28 PM (thread 1 run 49 test 101): http://appscale.cs.ucsb.edu/~spark2007/pages/simple.html -> 200 OK, 178 bytes
7/11/09 5:44:28 PM (thread 2 run 58 test 101): http://appscale.cs.ucsb.edu/~spark2007/pages/simple.html -> 200 OK, 178 bytes
7/11/09 5:44:28 PM (thread 1 run 50 test 101): http://appscale.cs.ucsb.edu/~spark2007/pages/simple.html -> 200 OK, 178 bytes
7/11/09 5:44:28 PM (thread 4 run 47 test 101): http://appscale.cs.ucsb.edu/~spark2007/pages/simple.html -> 200 OK, 178 bytes
7/11/09 5:44:28 PM (thread 1 run 51 test 101): http://appscale.cs.ucsb.edu/~spark2007/pages/simple.html -> 200 OK, 178 bytes
7/11/09 5:44:28 PM (thread 4 run 48 test 101): http://appscale.cs.ucsb.edu/~spark2007/pages/simple.html -> 200 OK, 178 bytes
7/11/09 5:44:28 PM (thread 1 run 52 test 101): http://appscale.cs.ucsb.edu/~spark2007/pages/simple.html -> 200 OK, 178 bytes
7/11/09 5:44:28 PM (thread 4 run 49 test 101): http://appscale.cs.ucsb.edu/~spark2007/pages/simple.html -> 200 OK, 178 bytes
7/11/09 5:44:28 PM (thread 1 run 53 test 101): http://appscale.cs.ucsb.edu/~spark2007/pages/simple.html -> 200 OK, 178 bytes
7/11/09 5:44:28 PM (thread 2 run 59 test 101): http://appscale.cs.ucsb.edu/~spark2007/pages/simple.html -> 200 OK, 178 bytes
7/11/09 5:44:28 PM (thread 4 run 50 test 101): http://appscale.cs.ucsb.edu/~spark2007/pages/simple.html -> 200 OK, 178 bytes
7/11/09 5:44:28 PM (thread 4 run 51 test 101): http://appscale.cs.ucsb.edu/~spark2007/pages/simple.html -> 200 OK, 178 bytes
7/11/09 5:44:28 PM (thread 2 run 60 test 101): http://appscale.cs.ucsb.edu/~spark2007/pages/simple.html -> 200 OK, 178 bytes
7/11/09 5:44:28 PM (thread 1 run 54 test 101): http://appscale.cs.ucsb.edu/~spark2007/pages/simple.html -> 200 OK, 178 bytes
7/11/09 5:44:28 PM (thread 1 run 55 test 101): http://appscale.cs.ucsb.edu/~spark2007/pages/simple.html -> 200 OK, 178 bytes
7/11/09 5:44:28 PM (thread 2 run 61 test 101): http://appscale.cs.ucsb.edu/~spark2007/pages/simple.html -> 200 OK, 178 bytes
7/11/09 5:44:28 PM (thread 4 run 52 test 101): http://appscale.cs.ucsb.edu/~spark2007/pages/simple.html -> 200 OK, 178 bytes
7/11/09 5:44:28 PM (thread 2 run 62 test 101): http://appscale.cs.ucsb.edu/~spark2007/pages/simple.html -> 200 OK, 178 bytes
7/11/09 5:44:28 PM (thread 1 run 56 test 101): http://appscale.cs.ucsb.edu/~spark2007/pages/simple.html -> 200 OK, 178 bytes
7/11/09 5:44:28 PM (thread 4 run 53 test 101): http://appscale.cs.ucsb.edu/~spark2007/pages/simple.html -> 200 OK, 178 bytes
7/11/09 5:44:28 PM (thread 2 run 63 test 101): http://appscale.cs.ucsb.edu/~spark2007/pages/simple.html -> 200 OK, 178 bytes
7/11/09 5:44:28 PM (thread 1 run 57 test 101): http://appscale.cs.ucsb.edu/~spark2007/pages/simple.html -> 200 OK, 178 bytes
7/11/09 5:44:28 PM (thread 4 run 54 test 101): http://appscale.cs.ucsb.edu/~spark2007/pages/simple.html -> 200 OK, 178 bytes
7/11/09 5:44:28 PM (thread 2 run 64 test 101): http://appscale.cs.ucsb.edu/~spark2007/pages/simple.html -> 200 OK, 178 bytes
7/11/09 5:44:28 PM (thread 4 run 55 test 101): http://appscale.cs.ucsb.edu/~spark2007/pages/simple.html -> 200 OK, 178 bytes
7/11/09 5:44:28 PM (thread 1 run 58 test 101): http://appscale.cs.ucsb.edu/~spark2007/pages/simple.html -> 200 OK, 178 bytes
7/11/09 5:44:28 PM (thread 2 run 65 test 101): http://appscale.cs.ucsb.edu/~spark2007/pages/simple.html -> 200 OK, 178 bytes
7/11/09 5:44:28 PM (thread 4 run 56 test 101): http://appscale.cs.ucsb.edu/~spark2007/pages/simple.html -> 200 OK, 178 bytes
7/11/09 5:44:28 PM (thread 1 run 59 test 101): http://appscale.cs.ucsb.edu/~spark2007/pages/simple.html -> 200 OK, 178 bytes
7/11/09 5:44:28 PM (thread 4 run 57 test 101): http://appscale.cs.ucsb.edu/~spark2007/pages/simple.html -> 200 OK, 178 bytes
7/11/09 5:44:28 PM (thread 2 run 66 test 101): http://appscale.cs.ucsb.edu/~spark2007/pages/simple.html -> 200 OK, 178 bytes
7/11/09 5:44:28 PM (thread 1 run 60 test 101): http://appscale.cs.ucsb.edu/~spark2007/pages/simple.html -> 200 OK, 178 bytes
7/11/09 5:44:28 PM (thread 2 run 67 test 101): http://appscale.cs.ucsb.edu/~spark2007/pages/simple.html -> 200 OK, 178 bytes
7/11/09 5:44:28 PM (thread 4 run 58 test 101): http://appscale.cs.ucsb.edu/~spark2007/pages/simple.html -> 200 OK, 178 bytes
7/11/09 5:44:28 PM (thread 2 run 68 test 101): http://appscale.cs.ucsb.edu/~spark2007/pages/simple.html -> 200 OK, 178 bytes
7/11/09 5:44:28 PM (thread 4 run 59 test 101): http://appscale.cs.ucsb.edu/~spark2007/pages/simple.html -> 200 OK, 178 bytes
7/11/09 5:44:28 PM (thread 2 run 69 test 101): http://appscale.cs.ucsb.edu/~spark2007/pages/simple.html -> 200 OK, 178 bytes
7/11/09 5:44:28 PM (thread 1 run 61 test 101): http://appscale.cs.ucsb.edu/~spark2007/pages/simple.html -> 200 OK, 178 bytes
7/11/09 5:44:28 PM (thread 1 run 62 test 101): http://appscale.cs.ucsb.edu/~spark2007/pages/simple.html -> 200 OK, 178 bytes
7/11/09 5:44:28 PM (thread 4 run 60 test 101): http://appscale.cs.ucsb.edu/~spark2007/pages/simple.html -> 200 OK, 178 bytes
7/11/09 5:44:28 PM (thread 1 run 63 test 101): http://appscale.cs.ucsb.edu/~spark2007/pages/simple.html -> 200 OK, 178 bytes
7/11/09 5:44:28 PM (thread 1 run 64 test 101): http://appscale.cs.ucsb.edu/~spark2007/pages/simple.html -> 200 OK, 178 bytes
7/11/09 5:44:28 PM (thread 2 run 70 test 101): http://appscale.cs.ucsb.edu/~spark2007/pages/simple.html -> 200 OK, 178 bytes
7/11/09 5:44:28 PM (thread 4 run 61 test 101): http://appscale.cs.ucsb.edu/~spark2007/pages/simple.html -> 200 OK, 178 bytes
7/11/09 5:44:28 PM (thread 1 run 65 test 101): http://appscale.cs.ucsb.edu/~spark2007/pages/simple.html -> 200 OK, 178 bytes
7/11/09 5:44:28 PM (thread 2 run 71 test 101): http://appscale.cs.ucsb.edu/~spark2007/pages/simple.html -> 200 OK, 178 bytes
7/11/09 5:44:28 PM (thread 4 run 62 test 101): http://appscale.cs.ucsb.edu/~spark2007/pages/simple.html -> 200 OK, 178 bytes
7/11/09 5:44:28 PM (thread 2 run 72 test 101): http://appscale.cs.ucsb.edu/~spark2007/pages/simple.html -> 200 OK, 178 bytes
7/11/09 5:44:28 PM (thread 1 run 66 test 101): http://appscale.cs.ucsb.edu/~spark2007/pages/simple.html -> 200 OK, 178 bytes
7/11/09 5:44:28 PM (thread 4 run 63 test 101): http://appscale.cs.ucsb.edu/~spark2007/pages/simple.html -> 200 OK, 178 bytes
7/11/09 5:44:28 PM (thread 2 run 73 test 101): http://appscale.cs.ucsb.edu/~spark2007/pages/simple.html -> 200 OK, 178 bytes
7/11/09 5:44:28 PM (thread 4 run 64 test 101): http://appscale.cs.ucsb.edu/~spark2007/pages/simple.html -> 200 OK, 178 bytes
7/11/09 5:44:28 PM (thread 1 run 67 test 101): http://appscale.cs.ucsb.edu/~spark2007/pages/simple.html -> 200 OK, 178 bytes
7/11/09 5:44:28 PM (thread 2 run 74 test 101): http://appscale.cs.ucsb.edu/~spark2007/pages/simple.html -> 200 OK, 178 bytes
7/11/09 5:44:28 PM (thread 4 run 65 test 101): http://appscale.cs.ucsb.edu/~spark2007/pages/simple.html -> 200 OK, 178 bytes
7/11/09 5:44:28 PM (thread 2 run 75 test 101): http://appscale.cs.ucsb.edu/~spark2007/pages/simple.html -> 200 OK, 178 bytes
7/11/09 5:44:28 PM (thread 4 run 66 test 101): http://appscale.cs.ucsb.edu/~spark2007/pages/simple.html -> 200 OK, 178 bytes
7/11/09 5:44:28 PM (thread 2 run 76 test 101): http://appscale.cs.ucsb.edu/~spark2007/pages/simple.html -> 200 OK, 178 bytes
7/11/09 5:44:28 PM (thread 1 run 68 test 101): http://appscale.cs.ucsb.edu/~spark2007/pages/simple.html -> 200 OK, 178 bytes
7/11/09 5:44:28 PM (thread 4 run 67 test 101): http://appscale.cs.ucsb.edu/~spark2007/pages/simple.html -> 200 OK, 178 bytes
7/11/09 5:44:28 PM (thread 2 run 77 test 101): http://appscale.cs.ucsb.edu/~spark2007/pages/simple.html -> 200 OK, 178 bytes
7/11/09 5:44:28 PM (thread 1 run 69 test 101): http://appscale.cs.ucsb.edu/~spark2007/pages/simple.html -> 200 OK, 178 bytes
7/11/09 5:44:28 PM (thread 4 run 68 test 101): http://appscale.cs.ucsb.edu/~spark2007/pages/simple.html -> 200 OK, 178 bytes
7/11/09 5:44:28 PM (thread 2 run 78 test 101): http://appscale.cs.ucsb.edu/~spark2007/pages/simple.html -> 200 OK, 178 bytes
7/11/09 5:44:28 PM (thread 1 run 70 test 101): http://appscale.cs.ucsb.edu/~spark2007/pages/simple.html -> 200 OK, 178 bytes
7/11/09 5:44:28 PM (thread 4 run 69 test 101): http://appscale.cs.ucsb.edu/~spark2007/pages/simple.html -> 200 OK, 178 bytes
7/11/09 5:44:28 PM (thread 2 run 79 test 101): http://appscale.cs.ucsb.edu/~spark2007/pages/simple.html -> 200 OK, 178 bytes
7/11/09 5:44:28 PM (thread 1 run 71 test 101): http://appscale.cs.ucsb.edu/~spark2007/pages/simple.html -> 200 OK, 178 bytes
7/11/09 5:44:28 PM (thread 4 run 70 test 101): http://appscale.cs.ucsb.edu/~spark2007/pages/simple.html -> 200 OK, 178 bytes
7/11/09 5:44:28 PM (thread 2 run 80 test 101): http://appscale.cs.ucsb.edu/~spark2007/pages/simple.html -> 200 OK, 178 bytes
7/11/09 5:44:28 PM (thread 1 run 72 test 101): http://appscale.cs.ucsb.edu/~spark2007/pages/simple.html -> 200 OK, 178 bytes
7/11/09 5:44:28 PM (thread 4 run 71 test 101): http://appscale.cs.ucsb.edu/~spark2007/pages/simple.html -> 200 OK, 178 bytes
7/11/09 5:44:28 PM (thread 2 run 81 test 101): http://appscale.cs.ucsb.edu/~spark2007/pages/simple.html -> 200 OK, 178 bytes
7/11/09 5:44:28 PM (thread 1 run 73 test 101): http://appscale.cs.ucsb.edu/~spark2007/pages/simple.html -> 200 OK, 178 bytes
7/11/09 5:44:28 PM (thread 4 run 72 test 101): http://appscale.cs.ucsb.edu/~spark2007/pages/simple.html -> 200 OK, 178 bytes
7/11/09 5:44:28 PM (thread 2 run 82 test 101): http://appscale.cs.ucsb.edu/~spark2007/pages/simple.html -> 200 OK, 178 bytes
7/11/09 5:44:28 PM (thread 1 run 74 test 101): http://appscale.cs.ucsb.edu/~spark2007/pages/simple.html -> 200 OK, 178 bytes
7/11/09 5:44:28 PM (thread 2 run 83 test 101): http://appscale.cs.ucsb.edu/~spark2007/pages/simple.html -> 200 OK, 178 bytes
7/11/09 5:44:28 PM (thread 4 run 73 test 101): http://appscale.cs.ucsb.edu/~spark2007/pages/simple.html -> 200 OK, 178 bytes
7/11/09 5:44:28 PM (thread 1 run 75 test 101): http://appscale.cs.ucsb.edu/~spark2007/pages/simple.html -> 200 OK, 178 bytes
7/11/09 5:44:28 PM (thread 4 run 74 test 101): http://appscale.cs.ucsb.edu/~spark2007/pages/simple.html -> 200 OK, 178 bytes
7/11/09 5:44:28 PM (thread 2 run 84 test 101): http://appscale.cs.ucsb.edu/~spark2007/pages/simple.html -> 200 OK, 178 bytes
7/11/09 5:44:28 PM (thread 1 run 76 test 101): http://appscale.cs.ucsb.edu/~spark2007/pages/simple.html -> 200 OK, 178 bytes
7/11/09 5:44:28 PM (thread 4 run 75 test 101): http://appscale.cs.ucsb.edu/~spark2007/pages/simple.html -> 200 OK, 178 bytes
7/11/09 5:44:28 PM (thread 2 run 85 test 101): http://appscale.cs.ucsb.edu/~spark2007/pages/simple.html -> 200 OK, 178 bytes
7/11/09 5:44:28 PM (thread 1 run 77 test 101): http://appscale.cs.ucsb.edu/~spark2007/pages/simple.html -> 200 OK, 178 bytes
7/11/09 5:44:28 PM (thread 4 run 76 test 101): http://appscale.cs.ucsb.edu/~spark2007/pages/simple.html -> 200 OK, 178 bytes
7/11/09 5:44:28 PM (thread 2 run 86 test 101): http://appscale.cs.ucsb.edu/~spark2007/pages/simple.html -> 200 OK, 178 bytes
7/11/09 5:44:28 PM (thread 1 run 78 test 101): http://appscale.cs.ucsb.edu/~spark2007/pages/simple.html -> 200 OK, 178 bytes
7/11/09 5:44:28 PM (thread 2 run 87 test 101): http://appscale.cs.ucsb.edu/~spark2007/pages/simple.html -> 200 OK, 178 bytes
7/11/09 5:44:28 PM (thread 1 run 79 test 101): http://appscale.cs.ucsb.edu/~spark2007/pages/simple.html -> 200 OK, 178 bytes
7/11/09 5:44:28 PM (thread 2 run 88 test 101): http://appscale.cs.ucsb.edu/~spark2007/pages/simple.html -> 200 OK, 178 bytes
7/11/09 5:44:28 PM (thread 4 run 77 test 101): http://appscale.cs.ucsb.edu/~spark2007/pages/simple.html -> 200 OK, 178 bytes
7/11/09 5:44:28 PM (thread 1 run 80 test 101): http://appscale.cs.ucsb.edu/~spark2007/pages/simple.html -> 200 OK, 178 bytes
7/11/09 5:44:28 PM (thread 1 run 81 test 101): http://appscale.cs.ucsb.edu/~spark2007/pages/simple.html -> 200 OK, 178 bytes
7/11/09 5:44:28 PM (thread 2 run 89 test 101): http://appscale.cs.ucsb.edu/~spark2007/pages/simple.html -> 200 OK, 178 bytes
7/11/09 5:44:28 PM (thread 4 run 78 test 101): http://appscale.cs.ucsb.edu/~spark2007/pages/simple.html -> 200 OK, 178 bytes
7/11/09 5:44:28 PM (thread 1 run 82 test 101): http://appscale.cs.ucsb.edu/~spark2007/pages/simple.html -> 200 OK, 178 bytes
7/11/09 5:44:28 PM (thread 4 run 79 test 101): http://appscale.cs.ucsb.edu/~spark2007/pages/simple.html -> 200 OK, 178 bytes
7/11/09 5:44:28 PM (thread 2 run 90 test 101): http://appscale.cs.ucsb.edu/~spark2007/pages/simple.html -> 200 OK, 178 bytes
7/11/09 5:44:28 PM (thread 1 run 83 test 101): http://appscale.cs.ucsb.edu/~spark2007/pages/simple.html -> 200 OK, 178 bytes
7/11/09 5:44:28 PM (thread 4 run 80 test 101): http://appscale.cs.ucsb.edu/~spark2007/pages/simple.html -> 200 OK, 178 bytes
7/11/09 5:44:28 PM (thread 2 run 91 test 101): http://appscale.cs.ucsb.edu/~spark2007/pages/simple.html -> 200 OK, 178 bytes
7/11/09 5:44:28 PM (thread 1 run 84 test 101): http://appscale.cs.ucsb.edu/~spark2007/pages/simple.html -> 200 OK, 178 bytes
7/11/09 5:44:28 PM (thread 4 run 81 test 101): http://appscale.cs.ucsb.edu/~spark2007/pages/simple.html -> 200 OK, 178 bytes
7/11/09 5:44:28 PM (thread 2 run 92 test 101): http://appscale.cs.ucsb.edu/~spark2007/pages/simple.html -> 200 OK, 178 bytes
7/11/09 5:44:28 PM (thread 1 run 85 test 101): http://appscale.cs.ucsb.edu/~spark2007/pages/simple.html -> 200 OK, 178 bytes
7/11/09 5:44:28 PM (thread 4 run 82 test 101): http://appscale.cs.ucsb.edu/~spark2007/pages/simple.html -> 200 OK, 178 bytes
7/11/09 5:44:28 PM (thread 2 run 93 test 101): http://appscale.cs.ucsb.edu/~spark2007/pages/simple.html -> 200 OK, 178 bytes
7/11/09 5:44:28 PM (thread 2 run 94 test 101): http://appscale.cs.ucsb.edu/~spark2007/pages/simple.html -> 200 OK, 178 bytes
7/11/09 5:44:28 PM (thread 1 run 86 test 101): http://appscale.cs.ucsb.edu/~spark2007/pages/simple.html -> 200 OK, 178 bytes
7/11/09 5:44:28 PM (thread 4 run 83 test 101): http://appscale.cs.ucsb.edu/~spark2007/pages/simple.html -> 200 OK, 178 bytes
7/11/09 5:44:28 PM (thread 2 run 95 test 101): http://appscale.cs.ucsb.edu/~spark2007/pages/simple.html -> 200 OK, 178 bytes
7/11/09 5:44:28 PM (thread 4 run 84 test 101): http://appscale.cs.ucsb.edu/~spark2007/pages/simple.html -> 200 OK, 178 bytes
7/11/09 5:44:28 PM (thread 2 run 96 test 101): http://appscale.cs.ucsb.edu/~spark2007/pages/simple.html -> 200 OK, 178 bytes
7/11/09 5:44:28 PM (thread 1 run 87 test 101): http://appscale.cs.ucsb.edu/~spark2007/pages/simple.html -> 200 OK, 178 bytes
7/11/09 5:44:28 PM (thread 4 run 85 test 101): http://appscale.cs.ucsb.edu/~spark2007/pages/simple.html -> 200 OK, 178 bytes
7/11/09 5:44:28 PM (thread 2 run 97 test 101): http://appscale.cs.ucsb.edu/~spark2007/pages/simple.html -> 200 OK, 178 bytes
7/11/09 5:44:28 PM (thread 1 run 88 test 101): http://appscale.cs.ucsb.edu/~spark2007/pages/simple.html -> 200 OK, 178 bytes
7/11/09 5:44:28 PM (thread 2 run 98 test 101): http://appscale.cs.ucsb.edu/~spark2007/pages/simple.html -> 200 OK, 178 bytes
7/11/09 5:44:28 PM (thread 4 run 86 test 101): http://appscale.cs.ucsb.edu/~spark2007/pages/simple.html -> 200 OK, 178 bytes
7/11/09 5:44:28 PM (thread 1 run 89 test 101): http://appscale.cs.ucsb.edu/~spark2007/pages/simple.html -> 200 OK, 178 bytes
7/11/09 5:44:28 PM (thread 1 run 90 test 101): http://appscale.cs.ucsb.edu/~spark2007/pages/simple.html -> 200 OK, 178 bytes
7/11/09 5:44:28 PM (thread 4 run 87 test 101): http://appscale.cs.ucsb.edu/~spark2007/pages/simple.html -> 200 OK, 178 bytes
7/11/09 5:44:28 PM (thread 2 run 99 test 101): http://appscale.cs.ucsb.edu/~spark2007/pages/simple.html -> 200 OK, 178 bytes
7/11/09 5:44:28 PM (thread 2 test 101): finished 100 runs
7/11/09 5:44:28 PM (thread 1 run 91 test 101): http://appscale.cs.ucsb.edu/~spark2007/pages/simple.html -> 200 OK, 178 bytes
7/11/09 5:44:28 PM (thread 4 run 88 test 101): http://appscale.cs.ucsb.edu/~spark2007/pages/simple.html -> 200 OK, 178 bytes
7/11/09 5:44:28 PM (thread 1 run 92 test 101): http://appscale.cs.ucsb.edu/~spark2007/pages/simple.html -> 200 OK, 178 bytes
7/11/09 5:44:28 PM (thread 4 run 89 test 101): http://appscale.cs.ucsb.edu/~spark2007/pages/simple.html -> 200 OK, 178 bytes
7/11/09 5:44:28 PM (thread 1 run 93 test 101): http://appscale.cs.ucsb.edu/~spark2007/pages/simple.html -> 200 OK, 178 bytes
7/11/09 5:44:28 PM (thread 4 run 90 test 101): http://appscale.cs.ucsb.edu/~spark2007/pages/simple.html -> 200 OK, 178 bytes
7/11/09 5:44:28 PM (thread 1 run 94 test 101): http://appscale.cs.ucsb.edu/~spark2007/pages/simple.html -> 200 OK, 178 bytes
7/11/09 5:44:28 PM (thread 4 run 91 test 101): http://appscale.cs.ucsb.edu/~spark2007/pages/simple.html -> 200 OK, 178 bytes
7/11/09 5:44:28 PM (thread 1 run 95 test 101): http://appscale.cs.ucsb.edu/~spark2007/pages/simple.html -> 200 OK, 178 bytes
7/11/09 5:44:28 PM (thread 4 run 92 test 101): http://appscale.cs.ucsb.edu/~spark2007/pages/simple.html -> 200 OK, 178 bytes
7/11/09 5:44:28 PM (thread 1 run 96 test 101): http://appscale.cs.ucsb.edu/~spark2007/pages/simple.html -> 200 OK, 178 bytes
7/11/09 5:44:29 PM (thread 4 run 93 test 101): http://appscale.cs.ucsb.edu/~spark2007/pages/simple.html -> 200 OK, 178 bytes
7/11/09 5:44:29 PM (thread 1 run 97 test 101): http://appscale.cs.ucsb.edu/~spark2007/pages/simple.html -> 200 OK, 178 bytes
7/11/09 5:44:29 PM (thread 4 run 94 test 101): http://appscale.cs.ucsb.edu/~spark2007/pages/simple.html -> 200 OK, 178 bytes
7/11/09 5:44:29 PM (thread 1 run 98 test 101): http://appscale.cs.ucsb.edu/~spark2007/pages/simple.html -> 200 OK, 178 bytes
7/11/09 5:44:29 PM (thread 1 run 99 test 101): http://appscale.cs.ucsb.edu/~spark2007/pages/simple.html -> 200 OK, 178 bytes
7/11/09 5:44:29 PM (thread 1 test 101): finished 100 runs
7/11/09 5:44:29 PM (thread 4 run 95 test 101): http://appscale.cs.ucsb.edu/~spark2007/pages/simple.html -> 200 OK, 178 bytes
7/11/09 5:44:29 PM (thread 4 run 96 test 101): http://appscale.cs.ucsb.edu/~spark2007/pages/simple.html -> 200 OK, 178 bytes
7/11/09 5:44:29 PM (thread 4 run 97 test 101): http://appscale.cs.ucsb.edu/~spark2007/pages/simple.html -> 200 OK, 178 bytes
7/11/09 5:44:29 PM (thread 4 run 98 test 101): http://appscale.cs.ucsb.edu/~spark2007/pages/simple.html -> 200 OK, 178 bytes
7/11/09 5:44:29 PM (thread 4 run 99 test 101): http://appscale.cs.ucsb.edu/~spark2007/pages/simple.html -> 200 OK, 178 bytes
7/11/09 5:44:29 PM (thread 4 test 101): finished 100 runs
7/11/09 5:44:29 PM (thread 0 run 0 test 101): http://appscale.cs.ucsb.edu/~spark2007/pages/simple.html -> 200 OK, 178 bytes
7/11/09 5:44:29 PM (thread 3 run 0 test 101): http://appscale.cs.ucsb.edu/~spark2007/pages/simple.html -> 200 OK, 178 bytes
7/11/09 5:44:29 PM (thread 3 run 1 test 101): http://appscale.cs.ucsb.edu/~spark2007/pages/simple.html -> 200 OK, 178 bytes
7/11/09 5:44:29 PM (thread 0 run 1 test 101): http://appscale.cs.ucsb.edu/~spark2007/pages/simple.html -> 200 OK, 178 bytes
7/11/09 5:44:29 PM (thread 3 run 2 test 101): http://appscale.cs.ucsb.edu/~spark2007/pages/simple.html -> 200 OK, 178 bytes
7/11/09 5:44:29 PM (thread 0 run 2 test 101): http://appscale.cs.ucsb.edu/~spark2007/pages/simple.html -> 200 OK, 178 bytes
7/11/09 5:44:29 PM (thread 3 run 3 test 101): http://appscale.cs.ucsb.edu/~spark2007/pages/simple.html -> 200 OK, 178 bytes
7/11/09 5:44:29 PM (thread 3 run 4 test 101): http://appscale.cs.ucsb.edu/~spark2007/pages/simple.html -> 200 OK, 178 bytes
7/11/09 5:44:29 PM (thread 3 run 5 test 101): http://appscale.cs.ucsb.edu/~spark2007/pages/simple.html -> 200 OK, 178 bytes
7/11/09 5:44:29 PM (thread 3 run 6 test 101): http://appscale.cs.ucsb.edu/~spark2007/pages/simple.html -> 200 OK, 178 bytes
7/11/09 5:44:29 PM (thread 3 run 7 test 101): http://appscale.cs.ucsb.edu/~spark2007/pages/simple.html -> 200 OK, 178 bytes
7/11/09 5:44:29 PM (thread 3 run 8 test 101): http://appscale.cs.ucsb.edu/~spark2007/pages/simple.html -> 200 OK, 178 bytes
7/11/09 5:44:29 PM (thread 3 run 9 test 101): http://appscale.cs.ucsb.edu/~spark2007/pages/simple.html -> 200 OK, 178 bytes
7/11/09 5:44:29 PM (thread 0 run 3 test 101): http://appscale.cs.ucsb.edu/~spark2007/pages/simple.html -> 200 OK, 178 bytes
7/11/09 5:44:29 PM (thread 3 run 10 test 101): http://appscale.cs.ucsb.edu/~spark2007/pages/simple.html -> 200 OK, 178 bytes
7/11/09 5:44:29 PM (thread 0 run 4 test 101): http://appscale.cs.ucsb.edu/~spark2007/pages/simple.html -> 200 OK, 178 bytes
7/11/09 5:44:29 PM (thread 0 run 5 test 101): http://appscale.cs.ucsb.edu/~spark2007/pages/simple.html -> 200 OK, 178 bytes
7/11/09 5:44:29 PM (thread 3 run 11 test 101): http://appscale.cs.ucsb.edu/~spark2007/pages/simple.html -> 200 OK, 178 bytes
7/11/09 5:44:29 PM (thread 0 run 6 test 101): http://appscale.cs.ucsb.edu/~spark2007/pages/simple.html -> 200 OK, 178 bytes
7/11/09 5:44:29 PM (thread 3 run 12 test 101): http://appscale.cs.ucsb.edu/~spark2007/pages/simple.html -> 200 OK, 178 bytes
7/11/09 5:44:29 PM (thread 0 run 7 test 101): http://appscale.cs.ucsb.edu/~spark2007/pages/simple.html -> 200 OK, 178 bytes
7/11/09 5:44:29 PM (thread 3 run 13 test 101): http://appscale.cs.ucsb.edu/~spark2007/pages/simple.html -> 200 OK, 178 bytes
7/11/09 5:44:29 PM (thread 0 run 8 test 101): http://appscale.cs.ucsb.edu/~spark2007/pages/simple.html -> 200 OK, 178 bytes
7/11/09 5:44:29 PM (thread 3 run 14 test 101): http://appscale.cs.ucsb.edu/~spark2007/pages/simple.html -> 200 OK, 178 bytes
7/11/09 5:44:29 PM (thread 3 run 15 test 101): http://appscale.cs.ucsb.edu/~spark2007/pages/simple.html -> 200 OK, 178 bytes
7/11/09 5:44:29 PM (thread 0 run 9 test 101): http://appscale.cs.ucsb.edu/~spark2007/pages/simple.html -> 200 OK, 178 bytes
7/11/09 5:44:29 PM (thread 3 run 16 test 101): http://appscale.cs.ucsb.edu/~spark2007/pages/simple.html -> 200 OK, 178 bytes
7/11/09 5:44:29 PM (thread 0 run 10 test 101): http://appscale.cs.ucsb.edu/~spark2007/pages/simple.html -> 200 OK, 178 bytes
7/11/09 5:44:29 PM (thread 0 run 11 test 101): http://appscale.cs.ucsb.edu/~spark2007/pages/simple.html -> 200 OK, 178 bytes
7/11/09 5:44:29 PM (thread 3 run 17 test 101): http://appscale.cs.ucsb.edu/~spark2007/pages/simple.html -> 200 OK, 178 bytes
7/11/09 5:44:29 PM (thread 0 run 12 test 101): http://appscale.cs.ucsb.edu/~spark2007/pages/simple.html -> 200 OK, 178 bytes
7/11/09 5:44:29 PM (thread 3 run 18 test 101): http://appscale.cs.ucsb.edu/~spark2007/pages/simple.html -> 200 OK, 178 bytes
7/11/09 5:44:29 PM (thread 3 run 19 test 101): http://appscale.cs.ucsb.edu/~spark2007/pages/simple.html -> 200 OK, 178 bytes
7/11/09 5:44:29 PM (thread 0 run 13 test 101): http://appscale.cs.ucsb.edu/~spark2007/pages/simple.html -> 200 OK, 178 bytes
7/11/09 5:44:29 PM (thread 0 run 14 test 101): http://appscale.cs.ucsb.edu/~spark2007/pages/simple.html -> 200 OK, 178 bytes
7/11/09 5:44:29 PM (thread 0 run 15 test 101): http://appscale.cs.ucsb.edu/~spark2007/pages/simple.html -> 200 OK, 178 bytes
7/11/09 5:44:29 PM (thread 0 run 16 test 101): http://appscale.cs.ucsb.edu/~spark2007/pages/simple.html -> 200 OK, 178 bytes
7/11/09 5:44:29 PM (thread 0 run 17 test 101): http://appscale.cs.ucsb.edu/~spark2007/pages/simple.html -> 200 OK, 178 bytes
7/11/09 5:44:29 PM (thread 3 run 20 test 101): http://appscale.cs.ucsb.edu/~spark2007/pages/simple.html -> 200 OK, 178 bytes
7/11/09 5:44:29 PM (thread 3 run 21 test 101): http://appscale.cs.ucsb.edu/~spark2007/pages/simple.html -> 200 OK, 178 bytes
7/11/09 5:44:29 PM (thread 0 run 18 test 101): http://appscale.cs.ucsb.edu/~spark2007/pages/simple.html -> 200 OK, 178 bytes
7/11/09 5:44:29 PM (thread 3 run 22 test 101): http://appscale.cs.ucsb.edu/~spark2007/pages/simple.html -> 200 OK, 178 bytes
7/11/09 5:44:29 PM (thread 0 run 19 test 101): http://appscale.cs.ucsb.edu/~spark2007/pages/simple.html -> 200 OK, 178 bytes
7/11/09 5:44:29 PM (thread 3 run 23 test 101): http://appscale.cs.ucsb.edu/~spark2007/pages/simple.html -> 200 OK, 178 bytes
7/11/09 5:44:29 PM (thread 0 run 20 test 101): http://appscale.cs.ucsb.edu/~spark2007/pages/simple.html -> 200 OK, 178 bytes
7/11/09 5:44:29 PM (thread 3 run 24 test 101): http://appscale.cs.ucsb.edu/~spark2007/pages/simple.html -> 200 OK, 178 bytes
7/11/09 5:44:29 PM (thread 0 run 21 test 101): http://appscale.cs.ucsb.edu/~spark2007/pages/simple.html -> 200 OK, 178 bytes
7/11/09 5:44:29 PM (thread 3 run 25 test 101): http://appscale.cs.ucsb.edu/~spark2007/pages/simple.html -> 200 OK, 178 bytes
7/11/09 5:44:29 PM (thread 0 run 22 test 101): http://appscale.cs.ucsb.edu/~spark2007/pages/simple.html -> 200 OK, 178 bytes
7/11/09 5:44:29 PM (thread 3 run 26 test 101): http://appscale.cs.ucsb.edu/~spark2007/pages/simple.html -> 200 OK, 178 bytes
7/11/09 5:44:29 PM (thread 0 run 23 test 101): http://appscale.cs.ucsb.edu/~spark2007/pages/simple.html -> 200 OK, 178 bytes
7/11/09 5:44:29 PM (thread 3 run 27 test 101): http://appscale.cs.ucsb.edu/~spark2007/pages/simple.html -> 200 OK, 178 bytes
7/11/09 5:44:29 PM (thread 0 run 24 test 101): http://appscale.cs.ucsb.edu/~spark2007/pages/simple.html -> 200 OK, 178 bytes
7/11/09 5:44:29 PM (thread 3 run 28 test 101): http://appscale.cs.ucsb.edu/~spark2007/pages/simple.html -> 200 OK, 178 bytes
7/11/09 5:44:29 PM (thread 0 run 25 test 101): http://appscale.cs.ucsb.edu/~spark2007/pages/simple.html -> 200 OK, 178 bytes
7/11/09 5:44:29 PM (thread 3 run 29 test 101): http://appscale.cs.ucsb.edu/~spark2007/pages/simple.html -> 200 OK, 178 bytes
7/11/09 5:44:29 PM (thread 0 run 26 test 101): http://appscale.cs.ucsb.edu/~spark2007/pages/simple.html -> 200 OK, 178 bytes
7/11/09 5:44:29 PM (thread 3 run 30 test 101): http://appscale.cs.ucsb.edu/~spark2007/pages/simple.html -> 200 OK, 178 bytes
7/11/09 5:44:29 PM (thread 0 run 27 test 101): http://appscale.cs.ucsb.edu/~spark2007/pages/simple.html -> 200 OK, 178 bytes
7/11/09 5:44:29 PM (thread 3 run 31 test 101): http://appscale.cs.ucsb.edu/~spark2007/pages/simple.html -> 200 OK, 178 bytes
7/11/09 5:44:29 PM (thread 0 run 28 test 101): http://appscale.cs.ucsb.edu/~spark2007/pages/simple.html -> 200 OK, 178 bytes
7/11/09 5:44:29 PM (thread 3 run 32 test 101): http://appscale.cs.ucsb.edu/~spark2007/pages/simple.html -> 200 OK, 178 bytes
7/11/09 5:44:29 PM (thread 0 run 29 test 101): http://appscale.cs.ucsb.edu/~spark2007/pages/simple.html -> 200 OK, 178 bytes
7/11/09 5:44:29 PM (thread 3 run 33 test 101): http://appscale.cs.ucsb.edu/~spark2007/pages/simple.html -> 200 OK, 178 bytes
7/11/09 5:44:29 PM (thread 0 run 30 test 101): http://appscale.cs.ucsb.edu/~spark2007/pages/simple.html -> 200 OK, 178 bytes
7/11/09 5:44:29 PM (thread 3 run 34 test 101): http://appscale.cs.ucsb.edu/~spark2007/pages/simple.html -> 200 OK, 178 bytes
7/11/09 5:44:29 PM (thread 0 run 31 test 101): http://appscale.cs.ucsb.edu/~spark2007/pages/simple.html -> 200 OK, 178 bytes
7/11/09 5:44:29 PM (thread 3 run 35 test 101): http://appscale.cs.ucsb.edu/~spark2007/pages/simple.html -> 200 OK, 178 bytes
7/11/09 5:44:29 PM (thread 0 run 32 test 101): http://appscale.cs.ucsb.edu/~spark2007/pages/simple.html -> 200 OK, 178 bytes
7/11/09 5:44:29 PM (thread 0 run 33 test 101): http://appscale.cs.ucsb.edu/~spark2007/pages/simple.html -> 200 OK, 178 bytes
7/11/09 5:44:29 PM (thread 3 run 36 test 101): http://appscale.cs.ucsb.edu/~spark2007/pages/simple.html -> 200 OK, 178 bytes
7/11/09 5:44:29 PM (thread 3 run 37 test 101): http://appscale.cs.ucsb.edu/~spark2007/pages/simple.html -> 200 OK, 178 bytes
7/11/09 5:44:29 PM (thread 0 run 34 test 101): http://appscale.cs.ucsb.edu/~spark2007/pages/simple.html -> 200 OK, 178 bytes
7/11/09 5:44:29 PM (thread 3 run 38 test 101): http://appscale.cs.ucsb.edu/~spark2007/pages/simple.html -> 200 OK, 178 bytes
7/11/09 5:44:29 PM (thread 0 run 35 test 101): http://appscale.cs.ucsb.edu/~spark2007/pages/simple.html -> 200 OK, 178 bytes
7/11/09 5:44:29 PM (thread 3 run 39 test 101): http://appscale.cs.ucsb.edu/~spark2007/pages/simple.html -> 200 OK, 178 bytes
7/11/09 5:44:29 PM (thread 0 run 36 test 101): http://appscale.cs.ucsb.edu/~spark2007/pages/simple.html -> 200 OK, 178 bytes
7/11/09 5:44:29 PM (thread 3 run 40 test 101): http://appscale.cs.ucsb.edu/~spark2007/pages/simple.html -> 200 OK, 178 bytes
7/11/09 5:44:29 PM (thread 0 run 37 test 101): http://appscale.cs.ucsb.edu/~spark2007/pages/simple.html -> 200 OK, 178 bytes
7/11/09 5:44:29 PM (thread 3 run 41 test 101): http://appscale.cs.ucsb.edu/~spark2007/pages/simple.html -> 200 OK, 178 bytes
7/11/09 5:44:29 PM (thread 0 run 38 test 101): http://appscale.cs.ucsb.edu/~spark2007/pages/simple.html -> 200 OK, 178 bytes
7/11/09 5:44:29 PM (thread 3 run 42 test 101): http://appscale.cs.ucsb.edu/~spark2007/pages/simple.html -> 200 OK, 178 bytes
7/11/09 5:44:29 PM (thread 0 run 39 test 101): http://appscale.cs.ucsb.edu/~spark2007/pages/simple.html -> 200 OK, 178 bytes
7/11/09 5:44:29 PM (thread 3 run 43 test 101): http://appscale.cs.ucsb.edu/~spark2007/pages/simple.html -> 200 OK, 178 bytes
7/11/09 5:44:29 PM (thread 0 run 40 test 101): http://appscale.cs.ucsb.edu/~spark2007/pages/simple.html -> 200 OK, 178 bytes
7/11/09 5:44:29 PM (thread 3 run 44 test 101): http://appscale.cs.ucsb.edu/~spark2007/pages/simple.html -> 200 OK, 178 bytes
7/11/09 5:44:29 PM (thread 0 run 41 test 101): http://appscale.cs.ucsb.edu/~spark2007/pages/simple.html -> 200 OK, 178 bytes
7/11/09 5:44:29 PM (thread 3 run 45 test 101): http://appscale.cs.ucsb.edu/~spark2007/pages/simple.html -> 200 OK, 178 bytes
7/11/09 5:44:29 PM (thread 0 run 42 test 101): http://appscale.cs.ucsb.edu/~spark2007/pages/simple.html -> 200 OK, 178 bytes
7/11/09 5:44:29 PM (thread 3 run 46 test 101): http://appscale.cs.ucsb.edu/~spark2007/pages/simple.html -> 200 OK, 178 bytes
7/11/09 5:44:29 PM (thread 0 run 43 test 101): http://appscale.cs.ucsb.edu/~spark2007/pages/simple.html -> 200 OK, 178 bytes
7/11/09 5:44:30 PM (thread 3 run 47 test 101): http://appscale.cs.ucsb.edu/~spark2007/pages/simple.html -> 200 OK, 178 bytes
7/11/09 5:44:30 PM (thread 0 run 44 test 101): http://appscale.cs.ucsb.edu/~spark2007/pages/simple.html -> 200 OK, 178 bytes
7/11/09 5:44:30 PM (thread 3 run 48 test 101): http://appscale.cs.ucsb.edu/~spark2007/pages/simple.html -> 200 OK, 178 bytes
7/11/09 5:44:30 PM (thread 0 run 45 test 101): http://appscale.cs.ucsb.edu/~spark2007/pages/simple.html -> 200 OK, 178 bytes
7/11/09 5:44:30 PM (thread 3 run 49 test 101): http://appscale.cs.ucsb.edu/~spark2007/pages/simple.html -> 200 OK, 178 bytes
7/11/09 5:44:30 PM (thread 0 run 46 test 101): http://appscale.cs.ucsb.edu/~spark2007/pages/simple.html -> 200 OK, 178 bytes
7/11/09 5:44:30 PM (thread 3 run 50 test 101): http://appscale.cs.ucsb.edu/~spark2007/pages/simple.html -> 200 OK, 178 bytes
7/11/09 5:44:30 PM (thread 0 run 47 test 101): http://appscale.cs.ucsb.edu/~spark2007/pages/simple.html -> 200 OK, 178 bytes
7/11/09 5:44:30 PM (thread 3 run 51 test 101): http://appscale.cs.ucsb.edu/~spark2007/pages/simple.html -> 200 OK, 178 bytes
7/11/09 5:44:30 PM (thread 0 run 48 test 101): http://appscale.cs.ucsb.edu/~spark2007/pages/simple.html -> 200 OK, 178 bytes
7/11/09 5:44:30 PM (thread 3 run 52 test 101): http://appscale.cs.ucsb.edu/~spark2007/pages/simple.html -> 200 OK, 178 bytes
7/11/09 5:44:30 PM (thread 0 run 49 test 101): http://appscale.cs.ucsb.edu/~spark2007/pages/simple.html -> 200 OK, 178 bytes
7/11/09 5:44:30 PM (thread 3 run 53 test 101): http://appscale.cs.ucsb.edu/~spark2007/pages/simple.html -> 200 OK, 178 bytes
7/11/09 5:44:30 PM (thread 0 run 50 test 101): http://appscale.cs.ucsb.edu/~spark2007/pages/simple.html -> 200 OK, 178 bytes
7/11/09 5:44:30 PM (thread 3 run 54 test 101): http://appscale.cs.ucsb.edu/~spark2007/pages/simple.html -> 200 OK, 178 bytes
7/11/09 5:44:30 PM (thread 0 run 51 test 101): http://appscale.cs.ucsb.edu/~spark2007/pages/simple.html -> 200 OK, 178 bytes
7/11/09 5:44:30 PM (thread 3 run 55 test 101): http://appscale.cs.ucsb.edu/~spark2007/pages/simple.html -> 200 OK, 178 bytes
7/11/09 5:44:30 PM (thread 0 run 52 test 101): http://appscale.cs.ucsb.edu/~spark2007/pages/simple.html -> 200 OK, 178 bytes
7/11/09 5:44:30 PM (thread 3 run 56 test 101): http://appscale.cs.ucsb.edu/~spark2007/pages/simple.html -> 200 OK, 178 bytes
7/11/09 5:44:30 PM (thread 0 run 53 test 101): http://appscale.cs.ucsb.edu/~spark2007/pages/simple.html -> 200 OK, 178 bytes
7/11/09 5:44:30 PM (thread 3 run 57 test 101): http://appscale.cs.ucsb.edu/~spark2007/pages/simple.html -> 200 OK, 178 bytes
7/11/09 5:44:30 PM (thread 0 run 54 test 101): http://appscale.cs.ucsb.edu/~spark2007/pages/simple.html -> 200 OK, 178 bytes
7/11/09 5:44:30 PM (thread 3 run 58 test 101): http://appscale.cs.ucsb.edu/~spark2007/pages/simple.html -> 200 OK, 178 bytes
7/11/09 5:44:30 PM (thread 0 run 55 test 101): http://appscale.cs.ucsb.edu/~spark2007/pages/simple.html -> 200 OK, 178 bytes
7/11/09 5:44:30 PM (thread 3 run 59 test 101): http://appscale.cs.ucsb.edu/~spark2007/pages/simple.html -> 200 OK, 178 bytes
7/11/09 5:44:30 PM (thread 0 run 56 test 101): http://appscale.cs.ucsb.edu/~spark2007/pages/simple.html -> 200 OK, 178 bytes
7/11/09 5:44:30 PM (thread 3 run 60 test 101): http://appscale.cs.ucsb.edu/~spark2007/pages/simple.html -> 200 OK, 178 bytes
7/11/09 5:44:30 PM (thread 3 run 61 test 101): http://appscale.cs.ucsb.edu/~spark2007/pages/simple.html -> 200 OK, 178 bytes
7/11/09 5:44:30 PM (thread 0 run 57 test 101): http://appscale.cs.ucsb.edu/~spark2007/pages/simple.html -> 200 OK, 178 bytes
7/11/09 5:44:30 PM (thread 0 run 58 test 101): http://appscale.cs.ucsb.edu/~spark2007/pages/simple.html -> 200 OK, 178 bytes
7/11/09 5:44:30 PM (thread 3 run 62 test 101): http://appscale.cs.ucsb.edu/~spark2007/pages/simple.html -> 200 OK, 178 bytes
7/11/09 5:44:30 PM (thread 0 run 59 test 101): http://appscale.cs.ucsb.edu/~spark2007/pages/simple.html -> 200 OK, 178 bytes
7/11/09 5:44:30 PM (thread 3 run 63 test 101): http://appscale.cs.ucsb.edu/~spark2007/pages/simple.html -> 200 OK, 178 bytes
7/11/09 5:44:30 PM (thread 3 run 64 test 101): http://appscale.cs.ucsb.edu/~spark2007/pages/simple.html -> 200 OK, 178 bytes
7/11/09 5:44:30 PM (thread 0 run 60 test 101): http://appscale.cs.ucsb.edu/~spark2007/pages/simple.html -> 200 OK, 178 bytes
7/11/09 5:44:30 PM (thread 3 run 65 test 101): http://appscale.cs.ucsb.edu/~spark2007/pages/simple.html -> 200 OK, 178 bytes
7/11/09 5:44:30 PM (thread 0 run 61 test 101): http://appscale.cs.ucsb.edu/~spark2007/pages/simple.html -> 200 OK, 178 bytes
7/11/09 5:44:30 PM (thread 0 run 62 test 101): http://appscale.cs.ucsb.edu/~spark2007/pages/simple.html -> 200 OK, 178 bytes
7/11/09 5:44:30 PM (thread 3 run 66 test 101): http://appscale.cs.ucsb.edu/~spark2007/pages/simple.html -> 200 OK, 178 bytes
7/11/09 5:44:30 PM (thread 0 run 63 test 101): http://appscale.cs.ucsb.edu/~spark2007/pages/simple.html -> 200 OK, 178 bytes
7/11/09 5:44:30 PM (thread 3 run 67 test 101): http://appscale.cs.ucsb.edu/~spark2007/pages/simple.html -> 200 OK, 178 bytes
7/11/09 5:44:30 PM (thread 3 run 68 test 101): http://appscale.cs.ucsb.edu/~spark2007/pages/simple.html -> 200 OK, 178 bytes
7/11/09 5:44:30 PM (thread 0 run 64 test 101): http://appscale.cs.ucsb.edu/~spark2007/pages/simple.html -> 200 OK, 178 bytes
7/11/09 5:44:30 PM (thread 0 run 65 test 101): http://appscale.cs.ucsb.edu/~spark2007/pages/simple.html -> 200 OK, 178 bytes
7/11/09 5:44:30 PM (thread 0 run 66 test 101): http://appscale.cs.ucsb.edu/~spark2007/pages/simple.html -> 200 OK, 178 bytes
7/11/09 5:44:30 PM (thread 3 run 69 test 101): http://appscale.cs.ucsb.edu/~spark2007/pages/simple.html -> 200 OK, 178 bytes
7/11/09 5:44:30 PM (thread 3 run 70 test 101): http://appscale.cs.ucsb.edu/~spark2007/pages/simple.html -> 200 OK, 178 bytes
7/11/09 5:44:30 PM (thread 3 run 71 test 101): http://appscale.cs.ucsb.edu/~spark2007/pages/simple.html -> 200 OK, 178 bytes
7/11/09 5:44:30 PM (thread 3 run 72 test 101): http://appscale.cs.ucsb.edu/~spark2007/pages/simple.html -> 200 OK, 178 bytes
7/11/09 5:44:30 PM (thread 0 run 67 test 101): http://appscale.cs.ucsb.edu/~spark2007/pages/simple.html -> 200 OK, 178 bytes
7/11/09 5:44:30 PM (thread 3 run 73 test 101): http://appscale.cs.ucsb.edu/~spark2007/pages/simple.html -> 200 OK, 178 bytes
7/11/09 5:44:30 PM (thread 3 run 74 test 101): http://appscale.cs.ucsb.edu/~spark2007/pages/simple.html -> 200 OK, 178 bytes
7/11/09 5:44:30 PM (thread 0 run 68 test 101): http://appscale.cs.ucsb.edu/~spark2007/pages/simple.html -> 200 OK, 178 bytes
7/11/09 5:44:30 PM (thread 3 run 75 test 101): http://appscale.cs.ucsb.edu/~spark2007/pages/simple.html -> 200 OK, 178 bytes
7/11/09 5:44:30 PM (thread 0 run 69 test 101): http://appscale.cs.ucsb.edu/~spark2007/pages/simple.html -> 200 OK, 178 bytes
7/11/09 5:44:30 PM (thread 3 run 76 test 101): http://appscale.cs.ucsb.edu/~spark2007/pages/simple.html -> 200 OK, 178 bytes
7/11/09 5:44:30 PM (thread 0 run 70 test 101): http://appscale.cs.ucsb.edu/~spark2007/pages/simple.html -> 200 OK, 178 bytes
7/11/09 5:44:30 PM (thread 3 run 77 test 101): http://appscale.cs.ucsb.edu/~spark2007/pages/simple.html -> 200 OK, 178 bytes
7/11/09 5:44:30 PM (thread 0 run 71 test 101): http://appscale.cs.ucsb.edu/~spark2007/pages/simple.html -> 200 OK, 178 bytes
7/11/09 5:44:30 PM (thread 0 run 72 test 101): http://appscale.cs.ucsb.edu/~spark2007/pages/simple.html -> 200 OK, 178 bytes
7/11/09 5:44:30 PM (thread 3 run 78 test 101): http://appscale.cs.ucsb.edu/~spark2007/pages/simple.html -> 200 OK, 178 bytes
7/11/09 5:44:30 PM (thread 3 run 79 test 101): http://appscale.cs.ucsb.edu/~spark2007/pages/simple.html -> 200 OK, 178 bytes
7/11/09 5:44:30 PM (thread 0 run 73 test 101): http://appscale.cs.ucsb.edu/~spark2007/pages/simple.html -> 200 OK, 178 bytes
7/11/09 5:44:30 PM (thread 0 run 74 test 101): http://appscale.cs.ucsb.edu/~spark2007/pages/simple.html -> 200 OK, 178 bytes
7/11/09 5:44:30 PM (thread 3 run 80 test 101): http://appscale.cs.ucsb.edu/~spark2007/pages/simple.html -> 200 OK, 178 bytes
7/11/09 5:44:30 PM (thread 3 run 81 test 101): http://appscale.cs.ucsb.edu/~spark2007/pages/simple.html -> 200 OK, 178 bytes
7/11/09 5:44:30 PM (thread 0 run 75 test 101): http://appscale.cs.ucsb.edu/~spark2007/pages/simple.html -> 200 OK, 178 bytes
7/11/09 5:44:30 PM (thread 3 run 82 test 101): http://appscale.cs.ucsb.edu/~spark2007/pages/simple.html -> 200 OK, 178 bytes
7/11/09 5:44:30 PM (thread 0 run 76 test 101): http://appscale.cs.ucsb.edu/~spark2007/pages/simple.html -> 200 OK, 178 bytes
7/11/09 5:44:30 PM (thread 3 run 83 test 101): http://appscale.cs.ucsb.edu/~spark2007/pages/simple.html -> 200 OK, 178 bytes
7/11/09 5:44:30 PM (thread 0 run 77 test 101): http://appscale.cs.ucsb.edu/~spark2007/pages/simple.html -> 200 OK, 178 bytes
7/11/09 5:44:30 PM (thread 3 run 84 test 101): http://appscale.cs.ucsb.edu/~spark2007/pages/simple.html -> 200 OK, 178 bytes
7/11/09 5:44:30 PM (thread 0 run 78 test 101): http://appscale.cs.ucsb.edu/~spark2007/pages/simple.html -> 200 OK, 178 bytes
7/11/09 5:44:30 PM (thread 3 run 85 test 101): http://appscale.cs.ucsb.edu/~spark2007/pages/simple.html -> 200 OK, 178 bytes
7/11/09 5:44:30 PM (thread 0 run 79 test 101): http://appscale.cs.ucsb.edu/~spark2007/pages/simple.html -> 200 OK, 178 bytes
7/11/09 5:44:30 PM (thread 3 run 86 test 101): http://appscale.cs.ucsb.edu/~spark2007/pages/simple.html -> 200 OK, 178 bytes
7/11/09 5:44:30 PM (thread 0 run 80 test 101): http://appscale.cs.ucsb.edu/~spark2007/pages/simple.html -> 200 OK, 178 bytes
7/11/09 5:44:30 PM (thread 3 run 87 test 101): http://appscale.cs.ucsb.edu/~spark2007/pages/simple.html -> 200 OK, 178 bytes
7/11/09 5:44:30 PM (thread 0 run 81 test 101): http://appscale.cs.ucsb.edu/~spark2007/pages/simple.html -> 200 OK, 178 bytes
7/11/09 5:44:30 PM (thread 3 run 88 test 101): http://appscale.cs.ucsb.edu/~spark2007/pages/simple.html -> 200 OK, 178 bytes
7/11/09 5:44:30 PM (thread 0 run 82 test 101): http://appscale.cs.ucsb.edu/~spark2007/pages/simple.html -> 200 OK, 178 bytes
7/11/09 5:44:30 PM (thread 3 run 89 test 101): http://appscale.cs.ucsb.edu/~spark2007/pages/simple.html -> 200 OK, 178 bytes
7/11/09 5:44:30 PM (thread 0 run 83 test 101): http://appscale.cs.ucsb.edu/~spark2007/pages/simple.html -> 200 OK, 178 bytes
7/11/09 5:44:30 PM (thread 3 run 90 test 101): http://appscale.cs.ucsb.edu/~spark2007/pages/simple.html -> 200 OK, 178 bytes
7/11/09 5:44:30 PM (thread 3 run 91 test 101): http://appscale.cs.ucsb.edu/~spark2007/pages/simple.html -> 200 OK, 178 bytes
7/11/09 5:44:30 PM (thread 3 run 92 test 101): http://appscale.cs.ucsb.edu/~spark2007/pages/simple.html -> 200 OK, 178 bytes
7/11/09 5:44:30 PM (thread 3 run 93 test 101): http://appscale.cs.ucsb.edu/~spark2007/pages/simple.html -> 200 OK, 178 bytes
7/11/09 5:44:30 PM (thread 3 run 94 test 101): http://appscale.cs.ucsb.edu/~spark2007/pages/simple.html -> 200 OK, 178 bytes
7/11/09 5:44:30 PM (thread 3 run 95 test 101): http://appscale.cs.ucsb.edu/~spark2007/pages/simple.html -> 200 OK, 178 bytes
7/11/09 5:44:30 PM (thread 3 run 96 test 101): http://appscale.cs.ucsb.edu/~spark2007/pages/simple.html -> 200 OK, 178 bytes
7/11/09 5:44:30 PM (thread 3 run 97 test 101): http://appscale.cs.ucsb.edu/~spark2007/pages/simple.html -> 200 OK, 178 bytes
7/11/09 5:44:30 PM (thread 3 run 98 test 101): http://appscale.cs.ucsb.edu/~spark2007/pages/simple.html -> 200 OK, 178 bytes
7/11/09 5:44:30 PM (thread 3 run 99 test 101): http://appscale.cs.ucsb.edu/~spark2007/pages/simple.html -> 200 OK, 178 bytes
7/11/09 5:44:30 PM (thread 3 test 101): finished 100 runs
7/11/09 5:44:30 PM (thread 0 run 84 test 101): http://appscale.cs.ucsb.edu/~spark2007/pages/simple.html -> 200 OK, 178 bytes
7/11/09 5:44:30 PM (thread 0 run 85 test 101): http://appscale.cs.ucsb.edu/~spark2007/pages/simple.html -> 200 OK, 178 bytes
7/11/09 5:44:30 PM (thread 0 run 86 test 101): http://appscale.cs.ucsb.edu/~spark2007/pages/simple.html -> 200 OK, 178 bytes
7/11/09 5:44:30 PM (thread 0 run 87 test 101): http://appscale.cs.ucsb.edu/~spark2007/pages/simple.html -> 200 OK, 178 bytes
7/11/09 5:44:30 PM (thread 0 run 88 test 101): http://appscale.cs.ucsb.edu/~spark2007/pages/simple.html -> 200 OK, 178 bytes
7/11/09 5:44:30 PM (thread 0 run 89 test 101): http://appscale.cs.ucsb.edu/~spark2007/pages/simple.html -> 200 OK, 178 bytes
7/11/09 5:44:30 PM (thread 0 run 90 test 101): http://appscale.cs.ucsb.edu/~spark2007/pages/simple.html -> 200 OK, 178 bytes
7/11/09 5:44:30 PM (thread 0 run 91 test 101): http://appscale.cs.ucsb.edu/~spark2007/pages/simple.html -> 200 OK, 178 bytes
7/11/09 5:44:30 PM (thread 0 run 92 test 101): http://appscale.cs.ucsb.edu/~spark2007/pages/simple.html -> 200 OK, 178 bytes
7/11/09 5:44:30 PM (thread 0 run 93 test 101): http://appscale.cs.ucsb.edu/~spark2007/pages/simple.html -> 200 OK, 178 bytes
7/11/09 5:44:30 PM (thread 0 run 94 test 101): http://appscale.cs.ucsb.edu/~spark2007/pages/simple.html -> 200 OK, 178 bytes
7/11/09 5:44:30 PM (thread 0 run 95 test 101): http://appscale.cs.ucsb.edu/~spark2007/pages/simple.html -> 200 OK, 178 bytes
7/11/09 5:44:30 PM (thread 0 run 96 test 101): http://appscale.cs.ucsb.edu/~spark2007/pages/simple.html -> 200 OK, 178 bytes
7/11/09 5:44:30 PM (thread 0 run 97 test 101): http://appscale.cs.ucsb.edu/~spark2007/pages/simple.html -> 200 OK, 178 bytes
7/11/09 5:44:30 PM (thread 0 run 98 test 101): http://appscale.cs.ucsb.edu/~spark2007/pages/simple.html -> 200 OK, 178 bytes
7/11/09 5:44:30 PM (thread 0 run 99 test 101): http://appscale.cs.ucsb.edu/~spark2007/pages/simple.html -> 200 OK, 178 bytes
7/11/09 5:44:30 PM (thread 0 test 101): finished 100 runs
7/11/09 5:44:30 PM (process twolves-2): elapsed time is 4419 ms
7/11/09 5:44:30 PM (process twolves-2): Final statistics for this process:
             Tests        Errors       Mean Test    Test Time    TPS          Mean         Response     Response     Mean time to Mean time to Mean time to 
                                       Time (ms)    Standard                  response     bytes per    errors       resolve host establish    first byte   
                                                    Deviation                 length       second                                 connection                
                                                    (ms)                                                                                                    

(Test 100    500          0            28.50        199.91       113.15       0.00         0.00         0            0.00         0.00         0.00)         "Page 1"
Test 101     500          0            27.08        198.06       113.15       178.00       20140.30     0            2.49         20.67        25.06         "GET simple.html"

Totals       500          0            27.08        198.06       113.15       178.00       20140.30     0            2.49         20.67        25.06        
             (500)        (0)                                                                                                                               

  Tests resulting in error only contribute to the Errors column.          
  Statistics for individual tests can be found in the data file, including
  (possibly incomplete) statistics for erroneous tests. Composite tests   
  are marked with () and not included in the totals.                      
7/11/09 5:44:30 PM (process twolves-2): finished
